rm: cannot remove '/workdir/hadoop-ozone/dist/target/ozone-0.5.0-SNAPSHOT/compose/result/*': No such file or directory
Executing test in /workdir/hadoop-ozone/dist/target/ozone-0.5.0-SNAPSHOT/compose/ozone-mr/hadoop27
Removing network hadoop27_default
Network hadoop27_default not found.
Creating network "hadoop27_default" with the default driver
Pulling scm (apache/ozone-runner:20191106-1)...
manifest for apache/ozone-runner:20191106-1 not found
Removing network hadoop27_default
ERROR: Test execution of /workdir/hadoop-ozone/dist/target/ozone-0.5.0-SNAPSHOT/compose/ozone-mr/hadoop27 is FAILED!!!!
cp: cannot stat '/workdir/hadoop-ozone/dist/target/ozone-0.5.0-SNAPSHOT/compose/ozone-mr/hadoop27/result/robot-*.xml': No such file or directory
Executing test in /workdir/hadoop-ozone/dist/target/ozone-0.5.0-SNAPSHOT/compose/ozone-mr/hadoop31
Removing network hadoop31_default
Network hadoop31_default not found.
Creating network "hadoop31_default" with the default driver
Pulling scm (apache/ozone-runner:20191106-1)...
manifest for apache/ozone-runner:20191106-1 not found
Removing network hadoop31_default
ERROR: Test execution of /workdir/hadoop-ozone/dist/target/ozone-0.5.0-SNAPSHOT/compose/ozone-mr/hadoop31 is FAILED!!!!
cp: cannot stat '/workdir/hadoop-ozone/dist/target/ozone-0.5.0-SNAPSHOT/compose/ozone-mr/hadoop31/result/robot-*.xml': No such file or directory
Executing test in /workdir/hadoop-ozone/dist/target/ozone-0.5.0-SNAPSHOT/compose/ozone-mr/hadoop32
Removing network hadoop32_default
Network hadoop32_default not found.
Creating network "hadoop32_default" with the default driver
Pulling scm (apache/ozone-runner:20191106-1)...
manifest for apache/ozone-runner:20191106-1 not found
Removing network hadoop32_default
ERROR: Test execution of /workdir/hadoop-ozone/dist/target/ozone-0.5.0-SNAPSHOT/compose/ozone-mr/hadoop32 is FAILED!!!!
cp: cannot stat '/workdir/hadoop-ozone/dist/target/ozone-0.5.0-SNAPSHOT/compose/ozone-mr/hadoop32/result/robot-*.xml': No such file or directory
Executing test in /workdir/hadoop-ozone/dist/target/ozone-0.5.0-SNAPSHOT/compose/ozone-om-ha-s3
Removing network ozone-om-ha-s3_default
Network ozone-om-ha-s3_default not found.
Creating network "ozone-om-ha-s3_default" with the default driver
Pulling scm (apache/ozone-runner:20191106-1)...
manifest for apache/ozone-runner:20191106-1 not found
Removing network ozone-om-ha-s3_default
ERROR: Test execution of /workdir/hadoop-ozone/dist/target/ozone-0.5.0-SNAPSHOT/compose/ozone-om-ha-s3 is FAILED!!!!
cp: cannot stat '/workdir/hadoop-ozone/dist/target/ozone-0.5.0-SNAPSHOT/compose/ozone-om-ha-s3/result/robot-*.xml': No such file or directory
Executing test in /workdir/hadoop-ozone/dist/target/ozone-0.5.0-SNAPSHOT/compose/ozone-om-ha
Removing network ozone-om-ha_default
Network ozone-om-ha_default not found.
Creating network "ozone-om-ha_default" with the default driver
Building om3
Step 1/21 : FROM apache/ozone-runner
latest: Pulling from apache/ozone-runner
Digest: sha256:0b626cbbfc1862ff8e769b4b6e893e8ef1a7f01082e8295c886fe9c25ed825a2
Status: Downloaded newer image for apache/ozone-runner:latest
 ---> aefdb4f50da2
Step 2/21 : RUN sudo yum install -y openssh-clients openssh-server
 ---> Running in dc0768b4e485
Loaded plugins: fastestmirror, ovl
Loading mirror speeds from cached hostfile
 * base: mirrors.advancedhosters.com
 * epel: d2lzkl7pfhq30w.cloudfront.net
 * extras: mirrors.advancedhosters.com
 * updates: mirrors.advancedhosters.com
Resolving Dependencies
--> Running transaction check
---> Package openssh-clients.x86_64 0:7.4p1-21.el7 will be installed
--> Processing Dependency: openssh = 7.4p1-21.el7 for package: openssh-clients-7.4p1-21.el7.x86_64
--> Processing Dependency: fipscheck-lib(x86-64) >= 1.3.0 for package: openssh-clients-7.4p1-21.el7.x86_64
--> Processing Dependency: libfipscheck.so.1()(64bit) for package: openssh-clients-7.4p1-21.el7.x86_64
--> Processing Dependency: libedit.so.0()(64bit) for package: openssh-clients-7.4p1-21.el7.x86_64
---> Package openssh-server.x86_64 0:7.4p1-21.el7 will be installed
--> Processing Dependency: libwrap.so.0()(64bit) for package: openssh-server-7.4p1-21.el7.x86_64
--> Running transaction check
---> Package fipscheck-lib.x86_64 0:1.4.1-6.el7 will be installed
--> Processing Dependency: /usr/bin/fipscheck for package: fipscheck-lib-1.4.1-6.el7.x86_64
---> Package libedit.x86_64 0:3.0-12.20121213cvs.el7 will be installed
---> Package openssh.x86_64 0:7.4p1-21.el7 will be installed
---> Package tcp_wrappers-libs.x86_64 0:7.6-77.el7 will be installed
--> Running transaction check
---> Package fipscheck.x86_64 0:1.4.1-6.el7 will be installed
--> Finished Dependency Resolution

Dependencies Resolved

================================================================================
 Package                Arch        Version                     Repository
                                                                           Size
================================================================================
Installing:
 openssh-clients        x86_64      7.4p1-21.el7                base      655 k
 openssh-server         x86_64      7.4p1-21.el7                base      459 k
Installing for dependencies:
 fipscheck              x86_64      1.4.1-6.el7                 base       21 k
 fipscheck-lib          x86_64      1.4.1-6.el7                 base       11 k
 libedit                x86_64      3.0-12.20121213cvs.el7      base       92 k
 openssh                x86_64      7.4p1-21.el7                base      510 k
 tcp_wrappers-libs      x86_64      7.6-77.el7                  base       66 k

Transaction Summary
================================================================================
Install  2 Packages (+5 Dependent packages)

Total download size: 1.8 M
Installed size: 5.8 M
Downloading packages:
--------------------------------------------------------------------------------
Total                                              1.9 MB/s | 1.8 MB  00:00     
Running transaction check
Running transaction test
Transaction test succeeded
Running transaction
  Installing : fipscheck-1.4.1-6.el7.x86_64                                 1/7 
  Installing : fipscheck-lib-1.4.1-6.el7.x86_64                             2/7 
  Installing : openssh-7.4p1-21.el7.x86_64                                  3/7 
  Installing : tcp_wrappers-libs-7.6-77.el7.x86_64                          4/7 
  Installing : libedit-3.0-12.20121213cvs.el7.x86_64                        5/7 
  Installing : openssh-clients-7.4p1-21.el7.x86_64                          6/7 
  Installing : openssh-server-7.4p1-21.el7.x86_64                           7/7 
  Verifying  : fipscheck-lib-1.4.1-6.el7.x86_64                             1/7 
  Verifying  : fipscheck-1.4.1-6.el7.x86_64                                 2/7 
  Verifying  : openssh-clients-7.4p1-21.el7.x86_64                          3/7 
  Verifying  : libedit-3.0-12.20121213cvs.el7.x86_64                        4/7 
  Verifying  : tcp_wrappers-libs-7.6-77.el7.x86_64                          5/7 
  Verifying  : openssh-7.4p1-21.el7.x86_64                                  6/7 
  Verifying  : openssh-server-7.4p1-21.el7.x86_64                           7/7 

Installed:
  openssh-clients.x86_64 0:7.4p1-21.el7   openssh-server.x86_64 0:7.4p1-21.el7  

Dependency Installed:
  fipscheck.x86_64 0:1.4.1-6.el7            fipscheck-lib.x86_64 0:1.4.1-6.el7  
  libedit.x86_64 0:3.0-12.20121213cvs.el7   openssh.x86_64 0:7.4p1-21.el7       
  tcp_wrappers-libs.x86_64 0:7.6-77.el7    

Complete!
 ---> d300535665c6
Step 3/21 : RUN sudo ssh-keygen -A
 ---> Running in 3a07a0c7de2d
ssh-keygen: generating new host keys: RSA1 RSA DSA ECDSA ED25519 
 ---> f5b6fb602725
Step 4/21 : RUN sudo mkdir -p /run/sshd
 ---> Running in 9073cec0feec
 ---> 05c5a9fa682c
Step 5/21 : RUN sudo sed -i "s/.*UsePrivilegeSeparation.*/UsePrivilegeSeparation no/g" /etc/ssh/sshd_config
 ---> Running in 671da11c08fb
 ---> 20ec71966f5f
Step 6/21 : RUN sudo sed -i "s/.*PermitUserEnvironment.*/PermitUserEnvironment yes/g" /etc/ssh/sshd_config
 ---> Running in eda2225262c4
 ---> 82351da8c6f0
Step 7/21 : RUN sudo sed 's@session\s*required\s*pam_loginuid.so@session optional pam_loginuid.so@g' -i /etc/pam.d/sshd
 ---> Running in 2eea8a7104bf
 ---> f39040630343
Step 8/21 : RUN sudo usermod -d /opt hadoop
 ---> Running in e596b5eab6de
 ---> e443094ea50c
Step 9/21 : ADD .ssh /opt/.ssh
 ---> e9b45ff44ede
Step 10/21 : RUN sudo chown -R hadoop /opt/.ssh
 ---> Running in 06299c9a7c05
 ---> 4fb050d39940
Step 11/21 : RUN sudo chown hadoop /opt
 ---> Running in 474b0bbcff49
 ---> 394c1e858f13
Step 12/21 : RUN sudo chmod 600 /opt/.ssh/*
 ---> Running in 77119764d6b8
 ---> 47d8ff5720d0
Step 13/21 : RUN sudo chmod 700 /opt/.ssh
 ---> Running in 1b29d3cab3ad
 ---> 156f4a1b3599
Step 14/21 : RUN sudo sh -c 'echo "export JAVA_HOME=/usr/lib/jvm/jre/" >> /etc/profile'
 ---> Running in e9d2482093a5
 ---> 3dd97f52e937
Step 15/21 : RUN sudo pip install robotframework-sshlibrary
 ---> Running in f205876cdb14
Collecting robotframework-sshlibrary
  Downloading https://files.pythonhosted.org/packages/5e/a3/25010fc4a2c126e1b5dcd1d08d55653aba819509c42d210e4dfbc2f1e844/robotframework-sshlibrary-3.4.0.tar.gz (47kB)
Requirement already satisfied (use --upgrade to upgrade): robotframework>=3.0 in /usr/lib/python2.7/site-packages (from robotframework-sshlibrary)
Collecting paramiko>=1.15.3 (from robotframework-sshlibrary)
  Downloading https://files.pythonhosted.org/packages/4b/80/74dace9e48b0ef923633dfb5e48798f58a168e4734bca8ecfaf839ba051a/paramiko-2.6.0-py2.py3-none-any.whl (199kB)
Collecting scp>=0.13.0 (from robotframework-sshlibrary)
  Downloading https://files.pythonhosted.org/packages/4d/7a/3d76dc5ad8deea79642f50a572e1c057cb27e8b427f83781a2c05ce4e5b6/scp-0.13.2-py2.py3-none-any.whl
Collecting cryptography>=2.5 (from paramiko>=1.15.3->robotframework-sshlibrary)
  Downloading https://files.pythonhosted.org/packages/e2/67/4597fc5d5de01bb44887844647ab8e73239079dd478c35c52d58a9eb3d45/cryptography-2.8-cp27-cp27mu-manylinux1_x86_64.whl (2.3MB)
Collecting pynacl>=1.0.1 (from paramiko>=1.15.3->robotframework-sshlibrary)
  Downloading https://files.pythonhosted.org/packages/b3/25/e605574f24948a8a53b497744e93f061eb1dbe7c44b6465fc1c172d591aa/PyNaCl-1.3.0-cp27-cp27mu-manylinux1_x86_64.whl (762kB)
Collecting bcrypt>=3.1.3 (from paramiko>=1.15.3->robotframework-sshlibrary)
  Downloading https://files.pythonhosted.org/packages/ad/36/9a0227d048e98409f012570f7bef8a8c2373b9c9c5dfbf82963cbae05ede/bcrypt-3.1.7-cp27-cp27mu-manylinux1_x86_64.whl (59kB)
Collecting enum34; python_version < "3" (from cryptography>=2.5->paramiko>=1.15.3->robotframework-sshlibrary)
  Downloading https://files.pythonhosted.org/packages/c5/db/e56e6b4bbac7c4a06de1c50de6fe1ef3810018ae11732a50f15f62c7d050/enum34-1.1.6-py2-none-any.whl
Collecting cffi!=1.11.3,>=1.8 (from cryptography>=2.5->paramiko>=1.15.3->robotframework-sshlibrary)
  Downloading https://files.pythonhosted.org/packages/93/5d/c4f950891251e478929036ca07b22f0b10324460c1d0a4434c584481db51/cffi-1.13.2-cp27-cp27mu-manylinux1_x86_64.whl (384kB)
Collecting six>=1.4.1 (from cryptography>=2.5->paramiko>=1.15.3->robotframework-sshlibrary)
  Downloading https://files.pythonhosted.org/packages/65/26/32b8464df2a97e6dd1b656ed26b2c194606c16fe163c695a992b36c11cdf/six-1.13.0-py2.py3-none-any.whl
Requirement already satisfied (use --upgrade to upgrade): ipaddress; python_version < "3" in /usr/lib/python2.7/site-packages (from cryptography>=2.5->paramiko>=1.15.3->robotframework-sshlibrary)
Collecting pycparser (from cffi!=1.11.3,>=1.8->cryptography>=2.5->paramiko>=1.15.3->robotframework-sshlibrary)
  Downloading https://files.pythonhosted.org/packages/68/9e/49196946aee219aead1290e00d1e7fdeab8567783e83e1b9ab5585e6206a/pycparser-2.19.tar.gz (158kB)
Installing collected packages: enum34, pycparser, cffi, six, cryptography, pynacl, bcrypt, paramiko, scp, robotframework-sshlibrary
  Running setup.py install for pycparser: started
    Running setup.py install for pycparser: finished with status 'done'
  Running setup.py install for robotframework-sshlibrary: started
    Running setup.py install for robotframework-sshlibrary: finished with status 'done'
Successfully installed bcrypt-3.1.7 cffi-1.13.2 cryptography-2.8 enum34-1.1.6 paramiko-2.6.0 pycparser-2.19 pynacl-1.3.0 robotframework-sshlibrary-3.4.0 scp-0.13.2 six-1.13.0
[91mYou are using pip version 8.1.2, however version 19.3.1 is available.
You should consider upgrading via the 'pip install --upgrade pip' command.
[0m ---> f55a4bbce875
Step 16/21 : ADD startOM.sh /opt/startOM.sh
 ---> 8769c4483eae
Step 17/21 : ADD stopOM.sh /opt/stopOM.sh
 ---> 6a3b3ae27c8d
Step 18/21 : RUN sudo chown -R hadoop /opt/startOM.sh
 ---> Running in 1a35e9aba859
 ---> 676250750f87
Step 19/21 : RUN sudo chown -R hadoop /opt/stopOM.sh
 ---> Running in fe1cd1755ef5
 ---> e3fdeec8d02a
Step 20/21 : RUN sudo chmod 700 /opt/startOM.sh
 ---> Running in ef75082c5198
 ---> 3efb18a1a470
Step 21/21 : RUN sudo chmod 700 /opt/stopOM.sh
 ---> Running in 9aa9dd1f7c9c
 ---> 369760d8370c
Removing intermediate container 3a07a0c7de2d
Removing intermediate container 2eea8a7104bf
Removing intermediate container 671da11c08fb
Removing intermediate container e596b5eab6de
Removing intermediate container 06299c9a7c05
Removing intermediate container 1b29d3cab3ad
Removing intermediate container e9d2482093a5
Removing intermediate container 1a35e9aba859
Removing intermediate container ef75082c5198
Removing intermediate container f205876cdb14
Removing intermediate container fe1cd1755ef5
Removing intermediate container 9aa9dd1f7c9c
Removing intermediate container dc0768b4e485
Removing intermediate container 9073cec0feec
Removing intermediate container eda2225262c4
Removing intermediate container 474b0bbcff49
Removing intermediate container 77119764d6b8
Successfully built 369760d8370c
Successfully tagged ozone-om-ha_om3:latest
Image for service om3 was built because it did not already exist. To rebuild this image you must use `docker-compose build` or `docker-compose up --build`.
Building om2
Step 1/21 : FROM apache/ozone-runner
 ---> aefdb4f50da2
Step 2/21 : RUN sudo yum install -y openssh-clients openssh-server
 ---> Using cache
 ---> d300535665c6
Step 3/21 : RUN sudo ssh-keygen -A
 ---> Using cache
 ---> f5b6fb602725
Step 4/21 : RUN sudo mkdir -p /run/sshd
 ---> Using cache
 ---> 05c5a9fa682c
Step 5/21 : RUN sudo sed -i "s/.*UsePrivilegeSeparation.*/UsePrivilegeSeparation no/g" /etc/ssh/sshd_config
 ---> Using cache
 ---> 20ec71966f5f
Step 6/21 : RUN sudo sed -i "s/.*PermitUserEnvironment.*/PermitUserEnvironment yes/g" /etc/ssh/sshd_config
 ---> Using cache
 ---> 82351da8c6f0
Step 7/21 : RUN sudo sed 's@session\s*required\s*pam_loginuid.so@session optional pam_loginuid.so@g' -i /etc/pam.d/sshd
 ---> Using cache
 ---> f39040630343
Step 8/21 : RUN sudo usermod -d /opt hadoop
 ---> Using cache
 ---> e443094ea50c
Step 9/21 : ADD .ssh /opt/.ssh
 ---> Using cache
 ---> e9b45ff44ede
Step 10/21 : RUN sudo chown -R hadoop /opt/.ssh
 ---> Using cache
 ---> 4fb050d39940
Step 11/21 : RUN sudo chown hadoop /opt
 ---> Using cache
 ---> 394c1e858f13
Step 12/21 : RUN sudo chmod 600 /opt/.ssh/*
 ---> Using cache
 ---> 47d8ff5720d0
Step 13/21 : RUN sudo chmod 700 /opt/.ssh
 ---> Using cache
 ---> 156f4a1b3599
Step 14/21 : RUN sudo sh -c 'echo "export JAVA_HOME=/usr/lib/jvm/jre/" >> /etc/profile'
 ---> Using cache
 ---> 3dd97f52e937
Step 15/21 : RUN sudo pip install robotframework-sshlibrary
 ---> Using cache
 ---> f55a4bbce875
Step 16/21 : ADD startOM.sh /opt/startOM.sh
 ---> Using cache
 ---> 8769c4483eae
Step 17/21 : ADD stopOM.sh /opt/stopOM.sh
 ---> Using cache
 ---> 6a3b3ae27c8d
Step 18/21 : RUN sudo chown -R hadoop /opt/startOM.sh
 ---> Using cache
 ---> 676250750f87
Step 19/21 : RUN sudo chown -R hadoop /opt/stopOM.sh
 ---> Using cache
 ---> e3fdeec8d02a
Step 20/21 : RUN sudo chmod 700 /opt/startOM.sh
 ---> Using cache
 ---> 3efb18a1a470
Step 21/21 : RUN sudo chmod 700 /opt/stopOM.sh
 ---> Using cache
 ---> 369760d8370c
Successfully built 369760d8370c
Successfully tagged ozone-om-ha_om2:latest
Image for service om2 was built because it did not already exist. To rebuild this image you must use `docker-compose build` or `docker-compose up --build`.
Building om1
Step 1/21 : FROM apache/ozone-runner
 ---> aefdb4f50da2
Step 2/21 : RUN sudo yum install -y openssh-clients openssh-server
 ---> Using cache
 ---> d300535665c6
Step 3/21 : RUN sudo ssh-keygen -A
 ---> Using cache
 ---> f5b6fb602725
Step 4/21 : RUN sudo mkdir -p /run/sshd
 ---> Using cache
 ---> 05c5a9fa682c
Step 5/21 : RUN sudo sed -i "s/.*UsePrivilegeSeparation.*/UsePrivilegeSeparation no/g" /etc/ssh/sshd_config
 ---> Using cache
 ---> 20ec71966f5f
Step 6/21 : RUN sudo sed -i "s/.*PermitUserEnvironment.*/PermitUserEnvironment yes/g" /etc/ssh/sshd_config
 ---> Using cache
 ---> 82351da8c6f0
Step 7/21 : RUN sudo sed 's@session\s*required\s*pam_loginuid.so@session optional pam_loginuid.so@g' -i /etc/pam.d/sshd
 ---> Using cache
 ---> f39040630343
Step 8/21 : RUN sudo usermod -d /opt hadoop
 ---> Using cache
 ---> e443094ea50c
Step 9/21 : ADD .ssh /opt/.ssh
 ---> Using cache
 ---> e9b45ff44ede
Step 10/21 : RUN sudo chown -R hadoop /opt/.ssh
 ---> Using cache
 ---> 4fb050d39940
Step 11/21 : RUN sudo chown hadoop /opt
 ---> Using cache
 ---> 394c1e858f13
Step 12/21 : RUN sudo chmod 600 /opt/.ssh/*
 ---> Using cache
 ---> 47d8ff5720d0
Step 13/21 : RUN sudo chmod 700 /opt/.ssh
 ---> Using cache
 ---> 156f4a1b3599
Step 14/21 : RUN sudo sh -c 'echo "export JAVA_HOME=/usr/lib/jvm/jre/" >> /etc/profile'
 ---> Using cache
 ---> 3dd97f52e937
Step 15/21 : RUN sudo pip install robotframework-sshlibrary
 ---> Using cache
 ---> f55a4bbce875
Step 16/21 : ADD startOM.sh /opt/startOM.sh
 ---> Using cache
 ---> 8769c4483eae
Step 17/21 : ADD stopOM.sh /opt/stopOM.sh
 ---> Using cache
 ---> 6a3b3ae27c8d
Step 18/21 : RUN sudo chown -R hadoop /opt/startOM.sh
 ---> Using cache
 ---> 676250750f87
Step 19/21 : RUN sudo chown -R hadoop /opt/stopOM.sh
 ---> Using cache
 ---> e3fdeec8d02a
Step 20/21 : RUN sudo chmod 700 /opt/startOM.sh
 ---> Using cache
 ---> 3efb18a1a470
Step 21/21 : RUN sudo chmod 700 /opt/stopOM.sh
 ---> Using cache
 ---> 369760d8370c
Successfully built 369760d8370c
Successfully tagged ozone-om-ha_om1:latest
Image for service om1 was built because it did not already exist. To rebuild this image you must use `docker-compose build` or `docker-compose up --build`.
Building datanode
Step 1/21 : FROM apache/ozone-runner
 ---> aefdb4f50da2
Step 2/21 : RUN sudo yum install -y openssh-clients openssh-server
 ---> Using cache
 ---> d300535665c6
Step 3/21 : RUN sudo ssh-keygen -A
 ---> Using cache
 ---> f5b6fb602725
Step 4/21 : RUN sudo mkdir -p /run/sshd
 ---> Using cache
 ---> 05c5a9fa682c
Step 5/21 : RUN sudo sed -i "s/.*UsePrivilegeSeparation.*/UsePrivilegeSeparation no/g" /etc/ssh/sshd_config
 ---> Using cache
 ---> 20ec71966f5f
Step 6/21 : RUN sudo sed -i "s/.*PermitUserEnvironment.*/PermitUserEnvironment yes/g" /etc/ssh/sshd_config
 ---> Using cache
 ---> 82351da8c6f0
Step 7/21 : RUN sudo sed 's@session\s*required\s*pam_loginuid.so@session optional pam_loginuid.so@g' -i /etc/pam.d/sshd
 ---> Using cache
 ---> f39040630343
Step 8/21 : RUN sudo usermod -d /opt hadoop
 ---> Using cache
 ---> e443094ea50c
Step 9/21 : ADD .ssh /opt/.ssh
 ---> Using cache
 ---> e9b45ff44ede
Step 10/21 : RUN sudo chown -R hadoop /opt/.ssh
 ---> Using cache
 ---> 4fb050d39940
Step 11/21 : RUN sudo chown hadoop /opt
 ---> Using cache
 ---> 394c1e858f13
Step 12/21 : RUN sudo chmod 600 /opt/.ssh/*
 ---> Using cache
 ---> 47d8ff5720d0
Step 13/21 : RUN sudo chmod 700 /opt/.ssh
 ---> Using cache
 ---> 156f4a1b3599
Step 14/21 : RUN sudo sh -c 'echo "export JAVA_HOME=/usr/lib/jvm/jre/" >> /etc/profile'
 ---> Using cache
 ---> 3dd97f52e937
Step 15/21 : RUN sudo pip install robotframework-sshlibrary
 ---> Using cache
 ---> f55a4bbce875
Step 16/21 : ADD startOM.sh /opt/startOM.sh
 ---> Using cache
 ---> 8769c4483eae
Step 17/21 : ADD stopOM.sh /opt/stopOM.sh
 ---> Using cache
 ---> 6a3b3ae27c8d
Step 18/21 : RUN sudo chown -R hadoop /opt/startOM.sh
 ---> Using cache
 ---> 676250750f87
Step 19/21 : RUN sudo chown -R hadoop /opt/stopOM.sh
 ---> Using cache
 ---> e3fdeec8d02a
Step 20/21 : RUN sudo chmod 700 /opt/startOM.sh
 ---> Using cache
 ---> 3efb18a1a470
Step 21/21 : RUN sudo chmod 700 /opt/stopOM.sh
 ---> Using cache
 ---> 369760d8370c
Successfully built 369760d8370c
Successfully tagged ozone-om-ha_datanode:latest
Image for service datanode was built because it did not already exist. To rebuild this image you must use `docker-compose build` or `docker-compose up --build`.
Building scm
Step 1/21 : FROM apache/ozone-runner
 ---> aefdb4f50da2
Step 2/21 : RUN sudo yum install -y openssh-clients openssh-server
 ---> Using cache
 ---> d300535665c6
Step 3/21 : RUN sudo ssh-keygen -A
 ---> Using cache
 ---> f5b6fb602725
Step 4/21 : RUN sudo mkdir -p /run/sshd
 ---> Using cache
 ---> 05c5a9fa682c
Step 5/21 : RUN sudo sed -i "s/.*UsePrivilegeSeparation.*/UsePrivilegeSeparation no/g" /etc/ssh/sshd_config
 ---> Using cache
 ---> 20ec71966f5f
Step 6/21 : RUN sudo sed -i "s/.*PermitUserEnvironment.*/PermitUserEnvironment yes/g" /etc/ssh/sshd_config
 ---> Using cache
 ---> 82351da8c6f0
Step 7/21 : RUN sudo sed 's@session\s*required\s*pam_loginuid.so@session optional pam_loginuid.so@g' -i /etc/pam.d/sshd
 ---> Using cache
 ---> f39040630343
Step 8/21 : RUN sudo usermod -d /opt hadoop
 ---> Using cache
 ---> e443094ea50c
Step 9/21 : ADD .ssh /opt/.ssh
 ---> Using cache
 ---> e9b45ff44ede
Step 10/21 : RUN sudo chown -R hadoop /opt/.ssh
 ---> Using cache
 ---> 4fb050d39940
Step 11/21 : RUN sudo chown hadoop /opt
 ---> Using cache
 ---> 394c1e858f13
Step 12/21 : RUN sudo chmod 600 /opt/.ssh/*
 ---> Using cache
 ---> 47d8ff5720d0
Step 13/21 : RUN sudo chmod 700 /opt/.ssh
 ---> Using cache
 ---> 156f4a1b3599
Step 14/21 : RUN sudo sh -c 'echo "export JAVA_HOME=/usr/lib/jvm/jre/" >> /etc/profile'
 ---> Using cache
 ---> 3dd97f52e937
Step 15/21 : RUN sudo pip install robotframework-sshlibrary
 ---> Using cache
 ---> f55a4bbce875
Step 16/21 : ADD startOM.sh /opt/startOM.sh
 ---> Using cache
 ---> 8769c4483eae
Step 17/21 : ADD stopOM.sh /opt/stopOM.sh
 ---> Using cache
 ---> 6a3b3ae27c8d
Step 18/21 : RUN sudo chown -R hadoop /opt/startOM.sh
 ---> Using cache
 ---> 676250750f87
Step 19/21 : RUN sudo chown -R hadoop /opt/stopOM.sh
 ---> Using cache
 ---> e3fdeec8d02a
Step 20/21 : RUN sudo chmod 700 /opt/startOM.sh
 ---> Using cache
 ---> 3efb18a1a470
Step 21/21 : RUN sudo chmod 700 /opt/stopOM.sh
 ---> Using cache
 ---> 369760d8370c
Successfully built 369760d8370c
Successfully tagged ozone-om-ha_scm:latest
Image for service scm was built because it did not already exist. To rebuild this image you must use `docker-compose build` or `docker-compose up --build`.
Creating ozone-om-ha_om1_1 ... 
Creating ozone-om-ha_om3_1 ... 
Creating ozone-om-ha_datanode_1 ... 
Creating ozone-om-ha_datanode_2 ... 
Creating ozone-om-ha_datanode_3 ... 
Creating ozone-om-ha_om2_1      ... 
Creating ozone-om-ha_scm_1      ... 
Creating ozone-om-ha_datanode_1 ... done
Creating ozone-om-ha_om3_1      ... done
Creating ozone-om-ha_datanode_2 ... done
Creating ozone-om-ha_scm_1      ... done
Creating ozone-om-ha_om1_1      ... done
Creating ozone-om-ha_datanode_3 ... done
Creating ozone-om-ha_om2_1      ... done
0 datanode is up and healthy (until now)
3 datanodes are up and registered to the scm
==============================================================================
ozone-om-ha-testOMHA :: Smoketest ozone cluster startup                       
==============================================================================
Stop Leader OM and Verify Failover                                    | FAIL |
OMs did not failover: om1 == om1
------------------------------------------------------------------------------
Restart OM and Verify Ratis Logs                                      | FAIL |
SSHException: EOF during negotiation
------------------------------------------------------------------------------
Test Multiple Failovers                                               | FAIL |
OMs did not failover: om1 == om1
------------------------------------------------------------------------------
ozone-om-ha-testOMHA :: Smoketest ozone cluster startup               | FAIL |
3 critical tests, 0 passed, 3 failed
3 tests total, 0 passed, 3 failed
==============================================================================
Output:  /tmp/smoketest/ozone-om-ha/result/robot-ozone-om-ha-ozone-om-ha-testOMHA-scm.xml
Stopping ozone-om-ha_datanode_1 ... 
Stopping ozone-om-ha_om2_1      ... 
Stopping ozone-om-ha_om1_1      ... 
Stopping ozone-om-ha_datanode_2 ... 
Stopping ozone-om-ha_scm_1      ... 
Stopping ozone-om-ha_datanode_3 ... 
Stopping ozone-om-ha_om3_1      ... 
Stopping ozone-om-ha_datanode_2 ... done
Stopping ozone-om-ha_scm_1      ... done
Stopping ozone-om-ha_datanode_1 ... done
Stopping ozone-om-ha_datanode_3 ... done

ERROR: for ozone-om-ha_om2_1  HTTPConnectionPool(host='0.0.0.0', port=2375): Read timed out. (read timeout=70)

ERROR: for ozone-om-ha_om3_1  HTTPConnectionPool(host='0.0.0.0', port=2375): Read timed out. (read timeout=70)

ERROR: for ozone-om-ha_om1_1  HTTPConnectionPool(host='0.0.0.0', port=2375): Read timed out. (read timeout=70)
An HTTP request took too long to complete. Retry with --verbose to obtain debug information.
If you encounter this issue regularly because of slow network conditions, consider setting COMPOSE_HTTP_TIMEOUT to a higher value (current value: 60).
ERROR: Test execution of /workdir/hadoop-ozone/dist/target/ozone-0.5.0-SNAPSHOT/compose/ozone-om-ha is FAILED!!!!
Executing test in /workdir/hadoop-ozone/dist/target/ozone-0.5.0-SNAPSHOT/compose/ozone-recon
Removing network ozone-recon_default
Network ozone-recon_default not found.
Creating network "ozone-recon_default" with the default driver
Pulling scm (apache/ozone-runner:20191106-1)...
manifest for apache/ozone-runner:20191106-1 not found
Removing network ozone-recon_default
ERROR: Test execution of /workdir/hadoop-ozone/dist/target/ozone-0.5.0-SNAPSHOT/compose/ozone-recon is FAILED!!!!
cp: cannot stat '/workdir/hadoop-ozone/dist/target/ozone-0.5.0-SNAPSHOT/compose/ozone-recon/result/robot-*.xml': No such file or directory
Executing test in /workdir/hadoop-ozone/dist/target/ozone-0.5.0-SNAPSHOT/compose/ozone-topology
Removing network ozone-topology_net
Network ozone-topology_net not found.
Creating network "ozone-topology_net" with driver "bridge"
Pulling scm (apache/ozone-runner:20191106-1)...
manifest for apache/ozone-runner:20191106-1 not found
Removing network ozone-topology_net
ERROR: Test execution of /workdir/hadoop-ozone/dist/target/ozone-0.5.0-SNAPSHOT/compose/ozone-topology is FAILED!!!!
cp: cannot stat '/workdir/hadoop-ozone/dist/target/ozone-0.5.0-SNAPSHOT/compose/ozone-topology/result/robot-*.xml': No such file or directory
Executing test in /workdir/hadoop-ozone/dist/target/ozone-0.5.0-SNAPSHOT/compose/ozone
Removing network ozone_default
Network ozone_default not found.
Creating network "ozone_default" with the default driver
Pulling scm (apache/ozone-runner:20191106-1)...
manifest for apache/ozone-runner:20191106-1 not found
Removing network ozone_default
ERROR: Test execution of /workdir/hadoop-ozone/dist/target/ozone-0.5.0-SNAPSHOT/compose/ozone is FAILED!!!!
cp: cannot stat '/workdir/hadoop-ozone/dist/target/ozone-0.5.0-SNAPSHOT/compose/ozone/result/robot-*.xml': No such file or directory
Executing test in /workdir/hadoop-ozone/dist/target/ozone-0.5.0-SNAPSHOT/compose/ozoneperf
Removing network ozoneperf_default
Network ozoneperf_default not found.
Creating network "ozoneperf_default" with the default driver
Pulling scm (apache/ozone-runner:20191106-1)...
manifest for apache/ozone-runner:20191106-1 not found
Removing network ozoneperf_default
ERROR: Test execution of /workdir/hadoop-ozone/dist/target/ozone-0.5.0-SNAPSHOT/compose/ozoneperf is FAILED!!!!
cp: cannot stat '/workdir/hadoop-ozone/dist/target/ozone-0.5.0-SNAPSHOT/compose/ozoneperf/result/robot-*.xml': No such file or directory
Executing test in /workdir/hadoop-ozone/dist/target/ozone-0.5.0-SNAPSHOT/compose/ozones3-haproxy
Removing network ozones3-haproxy_default
Network ozones3-haproxy_default not found.
Creating network "ozones3-haproxy_default" with the default driver
Pulling scm (apache/ozone-runner:20191106-1)...
manifest for apache/ozone-runner:20191106-1 not found
Removing network ozones3-haproxy_default
ERROR: Test execution of /workdir/hadoop-ozone/dist/target/ozone-0.5.0-SNAPSHOT/compose/ozones3-haproxy is FAILED!!!!
cp: cannot stat '/workdir/hadoop-ozone/dist/target/ozone-0.5.0-SNAPSHOT/compose/ozones3-haproxy/result/robot-*.xml': No such file or directory
Executing test in /workdir/hadoop-ozone/dist/target/ozone-0.5.0-SNAPSHOT/compose/ozones3
Removing network ozones3_default
Network ozones3_default not found.
Creating network "ozones3_default" with the default driver
Pulling scm (apache/ozone-runner:20191106-1)...
manifest for apache/ozone-runner:20191106-1 not found
Removing network ozones3_default
ERROR: Test execution of /workdir/hadoop-ozone/dist/target/ozone-0.5.0-SNAPSHOT/compose/ozones3 is FAILED!!!!
cp: cannot stat '/workdir/hadoop-ozone/dist/target/ozone-0.5.0-SNAPSHOT/compose/ozones3/result/robot-*.xml': No such file or directory
Executing test in /workdir/hadoop-ozone/dist/target/ozone-0.5.0-SNAPSHOT/compose/ozonesecure-mr
Removing network ozone
Network ozone not found.
Creating network "ozone" with the default driver
Pulling scm (apache/ozone-runner:20191106-1)...
manifest for apache/ozone-runner:20191106-1 not found
Removing network ozone
ERROR: Test execution of /workdir/hadoop-ozone/dist/target/ozone-0.5.0-SNAPSHOT/compose/ozonesecure-mr is FAILED!!!!
cp: cannot stat '/workdir/hadoop-ozone/dist/target/ozone-0.5.0-SNAPSHOT/compose/ozonesecure-mr/result/robot-*.xml': No such file or directory
Executing test in /workdir/hadoop-ozone/dist/target/ozone-0.5.0-SNAPSHOT/compose/ozonesecure
Removing network ozonesecure_default
Network ozonesecure_default not found.
Creating network "ozonesecure_default" with the default driver
Pulling scm (apache/ozone-runner:20191106-1)...
manifest for apache/ozone-runner:20191106-1 not found
Removing network ozonesecure_default
ERROR: Test execution of /workdir/hadoop-ozone/dist/target/ozone-0.5.0-SNAPSHOT/compose/ozonesecure is FAILED!!!!
cp: cannot stat '/workdir/hadoop-ozone/dist/target/ozone-0.5.0-SNAPSHOT/compose/ozonesecure/result/robot-*.xml': No such file or directory
Log:     /workdir/hadoop-ozone/dist/target/ozone-0.5.0-SNAPSHOT/compose/result/log.html
Report:  /workdir/hadoop-ozone/dist/target/ozone-0.5.0-SNAPSHOT/compose/result/report.html
