[INFO] Scanning for projects...
[INFO] ------------------------------------------------------------------------
[INFO] Detecting the operating system and CPU architecture
[INFO] ------------------------------------------------------------------------
[INFO] os.detected.name: linux
[INFO] os.detected.arch: x86_64
[INFO] os.detected.version: 3.10
[INFO] os.detected.version.major: 3
[INFO] os.detected.version.minor: 10
[INFO] os.detected.release: centos
[INFO] os.detected.release.version: 7
[INFO] os.detected.release.like.centos: true
[INFO] os.detected.release.like.rhel: true
[INFO] os.detected.release.like.fedora: true
[INFO] os.detected.classifier: linux-x86_64
[INFO] ------------------------------------------------------------------------
[INFO] Reactor Build Order:
[INFO] 
[INFO] Apache Hadoop Ozone Main                                           [pom]
[INFO] Apache Hadoop HDDS                                                 [pom]
[INFO] Apache Hadoop HDDS Config                                          [jar]
[INFO] Apache Hadoop HDDS Common                                          [jar]
[INFO] Apache Hadoop HDDS Client                                          [jar]
[INFO] Apache Hadoop HDDS Server Framework                                [jar]
[INFO] Apache Hadoop HDDS Container Service                               [jar]
[INFO] Apache Hadoop HDDS/Ozone Documentation                             [jar]
[INFO] Apache Hadoop HDDS SCM Server                                      [jar]
[INFO] Apache Hadoop HDDS Tools                                           [jar]
[INFO] Apache Hadoop Ozone                                                [pom]
[INFO] Apache Hadoop Ozone Common                                         [jar]
[INFO] Apache Hadoop Ozone Client                                         [jar]
[INFO] Apache Hadoop Ozone Manager Server                                 [jar]
[INFO] Apache Hadoop Ozone S3 Gateway                                     [jar]
[INFO] Apache Hadoop Ozone CSI service                                    [jar]
[INFO] Apache Hadoop Ozone Recon CodeGen                                  [jar]
[INFO] Apache Hadoop Ozone Recon                                          [jar]
[INFO] Apache Hadoop Ozone Integration Tests                              [jar]
[INFO] Apache Hadoop Ozone FileSystem                                     [jar]
[INFO] Apache Hadoop Ozone Tools                                          [jar]
[INFO] Apache Hadoop Ozone Datanode                                       [jar]
[INFO] Apache Hadoop Ozone In-Place Upgrade                               [jar]
[INFO] Apache Hadoop Ozone Insight Tool                                   [jar]
[INFO] Apache Hadoop Ozone FileSystem Single Jar Library                  [jar]
[INFO] Apache Hadoop Ozone FileSystem Legacy Jar Library                  [jar]
[INFO] Apache Hadoop Ozone Distribution                                   [pom]
[INFO] Apache Hadoop Ozone Fault Injection Tests                          [pom]
[INFO] Apache Hadoop Ozone Network Tests                                  [jar]
[INFO] 
[INFO] ----------------< org.apache.hadoop:hadoop-main-ozone >-----------------
[INFO] Building Apache Hadoop Ozone Main 0.5.0-SNAPSHOT                  [1/29]
[INFO] --------------------------------[ pom ]---------------------------------
[INFO] 
[INFO] --- maven-checkstyle-plugin:3.0.0:check (default-cli) @ hadoop-main-ozone ---
[INFO] Downloading from central: https://repo.maven.apache.org/maven2/com/puppycrawl/tools/checkstyle/8.19/checkstyle-8.19.pom
[INFO] Downloaded from central: https://repo.maven.apache.org/maven2/com/puppycrawl/tools/checkstyle/8.19/checkstyle-8.19.pom (126 kB at 191 kB/s)
[INFO] Downloading from central: https://repo.maven.apache.org/maven2/org/antlr/antlr4-runtime/4.7.2/antlr4-runtime-4.7.2.pom
[INFO] Downloaded from central: https://repo.maven.apache.org/maven2/org/antlr/antlr4-runtime/4.7.2/antlr4-runtime-4.7.2.pom (3.6 kB at 157 kB/s)
[INFO] Downloading from central: https://repo.maven.apache.org/maven2/org/antlr/antlr4-master/4.7.2/antlr4-master-4.7.2.pom
[INFO] Downloaded from central: https://repo.maven.apache.org/maven2/org/antlr/antlr4-master/4.7.2/antlr4-master-4.7.2.pom (4.4 kB at 200 kB/s)
[INFO] Downloading from central: https://repo.maven.apache.org/maven2/com/google/guava/guava/27.1-jre/guava-27.1-jre.pom
[INFO] Downloaded from central: https://repo.maven.apache.org/maven2/com/google/guava/guava/27.1-jre/guava-27.1-jre.pom (8.4 kB at 366 kB/s)
[INFO] Downloading from central: https://repo.maven.apache.org/maven2/com/google/guava/guava-parent/27.1-jre/guava-parent-27.1-jre.pom
[INFO] Downloaded from central: https://repo.maven.apache.org/maven2/com/google/guava/guava-parent/27.1-jre/guava-parent-27.1-jre.pom (10 kB at 436 kB/s)
[INFO] Downloading from central: https://repo.maven.apache.org/maven2/com/google/guava/failureaccess/1.0.1/failureaccess-1.0.1.pom
[INFO] Downloaded from central: https://repo.maven.apache.org/maven2/com/google/guava/failureaccess/1.0.1/failureaccess-1.0.1.pom (2.4 kB at 121 kB/s)
[INFO] Downloading from central: https://repo.maven.apache.org/maven2/com/google/guava/listenablefuture/9999.0-empty-to-avoid-conflict-with-guava/listenablefuture-9999.0-empty-to-avoid-conflict-with-guava.pom
[INFO] Downloaded from central: https://repo.maven.apache.org/maven2/com/google/guava/listenablefuture/9999.0-empty-to-avoid-conflict-with-guava/listenablefuture-9999.0-empty-to-avoid-conflict-with-guava.pom (2.3 kB at 114 kB/s)
[INFO] Downloading from central: https://repo.maven.apache.org/maven2/org/checkerframework/checker-qual/2.5.2/checker-qual-2.5.2.pom
[INFO] Downloaded from central: https://repo.maven.apache.org/maven2/org/checkerframework/checker-qual/2.5.2/checker-qual-2.5.2.pom (2.5 kB at 59 kB/s)
[INFO] Downloading from central: https://repo.maven.apache.org/maven2/net/sf/saxon/Saxon-HE/9.9.1-2/Saxon-HE-9.9.1-2.pom
[INFO] Downloaded from central: https://repo.maven.apache.org/maven2/net/sf/saxon/Saxon-HE/9.9.1-2/Saxon-HE-9.9.1-2.pom (3.9 kB at 170 kB/s)
[INFO] Downloading from central: https://repo.maven.apache.org/maven2/com/ibm/icu/icu4j/63.1/icu4j-63.1.pom
[INFO] Downloaded from central: https://repo.maven.apache.org/maven2/com/ibm/icu/icu4j/63.1/icu4j-63.1.pom (4.9 kB at 206 kB/s)
[INFO] Downloading from central: https://repo.maven.apache.org/maven2/com/puppycrawl/tools/checkstyle/8.19/checkstyle-8.19.jar
[INFO] Downloading from central: https://repo.maven.apache.org/maven2/com/google/guava/guava/27.1-jre/guava-27.1-jre.jar
[INFO] Downloading from central: https://repo.maven.apache.org/maven2/org/antlr/antlr4-runtime/4.7.2/antlr4-runtime-4.7.2.jar
[INFO] Downloading from central: https://repo.maven.apache.org/maven2/com/google/guava/listenablefuture/9999.0-empty-to-avoid-conflict-with-guava/listenablefuture-9999.0-empty-to-avoid-conflict-with-guava.jar
[INFO] Downloading from central: https://repo.maven.apache.org/maven2/com/google/guava/failureaccess/1.0.1/failureaccess-1.0.1.jar
[INFO] Downloaded from central: https://repo.maven.apache.org/maven2/com/google/guava/listenablefuture/9999.0-empty-to-avoid-conflict-with-guava/listenablefuture-9999.0-empty-to-avoid-conflict-with-guava.jar (2.2 kB at 50 kB/s)
[INFO] Downloaded from central: https://repo.maven.apache.org/maven2/com/google/guava/failureaccess/1.0.1/failureaccess-1.0.1.jar (4.6 kB at 105 kB/s)
[INFO] Downloading from central: https://repo.maven.apache.org/maven2/org/checkerframework/checker-qual/2.5.2/checker-qual-2.5.2.jar
[INFO] Downloading from central: https://repo.maven.apache.org/maven2/net/sf/saxon/Saxon-HE/9.9.1-2/Saxon-HE-9.9.1-2.jar
[INFO] Downloaded from central: https://repo.maven.apache.org/maven2/org/antlr/antlr4-runtime/4.7.2/antlr4-runtime-4.7.2.jar (338 kB at 3.8 MB/s)
[INFO] Downloading from central: https://repo.maven.apache.org/maven2/com/ibm/icu/icu4j/63.1/icu4j-63.1.jar
[INFO] Downloaded from central: https://repo.maven.apache.org/maven2/org/checkerframework/checker-qual/2.5.2/checker-qual-2.5.2.jar (193 kB at 1.9 MB/s)
[INFO] Downloaded from central: https://repo.maven.apache.org/maven2/com/puppycrawl/tools/checkstyle/8.19/checkstyle-8.19.jar (1.3 MB at 8.3 MB/s)
[INFO] Downloaded from central: https://repo.maven.apache.org/maven2/com/google/guava/guava/27.1-jre/guava-27.1-jre.jar (2.7 MB at 11 MB/s)
[INFO] Downloaded from central: https://repo.maven.apache.org/maven2/net/sf/saxon/Saxon-HE/9.9.1-2/Saxon-HE-9.9.1-2.jar (5.5 MB at 17 MB/s)
[INFO] Downloaded from central: https://repo.maven.apache.org/maven2/com/ibm/icu/icu4j/63.1/icu4j-63.1.jar (13 MB at 4.7 MB/s)
[INFO] 
[INFO] -------------------< org.apache.hadoop:hadoop-hdds >--------------------
[INFO] Building Apache Hadoop HDDS 0.5.0-SNAPSHOT                        [2/29]
[INFO] --------------------------------[ pom ]---------------------------------
[INFO] 
[INFO] --- maven-checkstyle-plugin:3.0.0:check (default-cli) @ hadoop-hdds ---
[INFO] 
[INFO] ----------------< org.apache.hadoop:hadoop-hdds-config >----------------
[INFO] Building Apache Hadoop HDDS Config 0.5.0-SNAPSHOT                 [3/29]
[INFO] --------------------------------[ jar ]---------------------------------
[INFO] 
[INFO] --- maven-checkstyle-plugin:3.0.0:check (default-cli) @ hadoop-hdds-config ---
[INFO] 
[INFO] ----------------< org.apache.hadoop:hadoop-hdds-common >----------------
[INFO] Building Apache Hadoop HDDS Common 0.5.0-SNAPSHOT                 [4/29]
[INFO] --------------------------------[ jar ]---------------------------------
[INFO] Downloading from apache.snapshots.https: https://repository.apache.org/content/repositories/snapshots/org/apache/hadoop/hadoop-hdds-config/0.5.0-SNAPSHOT/maven-metadata.xml
[INFO] Downloaded from apache.snapshots.https: https://repository.apache.org/content/repositories/snapshots/org/apache/hadoop/hadoop-hdds-config/0.5.0-SNAPSHOT/maven-metadata.xml (1.2 kB at 1.3 kB/s)
[INFO] Downloading from apache.snapshots.https: https://repository.apache.org/content/repositories/snapshots/org/apache/ratis/ratis-server/0.5.0-d6d58d0-SNAPSHOT/maven-metadata.xml
[INFO] Downloaded from apache.snapshots.https: https://repository.apache.org/content/repositories/snapshots/org/apache/ratis/ratis-server/0.5.0-d6d58d0-SNAPSHOT/maven-metadata.xml (1.0 kB at 631 B/s)
[INFO] Downloading from apache.snapshots.https: https://repository.apache.org/content/repositories/snapshots/org/apache/ratis/ratis-server/0.5.0-d6d58d0-SNAPSHOT/ratis-server-0.5.0-d6d58d0-20191024.181419-1.pom
[INFO] Downloaded from apache.snapshots.https: https://repository.apache.org/content/repositories/snapshots/org/apache/ratis/ratis-server/0.5.0-d6d58d0-SNAPSHOT/ratis-server-0.5.0-d6d58d0-20191024.181419-1.pom (2.7 kB at 4.7 kB/s)
[INFO] Downloading from apache.snapshots.https: https://repository.apache.org/content/repositories/snapshots/org/apache/ratis/ratis/0.5.0-d6d58d0-SNAPSHOT/maven-metadata.xml
[INFO] Downloaded from apache.snapshots.https: https://repository.apache.org/content/repositories/snapshots/org/apache/ratis/ratis/0.5.0-d6d58d0-SNAPSHOT/maven-metadata.xml (614 B at 1.1 kB/s)
[INFO] Downloading from apache.snapshots.https: https://repository.apache.org/content/repositories/snapshots/org/apache/ratis/ratis/0.5.0-d6d58d0-SNAPSHOT/ratis-0.5.0-d6d58d0-20191024.181145-1.pom
[INFO] Downloaded from apache.snapshots.https: https://repository.apache.org/content/repositories/snapshots/org/apache/ratis/ratis/0.5.0-d6d58d0-SNAPSHOT/ratis-0.5.0-d6d58d0-20191024.181145-1.pom (36 kB at 58 kB/s)
[INFO] Downloading from apache.snapshots.https: https://repository.apache.org/content/repositories/snapshots/org/apache/ratis/ratis-proto/0.5.0-d6d58d0-SNAPSHOT/maven-metadata.xml
[INFO] Downloading from apache.snapshots: https://repository.apache.org/snapshots/org/apache/ratis/ratis-proto/0.5.0-d6d58d0-SNAPSHOT/maven-metadata.xml
[INFO] Downloaded from apache.snapshots: https://repository.apache.org/snapshots/org/apache/ratis/ratis-proto/0.5.0-d6d58d0-SNAPSHOT/maven-metadata.xml (1.2 kB at 1.6 kB/s)
[INFO] Downloaded from apache.snapshots.https: https://repository.apache.org/content/repositories/snapshots/org/apache/ratis/ratis-proto/0.5.0-d6d58d0-SNAPSHOT/maven-metadata.xml (1.2 kB at 1.6 kB/s)
[INFO] Downloading from apache.snapshots.https: https://repository.apache.org/content/repositories/snapshots/org/apache/ratis/ratis-proto/0.5.0-d6d58d0-SNAPSHOT/ratis-proto-0.5.0-d6d58d0-20191024.181207-1.pom
[INFO] Downloaded from apache.snapshots.https: https://repository.apache.org/content/repositories/snapshots/org/apache/ratis/ratis-proto/0.5.0-d6d58d0-SNAPSHOT/ratis-proto-0.5.0-d6d58d0-20191024.181207-1.pom (6.9 kB at 12 kB/s)
[INFO] Downloading from apache.snapshots: https://repository.apache.org/snapshots/org/apache/ratis/ratis-common/0.5.0-d6d58d0-SNAPSHOT/maven-metadata.xml
[INFO] Downloading from apache.snapshots.https: https://repository.apache.org/content/repositories/snapshots/org/apache/ratis/ratis-common/0.5.0-d6d58d0-SNAPSHOT/maven-metadata.xml
[INFO] Downloaded from apache.snapshots.https: https://repository.apache.org/content/repositories/snapshots/org/apache/ratis/ratis-common/0.5.0-d6d58d0-SNAPSHOT/maven-metadata.xml (1.0 kB at 1.8 kB/s)
[INFO] Downloaded from apache.snapshots: https://repository.apache.org/snapshots/org/apache/ratis/ratis-common/0.5.0-d6d58d0-SNAPSHOT/maven-metadata.xml (1.0 kB at 1.8 kB/s)
[INFO] Downloading from apache.snapshots.https: https://repository.apache.org/content/repositories/snapshots/org/apache/ratis/ratis-common/0.5.0-d6d58d0-SNAPSHOT/ratis-common-0.5.0-d6d58d0-20191024.181249-1.pom
[INFO] Downloaded from apache.snapshots.https: https://repository.apache.org/content/repositories/snapshots/org/apache/ratis/ratis-common/0.5.0-d6d58d0-SNAPSHOT/ratis-common-0.5.0-d6d58d0-20191024.181249-1.pom (5.0 kB at 5.2 kB/s)
[INFO] Downloading from apache.snapshots.https: https://repository.apache.org/content/repositories/snapshots/org/apache/ratis/ratis-client/0.5.0-d6d58d0-SNAPSHOT/maven-metadata.xml
[INFO] Downloading from apache.snapshots: https://repository.apache.org/snapshots/org/apache/ratis/ratis-client/0.5.0-d6d58d0-SNAPSHOT/maven-metadata.xml
[INFO] Downloaded from apache.snapshots.https: https://repository.apache.org/content/repositories/snapshots/org/apache/ratis/ratis-client/0.5.0-d6d58d0-SNAPSHOT/maven-metadata.xml (1.0 kB at 1.8 kB/s)
[INFO] Downloaded from apache.snapshots: https://repository.apache.org/snapshots/org/apache/ratis/ratis-client/0.5.0-d6d58d0-SNAPSHOT/maven-metadata.xml (1.0 kB at 1.8 kB/s)
[INFO] Downloading from apache.snapshots.https: https://repository.apache.org/content/repositories/snapshots/org/apache/ratis/ratis-client/0.5.0-d6d58d0-SNAPSHOT/ratis-client-0.5.0-d6d58d0-20191024.181320-1.pom
[INFO] Downloaded from apache.snapshots.https: https://repository.apache.org/content/repositories/snapshots/org/apache/ratis/ratis-client/0.5.0-d6d58d0-SNAPSHOT/ratis-client-0.5.0-d6d58d0-20191024.181320-1.pom (1.6 kB at 2.1 kB/s)
[INFO] Downloading from apache.snapshots.https: https://repository.apache.org/content/repositories/snapshots/org/apache/ratis/ratis-metrics/0.5.0-d6d58d0-SNAPSHOT/maven-metadata.xml
[INFO] Downloading from apache.snapshots: https://repository.apache.org/snapshots/org/apache/ratis/ratis-metrics/0.5.0-d6d58d0-SNAPSHOT/maven-metadata.xml
[INFO] Downloaded from apache.snapshots.https: https://repository.apache.org/content/repositories/snapshots/org/apache/ratis/ratis-metrics/0.5.0-d6d58d0-SNAPSHOT/maven-metadata.xml (1.0 kB at 1.9 kB/s)
[INFO] Downloaded from apache.snapshots: https://repository.apache.org/snapshots/org/apache/ratis/ratis-metrics/0.5.0-d6d58d0-SNAPSHOT/maven-metadata.xml (1.0 kB at 1.9 kB/s)
[INFO] Downloading from apache.snapshots.https: https://repository.apache.org/content/repositories/snapshots/org/apache/ratis/ratis-metrics/0.5.0-d6d58d0-SNAPSHOT/ratis-metrics-0.5.0-d6d58d0-20191024.181350-1.pom
[INFO] Downloaded from apache.snapshots.https: https://repository.apache.org/content/repositories/snapshots/org/apache/ratis/ratis-metrics/0.5.0-d6d58d0-SNAPSHOT/ratis-metrics-0.5.0-d6d58d0-20191024.181350-1.pom (2.5 kB at 3.5 kB/s)
[INFO] Downloading from apache.snapshots.https: https://repository.apache.org/content/repositories/snapshots/org/apache/ratis/ratis-netty/0.5.0-d6d58d0-SNAPSHOT/maven-metadata.xml
[INFO] Downloaded from apache.snapshots.https: https://repository.apache.org/content/repositories/snapshots/org/apache/ratis/ratis-netty/0.5.0-d6d58d0-SNAPSHOT/maven-metadata.xml (1.0 kB at 1.8 kB/s)
[INFO] Downloading from apache.snapshots.https: https://repository.apache.org/content/repositories/snapshots/org/apache/ratis/ratis-netty/0.5.0-d6d58d0-SNAPSHOT/ratis-netty-0.5.0-d6d58d0-20191024.181541-1.pom
[INFO] Downloaded from apache.snapshots.https: https://repository.apache.org/content/repositories/snapshots/org/apache/ratis/ratis-netty/0.5.0-d6d58d0-SNAPSHOT/ratis-netty-0.5.0-d6d58d0-20191024.181541-1.pom (2.4 kB at 4.4 kB/s)
[INFO] Downloading from apache.snapshots.https: https://repository.apache.org/content/repositories/snapshots/org/apache/ratis/ratis-grpc/0.5.0-d6d58d0-SNAPSHOT/maven-metadata.xml
[INFO] Downloaded from apache.snapshots.https: https://repository.apache.org/content/repositories/snapshots/org/apache/ratis/ratis-grpc/0.5.0-d6d58d0-SNAPSHOT/maven-metadata.xml (1.0 kB at 1.9 kB/s)
[INFO] Downloading from apache.snapshots.https: https://repository.apache.org/content/repositories/snapshots/org/apache/ratis/ratis-grpc/0.5.0-d6d58d0-SNAPSHOT/ratis-grpc-0.5.0-d6d58d0-20191024.181510-1.pom
[INFO] Downloaded from apache.snapshots.https: https://repository.apache.org/content/repositories/snapshots/org/apache/ratis/ratis-grpc/0.5.0-d6d58d0-SNAPSHOT/ratis-grpc-0.5.0-d6d58d0-20191024.181510-1.pom (2.7 kB at 4.9 kB/s)
[INFO] Downloading from apache.snapshots.https: https://repository.apache.org/content/repositories/snapshots/org/apache/hadoop/hadoop-hdds-config/0.5.0-SNAPSHOT/hadoop-hdds-config-0.5.0-20191027.194336-78.jar
[INFO] Downloading from apache.snapshots.https: https://repository.apache.org/content/repositories/snapshots/org/apache/ratis/ratis-common/0.5.0-d6d58d0-SNAPSHOT/ratis-common-0.5.0-d6d58d0-20191024.181249-1.jar
[INFO] Downloading from apache.snapshots.https: https://repository.apache.org/content/repositories/snapshots/org/apache/ratis/ratis-proto/0.5.0-d6d58d0-SNAPSHOT/ratis-proto-0.5.0-d6d58d0-20191024.181207-1.jar
[INFO] Downloading from apache.snapshots.https: https://repository.apache.org/content/repositories/snapshots/org/apache/ratis/ratis-server/0.5.0-d6d58d0-SNAPSHOT/ratis-server-0.5.0-d6d58d0-20191024.181419-1.jar
[INFO] Downloading from apache.snapshots.https: https://repository.apache.org/content/repositories/snapshots/org/apache/ratis/ratis-client/0.5.0-d6d58d0-SNAPSHOT/ratis-client-0.5.0-d6d58d0-20191024.181320-1.jar
[INFO] Downloaded from apache.snapshots.https: https://repository.apache.org/content/repositories/snapshots/org/apache/ratis/ratis-client/0.5.0-d6d58d0-SNAPSHOT/ratis-client-0.5.0-d6d58d0-20191024.181320-1.jar (56 kB at 83 kB/s)
[INFO] Downloading from apache.snapshots.https: https://repository.apache.org/content/repositories/snapshots/org/apache/ratis/ratis-metrics/0.5.0-d6d58d0-SNAPSHOT/ratis-metrics-0.5.0-d6d58d0-20191024.181350-1.jar
[INFO] Downloaded from apache.snapshots.https: https://repository.apache.org/content/repositories/snapshots/org/apache/hadoop/hadoop-hdds-config/0.5.0-SNAPSHOT/hadoop-hdds-config-0.5.0-20191027.194336-78.jar (53 kB at 62 kB/s)
[INFO] Downloading from apache.snapshots.https: https://repository.apache.org/content/repositories/snapshots/org/apache/ratis/ratis-netty/0.5.0-d6d58d0-SNAPSHOT/ratis-netty-0.5.0-d6d58d0-20191024.181541-1.jar
[INFO] Downloaded from apache.snapshots.https: https://repository.apache.org/content/repositories/snapshots/org/apache/ratis/ratis-common/0.5.0-d6d58d0-SNAPSHOT/ratis-common-0.5.0-d6d58d0-20191024.181249-1.jar (258 kB at 267 kB/s)
[INFO] Downloading from apache.snapshots.https: https://repository.apache.org/content/repositories/snapshots/org/apache/ratis/ratis-grpc/0.5.0-d6d58d0-SNAPSHOT/ratis-grpc-0.5.0-d6d58d0-20191024.181510-1.jar
[INFO] Downloaded from apache.snapshots.https: https://repository.apache.org/content/repositories/snapshots/org/apache/ratis/ratis-server/0.5.0-d6d58d0-SNAPSHOT/ratis-server-0.5.0-d6d58d0-20191024.181419-1.jar (360 kB at 349 kB/s)
[INFO] Downloaded from apache.snapshots.https: https://repository.apache.org/content/repositories/snapshots/org/apache/ratis/ratis-proto/0.5.0-d6d58d0-SNAPSHOT/ratis-proto-0.5.0-d6d58d0-20191024.181207-1.jar (1.2 MB at 1.0 MB/s)
[INFO] Downloaded from apache.snapshots.https: https://repository.apache.org/content/repositories/snapshots/org/apache/ratis/ratis-metrics/0.5.0-d6d58d0-SNAPSHOT/ratis-metrics-0.5.0-d6d58d0-20191024.181350-1.jar (24 kB at 18 kB/s)
[INFO] Downloaded from apache.snapshots.https: https://repository.apache.org/content/repositories/snapshots/org/apache/ratis/ratis-netty/0.5.0-d6d58d0-SNAPSHOT/ratis-netty-0.5.0-d6d58d0-20191024.181541-1.jar (33 kB at 26 kB/s)
[INFO] Downloaded from apache.snapshots.https: https://repository.apache.org/content/repositories/snapshots/org/apache/ratis/ratis-grpc/0.5.0-d6d58d0-SNAPSHOT/ratis-grpc-0.5.0-d6d58d0-20191024.181510-1.jar (113 kB at 73 kB/s)
[INFO] 
[INFO] --- maven-checkstyle-plugin:3.0.0:check (default-cli) @ hadoop-hdds-common ---
[INFO] There are 25 errors reported by Checkstyle 8.19 with hadoop-hdds/dev-support/checkstyle/checkstyle.xml ruleset.
[ERROR] src/main/java/org/apache/hadoop/hdds/scm/ScmConfig.java:[8] (javadoc) JavadocType: Missing a Javadoc comment.
[ERROR] src/main/java/org/apache/hadoop/hdds/scm/ScmConfig.java:[14] (indentation) Indentation: 'type' has incorrect indentation level 4, expected level should be 6.
[ERROR] src/main/java/org/apache/hadoop/hdds/scm/ScmConfig.java:[15] (indentation) Indentation: 'defaultValue' has incorrect indentation level 4, expected level should be 6.
[ERROR] src/main/java/org/apache/hadoop/hdds/scm/ScmConfig.java:[16] (indentation) Indentation: 'tags' has incorrect indentation level 4, expected level should be 6.
[ERROR] src/main/java/org/apache/hadoop/hdds/scm/ScmConfig.java:[17] (indentation) Indentation: 'description' has incorrect indentation level 4, expected level should be 6.
[ERROR] src/main/java/org/apache/hadoop/hdds/scm/ScmConfig.java:[19] (sizes) LineLength: Line is longer than 80 characters (found 100).
[ERROR] src/main/java/org/apache/hadoop/hdds/scm/ScmConfig.java:[19,62] (blocks) LeftCurly: '{' at column 62 should have line break after.
[ERROR] src/main/java/org/apache/hadoop/hdds/scm/ScmConfig.java:[22] (indentation) Indentation: 'type' has incorrect indentation level 4, expected level should be 6.
[ERROR] src/main/java/org/apache/hadoop/hdds/scm/ScmConfig.java:[23] (indentation) Indentation: 'defaultValue' has incorrect indentation level 4, expected level should be 6.
[ERROR] src/main/java/org/apache/hadoop/hdds/scm/ScmConfig.java:[24] (indentation) Indentation: 'tags' has incorrect indentation level 4, expected level should be 6.
[ERROR] src/main/java/org/apache/hadoop/hdds/scm/ScmConfig.java:[25] (indentation) Indentation: 'description' has incorrect indentation level 4, expected level should be 6.
[ERROR] src/main/java/org/apache/hadoop/hdds/scm/ScmConfig.java:[25] (sizes) LineLength: Line is longer than 80 characters (found 89).
[ERROR] src/main/java/org/apache/hadoop/hdds/scm/ScmConfig.java:[27] (sizes) LineLength: Line is longer than 80 characters (found 88).
[ERROR] src/main/java/org/apache/hadoop/hdds/scm/ScmConfig.java:[27,56] (blocks) LeftCurly: '{' at column 56 should have line break after.
[ERROR] src/main/java/org/apache/hadoop/hdds/scm/ScmConfig.java:[29,40] (blocks) LeftCurly: '{' at column 40 should have line break after.
[ERROR] src/main/java/org/apache/hadoop/hdds/scm/ScmConfig.java:[31,37] (blocks) LeftCurly: '{' at column 37 should have line break after.
[ERROR] src/main/java/org/apache/hadoop/hdds/scm/ScmConfig.java:[33] (javadoc) JavadocType: Missing a Javadoc comment.
[ERROR] src/main/java/org/apache/hadoop/hdds/scm/ScmConfig.java:[34] (sizes) LineLength: Line is longer than 80 characters (found 100).
[ERROR] src/main/java/org/apache/hadoop/hdds/scm/ScmConfig.java:[36] (sizes) LineLength: Line is longer than 80 characters (found 85).
[ERROR] src/main/java/org/apache/hadoop/hdds/scm/ScmConfig.java:[38] (sizes) LineLength: Line is longer than 80 characters (found 95).
[ERROR] src/main/java/org/apache/hadoop/hdds/scm/ScmConfig.java:[39] (sizes) LineLength: Line is longer than 80 characters (found 99).
[ERROR] src/main/java/org/apache/hadoop/hdds/scm/protocol/ScmBlockLocationProtocol.java:[39] (sizes) LineLength: Line is longer than 80 characters (found 88).
[ERROR] src/main/java/org/apache/hadoop/hdds/scm/protocol/StorageContainerLocationProtocol.java:[38] (sizes) LineLength: Line is longer than 80 characters (found 88).
[ERROR] src/main/java/org/apache/hadoop/hdds/protocolPB/SCMSecurityProtocolPB.java:[31] (sizes) LineLength: Line is longer than 80 characters (found 88).
[ERROR] src/main/java/org/apache/hadoop/hdds/protocol/SCMSecurityProtocol.java:[24,8] (imports) UnusedImports: Unused import - org.apache.hadoop.hdds.scm.ScmConfigKeys.
[WARNING] checkstyle:check violations detected but failOnViolation set to false
[INFO] 
[INFO] ----------------< org.apache.hadoop:hadoop-hdds-client >----------------
[INFO] Building Apache Hadoop HDDS Client 0.5.0-SNAPSHOT                 [5/29]
[INFO] --------------------------------[ jar ]---------------------------------
[INFO] Downloading from apache.snapshots.https: https://repository.apache.org/content/repositories/snapshots/org/apache/hadoop/hadoop-hdds-common/0.5.0-SNAPSHOT/maven-metadata.xml
[INFO] Downloaded from apache.snapshots.https: https://repository.apache.org/content/repositories/snapshots/org/apache/hadoop/hadoop-hdds-common/0.5.0-SNAPSHOT/maven-metadata.xml (1.2 kB at 1.7 kB/s)
[INFO] Downloading from apache.snapshots.https: https://repository.apache.org/content/repositories/snapshots/org/apache/hadoop/hadoop-hdds-common/0.5.0-SNAPSHOT/hadoop-hdds-common-0.5.0-20191027.194407-126.jar
[INFO] Downloaded from apache.snapshots.https: https://repository.apache.org/content/repositories/snapshots/org/apache/hadoop/hadoop-hdds-common/0.5.0-SNAPSHOT/hadoop-hdds-common-0.5.0-20191027.194407-126.jar (2.2 MB at 1.2 MB/s)
[INFO] 
[INFO] --- maven-checkstyle-plugin:3.0.0:check (default-cli) @ hadoop-hdds-client ---
[INFO] 
[INFO] -----------< org.apache.hadoop:hadoop-hdds-server-framework >-----------
[INFO] Building Apache Hadoop HDDS Server Framework 0.5.0-SNAPSHOT       [6/29]
[INFO] --------------------------------[ jar ]---------------------------------
[INFO] 
[INFO] --- maven-checkstyle-plugin:3.0.0:check (default-cli) @ hadoop-hdds-server-framework ---
[INFO] 
[INFO] ----------< org.apache.hadoop:hadoop-hdds-container-service >-----------
[INFO] Building Apache Hadoop HDDS Container Service 0.5.0-SNAPSHOT      [7/29]
[INFO] --------------------------------[ jar ]---------------------------------
[INFO] Downloading from apache.snapshots.https: https://repository.apache.org/content/repositories/snapshots/org/apache/hadoop/hadoop-hdds-server-framework/0.5.0-SNAPSHOT/maven-metadata.xml
[INFO] Downloaded from apache.snapshots.https: https://repository.apache.org/content/repositories/snapshots/org/apache/hadoop/hadoop-hdds-server-framework/0.5.0-SNAPSHOT/maven-metadata.xml (1.2 kB at 1.5 kB/s)
[INFO] Downloading from apache.snapshots.https: https://repository.apache.org/content/repositories/snapshots/org/apache/hadoop/hadoop-hdds-server-framework/0.5.0-SNAPSHOT/hadoop-hdds-server-framework-0.5.0-20191027.194510-126.jar
[INFO] Downloaded from apache.snapshots.https: https://repository.apache.org/content/repositories/snapshots/org/apache/hadoop/hadoop-hdds-server-framework/0.5.0-SNAPSHOT/hadoop-hdds-server-framework-0.5.0-20191027.194510-126.jar (991 kB at 794 kB/s)
[INFO] 
[INFO] --- maven-checkstyle-plugin:3.0.0:check (default-cli) @ hadoop-hdds-container-service ---
[INFO] 
[INFO] -----------------< org.apache.hadoop:hadoop-hdds-docs >-----------------
[INFO] Building Apache Hadoop HDDS/Ozone Documentation 0.5.0-SNAPSHOT    [8/29]
[INFO] --------------------------------[ jar ]---------------------------------
[INFO] 
[INFO] --- maven-checkstyle-plugin:3.0.0:check (default-cli) @ hadoop-hdds-docs ---
[INFO] 
[INFO] --------------< org.apache.hadoop:hadoop-hdds-server-scm >--------------
[INFO] Building Apache Hadoop HDDS SCM Server 0.5.0-SNAPSHOT             [9/29]
[INFO] --------------------------------[ jar ]---------------------------------
[INFO] Downloading from apache.snapshots.https: https://repository.apache.org/content/repositories/snapshots/org/apache/hadoop/hadoop-hdds-container-service/0.5.0-SNAPSHOT/maven-metadata.xml
[INFO] Downloaded from apache.snapshots.https: https://repository.apache.org/content/repositories/snapshots/org/apache/hadoop/hadoop-hdds-container-service/0.5.0-SNAPSHOT/maven-metadata.xml (1.2 kB at 2.2 kB/s)
[INFO] Downloading from apache.snapshots.https: https://repository.apache.org/content/repositories/snapshots/org/apache/hadoop/hadoop-hdds-client/0.5.0-SNAPSHOT/maven-metadata.xml
[INFO] Downloaded from apache.snapshots.https: https://repository.apache.org/content/repositories/snapshots/org/apache/hadoop/hadoop-hdds-client/0.5.0-SNAPSHOT/maven-metadata.xml (1.2 kB at 2.2 kB/s)
[INFO] Downloading from apache.snapshots.https: https://repository.apache.org/content/repositories/snapshots/org/apache/hadoop/hadoop-hdds-docs/0.5.0-SNAPSHOT/maven-metadata.xml
[INFO] Downloaded from apache.snapshots.https: https://repository.apache.org/content/repositories/snapshots/org/apache/hadoop/hadoop-hdds-docs/0.5.0-SNAPSHOT/maven-metadata.xml (1.2 kB at 1.5 kB/s)
[INFO] Downloading from apache.snapshots.https: https://repository.apache.org/content/repositories/snapshots/org/apache/hadoop/hadoop-hdds-container-service/0.5.0-SNAPSHOT/hadoop-hdds-container-service-0.5.0-20191027.194538-126.jar
[INFO] Downloading from apache.snapshots.https: https://repository.apache.org/content/repositories/snapshots/org/apache/hadoop/hadoop-hdds-container-service/0.5.0-SNAPSHOT/hadoop-hdds-container-service-0.5.0-20191027.194538-126-tests.jar
[INFO] Downloading from apache.snapshots.https: https://repository.apache.org/content/repositories/snapshots/org/apache/hadoop/hadoop-hdds-client/0.5.0-SNAPSHOT/hadoop-hdds-client-0.5.0-20191027.194441-126.jar
[INFO] Downloading from apache.snapshots.https: https://repository.apache.org/content/repositories/snapshots/org/apache/hadoop/hadoop-hdds-docs/0.5.0-SNAPSHOT/hadoop-hdds-docs-0.5.0-20191027.194610-126.jar
[INFO] Downloaded from apache.snapshots.https: https://repository.apache.org/content/repositories/snapshots/org/apache/hadoop/hadoop-hdds-client/0.5.0-SNAPSHOT/hadoop-hdds-client-0.5.0-20191027.194441-126.jar (111 kB at 139 kB/s)
[INFO] Downloaded from apache.snapshots.https: https://repository.apache.org/content/repositories/snapshots/org/apache/hadoop/hadoop-hdds-container-service/0.5.0-SNAPSHOT/hadoop-hdds-container-service-0.5.0-20191027.194538-126-tests.jar (196 kB at 245 kB/s)
[INFO] Downloaded from apache.snapshots.https: https://repository.apache.org/content/repositories/snapshots/org/apache/hadoop/hadoop-hdds-container-service/0.5.0-SNAPSHOT/hadoop-hdds-container-service-0.5.0-20191027.194538-126.jar (952 kB at 442 kB/s)
[INFO] Downloaded from apache.snapshots.https: https://repository.apache.org/content/repositories/snapshots/org/apache/hadoop/hadoop-hdds-docs/0.5.0-SNAPSHOT/hadoop-hdds-docs-0.5.0-20191027.194610-126.jar (978 kB at 453 kB/s)
[INFO] 
[INFO] --- maven-checkstyle-plugin:3.0.0:check (default-cli) @ hadoop-hdds-server-scm ---
[INFO] There are 18 errors reported by Checkstyle 8.19 with hadoop-hdds/dev-support/checkstyle/checkstyle.xml ruleset.
[ERROR] src/main/java/org/apache/hadoop/hdds/scm/server/StorageContainerManagerHttpServer.java:[32,22] (design) VisibilityModifier: Variable 'ozoneConfiguration' must be private and have accessor methods.
[ERROR] src/main/java/org/apache/hadoop/hdds/scm/server/StorageContainerManagerHttpServer.java:[33,23] (design) VisibilityModifier: Variable 'httpServerConfig' must be private and have accessor methods.
[ERROR] src/main/java/org/apache/hadoop/hdds/scm/server/SCMHTTPServerConfig.java:[29] (javadoc) JavadocType: Missing a Javadoc comment.
[ERROR] src/main/java/org/apache/hadoop/hdds/scm/server/SCMHTTPServerConfig.java:[42] (sizes) LineLength: Line is longer than 80 characters (found 100).
[ERROR] src/main/java/org/apache/hadoop/hdds/scm/server/SCMHTTPServerConfig.java:[42,62] (blocks) LeftCurly: '{' at column 62 should have line break after.
[ERROR] src/main/java/org/apache/hadoop/hdds/scm/server/SCMHTTPServerConfig.java:[48] (sizes) LineLength: Line is longer than 80 characters (found 96).
[ERROR] src/main/java/org/apache/hadoop/hdds/scm/server/SCMHTTPServerConfig.java:[50] (sizes) LineLength: Line is longer than 80 characters (found 88).
[ERROR] src/main/java/org/apache/hadoop/hdds/scm/server/SCMHTTPServerConfig.java:[50,56] (blocks) LeftCurly: '{' at column 56 should have line break after.
[ERROR] src/main/java/org/apache/hadoop/hdds/scm/server/SCMHTTPServerConfig.java:[52,40] (blocks) LeftCurly: '{' at column 40 should have line break after.
[ERROR] src/main/java/org/apache/hadoop/hdds/scm/server/SCMHTTPServerConfig.java:[54,37] (blocks) LeftCurly: '{' at column 37 should have line break after.
[ERROR] src/main/java/org/apache/hadoop/hdds/scm/server/SCMHTTPServerConfig.java:[55] (javadoc) JavadocType: Missing a Javadoc comment.
[ERROR] src/main/java/org/apache/hadoop/hdds/scm/server/SCMHTTPServerConfig.java:[56] (sizes) LineLength: Line is longer than 80 characters (found 100).
[ERROR] src/main/java/org/apache/hadoop/hdds/scm/server/SCMHTTPServerConfig.java:[58] (sizes) LineLength: Line is longer than 80 characters (found 85).
[ERROR] src/main/java/org/apache/hadoop/hdds/scm/server/SCMHTTPServerConfig.java:[60] (sizes) LineLength: Line is longer than 80 characters (found 105).
[ERROR] src/main/java/org/apache/hadoop/hdds/scm/server/SCMHTTPServerConfig.java:[61] (sizes) LineLength: Line is longer than 80 characters (found 104).
[ERROR] src/main/java/org/apache/hadoop/hdds/scm/server/StorageContainerManager.java:[508] (sizes) LineLength: Line is longer than 80 characters (found 89).
[ERROR] src/main/java/org/apache/hadoop/hdds/scm/server/StorageContainerManager.java:[509] (indentation) Indentation: 'ScmConfig' has incorrect indentation level 8, expected level should be 10.
[ERROR] src/main/java/org/apache/hadoop/hdds/scm/server/StorageContainerManager.java:[509] (sizes) LineLength: Line is longer than 80 characters (found 88).
[WARNING] checkstyle:check violations detected but failOnViolation set to false
[INFO] 
[INFO] ----------------< org.apache.hadoop:hadoop-hdds-tools >-----------------
[INFO] Building Apache Hadoop HDDS Tools 0.5.0-SNAPSHOT                 [10/29]
[INFO] --------------------------------[ jar ]---------------------------------
[INFO] 
[INFO] --- maven-checkstyle-plugin:3.0.0:check (default-cli) @ hadoop-hdds-tools ---
[INFO] 
[INFO] -------------------< org.apache.hadoop:hadoop-ozone >-------------------
[INFO] Building Apache Hadoop Ozone 0.5.0-SNAPSHOT                      [11/29]
[INFO] --------------------------------[ pom ]---------------------------------
[INFO] 
[INFO] --- maven-checkstyle-plugin:3.0.0:check (default-cli) @ hadoop-ozone ---
[INFO] 
[INFO] ---------------< org.apache.hadoop:hadoop-ozone-common >----------------
[INFO] Building Apache Hadoop Ozone Common 0.5.0-SNAPSHOT               [12/29]
[INFO] --------------------------------[ jar ]---------------------------------
[INFO] Downloading from apache.snapshots.https: https://repository.apache.org/content/repositories/snapshots/org/apache/hadoop/hadoop-hdds-tools/0.5.0-SNAPSHOT/maven-metadata.xml
[INFO] Downloaded from apache.snapshots.https: https://repository.apache.org/content/repositories/snapshots/org/apache/hadoop/hadoop-hdds-tools/0.5.0-SNAPSHOT/maven-metadata.xml (1.2 kB at 1.9 kB/s)
[INFO] Downloading from apache.snapshots.https: https://repository.apache.org/content/repositories/snapshots/org/apache/hadoop/hadoop-hdds-tools/0.5.0-SNAPSHOT/hadoop-hdds-tools-0.5.0-20191027.194717-126.jar
[INFO] Downloaded from apache.snapshots.https: https://repository.apache.org/content/repositories/snapshots/org/apache/hadoop/hadoop-hdds-tools/0.5.0-SNAPSHOT/hadoop-hdds-tools-0.5.0-20191027.194717-126.jar (78 kB at 112 kB/s)
[INFO] 
[INFO] --- maven-checkstyle-plugin:3.0.0:check (default-cli) @ hadoop-ozone-common ---
[INFO] 
[INFO] ---------------< org.apache.hadoop:hadoop-ozone-client >----------------
[INFO] Building Apache Hadoop Ozone Client 0.5.0-SNAPSHOT               [13/29]
[INFO] --------------------------------[ jar ]---------------------------------
[INFO] Downloading from apache.snapshots.https: https://repository.apache.org/content/repositories/snapshots/org/apache/hadoop/hadoop-ozone-common/0.5.0-SNAPSHOT/maven-metadata.xml
[INFO] Downloaded from apache.snapshots.https: https://repository.apache.org/content/repositories/snapshots/org/apache/hadoop/hadoop-ozone-common/0.5.0-SNAPSHOT/maven-metadata.xml (1.2 kB at 1.7 kB/s)
[INFO] Downloading from apache.snapshots.https: https://repository.apache.org/content/repositories/snapshots/org/apache/hadoop/hadoop-ozone-common/0.5.0-SNAPSHOT/hadoop-ozone-common-0.5.0-20191027.194810-126.jar
[INFO] Downloaded from apache.snapshots.https: https://repository.apache.org/content/repositories/snapshots/org/apache/hadoop/hadoop-ozone-common/0.5.0-SNAPSHOT/hadoop-ozone-common-0.5.0-20191027.194810-126.jar (1.7 MB at 1.2 MB/s)
[INFO] 
[INFO] --- maven-checkstyle-plugin:3.0.0:check (default-cli) @ hadoop-ozone-client ---
[INFO] 
[INFO] ------------< org.apache.hadoop:hadoop-ozone-ozone-manager >------------
[INFO] Building Apache Hadoop Ozone Manager Server 0.5.0-SNAPSHOT       [14/29]
[INFO] --------------------------------[ jar ]---------------------------------
[INFO] Downloading from apache.snapshots.https: https://repository.apache.org/content/repositories/snapshots/org/apache/hadoop/hadoop-ozone-client/0.5.0-SNAPSHOT/maven-metadata.xml
[INFO] Downloaded from apache.snapshots.https: https://repository.apache.org/content/repositories/snapshots/org/apache/hadoop/hadoop-ozone-client/0.5.0-SNAPSHOT/maven-metadata.xml (1.2 kB at 2.1 kB/s)
[INFO] Downloading from apache.snapshots.https: https://repository.apache.org/content/repositories/snapshots/org/apache/hadoop/hadoop-hdds-server-scm/0.5.0-SNAPSHOT/maven-metadata.xml
[INFO] Downloaded from apache.snapshots.https: https://repository.apache.org/content/repositories/snapshots/org/apache/hadoop/hadoop-hdds-server-scm/0.5.0-SNAPSHOT/maven-metadata.xml (1.2 kB at 1.3 kB/s)
[INFO] Downloading from apache.snapshots.https: https://repository.apache.org/content/repositories/snapshots/org/apache/hadoop/hadoop-ozone-client/0.5.0-SNAPSHOT/hadoop-ozone-client-0.5.0-20191027.194845-126.jar
[INFO] Downloading from apache.snapshots.https: https://repository.apache.org/content/repositories/snapshots/org/apache/hadoop/hadoop-hdds-server-scm/0.5.0-SNAPSHOT/hadoop-hdds-server-scm-0.5.0-20191027.194646-126-tests.jar
[INFO] Downloaded from apache.snapshots.https: https://repository.apache.org/content/repositories/snapshots/org/apache/hadoop/hadoop-ozone-client/0.5.0-SNAPSHOT/hadoop-ozone-client-0.5.0-20191027.194845-126.jar (126 kB at 124 kB/s)
[INFO] Downloaded from apache.snapshots.https: https://repository.apache.org/content/repositories/snapshots/org/apache/hadoop/hadoop-hdds-server-scm/0.5.0-SNAPSHOT/hadoop-hdds-server-scm-0.5.0-20191027.194646-126-tests.jar (255 kB at 252 kB/s)
[INFO] 
[INFO] --- maven-checkstyle-plugin:3.0.0:check (default-cli) @ hadoop-ozone-ozone-manager ---
[INFO] 
[INFO] --------------< org.apache.hadoop:hadoop-ozone-s3gateway >--------------
[INFO] Building Apache Hadoop Ozone S3 Gateway 0.5.0-SNAPSHOT           [15/29]
[INFO] --------------------------------[ jar ]---------------------------------
[INFO] 
[INFO] --- maven-checkstyle-plugin:3.0.0:check (default-cli) @ hadoop-ozone-s3gateway ---
[INFO] 
[INFO] -----------------< org.apache.hadoop:hadoop-ozone-csi >-----------------
[INFO] Building Apache Hadoop Ozone CSI service 0.5.0-SNAPSHOT          [16/29]
[INFO] --------------------------------[ jar ]---------------------------------
[INFO] Downloading from central: https://repo.maven.apache.org/maven2/io/grpc/grpc-core/maven-metadata.xml
[INFO] Downloading from repository.jboss.org: http://repository.jboss.org/nexus/content/groups/public/io/grpc/grpc-core/maven-metadata.xml
[INFO] Downloading from apache.snapshots.https: https://repository.apache.org/content/repositories/snapshots/io/grpc/grpc-core/maven-metadata.xml
[INFO] Downloaded from central: https://repo.maven.apache.org/maven2/io/grpc/grpc-core/maven-metadata.xml (2.2 kB at 96 kB/s)
[INFO] Downloading from apache.snapshots.https: https://repository.apache.org/content/repositories/snapshots/io/netty/netty-codec-http2/maven-metadata.xml
[INFO] Downloading from repository.jboss.org: http://repository.jboss.org/nexus/content/groups/public/io/netty/netty-codec-http2/maven-metadata.xml
[INFO] Downloading from central: https://repo.maven.apache.org/maven2/io/netty/netty-codec-http2/maven-metadata.xml
[INFO] Downloaded from central: https://repo.maven.apache.org/maven2/io/netty/netty-codec-http2/maven-metadata.xml (2.4 kB at 64 kB/s)
[INFO] 
[INFO] --- maven-checkstyle-plugin:3.0.0:check (default-cli) @ hadoop-ozone-csi ---
[INFO] 
[INFO] ------------< org.apache.hadoop:hadoop-ozone-reconcodegen >-------------
[INFO] Building Apache Hadoop Ozone Recon CodeGen 0.5.0-SNAPSHOT        [17/29]
[INFO] --------------------------------[ jar ]---------------------------------
[INFO] 
[INFO] --- maven-checkstyle-plugin:3.0.0:check (default-cli) @ hadoop-ozone-reconcodegen ---
[INFO] 
[INFO] ----------------< org.apache.hadoop:hadoop-ozone-recon >----------------
[INFO] Building Apache Hadoop Ozone Recon 0.5.0-SNAPSHOT                [18/29]
[INFO] --------------------------------[ jar ]---------------------------------
[INFO] Downloading from apache.snapshots.https: https://repository.apache.org/content/repositories/snapshots/org/apache/hadoop/hadoop-ozone-reconcodegen/0.5.0-SNAPSHOT/maven-metadata.xml
[INFO] Downloaded from apache.snapshots.https: https://repository.apache.org/content/repositories/snapshots/org/apache/hadoop/hadoop-ozone-reconcodegen/0.5.0-SNAPSHOT/maven-metadata.xml (1.2 kB at 2.2 kB/s)
[INFO] Downloading from apache.snapshots.https: https://repository.apache.org/content/repositories/snapshots/org/apache/hadoop/hadoop-ozone-ozone-manager/0.5.0-SNAPSHOT/maven-metadata.xml
[INFO] Downloaded from apache.snapshots.https: https://repository.apache.org/content/repositories/snapshots/org/apache/hadoop/hadoop-ozone-ozone-manager/0.5.0-SNAPSHOT/maven-metadata.xml (1.2 kB at 2.1 kB/s)
[INFO] Downloading from apache.snapshots.https: https://repository.apache.org/content/repositories/snapshots/org/apache/hadoop/hadoop-ozone-reconcodegen/0.5.0-SNAPSHOT/hadoop-ozone-reconcodegen-0.5.0-20191027.195058-93.jar
[INFO] Downloading from apache.snapshots.https: https://repository.apache.org/content/repositories/snapshots/org/apache/hadoop/hadoop-ozone-ozone-manager/0.5.0-SNAPSHOT/hadoop-ozone-ozone-manager-0.5.0-20191027.194916-126.jar
[INFO] Downloaded from apache.snapshots.https: https://repository.apache.org/content/repositories/snapshots/org/apache/hadoop/hadoop-ozone-reconcodegen/0.5.0-SNAPSHOT/hadoop-ozone-reconcodegen-0.5.0-20191027.195058-93.jar (55 kB at 80 kB/s)
[INFO] Downloaded from apache.snapshots.https: https://repository.apache.org/content/repositories/snapshots/org/apache/hadoop/hadoop-ozone-ozone-manager/0.5.0-SNAPSHOT/hadoop-ozone-ozone-manager-0.5.0-20191027.194916-126.jar (2.4 MB at 2.1 MB/s)
[INFO] 
[INFO] --- maven-checkstyle-plugin:3.0.0:check (default-cli) @ hadoop-ozone-recon ---
[INFO] 
[INFO] ----------< org.apache.hadoop:hadoop-ozone-integration-test >-----------
[INFO] Building Apache Hadoop Ozone Integration Tests 0.5.0-SNAPSHOT    [19/29]
[INFO] --------------------------------[ jar ]---------------------------------
[INFO] Downloading from apache.snapshots.https: https://repository.apache.org/content/repositories/snapshots/org/apache/hadoop/hadoop-ozone-s3gateway/0.5.0-SNAPSHOT/maven-metadata.xml
[INFO] Downloaded from apache.snapshots.https: https://repository.apache.org/content/repositories/snapshots/org/apache/hadoop/hadoop-ozone-s3gateway/0.5.0-SNAPSHOT/maven-metadata.xml (1.2 kB at 1.7 kB/s)
[INFO] Downloading from apache.snapshots.https: https://repository.apache.org/content/repositories/snapshots/org/apache/hadoop/hadoop-ozone-csi/0.5.0-SNAPSHOT/maven-metadata.xml
[INFO] Downloaded from apache.snapshots.https: https://repository.apache.org/content/repositories/snapshots/org/apache/hadoop/hadoop-ozone-csi/0.5.0-SNAPSHOT/maven-metadata.xml (1.2 kB at 2.2 kB/s)
[INFO] Downloading from apache.snapshots.https: https://repository.apache.org/content/repositories/snapshots/org/apache/hadoop/hadoop-ozone-recon/0.5.0-SNAPSHOT/maven-metadata.xml
[INFO] Downloaded from apache.snapshots.https: https://repository.apache.org/content/repositories/snapshots/org/apache/hadoop/hadoop-ozone-recon/0.5.0-SNAPSHOT/maven-metadata.xml (1.2 kB at 2.2 kB/s)
[INFO] Downloading from apache.snapshots.https: https://repository.apache.org/content/repositories/snapshots/org/apache/hadoop/hadoop-hdds-server-scm/0.5.0-SNAPSHOT/hadoop-hdds-server-scm-0.5.0-20191027.194646-126.jar
[INFO] Downloading from apache.snapshots.https: https://repository.apache.org/content/repositories/snapshots/org/apache/hadoop/hadoop-ozone-ozone-manager/0.5.0-SNAPSHOT/hadoop-ozone-ozone-manager-0.5.0-20191027.194916-126-tests.jar
[INFO] Downloading from apache.snapshots.https: https://repository.apache.org/content/repositories/snapshots/org/apache/hadoop/hadoop-ozone-recon/0.5.0-SNAPSHOT/hadoop-ozone-recon-0.5.0-20191027.195243-125.jar
[INFO] Downloading from apache.snapshots.https: https://repository.apache.org/content/repositories/snapshots/org/apache/hadoop/hadoop-ozone-csi/0.5.0-SNAPSHOT/hadoop-ozone-csi-0.5.0-20191027.195024-48.jar
[INFO] Downloading from apache.snapshots.https: https://repository.apache.org/content/repositories/snapshots/org/apache/hadoop/hadoop-ozone-s3gateway/0.5.0-SNAPSHOT/hadoop-ozone-s3gateway-0.5.0-20191027.194951-126.jar
[INFO] Downloaded from apache.snapshots.https: https://repository.apache.org/content/repositories/snapshots/org/apache/hadoop/hadoop-ozone-ozone-manager/0.5.0-SNAPSHOT/hadoop-ozone-ozone-manager-0.5.0-20191027.194916-126-tests.jar (285 kB at 342 kB/s)
[INFO] Downloaded from apache.snapshots.https: https://repository.apache.org/content/repositories/snapshots/org/apache/hadoop/hadoop-ozone-csi/0.5.0-SNAPSHOT/hadoop-ozone-csi-0.5.0-20191027.195024-48.jar (941 kB at 974 kB/s)
[INFO] Downloaded from apache.snapshots.https: https://repository.apache.org/content/repositories/snapshots/org/apache/hadoop/hadoop-ozone-recon/0.5.0-SNAPSHOT/hadoop-ozone-recon-0.5.0-20191027.195243-125.jar (2.0 MB at 1.9 MB/s)
[INFO] Downloaded from apache.snapshots.https: https://repository.apache.org/content/repositories/snapshots/org/apache/hadoop/hadoop-ozone-s3gateway/0.5.0-SNAPSHOT/hadoop-ozone-s3gateway-0.5.0-20191027.194951-126.jar (2.0 MB at 1.8 MB/s)
[INFO] Downloaded from apache.snapshots.https: https://repository.apache.org/content/repositories/snapshots/org/apache/hadoop/hadoop-hdds-server-scm/0.5.0-SNAPSHOT/hadoop-hdds-server-scm-0.5.0-20191027.194646-126.jar (2.2 MB at 2.0 MB/s)
[INFO] 
[INFO] --- maven-checkstyle-plugin:3.0.0:check (default-cli) @ hadoop-ozone-integration-test ---
[INFO] There are 5 errors reported by Checkstyle 8.19 with hadoop-hdds/dev-support/checkstyle/checkstyle.xml ruleset.
[ERROR] src/test/java/org/apache/hadoop/ozone/TestSecureOzoneCluster.java:[210] (sizes) LineLength: Line is longer than 80 characters (found 82).
[ERROR] src/test/java/org/apache/hadoop/ozone/TestSecureOzoneCluster.java:[211] (sizes) LineLength: Line is longer than 80 characters (found 99).
[ERROR] src/test/java/org/apache/hadoop/ozone/TestSecureOzoneCluster.java:[239] (sizes) LineLength: Line is longer than 80 characters (found 85).
[ERROR] src/test/java/org/apache/hadoop/ozone/TestSecureOzoneCluster.java:[254] (sizes) LineLength: Line is longer than 80 characters (found 93).
[ERROR] src/test/java/org/apache/hadoop/ozone/TestSecureOzoneCluster.java:[271] (indentation) Indentation: 'SCMHTTPServerConfig' has incorrect indentation level 6, expected level should be 8.
[WARNING] checkstyle:check violations detected but failOnViolation set to false
[INFO] 
[INFO] -------------< org.apache.hadoop:hadoop-ozone-filesystem >--------------
[INFO] Building Apache Hadoop Ozone FileSystem 0.5.0-SNAPSHOT           [20/29]
[INFO] --------------------------------[ jar ]---------------------------------
[INFO] Downloading from apache.snapshots.https: https://repository.apache.org/content/repositories/snapshots/org/apache/hadoop/hadoop-ozone-integration-test/0.5.0-SNAPSHOT/maven-metadata.xml
[INFO] Downloaded from apache.snapshots.https: https://repository.apache.org/content/repositories/snapshots/org/apache/hadoop/hadoop-ozone-integration-test/0.5.0-SNAPSHOT/maven-metadata.xml (1.2 kB at 2.3 kB/s)
[INFO] Downloading from apache.snapshots.https: https://repository.apache.org/content/repositories/snapshots/org/apache/hadoop/hadoop-ozone-integration-test/0.5.0-SNAPSHOT/hadoop-ozone-integration-test-0.5.0-20191027.195323-125-tests.jar
[INFO] Downloaded from apache.snapshots.https: https://repository.apache.org/content/repositories/snapshots/org/apache/hadoop/hadoop-ozone-integration-test/0.5.0-SNAPSHOT/hadoop-ozone-integration-test-0.5.0-20191027.195323-125-tests.jar (623 kB at 662 kB/s)
[INFO] 
[INFO] --- maven-checkstyle-plugin:3.0.0:check (default-cli) @ hadoop-ozone-filesystem ---
[INFO] 
[INFO] ----------------< org.apache.hadoop:hadoop-ozone-tools >----------------
[INFO] Building Apache Hadoop Ozone Tools 0.5.0-SNAPSHOT                [21/29]
[INFO] --------------------------------[ jar ]---------------------------------
[INFO] Downloading from apache.snapshots.https: https://repository.apache.org/content/repositories/snapshots/org/apache/hadoop/hadoop-ozone-filesystem/0.5.0-SNAPSHOT/maven-metadata.xml
[INFO] Downloaded from apache.snapshots.https: https://repository.apache.org/content/repositories/snapshots/org/apache/hadoop/hadoop-ozone-filesystem/0.5.0-SNAPSHOT/maven-metadata.xml (1.2 kB at 2.2 kB/s)
[INFO] Downloading from apache.snapshots.https: https://repository.apache.org/content/repositories/snapshots/org/apache/hadoop/hadoop-ozone-filesystem/0.5.0-SNAPSHOT/hadoop-ozone-filesystem-0.5.0-20191027.195357-125.jar
[INFO] Downloaded from apache.snapshots.https: https://repository.apache.org/content/repositories/snapshots/org/apache/hadoop/hadoop-ozone-filesystem/0.5.0-SNAPSHOT/hadoop-ozone-filesystem-0.5.0-20191027.195357-125.jar (92 kB at 133 kB/s)
[INFO] 
[INFO] --- maven-checkstyle-plugin:3.0.0:check (default-cli) @ hadoop-ozone-tools ---
[INFO] 
[INFO] --------------< org.apache.hadoop:hadoop-ozone-datanode >---------------
[INFO] Building Apache Hadoop Ozone Datanode 0.5.0-SNAPSHOT             [22/29]
[INFO] --------------------------------[ jar ]---------------------------------
[INFO] 
[INFO] --- maven-checkstyle-plugin:3.0.0:check (default-cli) @ hadoop-ozone-datanode ---
[INFO] 
[INFO] ---------------< org.apache.hadoop:hadoop-ozone-upgrade >---------------
[INFO] Building Apache Hadoop Ozone In-Place Upgrade 0.5.0-SNAPSHOT     [23/29]
[INFO] --------------------------------[ jar ]---------------------------------
[INFO] 
[INFO] --- maven-checkstyle-plugin:3.0.0:check (default-cli) @ hadoop-ozone-upgrade ---
[INFO] 
[INFO] ---------------< org.apache.hadoop:hadoop-ozone-insight >---------------
[INFO] Building Apache Hadoop Ozone Insight Tool 0.5.0-SNAPSHOT         [24/29]
[INFO] --------------------------------[ jar ]---------------------------------
[INFO] 
[INFO] --- maven-checkstyle-plugin:3.0.0:check (default-cli) @ hadoop-ozone-insight ---
[INFO] 
[INFO] -------< org.apache.hadoop:hadoop-ozone-filesystem-lib-current >--------
[INFO] Building Apache Hadoop Ozone FileSystem Single Jar Library 0.5.0-SNAPSHOT [25/29]
[INFO] --------------------------------[ jar ]---------------------------------
[INFO] 
[INFO] --- maven-checkstyle-plugin:3.0.0:check (default-cli) @ hadoop-ozone-filesystem-lib-current ---
[INFO] 
[INFO] --------< org.apache.hadoop:hadoop-ozone-filesystem-lib-legacy >--------
[INFO] Building Apache Hadoop Ozone FileSystem Legacy Jar Library 0.5.0-SNAPSHOT [26/29]
[INFO] --------------------------------[ jar ]---------------------------------
[INFO] 
[INFO] --- maven-checkstyle-plugin:3.0.0:check (default-cli) @ hadoop-ozone-filesystem-lib-legacy ---
[INFO] 
[INFO] ----------------< org.apache.hadoop:hadoop-ozone-dist >-----------------
[INFO] Building Apache Hadoop Ozone Distribution 0.5.0-SNAPSHOT         [27/29]
[INFO] --------------------------------[ pom ]---------------------------------
[INFO] Downloading from apache.snapshots.https: https://repository.apache.org/content/repositories/snapshots/org/apache/hadoop/hadoop-ozone-tools/0.5.0-SNAPSHOT/maven-metadata.xml
[INFO] Downloaded from apache.snapshots.https: https://repository.apache.org/content/repositories/snapshots/org/apache/hadoop/hadoop-ozone-tools/0.5.0-SNAPSHOT/maven-metadata.xml (1.2 kB at 1.5 kB/s)
[INFO] Downloading from apache.snapshots.https: https://repository.apache.org/content/repositories/snapshots/org/apache/hadoop/hadoop-ozone-datanode/0.5.0-SNAPSHOT/maven-metadata.xml
[INFO] Downloaded from apache.snapshots.https: https://repository.apache.org/content/repositories/snapshots/org/apache/hadoop/hadoop-ozone-datanode/0.5.0-SNAPSHOT/maven-metadata.xml (1.2 kB at 2.1 kB/s)
[INFO] Downloading from apache.snapshots.https: https://repository.apache.org/content/repositories/snapshots/org/apache/hadoop/hadoop-ozone-upgrade/0.5.0-SNAPSHOT/maven-metadata.xml
[INFO] Downloaded from apache.snapshots.https: https://repository.apache.org/content/repositories/snapshots/org/apache/hadoop/hadoop-ozone-upgrade/0.5.0-SNAPSHOT/maven-metadata.xml (1.2 kB at 2.2 kB/s)
[INFO] Downloading from apache.snapshots.https: https://repository.apache.org/content/repositories/snapshots/org/apache/hadoop/hadoop-ozone-insight/0.5.0-SNAPSHOT/maven-metadata.xml
[INFO] Downloaded from apache.snapshots.https: https://repository.apache.org/content/repositories/snapshots/org/apache/hadoop/hadoop-ozone-insight/0.5.0-SNAPSHOT/maven-metadata.xml (1.2 kB at 2.2 kB/s)
[INFO] Downloading from apache.snapshots.https: https://repository.apache.org/content/repositories/snapshots/org/apache/hadoop/hadoop-ozone-filesystem-lib-current/0.5.0-SNAPSHOT/maven-metadata.xml
[INFO] Downloaded from apache.snapshots.https: https://repository.apache.org/content/repositories/snapshots/org/apache/hadoop/hadoop-ozone-filesystem-lib-current/0.5.0-SNAPSHOT/maven-metadata.xml (1.2 kB at 2.2 kB/s)
[INFO] Downloading from apache.snapshots.https: https://repository.apache.org/content/repositories/snapshots/org/apache/hadoop/hadoop-ozone-filesystem-lib-legacy/0.5.0-SNAPSHOT/maven-metadata.xml
[INFO] Downloaded from apache.snapshots.https: https://repository.apache.org/content/repositories/snapshots/org/apache/hadoop/hadoop-ozone-filesystem-lib-legacy/0.5.0-SNAPSHOT/maven-metadata.xml (1.2 kB at 2.0 kB/s)
[INFO] Downloading from apache.snapshots.https: https://repository.apache.org/content/repositories/snapshots/org/apache/hadoop/hadoop-ozone-tools/0.5.0-SNAPSHOT/hadoop-ozone-tools-0.5.0-20191027.195427-125.jar
[INFO] Downloading from apache.snapshots.https: https://repository.apache.org/content/repositories/snapshots/org/apache/hadoop/hadoop-ozone-filesystem-lib-current/0.5.0-SNAPSHOT/hadoop-ozone-filesystem-lib-current-0.5.0-20191027.195758-124.jar
[INFO] Downloading from apache.snapshots.https: https://repository.apache.org/content/repositories/snapshots/org/apache/hadoop/hadoop-ozone-insight/0.5.0-SNAPSHOT/hadoop-ozone-insight-0.5.0-20191027.195553-1.jar
[INFO] Downloading from apache.snapshots.https: https://repository.apache.org/content/repositories/snapshots/org/apache/hadoop/hadoop-ozone-upgrade/0.5.0-SNAPSHOT/hadoop-ozone-upgrade-0.5.0-20191027.195525-99.jar
[INFO] Downloading from apache.snapshots.https: https://repository.apache.org/content/repositories/snapshots/org/apache/hadoop/hadoop-ozone-datanode/0.5.0-SNAPSHOT/hadoop-ozone-datanode-0.5.0-20191027.195456-125.jar
[INFO] Downloaded from apache.snapshots.https: https://repository.apache.org/content/repositories/snapshots/org/apache/hadoop/hadoop-ozone-datanode/0.5.0-SNAPSHOT/hadoop-ozone-datanode-0.5.0-20191027.195456-125.jar (44 kB at 63 kB/s)
[INFO] Downloading from apache.snapshots.https: https://repository.apache.org/content/repositories/snapshots/org/apache/hadoop/hadoop-ozone-filesystem-lib-legacy/0.5.0-SNAPSHOT/hadoop-ozone-filesystem-lib-legacy-0.5.0-20191027.195910-124.jar
[INFO] Downloaded from apache.snapshots.https: https://repository.apache.org/content/repositories/snapshots/org/apache/hadoop/hadoop-ozone-upgrade/0.5.0-SNAPSHOT/hadoop-ozone-upgrade-0.5.0-20191027.195525-99.jar (47 kB at 68 kB/s)
[INFO] Downloaded from apache.snapshots.https: https://repository.apache.org/content/repositories/snapshots/org/apache/hadoop/hadoop-ozone-insight/0.5.0-SNAPSHOT/hadoop-ozone-insight-0.5.0-20191027.195553-1.jar (85 kB at 122 kB/s)
[INFO] Downloaded from apache.snapshots.https: https://repository.apache.org/content/repositories/snapshots/org/apache/hadoop/hadoop-ozone-tools/0.5.0-SNAPSHOT/hadoop-ozone-tools-0.5.0-20191027.195427-125.jar (304 kB at 350 kB/s)
[INFO] Downloaded from apache.snapshots.https: https://repository.apache.org/content/repositories/snapshots/org/apache/hadoop/hadoop-ozone-filesystem-lib-current/0.5.0-SNAPSHOT/hadoop-ozone-filesystem-lib-current-0.5.0-20191027.195758-124.jar (59 MB at 14 MB/s)
[INFO] Downloaded from apache.snapshots.https: https://repository.apache.org/content/repositories/snapshots/org/apache/hadoop/hadoop-ozone-filesystem-lib-legacy/0.5.0-SNAPSHOT/hadoop-ozone-filesystem-lib-legacy-0.5.0-20191027.195910-124.jar (105 MB at 16 MB/s)
[INFO] 
[INFO] --- maven-checkstyle-plugin:3.0.0:check (default-cli) @ hadoop-ozone-dist ---
[INFO] 
[INFO] --------< org.apache.hadoop:hadoop-ozone-fault-injection-test >---------
[INFO] Building Apache Hadoop Ozone Fault Injection Tests 0.5.0-SNAPSHOT [28/29]
[INFO] --------------------------------[ pom ]---------------------------------
[INFO] 
[INFO] --- maven-checkstyle-plugin:3.0.0:check (default-cli) @ hadoop-ozone-fault-injection-test ---
[INFO] 
[INFO] ------------< org.apache.hadoop:hadoop-ozone-network-tests >------------
[INFO] Building Apache Hadoop Ozone Network Tests 0.5.0-SNAPSHOT        [29/29]
[INFO] --------------------------------[ jar ]---------------------------------
[INFO] 
[INFO] --- maven-checkstyle-plugin:3.0.0:check (default-cli) @ hadoop-ozone-network-tests ---
[INFO] ------------------------------------------------------------------------
[INFO] Reactor Summary for Apache Hadoop Ozone Main 0.5.0-SNAPSHOT:
[INFO] 
[INFO] Apache Hadoop Ozone Main ........................... SUCCESS [  4.843 s]
[INFO] Apache Hadoop HDDS ................................. SUCCESS [  0.821 s]
[INFO] Apache Hadoop HDDS Config .......................... SUCCESS [  0.253 s]
[INFO] Apache Hadoop HDDS Common .......................... SUCCESS [ 17.095 s]
[INFO] Apache Hadoop HDDS Client .......................... SUCCESS [  3.085 s]
[INFO] Apache Hadoop HDDS Server Framework ................ SUCCESS [  0.262 s]
[INFO] Apache Hadoop HDDS Container Service ............... SUCCESS [  3.832 s]
[INFO] Apache Hadoop HDDS/Ozone Documentation ............. SUCCESS [  0.092 s]
[INFO] Apache Hadoop HDDS SCM Server ...................... SUCCESS [  5.763 s]
[INFO] Apache Hadoop HDDS Tools ........................... SUCCESS [  0.163 s]
[INFO] Apache Hadoop Ozone ................................ SUCCESS [  0.071 s]
[INFO] Apache Hadoop Ozone Common ......................... SUCCESS [  2.546 s]
[INFO] Apache Hadoop Ozone Client ......................... SUCCESS [  2.520 s]
[INFO] Apache Hadoop Ozone Manager Server ................. SUCCESS [  4.743 s]
[INFO] Apache Hadoop Ozone S3 Gateway ..................... SUCCESS [  0.547 s]
[INFO] Apache Hadoop Ozone CSI service .................... SUCCESS [  6.566 s]
[INFO] Apache Hadoop Ozone Recon CodeGen .................. SUCCESS [  0.132 s]
[INFO] Apache Hadoop Ozone Recon .......................... SUCCESS [  2.894 s]
[INFO] Apache Hadoop Ozone Integration Tests .............. SUCCESS [  4.931 s]
[INFO] Apache Hadoop Ozone FileSystem ..................... SUCCESS [  1.928 s]
[INFO] Apache Hadoop Ozone Tools .......................... SUCCESS [  1.715 s]
[INFO] Apache Hadoop Ozone Datanode ....................... SUCCESS [  0.081 s]
[INFO] Apache Hadoop Ozone In-Place Upgrade ............... SUCCESS [  0.078 s]
[INFO] Apache Hadoop Ozone Insight Tool ................... SUCCESS [  0.159 s]
[INFO] Apache Hadoop Ozone FileSystem Single Jar Library .. SUCCESS [  0.056 s]
[INFO] Apache Hadoop Ozone FileSystem Legacy Jar Library .. SUCCESS [  0.076 s]
[INFO] Apache Hadoop Ozone Distribution ................... SUCCESS [ 11.014 s]
[INFO] Apache Hadoop Ozone Fault Injection Tests .......... SUCCESS [  0.054 s]
[INFO] Apache Hadoop Ozone Network Tests .................. SUCCESS [  0.056 s]
[INFO] ------------------------------------------------------------------------
[INFO] BUILD SUCCESS
[INFO] ------------------------------------------------------------------------
[INFO] Total time:  01:17 min
[INFO] Finished at: 2019-11-01T03:04:27Z
[INFO] ------------------------------------------------------------------------
hadoop-hdds/common/src/main/java/org/apache/hadoop/hdds/scm/ScmConfig.java
 8: Missing a Javadoc comment.
 14: &apos;type&apos; has incorrect indentation level 4, expected level should be 6.
 15: &apos;defaultValue&apos; has incorrect indentation level 4, expected level should be 6.
 16: &apos;tags&apos; has incorrect indentation level 4, expected level should be 6.
 17: &apos;description&apos; has incorrect indentation level 4, expected level should be 6.
 19: Line is longer than 80 characters (found 100).
 19: &apos;{&apos; at column 62 should have line break after.
 22: &apos;type&apos; has incorrect indentation level 4, expected level should be 6.
 23: &apos;defaultValue&apos; has incorrect indentation level 4, expected level should be 6.
 24: &apos;tags&apos; has incorrect indentation level 4, expected level should be 6.
 25: &apos;description&apos; has incorrect indentation level 4, expected level should be 6.
 25: Line is longer than 80 characters (found 89).
 27: Line is longer than 80 characters (found 88).
 27: &apos;{&apos; at column 56 should have line break after.
 29: &apos;{&apos; at column 40 should have line break after.
 31: &apos;{&apos; at column 37 should have line break after.
 33: Missing a Javadoc comment.
 34: Line is longer than 80 characters (found 100).
 36: Line is longer than 80 characters (found 85).
 38: Line is longer than 80 characters (found 95).
 39: Line is longer than 80 characters (found 99).
hadoop-hdds/common/src/main/java/org/apache/hadoop/hdds/scm/protocol/ScmBlockLocationProtocol.java
 39: Line is longer than 80 characters (found 88).
hadoop-hdds/common/src/main/java/org/apache/hadoop/hdds/scm/protocol/StorageContainerLocationProtocol.java
 38: Line is longer than 80 characters (found 88).
hadoop-hdds/common/src/main/java/org/apache/hadoop/hdds/protocolPB/SCMSecurityProtocolPB.java
 31: Line is longer than 80 characters (found 88).
hadoop-hdds/common/src/main/java/org/apache/hadoop/hdds/protocol/SCMSecurityProtocol.java
 24: Unused import - org.apache.hadoop.hdds.scm.ScmConfigKeys.
hadoop-hdds/server-scm/src/main/java/org/apache/hadoop/hdds/scm/server/StorageContainerManagerHttpServer.java
 32: Variable &apos;ozoneConfiguration&apos; must be private and have accessor methods.
 33: Variable &apos;httpServerConfig&apos; must be private and have accessor methods.
hadoop-hdds/server-scm/src/main/java/org/apache/hadoop/hdds/scm/server/SCMHTTPServerConfig.java
 29: Missing a Javadoc comment.
 42: Line is longer than 80 characters (found 100).
 42: &apos;{&apos; at column 62 should have line break after.
 48: Line is longer than 80 characters (found 96).
 50: Line is longer than 80 characters (found 88).
 50: &apos;{&apos; at column 56 should have line break after.
 52: &apos;{&apos; at column 40 should have line break after.
 54: &apos;{&apos; at column 37 should have line break after.
 55: Missing a Javadoc comment.
 56: Line is longer than 80 characters (found 100).
 58: Line is longer than 80 characters (found 85).
 60: Line is longer than 80 characters (found 105).
 61: Line is longer than 80 characters (found 104).
hadoop-hdds/server-scm/src/main/java/org/apache/hadoop/hdds/scm/server/StorageContainerManager.java
 508: Line is longer than 80 characters (found 89).
 509: &apos;ScmConfig&apos; has incorrect indentation level 8, expected level should be 10.
 509: Line is longer than 80 characters (found 88).
hadoop-ozone/integration-test/src/test/java/org/apache/hadoop/ozone/TestSecureOzoneCluster.java
 210: Line is longer than 80 characters (found 82).
 211: Line is longer than 80 characters (found 99).
 239: Line is longer than 80 characters (found 85).
 254: Line is longer than 80 characters (found 93).
 271: &apos;SCMHTTPServerConfig&apos; has incorrect indentation level 6, expected level should be 8.
