rm: cannot remove '/workdir/hadoop-ozone/dist/target/ozone-0.5.0-SNAPSHOT/compose/result/*': No such file or directory
Executing test in /workdir/hadoop-ozone/dist/target/ozone-0.5.0-SNAPSHOT/compose/ozone-mr/hadoop27
Removing network hadoop27_default
Network hadoop27_default not found.
Creating network "hadoop27_default" with the default driver
Pulling scm (apache/ozone-runner:20190717-1)...
20190717-1: Pulling from apache/ozone-runner
Digest: sha256:00bb9519e6d236c50761dcc9c668ce7f04a74f160b916bf3baeaa26232389a69
Status: Downloaded newer image for apache/ozone-runner:20190717-1
Pulling nm (flokkr/hadoop:2.7.7)...
2.7.7: Pulling from flokkr/hadoop
Digest: sha256:594a1cc971f4e91218132f2027617859d4624a55bda01bc43ec07545022ac6c9
Status: Downloaded newer image for flokkr/hadoop:2.7.7
Creating hadoop27_nm_1 ... 
Creating hadoop27_om_1 ... 
Creating hadoop27_s3g_1 ... 
Creating hadoop27_rm_1  ... 
Creating hadoop27_scm_1 ... 
Creating hadoop27_datanode_1 ... 
Creating hadoop27_datanode_2 ... 
Creating hadoop27_datanode_3 ... 
Creating hadoop27_s3g_1      ... done
Creating hadoop27_scm_1      ... done
Creating hadoop27_nm_1       ... done
Creating hadoop27_datanode_1 ... done
Creating hadoop27_om_1       ... done
Creating hadoop27_datanode_3 ... done
Creating hadoop27_rm_1       ... done
Creating hadoop27_datanode_2 ... done
Error response from daemon: Container 788f54cf4e4807f53fe63f1a78b31a702f4cf8a48e82d1d41b9ca4efbc3e259e is not running
No container found for scm_1
No container found for scm_1
No container found for scm_1
No container found for scm_1
No container found for scm_1
No container found for scm_1
No container found for scm_1
No container found for scm_1
No container found for scm_1
No container found for scm_1
No container found for scm_1
No container found for scm_1
No container found for scm_1
No container found for scm_1
No container found for scm_1
No container found for scm_1
No container found for scm_1
No container found for scm_1
No container found for scm_1
No container found for scm_1
No container found for scm_1
No container found for scm_1
No container found for scm_1
No container found for scm_1
No container found for scm_1
No container found for scm_1
No container found for scm_1
No container found for scm_1
No container found for scm_1
No container found for scm_1
No container found for scm_1
No container found for scm_1
No container found for scm_1
No container found for scm_1
No container found for scm_1
No container found for scm_1
No container found for scm_1
WARNING! Datanodes are not started successfully. Please check the docker-compose files
Connection pool is full, discarding connection: 0.0.0.0
Connection pool is full, discarding connection: 0.0.0.0
Stopping hadoop27_rm_1  ... 
Stopping hadoop27_nm_1  ... 
Stopping hadoop27_s3g_1 ... 
Stopping hadoop27_nm_1  ... done
Stopping hadoop27_rm_1  ... done
Stopping hadoop27_s3g_1 ... done
Removing hadoop27_datanode_1 ... 
Removing hadoop27_datanode_3 ... 
Removing hadoop27_datanode_2 ... 
Removing hadoop27_rm_1       ... 
Removing hadoop27_scm_1      ... 
Removing hadoop27_nm_1       ... 
Removing hadoop27_s3g_1      ... 
Removing hadoop27_om_1       ... 
Removing hadoop27_om_1       ... done
Removing hadoop27_rm_1       ... done
Removing hadoop27_datanode_1 ... done
Removing hadoop27_nm_1       ... done
Removing hadoop27_datanode_3 ... done
Removing hadoop27_s3g_1      ... done
Removing hadoop27_scm_1      ... done
Removing hadoop27_datanode_2 ... done
Removing network hadoop27_default
ERROR: Test execution of /workdir/hadoop-ozone/dist/target/ozone-0.5.0-SNAPSHOT/compose/ozone-mr/hadoop27 is FAILED!!!!
cp: cannot stat '/workdir/hadoop-ozone/dist/target/ozone-0.5.0-SNAPSHOT/compose/ozone-mr/hadoop27/result/robot-*.xml': No such file or directory
Executing test in /workdir/hadoop-ozone/dist/target/ozone-0.5.0-SNAPSHOT/compose/ozone-mr/hadoop31
Removing network hadoop31_default
Network hadoop31_default not found.
Creating network "hadoop31_default" with the default driver
Pulling nm (flokkr/hadoop:3.1.2)...
3.1.2: Pulling from flokkr/hadoop
Digest: sha256:aaed24f2f15ef520340c98c99c96c62056e018fdfe4591b8dfdfa8fd50636dc1
Status: Downloaded newer image for flokkr/hadoop:3.1.2
Creating hadoop31_om_1 ... 
Creating hadoop31_nm_1 ... 
Creating hadoop31_rm_1 ... 
Creating hadoop31_datanode_1 ... 
Creating hadoop31_datanode_2 ... 
Creating hadoop31_datanode_3 ... 
Creating hadoop31_s3g_1      ... 
Creating hadoop31_scm_1      ... 
Creating hadoop31_s3g_1      ... done
Creating hadoop31_datanode_3 ... done
Creating hadoop31_datanode_2 ... done
Creating hadoop31_scm_1      ... done
Creating hadoop31_datanode_1 ... done
Creating hadoop31_om_1       ... done
Creating hadoop31_nm_1       ... done
Creating hadoop31_rm_1       ... done
No container found for scm_1
No container found for scm_1
No container found for scm_1
No container found for scm_1
No container found for scm_1
No container found for scm_1
No container found for scm_1
No container found for scm_1
No container found for scm_1
No container found for scm_1
No container found for scm_1
No container found for scm_1
No container found for scm_1
No container found for scm_1
No container found for scm_1
No container found for scm_1
No container found for scm_1
No container found for scm_1
No container found for scm_1
No container found for scm_1
No container found for scm_1
No container found for scm_1
No container found for scm_1
No container found for scm_1
No container found for scm_1
No container found for scm_1
No container found for scm_1
No container found for scm_1
No container found for scm_1
No container found for scm_1
No container found for scm_1
No container found for scm_1
No container found for scm_1
No container found for scm_1
No container found for scm_1
No container found for scm_1
No container found for scm_1
No container found for scm_1
WARNING! Datanodes are not started successfully. Please check the docker-compose files
Connection pool is full, discarding connection: 0.0.0.0
Connection pool is full, discarding connection: 0.0.0.0
Stopping hadoop31_rm_1  ... 
Stopping hadoop31_s3g_1 ... 
Stopping hadoop31_nm_1  ... 
Stopping hadoop31_nm_1  ... done
Stopping hadoop31_rm_1  ... done
Stopping hadoop31_s3g_1 ... done
Removing hadoop31_datanode_3 ... 
Removing hadoop31_scm_1      ... 
Removing hadoop31_datanode_1 ... 
Removing hadoop31_rm_1       ... 
Removing hadoop31_s3g_1      ... 
Removing hadoop31_datanode_2 ... 
Removing hadoop31_nm_1       ... 
Removing hadoop31_om_1       ... 
Removing hadoop31_s3g_1      ... done
Removing hadoop31_om_1       ... done
Removing hadoop31_nm_1       ... done
Removing hadoop31_datanode_2 ... done
Removing hadoop31_datanode_1 ... done
Removing hadoop31_rm_1       ... done
Removing hadoop31_datanode_3 ... done
Removing hadoop31_scm_1      ... done
Removing network hadoop31_default
ERROR: Test execution of /workdir/hadoop-ozone/dist/target/ozone-0.5.0-SNAPSHOT/compose/ozone-mr/hadoop31 is FAILED!!!!
cp: cannot stat '/workdir/hadoop-ozone/dist/target/ozone-0.5.0-SNAPSHOT/compose/ozone-mr/hadoop31/result/robot-*.xml': No such file or directory
Executing test in /workdir/hadoop-ozone/dist/target/ozone-0.5.0-SNAPSHOT/compose/ozone-mr/hadoop32
Removing network hadoop32_default
Network hadoop32_default not found.
Creating network "hadoop32_default" with the default driver
Pulling nm (apache/hadoop:3)...
3: Pulling from apache/hadoop
Digest: sha256:5cba355fd83de1bcce907abaa7f8ac3cfbc2ab74a09785ecdc892392883344f6
Status: Downloaded newer image for apache/hadoop:3
Creating hadoop32_rm_1 ... 
Creating hadoop32_nm_1 ... 
Creating hadoop32_datanode_1 ... 
Creating hadoop32_datanode_2 ... 
Creating hadoop32_datanode_3 ... 
Creating hadoop32_om_1       ... 
Creating hadoop32_scm_1      ... 
Creating hadoop32_s3g_1      ... 
Creating hadoop32_datanode_1 ... done
Creating hadoop32_rm_1       ... done
Creating hadoop32_scm_1      ... done
Creating hadoop32_datanode_2 ... done
Creating hadoop32_nm_1       ... done
Creating hadoop32_s3g_1      ... done
Creating hadoop32_datanode_3 ... done
Creating hadoop32_om_1       ... done
No container found for scm_1
No container found for scm_1
No container found for scm_1
No container found for scm_1
No container found for scm_1
No container found for scm_1
No container found for scm_1
No container found for scm_1
No container found for scm_1
No container found for scm_1
No container found for scm_1
No container found for scm_1
No container found for scm_1
No container found for scm_1
No container found for scm_1
No container found for scm_1
No container found for scm_1
No container found for scm_1
No container found for scm_1
No container found for scm_1
No container found for scm_1
No container found for scm_1
No container found for scm_1
No container found for scm_1
No container found for scm_1
No container found for scm_1
No container found for scm_1
No container found for scm_1
No container found for scm_1
No container found for scm_1
No container found for scm_1
No container found for scm_1
No container found for scm_1
No container found for scm_1
No container found for scm_1
No container found for scm_1
No container found for scm_1
No container found for scm_1
WARNING! Datanodes are not started successfully. Please check the docker-compose files
Stopping hadoop32_s3g_1 ... 
Stopping hadoop32_nm_1  ... 
Stopping hadoop32_rm_1  ... 
Stopping hadoop32_nm_1  ... done
Stopping hadoop32_rm_1  ... done
Stopping hadoop32_s3g_1 ... done
Removing hadoop32_s3g_1      ... 
Removing hadoop32_scm_1      ... 
Removing hadoop32_om_1       ... 
Removing hadoop32_datanode_3 ... 
Removing hadoop32_nm_1       ... 
Removing hadoop32_datanode_2 ... 
Removing hadoop32_datanode_1 ... 
Removing hadoop32_rm_1       ... 
Removing hadoop32_om_1       ... done
Removing hadoop32_s3g_1      ... done
Removing hadoop32_rm_1       ... done
Removing hadoop32_scm_1      ... done
Removing hadoop32_nm_1       ... done
Removing hadoop32_datanode_2 ... done
Removing hadoop32_datanode_3 ... done
Removing hadoop32_datanode_1 ... done
Removing network hadoop32_default
ERROR: Test execution of /workdir/hadoop-ozone/dist/target/ozone-0.5.0-SNAPSHOT/compose/ozone-mr/hadoop32 is FAILED!!!!
cp: cannot stat '/workdir/hadoop-ozone/dist/target/ozone-0.5.0-SNAPSHOT/compose/ozone-mr/hadoop32/result/robot-*.xml': No such file or directory
Executing test in /workdir/hadoop-ozone/dist/target/ozone-0.5.0-SNAPSHOT/compose/ozone-om-ha-s3
Removing network ozone-om-ha-s3_default
Network ozone-om-ha-s3_default not found.
Creating network "ozone-om-ha-s3_default" with the default driver
Creating ozone-om-ha-s3_scm_1 ... 
Creating ozone-om-ha-s3_om2_1 ... 
Creating ozone-om-ha-s3_om1_1 ... 
Creating ozone-om-ha-s3_s3g_1 ... 
Creating ozone-om-ha-s3_om3_1 ... 
Creating ozone-om-ha-s3_datanode_1 ... 
Creating ozone-om-ha-s3_datanode_2 ... 
Creating ozone-om-ha-s3_datanode_3 ... 
Creating ozone-om-ha-s3_datanode_1 ... done
Creating ozone-om-ha-s3_s3g_1      ... done
Creating ozone-om-ha-s3_om1_1      ... done
Creating ozone-om-ha-s3_om2_1      ... done
Creating ozone-om-ha-s3_scm_1      ... done
Creating ozone-om-ha-s3_om3_1      ... done
Creating ozone-om-ha-s3_datanode_2 ... done
Creating ozone-om-ha-s3_datanode_3 ... done
No container found for scm_1
No container found for scm_1
No container found for scm_1
No container found for scm_1
No container found for scm_1
No container found for scm_1
No container found for scm_1
No container found for scm_1
No container found for scm_1
No container found for scm_1
No container found for scm_1
No container found for scm_1
No container found for scm_1
No container found for scm_1
No container found for scm_1
No container found for scm_1
No container found for scm_1
No container found for scm_1
No container found for scm_1
No container found for scm_1
No container found for scm_1
No container found for scm_1
No container found for scm_1
No container found for scm_1
No container found for scm_1
No container found for scm_1
No container found for scm_1
No container found for scm_1
No container found for scm_1
No container found for scm_1
No container found for scm_1
No container found for scm_1
No container found for scm_1
No container found for scm_1
No container found for scm_1
No container found for scm_1
No container found for scm_1
WARNING! Datanodes are not started successfully. Please check the docker-compose files
Connection pool is full, discarding connection: 0.0.0.0
Connection pool is full, discarding connection: 0.0.0.0
Stopping ozone-om-ha-s3_s3g_1 ... 
Stopping ozone-om-ha-s3_s3g_1 ... done
Removing ozone-om-ha-s3_datanode_3 ... 
Removing ozone-om-ha-s3_datanode_2 ... 
Removing ozone-om-ha-s3_om3_1      ... 
Removing ozone-om-ha-s3_datanode_1 ... 
Removing ozone-om-ha-s3_om2_1      ... 
Removing ozone-om-ha-s3_om1_1      ... 
Removing ozone-om-ha-s3_s3g_1      ... 
Removing ozone-om-ha-s3_scm_1      ... 
Removing ozone-om-ha-s3_om3_1      ... done
Removing ozone-om-ha-s3_om2_1      ... done
Removing ozone-om-ha-s3_s3g_1      ... done
Removing ozone-om-ha-s3_om1_1      ... done
Removing ozone-om-ha-s3_scm_1      ... done
Removing ozone-om-ha-s3_datanode_3 ... done
Removing ozone-om-ha-s3_datanode_1 ... done
Removing ozone-om-ha-s3_datanode_2 ... done
Removing network ozone-om-ha-s3_default
ERROR: Test execution of /workdir/hadoop-ozone/dist/target/ozone-0.5.0-SNAPSHOT/compose/ozone-om-ha-s3 is FAILED!!!!
cp: cannot stat '/workdir/hadoop-ozone/dist/target/ozone-0.5.0-SNAPSHOT/compose/ozone-om-ha-s3/result/robot-*.xml': No such file or directory
Executing test in /workdir/hadoop-ozone/dist/target/ozone-0.5.0-SNAPSHOT/compose/ozone-recon
Removing network ozone-recon_default
Network ozone-recon_default not found.
Creating network "ozone-recon_default" with the default driver
Creating ozone-recon_scm_1 ... 
Creating ozone-recon_om_1  ... 
Creating ozone-recon_datanode_1 ... 
Creating ozone-recon_datanode_2 ... 
Creating ozone-recon_datanode_3 ... 
Creating ozone-recon_recon_1    ... 
Creating ozone-recon_scm_1      ... done
Creating ozone-recon_om_1       ... done
Creating ozone-recon_datanode_2 ... done
Creating ozone-recon_recon_1    ... done
Creating ozone-recon_datanode_1 ... done
Creating ozone-recon_datanode_3 ... done
No container found for scm_1
No container found for scm_1
No container found for scm_1
No container found for scm_1
No container found for scm_1
No container found for scm_1
No container found for scm_1
No container found for scm_1
No container found for scm_1
No container found for scm_1
No container found for scm_1
No container found for scm_1
No container found for scm_1
No container found for scm_1
No container found for scm_1
No container found for scm_1
No container found for scm_1
No container found for scm_1
No container found for scm_1
No container found for scm_1
No container found for scm_1
No container found for scm_1
No container found for scm_1
No container found for scm_1
No container found for scm_1
No container found for scm_1
No container found for scm_1
No container found for scm_1
No container found for scm_1
No container found for scm_1
No container found for scm_1
No container found for scm_1
No container found for scm_1
No container found for scm_1
No container found for scm_1
No container found for scm_1
No container found for scm_1
WARNING! Datanodes are not started successfully. Please check the docker-compose files
Removing ozone-recon_datanode_3 ... 
Removing ozone-recon_recon_1    ... 
Removing ozone-recon_datanode_1 ... 
Removing ozone-recon_datanode_2 ... 
Removing ozone-recon_om_1       ... 
Removing ozone-recon_scm_1      ... 
Removing ozone-recon_datanode_2 ... done
Removing ozone-recon_scm_1      ... done
Removing ozone-recon_datanode_3 ... done
Removing ozone-recon_datanode_1 ... done
Removing ozone-recon_recon_1    ... done
Removing ozone-recon_om_1       ... done
Removing network ozone-recon_default
ERROR: Test execution of /workdir/hadoop-ozone/dist/target/ozone-0.5.0-SNAPSHOT/compose/ozone-recon is FAILED!!!!
cp: cannot stat '/workdir/hadoop-ozone/dist/target/ozone-0.5.0-SNAPSHOT/compose/ozone-recon/result/robot-*.xml': No such file or directory
Executing test in /workdir/hadoop-ozone/dist/target/ozone-0.5.0-SNAPSHOT/compose/ozone-topology
Removing network ozone-topology_net
Network ozone-topology_net not found.
Creating network "ozone-topology_net" with driver "bridge"
Creating ozone-topology_om_1 ... 
Creating ozone-topology_datanode_1_1 ... 
Creating ozone-topology_datanode_3_1 ... 
Creating ozone-topology_datanode_4_1 ... 
Creating ozone-topology_scm_1        ... 
Creating ozone-topology_datanode_2_1 ... 
Creating ozone-topology_om_1         ... done
Creating ozone-topology_datanode_1_1 ... done
Creating ozone-topology_datanode_4_1 ... done
Creating ozone-topology_datanode_3_1 ... done
Creating ozone-topology_scm_1        ... done
Creating ozone-topology_datanode_2_1 ... done
No container found for scm_1
No container found for scm_1
No container found for scm_1
No container found for scm_1
No container found for scm_1
No container found for scm_1
No container found for scm_1
No container found for scm_1
No container found for scm_1
No container found for scm_1
No container found for scm_1
No container found for scm_1
No container found for scm_1
No container found for scm_1
No container found for scm_1
No container found for scm_1
No container found for scm_1
No container found for scm_1
No container found for scm_1
No container found for scm_1
No container found for scm_1
No container found for scm_1
No container found for scm_1
No container found for scm_1
No container found for scm_1
No container found for scm_1
No container found for scm_1
No container found for scm_1
No container found for scm_1
No container found for scm_1
No container found for scm_1
No container found for scm_1
No container found for scm_1
No container found for scm_1
No container found for scm_1
No container found for scm_1
No container found for scm_1
WARNING! Datanodes are not started successfully. Please check the docker-compose files
Removing ozone-topology_datanode_2_1 ... 
Removing ozone-topology_scm_1        ... 
Removing ozone-topology_datanode_3_1 ... 
Removing ozone-topology_datanode_4_1 ... 
Removing ozone-topology_datanode_1_1 ... 
Removing ozone-topology_om_1         ... 
Removing ozone-topology_om_1         ... done
Removing ozone-topology_datanode_3_1 ... done
Removing ozone-topology_scm_1        ... done
Removing ozone-topology_datanode_4_1 ... done
Removing ozone-topology_datanode_1_1 ... done
Removing ozone-topology_datanode_2_1 ... done
Removing network ozone-topology_net
ERROR: Test execution of /workdir/hadoop-ozone/dist/target/ozone-0.5.0-SNAPSHOT/compose/ozone-topology is FAILED!!!!
cp: cannot stat '/workdir/hadoop-ozone/dist/target/ozone-0.5.0-SNAPSHOT/compose/ozone-topology/result/robot-*.xml': No such file or directory
Executing test in /workdir/hadoop-ozone/dist/target/ozone-0.5.0-SNAPSHOT/compose/ozone
Removing network ozone_default
Network ozone_default not found.
Creating network "ozone_default" with the default driver
Creating ozone_scm_1 ... 
Creating ozone_om_1  ... 
Creating ozone_datanode_1 ... 
Creating ozone_datanode_2 ... 
Creating ozone_datanode_3 ... 
Creating ozone_scm_1      ... done
Creating ozone_om_1       ... done
Creating ozone_datanode_1 ... done
Creating ozone_datanode_2 ... done
Creating ozone_datanode_3 ... done
No container found for scm_1
No container found for scm_1
No container found for scm_1
No container found for scm_1
No container found for scm_1
No container found for scm_1
No container found for scm_1
No container found for scm_1
No container found for scm_1
No container found for scm_1
No container found for scm_1
No container found for scm_1
No container found for scm_1
No container found for scm_1
No container found for scm_1
No container found for scm_1
No container found for scm_1
No container found for scm_1
No container found for scm_1
No container found for scm_1
No container found for scm_1
No container found for scm_1
No container found for scm_1
No container found for scm_1
No container found for scm_1
No container found for scm_1
No container found for scm_1
No container found for scm_1
No container found for scm_1
No container found for scm_1
No container found for scm_1
No container found for scm_1
No container found for scm_1
No container found for scm_1
No container found for scm_1
No container found for scm_1
No container found for scm_1
WARNING! Datanodes are not started successfully. Please check the docker-compose files
Removing ozone_datanode_3 ... 
Removing ozone_datanode_2 ... 
Removing ozone_datanode_1 ... 
Removing ozone_om_1       ... 
Removing ozone_scm_1      ... 
Removing ozone_om_1       ... done
Removing ozone_scm_1      ... done
Removing ozone_datanode_2 ... done
Removing ozone_datanode_1 ... done
Removing ozone_datanode_3 ... done
Removing network ozone_default
ERROR: Test execution of /workdir/hadoop-ozone/dist/target/ozone-0.5.0-SNAPSHOT/compose/ozone is FAILED!!!!
cp: cannot stat '/workdir/hadoop-ozone/dist/target/ozone-0.5.0-SNAPSHOT/compose/ozone/result/robot-*.xml': No such file or directory
Executing test in /workdir/hadoop-ozone/dist/target/ozone-0.5.0-SNAPSHOT/compose/ozoneperf
Removing network ozoneperf_default
Network ozoneperf_default not found.
Creating network "ozoneperf_default" with the default driver
Pulling jaeger (jaegertracing/all-in-one:latest)...
latest: Pulling from jaegertracing/all-in-one
Digest: sha256:4cb2598b80d4f37b1d66fbe35b2f7488fa04f4d269e301919e8c45526f2d73c3
Status: Downloaded newer image for jaegertracing/all-in-one:latest
Pulling grafana (grafana/grafana:)...
latest: Pulling from grafana/grafana
Digest: sha256:a10521576058f40427306fcb5be48138c77ea7c55ede24327381211e653f478a
Status: Downloaded newer image for grafana/grafana:latest
Pulling prometheus (prom/prometheus:)...
latest: Pulling from prom/prometheus
Digest: sha256:0a8caa2e9f19907608915db6e62a67383fe44b9876a467b297ee6f64e51dd58a
Status: Downloaded newer image for prom/prometheus:latest
Creating ozoneperf_prometheus_1 ... 
Creating ozoneperf_om_1         ... 
Creating ozoneperf_jaeger_1     ... 
Creating ozoneperf_s3g_1        ... 
Creating ozoneperf_grafana_1    ... 
Creating ozoneperf_scm_1        ... 
Creating ozoneperf_datanode_1   ... 
Creating ozoneperf_datanode_2   ... 
Creating ozoneperf_datanode_3   ... 
Creating ozoneperf_om_1         ... done
Creating ozoneperf_prometheus_1 ... done
Creating ozoneperf_grafana_1    ... done
Creating ozoneperf_jaeger_1     ... done
Creating ozoneperf_s3g_1        ... done
Creating ozoneperf_datanode_1   ... done
Creating ozoneperf_datanode_2   ... done
Creating ozoneperf_scm_1        ... done
Creating ozoneperf_datanode_3   ... done
No container found for scm_1
No container found for scm_1
No container found for scm_1
No container found for scm_1
No container found for scm_1
No container found for scm_1
No container found for scm_1
No container found for scm_1
No container found for scm_1
No container found for scm_1
No container found for scm_1
No container found for scm_1
No container found for scm_1
No container found for scm_1
No container found for scm_1
No container found for scm_1
No container found for scm_1
No container found for scm_1
No container found for scm_1
No container found for scm_1
No container found for scm_1
No container found for scm_1
No container found for scm_1
No container found for scm_1
No container found for scm_1
No container found for scm_1
No container found for scm_1
No container found for scm_1
No container found for scm_1
No container found for scm_1
No container found for scm_1
No container found for scm_1
No container found for scm_1
No container found for scm_1
No container found for scm_1
No container found for scm_1
No container found for scm_1
No container found for scm_1
WARNING! Datanodes are not started successfully. Please check the docker-compose files
Stopping ozoneperf_s3g_1        ... 
Stopping ozoneperf_grafana_1    ... 
Stopping ozoneperf_jaeger_1     ... 
Stopping ozoneperf_prometheus_1 ... 
Stopping ozoneperf_prometheus_1 ... done
Stopping ozoneperf_jaeger_1     ... done
Stopping ozoneperf_grafana_1    ... done
Stopping ozoneperf_s3g_1        ... done
Removing ozoneperf_datanode_2   ... 
Removing ozoneperf_scm_1        ... 
Removing ozoneperf_datanode_1   ... 
Removing ozoneperf_datanode_3   ... 
Removing ozoneperf_s3g_1        ... 
Removing ozoneperf_om_1         ... 
Removing ozoneperf_grafana_1    ... 
Removing ozoneperf_jaeger_1     ... 
Removing ozoneperf_prometheus_1 ... 
Removing ozoneperf_grafana_1    ... done
Removing ozoneperf_jaeger_1     ... done
Removing ozoneperf_datanode_3   ... done
Removing ozoneperf_datanode_2   ... done
Removing ozoneperf_om_1         ... done
Removing ozoneperf_datanode_1   ... done
Removing ozoneperf_s3g_1        ... done
Removing ozoneperf_scm_1        ... done
Removing ozoneperf_prometheus_1 ... done
Removing network ozoneperf_default
ERROR: Test execution of /workdir/hadoop-ozone/dist/target/ozone-0.5.0-SNAPSHOT/compose/ozoneperf is FAILED!!!!
cp: cannot stat '/workdir/hadoop-ozone/dist/target/ozone-0.5.0-SNAPSHOT/compose/ozoneperf/result/robot-*.xml': No such file or directory
Executing test in /workdir/hadoop-ozone/dist/target/ozone-0.5.0-SNAPSHOT/compose/ozones3-haproxy
Removing network ozones3-haproxy_default
Network ozones3-haproxy_default not found.
Creating network "ozones3-haproxy_default" with the default driver
Pulling s3g (haproxy:latest)...
latest: Pulling from library/haproxy
Digest: sha256:ce509ee2d93817a90e8fe72144365f5af3ccfaad14446bcf232382baf4032245
Status: Downloaded newer image for haproxy:latest
Creating ozones3-haproxy_scm_1 ... 
Creating ozones3-haproxy_s3g2_1 ... 
Creating ozones3-haproxy_s3g_1  ... 
Creating ozones3-haproxy_s3g3_1 ... 
Creating ozones3-haproxy_s3g1_1 ... 
Creating ozones3-haproxy_om_1   ... 
Creating ozones3-haproxy_datanode_1 ... 
Creating ozones3-haproxy_datanode_2 ... 
Creating ozones3-haproxy_datanode_3 ... 
Creating ozones3-haproxy_scm_1      ... done
Creating ozones3-haproxy_s3g2_1     ... done
Creating ozones3-haproxy_s3g3_1     ... done
Creating ozones3-haproxy_om_1       ... done
Creating ozones3-haproxy_s3g_1      ... done
Creating ozones3-haproxy_datanode_2 ... done
Creating ozones3-haproxy_datanode_3 ... done
Creating ozones3-haproxy_datanode_1 ... done
Creating ozones3-haproxy_s3g1_1     ... done
No container found for scm_1
No container found for scm_1
No container found for scm_1
No container found for scm_1
No container found for scm_1
No container found for scm_1
No container found for scm_1
No container found for scm_1
No container found for scm_1
No container found for scm_1
No container found for scm_1
No container found for scm_1
No container found for scm_1
No container found for scm_1
No container found for scm_1
No container found for scm_1
No container found for scm_1
No container found for scm_1
No container found for scm_1
No container found for scm_1
No container found for scm_1
No container found for scm_1
No container found for scm_1
No container found for scm_1
No container found for scm_1
No container found for scm_1
No container found for scm_1
No container found for scm_1
No container found for scm_1
No container found for scm_1
No container found for scm_1
No container found for scm_1
No container found for scm_1
No container found for scm_1
No container found for scm_1
No container found for scm_1
No container found for scm_1
No container found for scm_1
WARNING! Datanodes are not started successfully. Please check the docker-compose files
Stopping ozones3-haproxy_s3g1_1 ... 
Stopping ozones3-haproxy_s3g3_1 ... 
Stopping ozones3-haproxy_s3g_1  ... 
Stopping ozones3-haproxy_s3g2_1 ... 
Stopping ozones3-haproxy_s3g3_1 ... done
Stopping ozones3-haproxy_s3g1_1 ... done
Stopping ozones3-haproxy_s3g2_1 ... done
Stopping ozones3-haproxy_s3g_1  ... done
Removing ozones3-haproxy_datanode_3 ... 
Removing ozones3-haproxy_datanode_2 ... 
Removing ozones3-haproxy_datanode_1 ... 
Removing ozones3-haproxy_s3g1_1     ... 
Removing ozones3-haproxy_om_1       ... 
Removing ozones3-haproxy_s3g3_1     ... 
Removing ozones3-haproxy_s3g_1      ... 
Removing ozones3-haproxy_s3g2_1     ... 
Removing ozones3-haproxy_scm_1      ... 
Removing ozones3-haproxy_s3g1_1     ... done
Removing ozones3-haproxy_s3g2_1     ... done
Removing ozones3-haproxy_scm_1      ... done
Removing ozones3-haproxy_datanode_1 ... done
Removing ozones3-haproxy_om_1       ... done
Removing ozones3-haproxy_s3g_1      ... done
Removing ozones3-haproxy_datanode_2 ... done
Removing ozones3-haproxy_datanode_3 ... done
Removing ozones3-haproxy_s3g3_1     ... done
Removing network ozones3-haproxy_default
ERROR: Test execution of /workdir/hadoop-ozone/dist/target/ozone-0.5.0-SNAPSHOT/compose/ozones3-haproxy is FAILED!!!!
cp: cannot stat '/workdir/hadoop-ozone/dist/target/ozone-0.5.0-SNAPSHOT/compose/ozones3-haproxy/result/robot-*.xml': No such file or directory
Executing test in /workdir/hadoop-ozone/dist/target/ozone-0.5.0-SNAPSHOT/compose/ozones3
Removing network ozones3_default
Network ozones3_default not found.
Creating network "ozones3_default" with the default driver
Creating ozones3_om_1 ... 
Creating ozones3_scm_1 ... 
Creating ozones3_s3g_1 ... 
Creating ozones3_datanode_1 ... 
Creating ozones3_datanode_2 ... 
Creating ozones3_datanode_3 ... 
Creating ozones3_om_1       ... done
Creating ozones3_scm_1      ... done
Creating ozones3_s3g_1      ... done
Creating ozones3_datanode_3 ... done
Creating ozones3_datanode_2 ... done
Creating ozones3_datanode_1 ... done
No container found for scm_1
No container found for scm_1
No container found for scm_1
No container found for scm_1
No container found for scm_1
No container found for scm_1
No container found for scm_1
No container found for scm_1
No container found for scm_1
No container found for scm_1
No container found for scm_1
No container found for scm_1
No container found for scm_1
No container found for scm_1
No container found for scm_1
No container found for scm_1
No container found for scm_1
No container found for scm_1
No container found for scm_1
No container found for scm_1
No container found for scm_1
No container found for scm_1
No container found for scm_1
No container found for scm_1
No container found for scm_1
No container found for scm_1
No container found for scm_1
No container found for scm_1
No container found for scm_1
No container found for scm_1
No container found for scm_1
No container found for scm_1
No container found for scm_1
No container found for scm_1
No container found for scm_1
No container found for scm_1
No container found for scm_1
WARNING! Datanodes are not started successfully. Please check the docker-compose files
Stopping ozones3_s3g_1 ... 
Stopping ozones3_s3g_1 ... done
Removing ozones3_datanode_2 ... 
Removing ozones3_datanode_3 ... 
Removing ozones3_datanode_1 ... 
Removing ozones3_s3g_1      ... 
Removing ozones3_scm_1      ... 
Removing ozones3_om_1       ... 
Removing ozones3_om_1       ... done
Removing ozones3_datanode_1 ... done
Removing ozones3_s3g_1      ... done
Removing ozones3_scm_1      ... done
Removing ozones3_datanode_2 ... done
Removing ozones3_datanode_3 ... done
Removing network ozones3_default
ERROR: Test execution of /workdir/hadoop-ozone/dist/target/ozone-0.5.0-SNAPSHOT/compose/ozones3 is FAILED!!!!
cp: cannot stat '/workdir/hadoop-ozone/dist/target/ozone-0.5.0-SNAPSHOT/compose/ozones3/result/robot-*.xml': No such file or directory
Executing test in /workdir/hadoop-ozone/dist/target/ozone-0.5.0-SNAPSHOT/compose/ozonesecure-mr
Removing network ozone
Network ozone not found.
Creating network "ozone" with the default driver
Building kdc
Step 1/16 : FROM openjdk:8u191-jdk-alpine3.9
8u191-jdk-alpine3.9: Pulling from library/openjdk
Digest: sha256:d2e2716147d1f7fe73b1a9f72a9cff7a7aa92d32eb8de4fffbfddc596e004984
Status: Downloaded newer image for openjdk:8u191-jdk-alpine3.9
 ---> e9ea51023687
Step 2/16 : RUN apk add --no-cache bash ca-certificates openssl krb5-server krb5 && rm -rf /var/cache/apk/* && update-ca-certificates
 ---> Running in 9dec154b9609
fetch http://dl-cdn.alpinelinux.org/alpine/v3.9/main/x86_64/APKINDEX.tar.gz
fetch http://dl-cdn.alpinelinux.org/alpine/v3.9/community/x86_64/APKINDEX.tar.gz
(1/15) Installing ncurses-terminfo-base (6.1_p20190105-r0)
(2/15) Installing ncurses-terminfo (6.1_p20190105-r0)
(3/15) Installing ncurses-libs (6.1_p20190105-r0)
(4/15) Installing readline (7.0.003-r1)
(5/15) Installing bash (4.4.19-r1)
Executing bash-4.4.19-r1.post-install
(6/15) Installing e2fsprogs-libs (1.44.5-r1)
(7/15) Installing krb5 (1.15.5-r0)
(8/15) Installing libev (4.25-r0)
(9/15) Installing libverto-libev (0.3.0-r1)
(10/15) Installing db (5.3.28-r1)
(11/15) Installing libsasl (2.1.27-r1)
(12/15) Installing libldap (2.4.48-r0)
(13/15) Installing krb5-server-ldap (1.15.5-r0)
(14/15) Installing krb5-server (1.15.5-r0)
(15/15) Installing openssl (1.1.1d-r0)
Executing busybox-1.29.3-r10.trigger
OK: 117 MiB in 69 packages
[91mWARNING: ca-certificates.crt does not contain exactly one certificate or CRL: skipping
[0m ---> 39f39d1fd5af
Step 3/16 : RUN wget -O /usr/local/bin/dumb-init https://github.com/Yelp/dumb-init/releases/download/v1.2.0/dumb-init_1.2.0_amd64
 ---> Running in 3fa412999dfc
[91mConnecting to github.com (192.30.255.113:443)
[0m[91mConnecting to github-production-release-asset-2e65be.s3.amazonaws.com (52.216.241.100:443)
[0m[91mdumb-init            100% |********************************| 46400  0:00:00 ETA

[0m ---> e6b14945f652
Step 4/16 : RUN chmod +x /usr/local/bin/dumb-init
 ---> Running in dbc8ebf351a3
 ---> bd6e695bcb47
Step 5/16 : RUN wget -O /root/issuer https://github.com/ajayydv/docker/raw/kdc/issuer
 ---> Running in 48efd0dfaa22
[91mConnecting to github.com (192.30.255.113:443)
[0m[91mConnecting to raw.githubusercontent.com (151.101.192.133:443)
[0m[91missuer               100% |********************************| 6586k  0:00:00 ETA

[0m ---> 5c25b3a82ad5
Step 6/16 : RUN chmod +x /root/issuer
 ---> Running in 3d1485b3c5be
 ---> e33d303f93a6
Step 7/16 : WORKDIR /opt
 ---> cf96ce78a57a
Step 8/16 : COPY krb5.conf /etc/
 ---> cd3a829e26e8
Step 9/16 : COPY kadm5.acl /var/lib/krb5kdc/kadm5.acl
 ---> a08319280bd2
Step 10/16 : RUN kdb5_util create -s -P Welcome1
 ---> Running in bfdc3cdd55f0
Loading random data
Initializing database '/var/lib/krb5kdc/principal' for realm 'EXAMPLE.COM',
master key name 'K/M@EXAMPLE.COM'
 ---> 6663cb7bd57d
Step 11/16 : RUN kadmin.local -q "addprinc -randkey admin/admin@EXAMPLE.COM"
 ---> Running in 13393971d79f
Authenticating as principal root/admin@EXAMPLE.COM with password.
[91mWARNING: no policy specified for admin/admin@EXAMPLE.COM; defaulting to no policy
[0mPrincipal "admin/admin@EXAMPLE.COM" created.
 ---> 3e5ff7865936
Step 12/16 : RUN kadmin.local -q "ktadd -k /tmp/admin.keytab admin/admin@EXAMPLE.COM"
 ---> Running in 4494835c83f4
Authenticating as principal root/admin@EXAMPLE.COM with password.
Entry for principal admin/admin@EXAMPLE.COM with kvno 2, encryption type aes256-cts-hmac-sha1-96 added to keytab WRFILE:/tmp/admin.keytab.
Entry for principal admin/admin@EXAMPLE.COM with kvno 2, encryption type aes128-cts-hmac-sha1-96 added to keytab WRFILE:/tmp/admin.keytab.
 ---> 6d6879439659
Step 13/16 : COPY launcher.sh .
 ---> bef2ca003f9f
Step 14/16 : RUN chmod +x /opt/launcher.sh
 ---> Running in 222479e757ff
 ---> c184cdb53e2a
Step 15/16 : RUN mkdir -p /data
 ---> Running in 41ec27b95cef
 ---> 8f982dcc6407
Step 16/16 : ENTRYPOINT ["/usr/local/bin/dumb-init", "--", "/opt/launcher.sh"]
 ---> Running in 809a0395dbe3
 ---> df981e81574f

Removing intermediate container 41ec27b95cef
Removing intermediate container 9dec154b9609
Removing intermediate container 3fa412999dfc
Removing intermediate container dbc8ebf351a3
Removing intermediate container 48efd0dfaa22
Removing intermediate container 5629deaa5d39
Removing intermediate container 4494835c83f4
Removing intermediate container 222479e757ff
Removing intermediate container 809a0395dbe3
Removing intermediate container 3d1485b3c5be
Removing intermediate container bfdc3cdd55f0
Removing intermediate container 13393971d79f
[Warning] One or more build-args [buildno] were not consumed
Successfully built df981e81574f
Successfully tagged ozonesecure-mr_kdc:latest
Image for service kdc was built because it did not already exist. To rebuild this image you must use `docker-compose build` or `docker-compose up --build`.
Creating ozonesecure-mr_datanode_1 ... 
Creating ozonesecure-mr_datanode_2 ... 
Creating ozonesecure-mr_datanode_3 ... 
Creating ozonesecure-mr_nm_1       ... 
Creating ozonesecure-mr_scm_1      ... 
Creating ozonesecure-mr_s3g_1      ... 
Creating ozonesecure-mr_om_1       ... 
Creating jhs                       ... 
Creating ozonesecure-mr_kms_1      ... 
Creating ozonesecure-mr_rm_1       ... 
Creating ozonesecure-mr_kdc_1      ... 
Creating ozonesecure-mr_datanode_2 ... done
Creating ozonesecure-mr_nm_1       ... done
Creating ozonesecure-mr_s3g_1      ... done
Creating ozonesecure-mr_datanode_1 ... done
Creating ozonesecure-mr_datanode_3 ... done
Creating ozonesecure-mr_scm_1      ... done
Creating ozonesecure-mr_om_1       ... done
Creating jhs                       ... done
Creating ozonesecure-mr_kms_1      ... done
Connection pool is full, discarding connection: 0.0.0.0
Creating ozonesecure-mr_rm_1       ... done
Creating ozonesecure-mr_kdc_1      ... done
No container found for scm_1
No container found for scm_1
No container found for scm_1
No container found for scm_1
No container found for scm_1
No container found for scm_1
No container found for scm_1
No container found for scm_1
No container found for scm_1
No container found for scm_1
No container found for scm_1
No container found for scm_1
No container found for scm_1
No container found for scm_1
No container found for scm_1
No container found for scm_1
No container found for scm_1
No container found for scm_1
No container found for scm_1
No container found for scm_1
No container found for scm_1
No container found for scm_1
No container found for scm_1
No container found for scm_1
No container found for scm_1
No container found for scm_1
No container found for scm_1
No container found for scm_1
No container found for scm_1
No container found for scm_1
No container found for scm_1
No container found for scm_1
No container found for scm_1
No container found for scm_1
No container found for scm_1
No container found for scm_1
No container found for scm_1
WARNING! Datanodes are not started successfully. Please check the docker-compose files
Connection pool is full, discarding connection: 0.0.0.0
Connection pool is full, discarding connection: 0.0.0.0
Connection pool is full, discarding connection: 0.0.0.0
Connection pool is full, discarding connection: 0.0.0.0
Stopping ozonesecure-mr_kms_1 ... 
Stopping ozonesecure-mr_rm_1  ... 
Stopping ozonesecure-mr_kdc_1 ... 
Stopping jhs                  ... 
Stopping ozonesecure-mr_s3g_1 ... 
Stopping ozonesecure-mr_nm_1  ... 
Stopping ozonesecure-mr_nm_1  ... done
Stopping ozonesecure-mr_rm_1  ... done
Stopping jhs                  ... done
Stopping ozonesecure-mr_kms_1 ... done
Stopping ozonesecure-mr_s3g_1 ... done
Stopping ozonesecure-mr_kdc_1 ... done
Removing ozonesecure-mr_kms_1      ... 
Removing ozonesecure-mr_rm_1       ... 
Removing ozonesecure-mr_kdc_1      ... 
Removing jhs                       ... 
Removing ozonesecure-mr_om_1       ... 
Removing ozonesecure-mr_datanode_3 ... 
Removing ozonesecure-mr_scm_1      ... 
Removing ozonesecure-mr_s3g_1      ... 
Removing ozonesecure-mr_datanode_1 ... 
Removing ozonesecure-mr_nm_1       ... 
Removing ozonesecure-mr_datanode_2 ... 
Removing ozonesecure-mr_scm_1      ... done
Removing ozonesecure-mr_datanode_1 ... done
Removing ozonesecure-mr_nm_1       ... done
Removing ozonesecure-mr_s3g_1      ... done
Removing jhs                       ... done
Removing ozonesecure-mr_kdc_1      ... done
Removing ozonesecure-mr_datanode_3 ... done
Removing ozonesecure-mr_om_1       ... done
Removing ozonesecure-mr_datanode_2 ... done
Removing ozonesecure-mr_rm_1       ... done
Connection pool is full, discarding connection: 0.0.0.0
Removing ozonesecure-mr_kms_1      ... done
Removing network ozone
ERROR: Test execution of /workdir/hadoop-ozone/dist/target/ozone-0.5.0-SNAPSHOT/compose/ozonesecure-mr is FAILED!!!!
cp: cannot stat '/workdir/hadoop-ozone/dist/target/ozone-0.5.0-SNAPSHOT/compose/ozonesecure-mr/result/robot-*.xml': No such file or directory
Executing test in /workdir/hadoop-ozone/dist/target/ozone-0.5.0-SNAPSHOT/compose/ozonesecure
Removing network ozonesecure_default
Network ozonesecure_default not found.
Creating network "ozonesecure_default" with the default driver
Building kdc
Step 1/16 : FROM openjdk:8u191-jdk-alpine3.9
 ---> e9ea51023687
Step 2/16 : RUN apk add --update bash ca-certificates openssl krb5-server krb5 && rm -rf /var/cache/apk/* && update-ca-certificates
 ---> Running in 590fe58296cf
fetch http://dl-cdn.alpinelinux.org/alpine/v3.9/main/x86_64/APKINDEX.tar.gz
fetch http://dl-cdn.alpinelinux.org/alpine/v3.9/community/x86_64/APKINDEX.tar.gz
(1/15) Installing ncurses-terminfo-base (6.1_p20190105-r0)
(2/15) Installing ncurses-terminfo (6.1_p20190105-r0)
(3/15) Installing ncurses-libs (6.1_p20190105-r0)
(4/15) Installing readline (7.0.003-r1)
(5/15) Installing bash (4.4.19-r1)
Executing bash-4.4.19-r1.post-install
(6/15) Installing e2fsprogs-libs (1.44.5-r1)
(7/15) Installing krb5 (1.15.5-r0)
(8/15) Installing libev (4.25-r0)
(9/15) Installing libverto-libev (0.3.0-r1)
(10/15) Installing db (5.3.28-r1)
(11/15) Installing libsasl (2.1.27-r1)
(12/15) Installing libldap (2.4.48-r0)
(13/15) Installing krb5-server-ldap (1.15.5-r0)
(14/15) Installing krb5-server (1.15.5-r0)
(15/15) Installing openssl (1.1.1d-r0)
Executing busybox-1.29.3-r10.trigger
OK: 117 MiB in 69 packages
[91mWARNING: ca-certificates.crt does not contain exactly one certificate or CRL: skipping
[0m ---> 6d9da275ff2f
Step 3/16 : RUN wget -O /usr/local/bin/dumb-init https://github.com/Yelp/dumb-init/releases/download/v1.2.0/dumb-init_1.2.0_amd64
 ---> Running in c1f64a8bf73a
[91mConnecting to github.com (192.30.255.113:443)
[0m[91mConnecting to github-production-release-asset-2e65be.s3.amazonaws.com (52.216.95.163:443)
[0m[91mdumb-init            100% |********************************| 46400  0:00:00 ETA

[0m ---> 05b402343ac0
Step 4/16 : RUN chmod +x /usr/local/bin/dumb-init
 ---> Running in 2c2b923300ad
 ---> e279c7ec2a17
Step 5/16 : RUN wget -O /root/issuer https://github.com/ajayydv/docker/raw/kdc/issuer
 ---> Running in 6246a8a49464
[91mConnecting to github.com (192.30.255.113:443)
[0m[91mConnecting to raw.githubusercontent.com (151.101.0.133:443)
[0m[91missuer                40% |************                    | 2639k  0:00:01 ETA
[0m[91missuer               100% |********************************| 6586k  0:00:00 ETA

[0m ---> 4bdbae24caae
Step 6/16 : RUN chmod +x /root/issuer
 ---> Running in ee1e3fa08ac5
 ---> 77bf74b37c71
Step 7/16 : WORKDIR /opt
 ---> a952fe4a34fb
Step 8/16 : ADD krb5.conf /etc/
 ---> 5936431d4bca
Step 9/16 : ADD kadm5.acl /var/lib/krb5kdc/kadm5.acl
 ---> 19640c79686d
Step 10/16 : RUN kdb5_util create -s -P Welcome1
 ---> Running in 745dd54f70d6
Loading random data
Initializing database '/var/lib/krb5kdc/principal' for realm 'EXAMPLE.COM',
master key name 'K/M@EXAMPLE.COM'
 ---> c659d26ecaf6
Step 11/16 : RUN kadmin.local -q "addprinc -randkey admin/admin@EXAMPLE.COM"
 ---> Running in 3b4dbb59aeb5
Authenticating as principal root/admin@EXAMPLE.COM with password.
[91mWARNING: no policy specified for admin/admin@EXAMPLE.COM; defaulting to no policy
[0mPrincipal "admin/admin@EXAMPLE.COM" created.
 ---> 9571c96e5965
Step 12/16 : RUN kadmin.local -q "ktadd -k /tmp/admin.keytab admin/admin@EXAMPLE.COM"
 ---> Running in e7b1a590710d
Authenticating as principal root/admin@EXAMPLE.COM with password.
Entry for principal admin/admin@EXAMPLE.COM with kvno 2, encryption type aes256-cts-hmac-sha1-96 added to keytab WRFILE:/tmp/admin.keytab.
Entry for principal admin/admin@EXAMPLE.COM with kvno 2, encryption type aes128-cts-hmac-sha1-96 added to keytab WRFILE:/tmp/admin.keytab.
 ---> b5dfb271f3a4
Step 13/16 : ADD launcher.sh .
 ---> 0d1b1e1f88a0
Step 14/16 : RUN chmod +x /opt/launcher.sh
 ---> Running in ddc5dfb4bd23
 ---> 1c8b03c67dc0
Step 15/16 : RUN mkdir -p /data
 ---> Running in 83e47b652149
 ---> 472e81fb030a
Step 16/16 : ENTRYPOINT ["/usr/local/bin/dumb-init", "--", "/opt/launcher.sh"]
 ---> Running in a771e8949a0a
 ---> da879da59e1c
Removing intermediate container e7b1a590710d
Removing intermediate container a771e8949a0a
Removing intermediate container ee1e3fa08ac5
Removing intermediate container 5c085774eb8d
Removing intermediate container 745dd54f70d6
Removing intermediate container 3b4dbb59aeb5
Removing intermediate container 590fe58296cf
Removing intermediate container c1f64a8bf73a
Removing intermediate container 2c2b923300ad
Removing intermediate container 6246a8a49464
Removing intermediate container ddc5dfb4bd23
Removing intermediate container 83e47b652149
[Warning] One or more build-args [buildno] were not consumed
Successfully built da879da59e1c
Successfully tagged ozonesecure_kdc:latest
Image for service kdc was built because it did not already exist. To rebuild this image you must use `docker-compose build` or `docker-compose up --build`.
Creating ozonesecure_s3g_1 ... 
Creating ozonesecure_recon_1 ... 
Creating ozonesecure_om_1    ... 
Creating ozonesecure_kdc_1   ... 
Creating ozonesecure_datanode_1 ... 
Creating ozonesecure_datanode_2 ... 
Creating ozonesecure_scm_1      ... 
Creating ozonesecure_datanode_3 ... 
Creating ozonesecure_kms_1      ... 
Creating ozonesecure_kdc_1      ... done
Creating ozonesecure_s3g_1      ... done
Creating ozonesecure_datanode_3 ... done
Creating ozonesecure_om_1       ... done
Creating ozonesecure_recon_1    ... done
Creating ozonesecure_scm_1      ... done
Creating ozonesecure_datanode_1 ... done
Creating ozonesecure_datanode_2 ... done
Creating ozonesecure_kms_1      ... done
No container found for scm_1
No container found for scm_1
No container found for scm_1
No container found for scm_1
No container found for scm_1
No container found for scm_1
No container found for scm_1
No container found for scm_1
No container found for scm_1
No container found for scm_1
No container found for scm_1
No container found for scm_1
No container found for scm_1
No container found for scm_1
No container found for scm_1
No container found for scm_1
No container found for scm_1
No container found for scm_1
No container found for scm_1
No container found for scm_1
No container found for scm_1
No container found for scm_1
No container found for scm_1
No container found for scm_1
No container found for scm_1
No container found for scm_1
No container found for scm_1
No container found for scm_1
No container found for scm_1
No container found for scm_1
No container found for scm_1
No container found for scm_1
No container found for scm_1
No container found for scm_1
No container found for scm_1
No container found for scm_1
No container found for scm_1
No container found for scm_1
WARNING! Datanodes are not started successfully. Please check the docker-compose files
Connection pool is full, discarding connection: 0.0.0.0
Connection pool is full, discarding connection: 0.0.0.0
Stopping ozonesecure_kms_1 ... 
Stopping ozonesecure_s3g_1 ... 
Stopping ozonesecure_kdc_1 ... 
Stopping ozonesecure_kdc_1 ... done
Stopping ozonesecure_kms_1 ... done
Stopping ozonesecure_s3g_1 ... done
Removing ozonesecure_datanode_2 ... 
Removing ozonesecure_datanode_1 ... 
Removing ozonesecure_kms_1      ... 
Removing ozonesecure_scm_1      ... 
Removing ozonesecure_om_1       ... 
Removing ozonesecure_recon_1    ... 
Removing ozonesecure_datanode_3 ... 
Removing ozonesecure_s3g_1      ... 
Removing ozonesecure_kdc_1      ... 
Removing ozonesecure_datanode_3 ... done
Removing ozonesecure_scm_1      ... done
Removing ozonesecure_s3g_1      ... done
Removing ozonesecure_recon_1    ... done
Removing ozonesecure_kdc_1      ... done
Removing ozonesecure_kms_1      ... done
Removing ozonesecure_datanode_1 ... done
Removing ozonesecure_om_1       ... done
Removing ozonesecure_datanode_2 ... done
Removing network ozonesecure_default
ERROR: Test execution of /workdir/hadoop-ozone/dist/target/ozone-0.5.0-SNAPSHOT/compose/ozonesecure is FAILED!!!!
cp: cannot stat '/workdir/hadoop-ozone/dist/target/ozone-0.5.0-SNAPSHOT/compose/ozonesecure/result/robot-*.xml': No such file or directory
[ ERROR ] Reading XML source '/workdir/hadoop-ozone/dist/target/ozone-0.5.0-SNAPSHOT/compose/result/robot-*.xml' failed: No such file or directory

Try --help for usage information.
cp: cannot stat '/tmp/log/pr/pr-hdds-1701-wjnxn/acceptance/log.html': No such file or directory
