Attaching to ozone-om-ha-s3_om1_1, ozone-om-ha-s3_datanode_2, ozone-om-ha-s3_om3_1, ozone-om-ha-s3_datanode_3, ozone-om-ha-s3_s3g_1, ozone-om-ha-s3_datanode_1, ozone-om-ha-s3_om2_1, ozone-om-ha-s3_scm_1
om1_1       | To use Ozone please mount ozone folder to /opt/hadoop
om1_1       | WARNING: log4j.properties is not found. HADOOP_CONF_DIR may be incomplete.
datanode_2  | To use Ozone please mount ozone folder to /opt/hadoop
om1_1       | Ozone Manager classpath extended by 
datanode_2  | WARNING: log4j.properties is not found. HADOOP_CONF_DIR may be incomplete.
om1_1       | log4j:WARN No appenders could be found for logger (io.jaegertracing.thrift.internal.senders.ThriftSenderFactory).
om1_1       | log4j:WARN Please initialize the log4j system properly.
datanode_2  | log4j:WARN No appenders could be found for logger (org.apache.hadoop.util.Shell).
om1_1       | log4j:WARN See http://logging.apache.org/log4j/1.2/faq.html#noconfig for more info.
datanode_2  | log4j:WARN Please initialize the log4j system properly.
om3_1       | To use Ozone please mount ozone folder to /opt/hadoop
om1_1       | ERROR StatusLogger File not found in file system or classpath: /etc/hadoop/om-audit-log4j2.properties
s3g_1       | To use Ozone please mount ozone folder to /opt/hadoop
datanode_2  | log4j:WARN See http://logging.apache.org/log4j/1.2/faq.html#noconfig for more info.
om1_1       | ERROR StatusLogger Reconfiguration failed: No configuration found for '8bcc55f' at 'null' in 'null'
s3g_1       | WARNING: log4j.properties is not found. HADOOP_CONF_DIR may be incomplete.
om3_1       | WARNING: log4j.properties is not found. HADOOP_CONF_DIR may be incomplete.
om1_1       | ozone.metadata.dirs must be defined.
s3g_1       | log4j:WARN No appenders could be found for logger (org.apache.hadoop.metrics2.lib.MutableMetricsFactory).
om3_1       | Ozone Manager classpath extended by 
datanode_1  | To use Ozone please mount ozone folder to /opt/hadoop
datanode_3  | To use Ozone please mount ozone folder to /opt/hadoop
s3g_1       | log4j:WARN Please initialize the log4j system properly.
om3_1       | log4j:WARN No appenders could be found for logger (io.jaegertracing.thrift.internal.senders.ThriftSenderFactory).
om2_1       | To use Ozone please mount ozone folder to /opt/hadoop
datanode_1  | WARNING: log4j.properties is not found. HADOOP_CONF_DIR may be incomplete.
datanode_3  | WARNING: log4j.properties is not found. HADOOP_CONF_DIR may be incomplete.
s3g_1       | log4j:WARN See http://logging.apache.org/log4j/1.2/faq.html#noconfig for more info.
om3_1       | log4j:WARN Please initialize the log4j system properly.
scm_1       | To use Ozone please mount ozone folder to /opt/hadoop
om2_1       | WARNING: log4j.properties is not found. HADOOP_CONF_DIR may be incomplete.
datanode_1  | log4j:WARN No appenders could be found for logger (org.apache.hadoop.util.Shell).
datanode_3  | log4j:WARN No appenders could be found for logger (org.apache.hadoop.util.Shell).
s3g_1       | ERROR StatusLogger No Log4j 2 configuration file found. Using default configuration (logging only errors to the console), or user programmatically provided configurations. Set system property 'log4j2.debug' to show Log4j 2 internal initialization logging. See https://logging.apache.org/log4j/2.x/manual/configuration.html for instructions on how to configure Log4j 2
om3_1       | log4j:WARN See http://logging.apache.org/log4j/1.2/faq.html#noconfig for more info.
scm_1       | WARNING: log4j.properties is not found. HADOOP_CONF_DIR may be incomplete.
om2_1       | Ozone Manager classpath extended by 
datanode_1  | log4j:WARN Please initialize the log4j system properly.
s3g_1       | WARNING: An illegal reflective access operation has occurred
datanode_3  | log4j:WARN Please initialize the log4j system properly.
om3_1       | ERROR StatusLogger File not found in file system or classpath: /etc/hadoop/om-audit-log4j2.properties
scm_1       | log4j:WARN No appenders could be found for logger (io.jaegertracing.thrift.internal.senders.ThriftSenderFactory).
om2_1       | log4j:WARN No appenders could be found for logger (io.jaegertracing.thrift.internal.senders.ThriftSenderFactory).
datanode_1  | log4j:WARN See http://logging.apache.org/log4j/1.2/faq.html#noconfig for more info.
s3g_1       | WARNING: Illegal reflective access by org.jboss.classfilewriter.ClassFile$1 (file:/opt/hadoop/share/ozone/lib/weld-servlet-2.4.7.Final.jar) to method java.lang.ClassLoader.defineClass(java.lang.String,byte[],int,int)
datanode_3  | log4j:WARN See http://logging.apache.org/log4j/1.2/faq.html#noconfig for more info.
om3_1       | ERROR StatusLogger Reconfiguration failed: No configuration found for '8bcc55f' at 'null' in 'null'
scm_1       | log4j:WARN Please initialize the log4j system properly.
om2_1       | log4j:WARN Please initialize the log4j system properly.
s3g_1       | WARNING: Please consider reporting this to the maintainers of org.jboss.classfilewriter.ClassFile$1
om3_1       | ozone.metadata.dirs must be defined.
scm_1       | log4j:WARN See http://logging.apache.org/log4j/1.2/faq.html#noconfig for more info.
om2_1       | log4j:WARN See http://logging.apache.org/log4j/1.2/faq.html#noconfig for more info.
s3g_1       | WARNING: Use --illegal-access=warn to enable warnings of further illegal reflective access operations
scm_1       | SCM cannot be started in secure mode or when ozone.enabled is set to false
om2_1       | ERROR StatusLogger File not found in file system or classpath: /etc/hadoop/om-audit-log4j2.properties
s3g_1       | WARNING: All illegal access operations will be denied in a future release
om2_1       | ERROR StatusLogger Reconfiguration failed: No configuration found for '8bcc55f' at 'null' in 'null'
om2_1       | ozone.metadata.dirs must be defined.
s3g_1       | Oct 25, 2019 4:47:14 AM org.glassfish.jersey.internal.Errors logErrors
s3g_1       | WARNING: The following warnings have been detected: WARNING: A HTTP GET method, public javax.ws.rs.core.Response org.apache.hadoop.ozone.s3.endpoint.ObjectEndpoint.get(java.lang.String,java.lang.String,java.lang.String,int,java.lang.String,java.io.InputStream) throws java.io.IOException,org.apache.hadoop.ozone.s3.exception.OS3Exception, should not consume any entity.
s3g_1       | 
