rm: cannot remove '/workdir/hadoop-ozone/dist/target/ozone-0.5.0-SNAPSHOT/compose/result/*': No such file or directory
Executing test in /workdir/hadoop-ozone/dist/target/ozone-0.5.0-SNAPSHOT/compose/ozone-mr/hadoop27
Removing network hadoop27_default
Network hadoop27_default not found.
Creating network "hadoop27_default" with the default driver
Pulling scm (apache/ozone-runner:20191107-1)...
20191107-1: Pulling from apache/ozone-runner
Digest: sha256:185e18663394e1976d73a6f7de2aa8ade4d20a0e7314b415cad6f26f446323fe
Status: Downloaded newer image for apache/ozone-runner:20191107-1
Pulling nm (flokkr/hadoop:2.7.7)...
2.7.7: Pulling from flokkr/hadoop
Digest: sha256:594a1cc971f4e91218132f2027617859d4624a55bda01bc43ec07545022ac6c9
Status: Downloaded newer image for flokkr/hadoop:2.7.7
Creating hadoop27_scm_1 ... 
Creating hadoop27_nm_1  ... 
Creating hadoop27_om_1  ... 
Creating hadoop27_s3g_1 ... 
Creating hadoop27_datanode_1 ... 
Creating hadoop27_datanode_2 ... 
Creating hadoop27_datanode_3 ... 
Creating hadoop27_rm_1       ... 
Creating hadoop27_nm_1       ... done
Creating hadoop27_om_1       ... done
Creating hadoop27_datanode_1 ... done
Creating hadoop27_datanode_3 ... done
Creating hadoop27_datanode_2 ... done
Creating hadoop27_scm_1      ... done
Creating hadoop27_s3g_1      ... done
Creating hadoop27_rm_1       ... done
0 datanode is up and healthy (until now)
3 datanodes are up and registered to the scm
SCM is in safe mode.
SCM is in safe mode.
SCM is in safe mode.
SCM is in safe mode.
SCM is out of safe mode.
Safe mode is off
==============================================================================
hadoop27-createmrenv :: Create directories required for MR test               
==============================================================================
Create test volume, bucket and key                                    | PASS |
------------------------------------------------------------------------------
Create user dir for hadoop                                            | PASS |
------------------------------------------------------------------------------
hadoop27-createmrenv :: Create directories required for MR test       | PASS |
2 critical tests, 2 passed, 0 failed
2 tests total, 2 passed, 0 failed
==============================================================================
Output:  /tmp/smoketest/hadoop27/result/robot-hadoop27-hadoop27-createmrenv-scm.xml
fetch http://dl-cdn.alpinelinux.org/alpine/v3.8/main/x86_64/APKINDEX.tar.gz
fetch http://dl-cdn.alpinelinux.org/alpine/v3.8/community/x86_64/APKINDEX.tar.gz
(1/7) Installing libbz2 (1.0.6-r7)
(2/7) Installing libffi (3.2.1-r4)
(3/7) Installing gdbm (1.13-r1)
(4/7) Installing sqlite-libs (3.25.3-r2)
(5/7) Installing python2 (2.7.15-r2)
(6/7) Installing py-setuptools (39.1.0-r0)
(7/7) Installing py2-pip (10.0.1-r0)
Executing busybox-1.28.4-r0.trigger
Executing glibc-bin-2.27-r0.trigger
OK: 93 MiB in 45 packages
Collecting robotframework
  Downloading https://files.pythonhosted.org/packages/22/0f/1b9ffa0c4e59789b50e6034866e823b7d4a5c7eaedad7bfd0bba42f2aa9d/robotframework-3.1.2-py2.py3-none-any.whl (602kB)
Installing collected packages: robotframework
Successfully installed robotframework-3.1.2
You are using pip version 10.0.1, however version 19.3.1 is available.
You should consider upgrading via the 'pip install --upgrade pip' command.
==============================================================================
hadoop27-hadoopo3fs :: Test ozone fs with hadoopfs                            
==============================================================================
Test hadoop dfs                                                       | PASS |
------------------------------------------------------------------------------
hadoop27-hadoopo3fs :: Test ozone fs with hadoopfs                    | PASS |
1 critical test, 1 passed, 0 failed
1 test total, 1 passed, 0 failed
==============================================================================
Output:  /tmp/smoketest/hadoop27/result/robot-hadoop27-hadoop27-hadoopo3fs-rm.xml
==============================================================================
hadoop27-mapreduce :: Execute MR jobs                                         
==============================================================================
Execute PI calculation                                                | PASS |
------------------------------------------------------------------------------
Execute WordCount                                                     | PASS |
------------------------------------------------------------------------------
hadoop27-mapreduce :: Execute MR jobs                                 | PASS |
2 critical tests, 2 passed, 0 failed
2 tests total, 2 passed, 0 failed
==============================================================================
Output:  /tmp/smoketest/hadoop27/result/robot-hadoop27-hadoop27-mapreduce-rm.xml
Connection pool is full, discarding connection: 0.0.0.0
Stopping hadoop27_datanode_2 ... 
Stopping hadoop27_datanode_1 ... 
Stopping hadoop27_rm_1       ... 
Stopping hadoop27_datanode_3 ... 
Stopping hadoop27_scm_1      ... 
Stopping hadoop27_s3g_1      ... 
Stopping hadoop27_om_1       ... 
Stopping hadoop27_nm_1       ... 
Stopping hadoop27_nm_1       ... done
Stopping hadoop27_rm_1       ... done
Stopping hadoop27_datanode_2 ... done
Stopping hadoop27_datanode_1 ... done
Stopping hadoop27_s3g_1      ... done
Stopping hadoop27_datanode_3 ... done
Stopping hadoop27_scm_1      ... done
Stopping hadoop27_om_1       ... done
Removing hadoop27_datanode_2 ... 
Removing hadoop27_datanode_1 ... 
Removing hadoop27_rm_1       ... 
Removing hadoop27_datanode_3 ... 
Removing hadoop27_scm_1      ... 
Removing hadoop27_s3g_1      ... 
Removing hadoop27_om_1       ... 
Removing hadoop27_nm_1       ... 
Removing hadoop27_s3g_1      ... done
Removing hadoop27_rm_1       ... done
Removing hadoop27_datanode_3 ... done
Removing hadoop27_nm_1       ... done
Removing hadoop27_datanode_1 ... done
Removing hadoop27_datanode_2 ... done
Removing hadoop27_scm_1      ... done
Removing hadoop27_om_1       ... done
Removing network hadoop27_default
Log:     /workdir/hadoop-ozone/dist/target/ozone-0.5.0-SNAPSHOT/compose/ozone-mr/hadoop27/result/log.html
Report:  /workdir/hadoop-ozone/dist/target/ozone-0.5.0-SNAPSHOT/compose/ozone-mr/hadoop27/result/report.html
Executing test in /workdir/hadoop-ozone/dist/target/ozone-0.5.0-SNAPSHOT/compose/ozone-mr/hadoop31
Removing network hadoop31_default
Network hadoop31_default not found.
Creating network "hadoop31_default" with the default driver
Pulling nm (flokkr/hadoop:3.1.2)...
3.1.2: Pulling from flokkr/hadoop
Digest: sha256:aaed24f2f15ef520340c98c99c96c62056e018fdfe4591b8dfdfa8fd50636dc1
Status: Downloaded newer image for flokkr/hadoop:3.1.2
Creating hadoop31_om_1 ... 
Creating hadoop31_rm_1 ... 
Creating hadoop31_nm_1 ... 
Creating hadoop31_s3g_1 ... 
Creating hadoop31_scm_1 ... 
Creating hadoop31_datanode_1 ... 
Creating hadoop31_datanode_2 ... 
Creating hadoop31_datanode_3 ... 
Creating hadoop31_rm_1       ... done
Creating hadoop31_datanode_3 ... done
Creating hadoop31_datanode_1 ... done
Creating hadoop31_nm_1       ... done
Creating hadoop31_om_1       ... done
Creating hadoop31_s3g_1      ... done
Creating hadoop31_datanode_2 ... done
Creating hadoop31_scm_1      ... done
0 datanode is up and healthy (until now)
3 datanodes are up and registered to the scm
SCM is in safe mode.
SCM is in safe mode.
SCM is out of safe mode.
Safe mode is off
==============================================================================
hadoop31-createmrenv :: Create directories required for MR test               
==============================================================================
Create test volume, bucket and key                                    | PASS |
------------------------------------------------------------------------------
Create user dir for hadoop                                            | PASS |
------------------------------------------------------------------------------
hadoop31-createmrenv :: Create directories required for MR test       | PASS |
2 critical tests, 2 passed, 0 failed
2 tests total, 2 passed, 0 failed
==============================================================================
Output:  /tmp/smoketest/hadoop31/result/robot-hadoop31-hadoop31-createmrenv-scm.xml
fetch http://dl-cdn.alpinelinux.org/alpine/v3.8/main/x86_64/APKINDEX.tar.gz
fetch http://dl-cdn.alpinelinux.org/alpine/v3.8/community/x86_64/APKINDEX.tar.gz
(1/7) Installing libbz2 (1.0.6-r7)
(2/7) Installing libffi (3.2.1-r4)
(3/7) Installing gdbm (1.13-r1)
(4/7) Installing sqlite-libs (3.25.3-r2)
(5/7) Installing python2 (2.7.15-r2)
(6/7) Installing py-setuptools (39.1.0-r0)
(7/7) Installing py2-pip (10.0.1-r0)
Executing busybox-1.28.4-r0.trigger
Executing glibc-bin-2.27-r0.trigger
OK: 93 MiB in 45 packages
Collecting robotframework
  Downloading https://files.pythonhosted.org/packages/22/0f/1b9ffa0c4e59789b50e6034866e823b7d4a5c7eaedad7bfd0bba42f2aa9d/robotframework-3.1.2-py2.py3-none-any.whl (602kB)
Installing collected packages: robotframework
Successfully installed robotframework-3.1.2
You are using pip version 10.0.1, however version 19.3.1 is available.
You should consider upgrading via the 'pip install --upgrade pip' command.
==============================================================================
hadoop31-hadoopo3fs :: Test ozone fs with hadoopfs                            
==============================================================================
Test hadoop dfs                                                       | PASS |
------------------------------------------------------------------------------
hadoop31-hadoopo3fs :: Test ozone fs with hadoopfs                    | PASS |
1 critical test, 1 passed, 0 failed
1 test total, 1 passed, 0 failed
==============================================================================
Output:  /tmp/smoketest/hadoop31/result/robot-hadoop31-hadoop31-hadoopo3fs-rm.xml
==============================================================================
hadoop31-mapreduce :: Execute MR jobs                                         
==============================================================================
Execute PI calculation                                                | PASS |
------------------------------------------------------------------------------
Execute WordCount                                                     | PASS |
------------------------------------------------------------------------------
hadoop31-mapreduce :: Execute MR jobs                                 | PASS |
2 critical tests, 2 passed, 0 failed
2 tests total, 2 passed, 0 failed
==============================================================================
Output:  /tmp/smoketest/hadoop31/result/robot-hadoop31-hadoop31-mapreduce-rm.xml
Connection pool is full, discarding connection: 0.0.0.0
Stopping hadoop31_datanode_3 ... 
Stopping hadoop31_datanode_1 ... 
Stopping hadoop31_datanode_2 ... 
Stopping hadoop31_s3g_1      ... 
Stopping hadoop31_nm_1       ... 
Stopping hadoop31_scm_1      ... 
Stopping hadoop31_rm_1       ... 
Stopping hadoop31_om_1       ... 
Stopping hadoop31_nm_1       ... done
Stopping hadoop31_rm_1       ... done
Stopping hadoop31_scm_1      ... done
Stopping hadoop31_datanode_3 ... done
Stopping hadoop31_datanode_2 ... done
Stopping hadoop31_datanode_1 ... done
Stopping hadoop31_om_1       ... done
Stopping hadoop31_s3g_1      ... done
Removing hadoop31_datanode_3 ... 
Removing hadoop31_datanode_1 ... 
Removing hadoop31_datanode_2 ... 
Removing hadoop31_s3g_1      ... 
Removing hadoop31_nm_1       ... 
Removing hadoop31_scm_1      ... 
Removing hadoop31_rm_1       ... 
Removing hadoop31_om_1       ... 
Removing hadoop31_scm_1      ... done
Removing hadoop31_nm_1       ... done
Removing hadoop31_datanode_3 ... done
Removing hadoop31_rm_1       ... done
Removing hadoop31_datanode_1 ... done
Removing hadoop31_s3g_1      ... done
Removing hadoop31_datanode_2 ... done
Removing hadoop31_om_1       ... done
Removing network hadoop31_default
Log:     /workdir/hadoop-ozone/dist/target/ozone-0.5.0-SNAPSHOT/compose/ozone-mr/hadoop31/result/log.html
Report:  /workdir/hadoop-ozone/dist/target/ozone-0.5.0-SNAPSHOT/compose/ozone-mr/hadoop31/result/report.html
Executing test in /workdir/hadoop-ozone/dist/target/ozone-0.5.0-SNAPSHOT/compose/ozone-mr/hadoop32
Removing network hadoop32_default
Network hadoop32_default not found.
Creating network "hadoop32_default" with the default driver
Pulling nm (apache/hadoop:3)...
3: Pulling from apache/hadoop
Digest: sha256:5cba355fd83de1bcce907abaa7f8ac3cfbc2ab74a09785ecdc892392883344f6
Status: Downloaded newer image for apache/hadoop:3
Creating hadoop32_s3g_1 ... 
Creating hadoop32_rm_1  ... 
Creating hadoop32_nm_1  ... 
Creating hadoop32_om_1  ... 
Creating hadoop32_scm_1      ... 
Creating hadoop32_datanode_1 ... 
Creating hadoop32_datanode_2 ... 
Creating hadoop32_datanode_3 ... 
Creating hadoop32_s3g_1      ... done
Creating hadoop32_rm_1       ... done
Creating hadoop32_nm_1       ... done
Creating hadoop32_scm_1      ... done
Creating hadoop32_datanode_3 ... done
Creating hadoop32_datanode_2 ... done
Creating hadoop32_om_1       ... done
Creating hadoop32_datanode_1 ... done
0 datanode is up and healthy (until now)
3 datanodes are up and registered to the scm
SCM is in safe mode.
SCM is in safe mode.
SCM is out of safe mode.
Safe mode is off
==============================================================================
hadoop32-createmrenv :: Create directories required for MR test               
==============================================================================
Create test volume, bucket and key                                    | PASS |
------------------------------------------------------------------------------
Create user dir for hadoop                                            | PASS |
------------------------------------------------------------------------------
hadoop32-createmrenv :: Create directories required for MR test       | PASS |
2 critical tests, 2 passed, 0 failed
2 tests total, 2 passed, 0 failed
==============================================================================
Output:  /tmp/smoketest/hadoop32/result/robot-hadoop32-hadoop32-createmrenv-scm.xml
==============================================================================
hadoop32-hadoopo3fs :: Test ozone fs with hadoopfs                            
==============================================================================
Test hadoop dfs                                                       | PASS |
------------------------------------------------------------------------------
hadoop32-hadoopo3fs :: Test ozone fs with hadoopfs                    | PASS |
1 critical test, 1 passed, 0 failed
1 test total, 1 passed, 0 failed
==============================================================================
Output:  /tmp/smoketest/hadoop32/result/robot-hadoop32-hadoop32-hadoopo3fs-rm.xml
==============================================================================
hadoop32-mapreduce :: Execute MR jobs                                         
==============================================================================
Execute PI calculation                                                | PASS |
------------------------------------------------------------------------------
Execute WordCount                                                     | PASS |
------------------------------------------------------------------------------
hadoop32-mapreduce :: Execute MR jobs                                 | PASS |
2 critical tests, 2 passed, 0 failed
2 tests total, 2 passed, 0 failed
==============================================================================
Output:  /tmp/smoketest/hadoop32/result/robot-hadoop32-hadoop32-mapreduce-rm.xml
Connection pool is full, discarding connection: 0.0.0.0
Connection pool is full, discarding connection: 0.0.0.0
Stopping hadoop32_datanode_3 ... 
Stopping hadoop32_datanode_2 ... 
Stopping hadoop32_datanode_1 ... 
Stopping hadoop32_scm_1      ... 
Stopping hadoop32_nm_1       ... 
Stopping hadoop32_om_1       ... 
Stopping hadoop32_rm_1       ... 
Stopping hadoop32_s3g_1      ... 
Stopping hadoop32_rm_1       ... done
Stopping hadoop32_nm_1       ... done
Stopping hadoop32_scm_1      ... done
Stopping hadoop32_om_1       ... done
Stopping hadoop32_datanode_3 ... done
Stopping hadoop32_s3g_1      ... done
Stopping hadoop32_datanode_2 ... done
Stopping hadoop32_datanode_1 ... done
Removing hadoop32_datanode_3 ... 
Removing hadoop32_datanode_2 ... 
Removing hadoop32_datanode_1 ... 
Removing hadoop32_scm_1      ... 
Removing hadoop32_nm_1       ... 
Removing hadoop32_om_1       ... 
Removing hadoop32_rm_1       ... 
Removing hadoop32_s3g_1      ... 
Removing hadoop32_rm_1       ... done
Removing hadoop32_datanode_1 ... done
Removing hadoop32_datanode_2 ... done
Removing hadoop32_nm_1       ... done
Removing hadoop32_scm_1      ... done
Removing hadoop32_s3g_1      ... done
Removing hadoop32_datanode_3 ... done
Removing hadoop32_om_1       ... done
Removing network hadoop32_default
Log:     /workdir/hadoop-ozone/dist/target/ozone-0.5.0-SNAPSHOT/compose/ozone-mr/hadoop32/result/log.html
Report:  /workdir/hadoop-ozone/dist/target/ozone-0.5.0-SNAPSHOT/compose/ozone-mr/hadoop32/result/report.html
Executing test in /workdir/hadoop-ozone/dist/target/ozone-0.5.0-SNAPSHOT/compose/ozone-om-ha-s3
Removing network ozone-om-ha-s3_default
Network ozone-om-ha-s3_default not found.
Creating network "ozone-om-ha-s3_default" with the default driver
Creating ozone-om-ha-s3_om2_1 ... 
Creating ozone-om-ha-s3_scm_1 ... 
Creating ozone-om-ha-s3_s3g_1 ... 
Creating ozone-om-ha-s3_datanode_1 ... 
Creating ozone-om-ha-s3_datanode_2 ... 
Creating ozone-om-ha-s3_datanode_3 ... 
Creating ozone-om-ha-s3_om1_1      ... 
Creating ozone-om-ha-s3_om3_1      ... 
Creating ozone-om-ha-s3_scm_1      ... done
Creating ozone-om-ha-s3_om2_1      ... done
Creating ozone-om-ha-s3_s3g_1      ... done
Creating ozone-om-ha-s3_om3_1      ... done
Creating ozone-om-ha-s3_om1_1      ... done
Creating ozone-om-ha-s3_datanode_2 ... done
Creating ozone-om-ha-s3_datanode_3 ... done
Creating ozone-om-ha-s3_datanode_1 ... done
0 datanode is up and healthy (until now)
3 datanodes are up and registered to the scm
SCM is in safe mode.
SCM is in safe mode.
SCM is out of safe mode.
Safe mode is off
==============================================================================
ozone-om-ha-s3-s3                                                             
==============================================================================
ozone-om-ha-s3-s3.Awss3 :: S3 gateway test with aws cli                       
==============================================================================
File upload and directory list                                        | PASS |
------------------------------------------------------------------------------
ozone-om-ha-s3-s3.Awss3 :: S3 gateway test with aws cli               | PASS |
1 critical test, 1 passed, 0 failed
1 test total, 1 passed, 0 failed
==============================================================================
ozone-om-ha-s3-s3.Bucketcreate :: S3 gateway test with aws cli                
==============================================================================
Create bucket which already exists                                    | PASS |
------------------------------------------------------------------------------
ozone-om-ha-s3-s3.Bucketcreate :: S3 gateway test with aws cli        | PASS |
1 critical test, 1 passed, 0 failed
1 test total, 1 passed, 0 failed
==============================================================================
ozone-om-ha-s3-s3.Buckethead :: S3 gateway test with aws cli                  
==============================================================================
Head Bucket not existent                                              | PASS |
------------------------------------------------------------------------------
ozone-om-ha-s3-s3.Buckethead :: S3 gateway test with aws cli          | PASS |
1 critical test, 1 passed, 0 failed
1 test total, 1 passed, 0 failed
==============================================================================
ozone-om-ha-s3-s3.Bucketlist :: S3 gateway test with aws cli                  
==============================================================================
List buckets                                                          | PASS |
------------------------------------------------------------------------------
ozone-om-ha-s3-s3.Bucketlist :: S3 gateway test with aws cli          | PASS |
1 critical test, 1 passed, 0 failed
1 test total, 1 passed, 0 failed
==============================================================================
ozone-om-ha-s3-s3.MultipartUpload :: S3 gateway test with aws cli             
==============================================================================
Test Multipart Upload                                                 | PASS |
------------------------------------------------------------------------------
Test Multipart Upload Complete                                        | PASS |
------------------------------------------------------------------------------
Test Multipart Upload Complete Entity too small                       | PASS |
------------------------------------------------------------------------------
Test Multipart Upload Complete Invalid part errors and complete mp... | PASS |
------------------------------------------------------------------------------
Test abort Multipart upload                                           | PASS |
------------------------------------------------------------------------------
Test abort Multipart upload with invalid uploadId                     | PASS |
------------------------------------------------------------------------------
Upload part with Incorrect uploadID                                   | PASS |
------------------------------------------------------------------------------
Test list parts                                                       | PASS |
------------------------------------------------------------------------------
Test Multipart Upload with the simplified aws s3 cp API               | PASS |
------------------------------------------------------------------------------
Test Multipart Upload Put With Copy                                   | PASS |
------------------------------------------------------------------------------
Test Multipart Upload Put With Copy and range                         | PASS |
------------------------------------------------------------------------------
Test Multipart Upload list                                            | PASS |
------------------------------------------------------------------------------
ozone-om-ha-s3-s3.MultipartUpload :: S3 gateway test with aws cli     | PASS |
12 critical tests, 12 passed, 0 failed
12 tests total, 12 passed, 0 failed
==============================================================================
ozone-om-ha-s3-s3.Objectcopy :: S3 gateway test with aws cli                  
==============================================================================
Copy Object Happy Scenario                                            | PASS |
------------------------------------------------------------------------------
Copy Object Where Bucket is not available                             | PASS |
------------------------------------------------------------------------------
Copy Object Where both source and dest are same with change to sto... | PASS |
------------------------------------------------------------------------------
Copy Object Where Key not available                                   | PASS |
------------------------------------------------------------------------------
ozone-om-ha-s3-s3.Objectcopy :: S3 gateway test with aws cli          | PASS |
4 critical tests, 4 passed, 0 failed
4 tests total, 4 passed, 0 failed
==============================================================================
ozone-om-ha-s3-s3.Objectdelete :: S3 gateway test with aws cli                
==============================================================================
Delete file with s3api                                                | PASS |
------------------------------------------------------------------------------
Delete file with s3api, file doesn't exist                            | PASS |
------------------------------------------------------------------------------
Delete dir with s3api                                                 | PASS |
------------------------------------------------------------------------------
Delete file with s3api, file doesn't exist, prefix of a real file     | PASS |
------------------------------------------------------------------------------
Delete file with s3api, bucket doesn't exist                          | PASS |
------------------------------------------------------------------------------
ozone-om-ha-s3-s3.Objectdelete :: S3 gateway test with aws cli        | PASS |
5 critical tests, 5 passed, 0 failed
5 tests total, 5 passed, 0 failed
==============================================================================
ozone-om-ha-s3-s3.Objectmultidelete :: S3 gateway test with aws cli           
==============================================================================
Delete file with multi delete                                         | PASS |
------------------------------------------------------------------------------
ozone-om-ha-s3-s3.Objectmultidelete :: S3 gateway test with aws cli   | PASS |
1 critical test, 1 passed, 0 failed
1 test total, 1 passed, 0 failed
==============================================================================
ozone-om-ha-s3-s3.Objectputget :: S3 gateway test with aws cli                
==============================================================================
Put object to s3                                                      | PASS |
------------------------------------------------------------------------------
Get object from s3                                                    | PASS |
------------------------------------------------------------------------------
Get Partial object from s3 with both start and endoffset              | PASS |
------------------------------------------------------------------------------
Get Partial object from s3 with both start and endoffset(start off... | PASS |
------------------------------------------------------------------------------
Get Partial object from s3 with both start and endoffset(end offse... | PASS |
------------------------------------------------------------------------------
Get Partial object from s3 with only start offset                     | PASS |
------------------------------------------------------------------------------
Get Partial object from s3 with both start and endoffset which are... | PASS |
------------------------------------------------------------------------------
Get Partial object from s3 to get last n bytes                        | PASS |
------------------------------------------------------------------------------
Incorrect values for end and start offset                             | PASS |
------------------------------------------------------------------------------
Zero byte file                                                        | PASS |
------------------------------------------------------------------------------
ozone-om-ha-s3-s3.Objectputget :: S3 gateway test with aws cli        | PASS |
10 critical tests, 10 passed, 0 failed
10 tests total, 10 passed, 0 failed
==============================================================================
ozone-om-ha-s3-s3.Webui :: S3 gateway web ui test                             
==============================================================================
S3 Gateway Web UI                                                     | PASS |
------------------------------------------------------------------------------
ozone-om-ha-s3-s3.Webui :: S3 gateway web ui test                     | PASS |
1 critical test, 1 passed, 0 failed
1 test total, 1 passed, 0 failed
==============================================================================
ozone-om-ha-s3-s3                                                     | PASS |
37 critical tests, 37 passed, 0 failed
37 tests total, 37 passed, 0 failed
==============================================================================
Output:  /tmp/smoketest/ozone-om-ha-s3/result/robot-ozone-om-ha-s3-ozone-om-ha-s3-s3-scm.xml
Connection pool is full, discarding connection: 0.0.0.0
Stopping ozone-om-ha-s3_om1_1      ... 
Stopping ozone-om-ha-s3_datanode_1 ... 
Stopping ozone-om-ha-s3_datanode_2 ... 
Stopping ozone-om-ha-s3_datanode_3 ... 
Stopping ozone-om-ha-s3_om3_1      ... 
Stopping ozone-om-ha-s3_s3g_1      ... 
Stopping ozone-om-ha-s3_scm_1      ... 
Stopping ozone-om-ha-s3_om2_1      ... 
Stopping ozone-om-ha-s3_s3g_1      ... done
Stopping ozone-om-ha-s3_datanode_3 ... done
Stopping ozone-om-ha-s3_datanode_1 ... done
Stopping ozone-om-ha-s3_om2_1      ... done
Stopping ozone-om-ha-s3_datanode_2 ... done
Stopping ozone-om-ha-s3_om3_1      ... done
Stopping ozone-om-ha-s3_scm_1      ... done
Stopping ozone-om-ha-s3_om1_1      ... done
Removing ozone-om-ha-s3_om1_1      ... 
Removing ozone-om-ha-s3_datanode_1 ... 
Removing ozone-om-ha-s3_datanode_2 ... 
Removing ozone-om-ha-s3_datanode_3 ... 
Removing ozone-om-ha-s3_om3_1      ... 
Removing ozone-om-ha-s3_s3g_1      ... 
Removing ozone-om-ha-s3_scm_1      ... 
Removing ozone-om-ha-s3_om2_1      ... 
Removing ozone-om-ha-s3_datanode_3 ... done
Removing ozone-om-ha-s3_datanode_1 ... done
Removing ozone-om-ha-s3_om3_1      ... done
Removing ozone-om-ha-s3_datanode_2 ... done
Removing ozone-om-ha-s3_om2_1      ... done
Removing ozone-om-ha-s3_om1_1      ... done
Removing ozone-om-ha-s3_s3g_1      ... done
Removing ozone-om-ha-s3_scm_1      ... done
Removing network ozone-om-ha-s3_default
Log:     /workdir/hadoop-ozone/dist/target/ozone-0.5.0-SNAPSHOT/compose/ozone-om-ha-s3/result/log.html
Report:  /workdir/hadoop-ozone/dist/target/ozone-0.5.0-SNAPSHOT/compose/ozone-om-ha-s3/result/report.html
Executing test in /workdir/hadoop-ozone/dist/target/ozone-0.5.0-SNAPSHOT/compose/ozone-recon
Removing network ozone-recon_default
Network ozone-recon_default not found.
Creating network "ozone-recon_default" with the default driver
Creating ozone-recon_om_1 ... 
Creating ozone-recon_recon_1 ... 
Creating ozone-recon_scm_1   ... 
Creating ozone-recon_datanode_1 ... 
Creating ozone-recon_datanode_2 ... 
Creating ozone-recon_datanode_3 ... 
Creating ozone-recon_datanode_1 ... done
Creating ozone-recon_om_1       ... done
Creating ozone-recon_datanode_3 ... done
Creating ozone-recon_datanode_2 ... done
Creating ozone-recon_scm_1      ... done
Creating ozone-recon_recon_1    ... done
0 datanode is up and healthy (until now)
3 datanodes are up and registered to the scm
SCM is in safe mode.
SCM is in safe mode.
SCM is in safe mode.
SCM is out of safe mode.
Safe mode is off
==============================================================================
ozone-recon-basic :: Smoketest ozone cluster startup                          
==============================================================================
Check webui static resources                                          | PASS |
------------------------------------------------------------------------------
Start freon testing                                                   | PASS |
------------------------------------------------------------------------------
ozone-recon-basic :: Smoketest ozone cluster startup                  | PASS |
2 critical tests, 2 passed, 0 failed
2 tests total, 2 passed, 0 failed
==============================================================================
Output:  /tmp/smoketest/ozone-recon/result/robot-ozone-recon-ozone-recon-basic-scm.xml
Connection pool is full, discarding connection: 0.0.0.0
Stopping ozone-recon_datanode_2 ... 
Stopping ozone-recon_datanode_3 ... 
Stopping ozone-recon_datanode_1 ... 
Stopping ozone-recon_scm_1      ... 
Stopping ozone-recon_om_1       ... 
Stopping ozone-recon_datanode_1 ... done
Stopping ozone-recon_datanode_2 ... done
Stopping ozone-recon_scm_1      ... done
Stopping ozone-recon_datanode_3 ... done
Stopping ozone-recon_om_1       ... done
Removing ozone-recon_datanode_2 ... 
Removing ozone-recon_datanode_3 ... 
Removing ozone-recon_recon_1    ... 
Removing ozone-recon_datanode_1 ... 
Removing ozone-recon_scm_1      ... 
Removing ozone-recon_om_1       ... 
Removing ozone-recon_datanode_2 ... done
Removing ozone-recon_scm_1      ... done
Removing ozone-recon_datanode_3 ... done
Removing ozone-recon_om_1       ... done
Removing ozone-recon_datanode_1 ... done
Removing ozone-recon_recon_1    ... done
Removing network ozone-recon_default
Log:     /workdir/hadoop-ozone/dist/target/ozone-0.5.0-SNAPSHOT/compose/ozone-recon/result/log.html
Report:  /workdir/hadoop-ozone/dist/target/ozone-0.5.0-SNAPSHOT/compose/ozone-recon/result/report.html
Executing test in /workdir/hadoop-ozone/dist/target/ozone-0.5.0-SNAPSHOT/compose/ozone-topology
Removing network ozone-topology_net
Network ozone-topology_net not found.
Creating network "ozone-topology_net" with driver "bridge"
Creating ozone-topology_datanode_1_1 ... 
Creating ozone-topology_om_1         ... 
Creating ozone-topology_datanode_3_1 ... 
Creating ozone-topology_datanode_4_1 ... 
Creating ozone-topology_datanode_2_1 ... 
Creating ozone-topology_scm_1        ... 
Creating ozone-topology_datanode_1_1 ... done
Creating ozone-topology_datanode_4_1 ... done
Creating ozone-topology_om_1         ... done
Creating ozone-topology_scm_1        ... done
Creating ozone-topology_datanode_2_1 ... done
Creating ozone-topology_datanode_3_1 ... done
0 datanode is up and healthy (until now)
4 datanodes are up and registered to the scm
SCM is in safe mode.
SCM is in safe mode.
SCM is in safe mode.
SCM is in safe mode.
SCM is out of safe mode.
Safe mode is off
==============================================================================
ozone-topology-basic :: Smoketest ozone cluster startup                       
==============================================================================
Check webui static resources                                          | PASS |
------------------------------------------------------------------------------
Start freon testing                                                   | PASS |
------------------------------------------------------------------------------
ozone-topology-basic :: Smoketest ozone cluster startup               | PASS |
2 critical tests, 2 passed, 0 failed
2 tests total, 2 passed, 0 failed
==============================================================================
Output:  /tmp/smoketest/ozone-topology/result/robot-ozone-topology-ozone-topology-basic-scm.xml
==============================================================================
ozone-topology-scmcli :: Smoketest ozone cluster startup                      
==============================================================================
Run printTopology                                                     | PASS |
------------------------------------------------------------------------------
Run printTopology -o                                                  | PASS |
------------------------------------------------------------------------------
ozone-topology-scmcli :: Smoketest ozone cluster startup              | PASS |
2 critical tests, 2 passed, 0 failed
2 tests total, 2 passed, 0 failed
==============================================================================
Output:  /tmp/smoketest/ozone-topology/result/robot-ozone-topology-ozone-topology-scmcli-scm.xml
Stopping ozone-topology_scm_1        ... 
Stopping ozone-topology_datanode_2_1 ... 
Stopping ozone-topology_datanode_4_1 ... 
Stopping ozone-topology_datanode_3_1 ... 
Stopping ozone-topology_datanode_1_1 ... 
Stopping ozone-topology_om_1         ... 
Stopping ozone-topology_om_1         ... done
Stopping ozone-topology_datanode_2_1 ... done
Stopping ozone-topology_scm_1        ... done
Stopping ozone-topology_datanode_4_1 ... done
Stopping ozone-topology_datanode_1_1 ... done
Stopping ozone-topology_datanode_3_1 ... done
Removing ozone-topology_scm_1        ... 
Removing ozone-topology_datanode_2_1 ... 
Removing ozone-topology_datanode_4_1 ... 
Removing ozone-topology_datanode_3_1 ... 
Removing ozone-topology_datanode_1_1 ... 
Removing ozone-topology_om_1         ... 
Removing ozone-topology_datanode_4_1 ... done
Removing ozone-topology_scm_1        ... done
Removing ozone-topology_om_1         ... done
Removing ozone-topology_datanode_2_1 ... done
Removing ozone-topology_datanode_3_1 ... done
Removing ozone-topology_datanode_1_1 ... done
Removing network ozone-topology_net
Log:     /workdir/hadoop-ozone/dist/target/ozone-0.5.0-SNAPSHOT/compose/ozone-topology/result/log.html
Report:  /workdir/hadoop-ozone/dist/target/ozone-0.5.0-SNAPSHOT/compose/ozone-topology/result/report.html
Executing test in /workdir/hadoop-ozone/dist/target/ozone-0.5.0-SNAPSHOT/compose/ozone
Removing network ozone_default
Network ozone_default not found.
Creating network "ozone_default" with the default driver
Creating ozone_om_1 ... 
Creating ozone_scm_1 ... 
Creating ozone_datanode_1 ... 
Creating ozone_datanode_2 ... 
Creating ozone_datanode_3 ... 
Creating ozone_om_1       ... done
Creating ozone_scm_1      ... done
Creating ozone_datanode_1 ... done
Creating ozone_datanode_3 ... done
Creating ozone_datanode_2 ... done
0 datanode is up and healthy (until now)
3 datanodes are up and registered to the scm
SCM is in safe mode.
SCM is in safe mode.
SCM is in safe mode.
SCM is out of safe mode.
Safe mode is off
==============================================================================
ozone-basic :: Smoketest ozone cluster startup                                
==============================================================================
Check webui static resources                                          | PASS |
------------------------------------------------------------------------------
Start freon testing                                                   | PASS |
------------------------------------------------------------------------------
ozone-basic :: Smoketest ozone cluster startup                        | PASS |
2 critical tests, 2 passed, 0 failed
2 tests total, 2 passed, 0 failed
==============================================================================
Output:  /tmp/smoketest/ozone/result/robot-ozone-ozone-basic-scm.xml
==============================================================================
ozone-gdpr :: Smoketest Ozone GDPR Feature                                    
==============================================================================
Test GDPR disabled                                                    | PASS |
------------------------------------------------------------------------------
Test GDPR --enforcegdpr=true                                          | PASS |
------------------------------------------------------------------------------
Test GDPR -g=true                                                     | PASS |
------------------------------------------------------------------------------
Test GDPR -g=false                                                    | PASS |
------------------------------------------------------------------------------
ozone-gdpr :: Smoketest Ozone GDPR Feature                            | PASS |
4 critical tests, 4 passed, 0 failed
4 tests total, 4 passed, 0 failed
==============================================================================
Output:  /tmp/smoketest/ozone/result/robot-ozone-ozone-gdpr-scm.xml
Stopping ozone_datanode_3 ... 
Stopping ozone_datanode_2 ... 
Stopping ozone_datanode_1 ... 
Stopping ozone_scm_1      ... 
Stopping ozone_om_1       ... 
Stopping ozone_om_1       ... done
Stopping ozone_scm_1      ... done
Stopping ozone_datanode_1 ... done
Stopping ozone_datanode_3 ... done
Stopping ozone_datanode_2 ... done
Removing ozone_datanode_3 ... 
Removing ozone_datanode_2 ... 
Removing ozone_datanode_1 ... 
Removing ozone_scm_1      ... 
Removing ozone_om_1       ... 
Removing ozone_datanode_2 ... done
Removing ozone_scm_1      ... done
Removing ozone_om_1       ... done
Removing ozone_datanode_1 ... done
Removing ozone_datanode_3 ... done
Removing network ozone_default
Log:     /workdir/hadoop-ozone/dist/target/ozone-0.5.0-SNAPSHOT/compose/ozone/result/log.html
Report:  /workdir/hadoop-ozone/dist/target/ozone-0.5.0-SNAPSHOT/compose/ozone/result/report.html
Executing test in /workdir/hadoop-ozone/dist/target/ozone-0.5.0-SNAPSHOT/compose/ozoneperf
Removing network ozoneperf_default
Network ozoneperf_default not found.
Creating network "ozoneperf_default" with the default driver
Pulling jaeger (jaegertracing/all-in-one:latest)...
latest: Pulling from jaegertracing/all-in-one
Digest: sha256:b2fc1eca3556529726d217743f78fedf446a953aed9084e45c4e2ef9b91bd2f5
Status: Downloaded newer image for jaegertracing/all-in-one:latest
Pulling grafana (grafana/grafana:)...
latest: Pulling from grafana/grafana
Digest: sha256:29c47dca382edcf80bf17a5485b7a3ded0a90781148f5db371d0f129dca08d9a
Status: Downloaded newer image for grafana/grafana:latest
Pulling prometheus (prom/prometheus:)...
latest: Pulling from prom/prometheus
Digest: sha256:907e20b3b0f8b0a76a33c088fe9827e8edc180e874bd2173c27089eade63d8b8
Status: Downloaded newer image for prom/prometheus:latest
Creating ozoneperf_om_1 ... 
Creating ozoneperf_prometheus_1 ... 
Creating ozoneperf_datanode_1   ... 
Creating ozoneperf_datanode_2   ... 
Creating ozoneperf_datanode_3   ... 
Creating ozoneperf_grafana_1    ... 
Creating ozoneperf_jaeger_1     ... 
Creating ozoneperf_s3g_1        ... 
Creating ozoneperf_scm_1        ... 
Creating ozoneperf_om_1         ... done
Creating ozoneperf_grafana_1    ... done
Creating ozoneperf_prometheus_1 ... done
Creating ozoneperf_scm_1        ... done
Creating ozoneperf_datanode_2   ... done
Creating ozoneperf_jaeger_1     ... done
Creating ozoneperf_datanode_1   ... done
Creating ozoneperf_datanode_3   ... done
Creating ozoneperf_s3g_1        ... done
0 datanode is up and healthy (until now)
1 datanode is up and healthy (until now)
3 datanodes are up and registered to the scm
SCM is in safe mode.
SCM is in safe mode.
SCM is out of safe mode.
Safe mode is off
==============================================================================
ozoneperf-basic :: Smoketest ozone cluster startup                            
==============================================================================
Check webui static resources                                          | PASS |
------------------------------------------------------------------------------
Start freon testing                                                   | PASS |
------------------------------------------------------------------------------
ozoneperf-basic :: Smoketest ozone cluster startup                    | PASS |
2 critical tests, 2 passed, 0 failed
2 tests total, 2 passed, 0 failed
==============================================================================
Output:  /tmp/smoketest/ozoneperf/result/robot-ozoneperf-ozoneperf-basic-scm.xml
Connection pool is full, discarding connection: 0.0.0.0
Connection pool is full, discarding connection: 0.0.0.0
Stopping ozoneperf_s3g_1        ... 
Stopping ozoneperf_datanode_3   ... 
Stopping ozoneperf_scm_1        ... 
Stopping ozoneperf_datanode_1   ... 
Stopping ozoneperf_jaeger_1     ... 
Stopping ozoneperf_grafana_1    ... 
Stopping ozoneperf_datanode_2   ... 
Stopping ozoneperf_prometheus_1 ... 
Stopping ozoneperf_om_1         ... 
Stopping ozoneperf_jaeger_1     ... done
Stopping ozoneperf_prometheus_1 ... done
Stopping ozoneperf_grafana_1    ... done
Stopping ozoneperf_s3g_1        ... done
Stopping ozoneperf_datanode_3   ... done
Stopping ozoneperf_scm_1        ... done
Stopping ozoneperf_datanode_2   ... done
Stopping ozoneperf_datanode_1   ... done
Stopping ozoneperf_om_1         ... done
Removing ozoneperf_s3g_1        ... 
Removing ozoneperf_datanode_3   ... 
Removing ozoneperf_scm_1        ... 
Removing ozoneperf_datanode_1   ... 
Removing ozoneperf_jaeger_1     ... 
Removing ozoneperf_grafana_1    ... 
Removing ozoneperf_datanode_2   ... 
Removing ozoneperf_prometheus_1 ... 
Removing ozoneperf_om_1         ... 
Removing ozoneperf_grafana_1    ... done
Removing ozoneperf_jaeger_1     ... done
Removing ozoneperf_om_1         ... done
Removing ozoneperf_datanode_2   ... done
Removing ozoneperf_prometheus_1 ... done
Removing ozoneperf_datanode_3   ... done
Removing ozoneperf_s3g_1        ... done
Removing ozoneperf_scm_1        ... done
Removing ozoneperf_datanode_1   ... done
Removing network ozoneperf_default
Log:     /workdir/hadoop-ozone/dist/target/ozone-0.5.0-SNAPSHOT/compose/ozoneperf/result/log.html
Report:  /workdir/hadoop-ozone/dist/target/ozone-0.5.0-SNAPSHOT/compose/ozoneperf/result/report.html
Executing test in /workdir/hadoop-ozone/dist/target/ozone-0.5.0-SNAPSHOT/compose/ozones3-haproxy
Removing network ozones3-haproxy_default
Network ozones3-haproxy_default not found.
Creating network "ozones3-haproxy_default" with the default driver
Pulling s3g (haproxy:latest)...
latest: Pulling from library/haproxy
Digest: sha256:6df4d3c92530505bc84da5ab11c033bc19922029fadbb41f6ae50030d0dbb295
Status: Downloaded newer image for haproxy:latest
Creating ozones3-haproxy_s3g_1 ... 
Creating ozones3-haproxy_scm_1 ... 
Creating ozones3-haproxy_om_1  ... 
Creating ozones3-haproxy_s3g2_1 ... 
Creating ozones3-haproxy_s3g3_1 ... 
Creating ozones3-haproxy_datanode_1 ... 
Creating ozones3-haproxy_s3g1_1     ... 
Creating ozones3-haproxy_datanode_2 ... 
Creating ozones3-haproxy_datanode_3 ... 
Creating ozones3-haproxy_scm_1      ... done
Creating ozones3-haproxy_s3g_1      ... done
Creating ozones3-haproxy_s3g3_1     ... done
Creating ozones3-haproxy_s3g1_1     ... done
Creating ozones3-haproxy_s3g2_1     ... done
Creating ozones3-haproxy_om_1       ... done
Creating ozones3-haproxy_datanode_2 ... done
Creating ozones3-haproxy_datanode_3 ... done
Creating ozones3-haproxy_datanode_1 ... done
0 datanode is up and healthy (until now)
0 datanode is up and healthy (until now)
3 datanodes are up and registered to the scm
SCM is in safe mode.
SCM is in safe mode.
SCM is out of safe mode.
Safe mode is off
==============================================================================
ozones3-haproxy-basic :: Smoketest ozone cluster startup                      
==============================================================================
Check webui static resources                                          | PASS |
------------------------------------------------------------------------------
Start freon testing                                                   | PASS |
------------------------------------------------------------------------------
ozones3-haproxy-basic :: Smoketest ozone cluster startup              | PASS |
2 critical tests, 2 passed, 0 failed
2 tests total, 2 passed, 0 failed
==============================================================================
Output:  /tmp/smoketest/ozones3-haproxy/result/robot-ozones3-haproxy-ozones3-haproxy-basic-scm.xml
Connection pool is full, discarding connection: 0.0.0.0
Stopping ozones3-haproxy_datanode_3 ... 
Stopping ozones3-haproxy_datanode_1 ... 
Stopping ozones3-haproxy_datanode_2 ... 
Stopping ozones3-haproxy_om_1       ... 
Stopping ozones3-haproxy_s3g2_1     ... 
Stopping ozones3-haproxy_s3g1_1     ... 
Stopping ozones3-haproxy_s3g3_1     ... 
Stopping ozones3-haproxy_scm_1      ... 
Stopping ozones3-haproxy_s3g_1      ... 
Stopping ozones3-haproxy_datanode_3 ... done
Stopping ozones3-haproxy_scm_1      ... done
Stopping ozones3-haproxy_datanode_1 ... done
Stopping ozones3-haproxy_datanode_2 ... done
Stopping ozones3-haproxy_s3g1_1     ... done
Stopping ozones3-haproxy_om_1       ... done
Stopping ozones3-haproxy_s3g2_1     ... done
Stopping ozones3-haproxy_s3g_1      ... done
Stopping ozones3-haproxy_s3g3_1     ... done
Removing ozones3-haproxy_datanode_3 ... 
Removing ozones3-haproxy_datanode_1 ... 
Removing ozones3-haproxy_datanode_2 ... 
Removing ozones3-haproxy_om_1       ... 
Removing ozones3-haproxy_s3g2_1     ... 
Removing ozones3-haproxy_s3g1_1     ... 
Removing ozones3-haproxy_s3g3_1     ... 
Removing ozones3-haproxy_scm_1      ... 
Removing ozones3-haproxy_s3g_1      ... 
Removing ozones3-haproxy_om_1       ... done
Removing ozones3-haproxy_s3g1_1     ... done
Removing ozones3-haproxy_s3g3_1     ... done
Removing ozones3-haproxy_s3g_1      ... done
Removing ozones3-haproxy_datanode_3 ... done
Removing ozones3-haproxy_datanode_1 ... done
Removing ozones3-haproxy_datanode_2 ... done
Removing ozones3-haproxy_s3g2_1     ... done
Removing ozones3-haproxy_scm_1      ... done
Removing network ozones3-haproxy_default
Log:     /workdir/hadoop-ozone/dist/target/ozone-0.5.0-SNAPSHOT/compose/ozones3-haproxy/result/log.html
Report:  /workdir/hadoop-ozone/dist/target/ozone-0.5.0-SNAPSHOT/compose/ozones3-haproxy/result/report.html
Executing test in /workdir/hadoop-ozone/dist/target/ozone-0.5.0-SNAPSHOT/compose/ozones3
Removing network ozones3_default
Network ozones3_default not found.
Creating network "ozones3_default" with the default driver
Creating ozones3_scm_1 ... 
Creating ozones3_om_1  ... 
Creating ozones3_datanode_1 ... 
Creating ozones3_datanode_2 ... 
Creating ozones3_datanode_3 ... 
Creating ozones3_s3g_1      ... 
Creating ozones3_datanode_3 ... done
Creating ozones3_datanode_2 ... done
Creating ozones3_scm_1      ... done
Creating ozones3_om_1       ... done
Creating ozones3_s3g_1      ... done
Creating ozones3_datanode_1 ... done
0 datanode is up and healthy (until now)
2 datanode is up and healthy (until now)
3 datanodes are up and registered to the scm
SCM is in safe mode.
SCM is in safe mode.
SCM is in safe mode.
SCM is in safe mode.
SCM is in safe mode.
SCM is in safe mode.
SCM is in safe mode.
SCM is in safe mode.
SCM is out of safe mode.
Safe mode is off
==============================================================================
ozones3-basic :: Smoketest ozone cluster startup                              
==============================================================================
Check webui static resources                                          | PASS |
------------------------------------------------------------------------------
Start freon testing                                                   | PASS |
------------------------------------------------------------------------------
ozones3-basic :: Smoketest ozone cluster startup                      | PASS |
2 critical tests, 2 passed, 0 failed
2 tests total, 2 passed, 0 failed
==============================================================================
Output:  /tmp/smoketest/ozones3/result/robot-ozones3-ozones3-basic-scm.xml
==============================================================================
ozones3-s3                                                                    
==============================================================================
ozones3-s3.Awss3 :: S3 gateway test with aws cli                              
==============================================================================
File upload and directory list                                        | PASS |
------------------------------------------------------------------------------
ozones3-s3.Awss3 :: S3 gateway test with aws cli                      | PASS |
1 critical test, 1 passed, 0 failed
1 test total, 1 passed, 0 failed
==============================================================================
ozones3-s3.Bucketcreate :: S3 gateway test with aws cli                       
==============================================================================
Create bucket which already exists                                    | PASS |
------------------------------------------------------------------------------
ozones3-s3.Bucketcreate :: S3 gateway test with aws cli               | PASS |
1 critical test, 1 passed, 0 failed
1 test total, 1 passed, 0 failed
==============================================================================
ozones3-s3.Buckethead :: S3 gateway test with aws cli                         
==============================================================================
Head Bucket not existent                                              | PASS |
------------------------------------------------------------------------------
ozones3-s3.Buckethead :: S3 gateway test with aws cli                 | PASS |
1 critical test, 1 passed, 0 failed
1 test total, 1 passed, 0 failed
==============================================================================
ozones3-s3.Bucketlist :: S3 gateway test with aws cli                         
==============================================================================
List buckets                                                          | PASS |
------------------------------------------------------------------------------
ozones3-s3.Bucketlist :: S3 gateway test with aws cli                 | PASS |
1 critical test, 1 passed, 0 failed
1 test total, 1 passed, 0 failed
==============================================================================
ozones3-s3.MultipartUpload :: S3 gateway test with aws cli                    
==============================================================================
Test Multipart Upload                                                 | PASS |
------------------------------------------------------------------------------
Test Multipart Upload Complete                                        | PASS |
------------------------------------------------------------------------------
Test Multipart Upload Complete Entity too small                       | PASS |
------------------------------------------------------------------------------
Test Multipart Upload Complete Invalid part errors and complete mp... | PASS |
------------------------------------------------------------------------------
Test abort Multipart upload                                           | PASS |
------------------------------------------------------------------------------
Test abort Multipart upload with invalid uploadId                     | PASS |
------------------------------------------------------------------------------
Upload part with Incorrect uploadID                                   | PASS |
------------------------------------------------------------------------------
Test list parts                                                       | PASS |
------------------------------------------------------------------------------
Test Multipart Upload with the simplified aws s3 cp API               | PASS |
------------------------------------------------------------------------------
Test Multipart Upload Put With Copy                                   | PASS |
------------------------------------------------------------------------------
Test Multipart Upload Put With Copy and range                         | PASS |
------------------------------------------------------------------------------
Test Multipart Upload list                                            | PASS |
------------------------------------------------------------------------------
ozones3-s3.MultipartUpload :: S3 gateway test with aws cli            | PASS |
12 critical tests, 12 passed, 0 failed
12 tests total, 12 passed, 0 failed
==============================================================================
ozones3-s3.Objectcopy :: S3 gateway test with aws cli                         
==============================================================================
Copy Object Happy Scenario                                            | PASS |
------------------------------------------------------------------------------
Copy Object Where Bucket is not available                             | PASS |
------------------------------------------------------------------------------
Copy Object Where both source and dest are same with change to sto... | PASS |
------------------------------------------------------------------------------
Copy Object Where Key not available                                   | PASS |
------------------------------------------------------------------------------
ozones3-s3.Objectcopy :: S3 gateway test with aws cli                 | PASS |
4 critical tests, 4 passed, 0 failed
4 tests total, 4 passed, 0 failed
==============================================================================
ozones3-s3.Objectdelete :: S3 gateway test with aws cli                       
==============================================================================
Delete file with s3api                                                | PASS |
------------------------------------------------------------------------------
Delete file with s3api, file doesn't exist                            | PASS |
------------------------------------------------------------------------------
Delete dir with s3api                                                 | PASS |
------------------------------------------------------------------------------
Delete file with s3api, file doesn't exist, prefix of a real file     | PASS |
------------------------------------------------------------------------------
Delete file with s3api, bucket doesn't exist                          | PASS |
------------------------------------------------------------------------------
ozones3-s3.Objectdelete :: S3 gateway test with aws cli               | PASS |
5 critical tests, 5 passed, 0 failed
5 tests total, 5 passed, 0 failed
==============================================================================
ozones3-s3.Objectmultidelete :: S3 gateway test with aws cli                  
==============================================================================
Delete file with multi delete                                         | PASS |
------------------------------------------------------------------------------
ozones3-s3.Objectmultidelete :: S3 gateway test with aws cli          | PASS |
1 critical test, 1 passed, 0 failed
1 test total, 1 passed, 0 failed
==============================================================================
ozones3-s3.Objectputget :: S3 gateway test with aws cli                       
==============================================================================
Put object to s3                                                      | PASS |
------------------------------------------------------------------------------
Get object from s3                                                    | PASS |
------------------------------------------------------------------------------
Get Partial object from s3 with both start and endoffset              | PASS |
------------------------------------------------------------------------------
Get Partial object from s3 with both start and endoffset(start off... | PASS |
------------------------------------------------------------------------------
Get Partial object from s3 with both start and endoffset(end offse... | PASS |
------------------------------------------------------------------------------
Get Partial object from s3 with only start offset                     | PASS |
------------------------------------------------------------------------------
Get Partial object from s3 with both start and endoffset which are... | PASS |
------------------------------------------------------------------------------
Get Partial object from s3 to get last n bytes                        | PASS |
------------------------------------------------------------------------------
Incorrect values for end and start offset                             | PASS |
------------------------------------------------------------------------------
Zero byte file                                                        | PASS |
------------------------------------------------------------------------------
ozones3-s3.Objectputget :: S3 gateway test with aws cli               | PASS |
10 critical tests, 10 passed, 0 failed
10 tests total, 10 passed, 0 failed
==============================================================================
ozones3-s3.Webui :: S3 gateway web ui test                                    
==============================================================================
S3 Gateway Web UI                                                     | PASS |
------------------------------------------------------------------------------
ozones3-s3.Webui :: S3 gateway web ui test                            | PASS |
1 critical test, 1 passed, 0 failed
1 test total, 1 passed, 0 failed
==============================================================================
ozones3-s3                                                            | PASS |
37 critical tests, 37 passed, 0 failed
37 tests total, 37 passed, 0 failed
==============================================================================
Output:  /tmp/smoketest/ozones3/result/robot-ozones3-ozones3-s3-scm.xml
Stopping ozones3_s3g_1      ... 
Stopping ozones3_datanode_1 ... 
Stopping ozones3_datanode_3 ... 
Stopping ozones3_datanode_2 ... 
Stopping ozones3_scm_1      ... 
Stopping ozones3_om_1       ... 
Stopping ozones3_datanode_3 ... done
Stopping ozones3_om_1       ... done
Stopping ozones3_scm_1      ... done
Stopping ozones3_datanode_1 ... done
Stopping ozones3_s3g_1      ... done
Stopping ozones3_datanode_2 ... done
Removing ozones3_s3g_1      ... 
Removing ozones3_datanode_1 ... 
Removing ozones3_datanode_3 ... 
Removing ozones3_datanode_2 ... 
Removing ozones3_scm_1      ... 
Removing ozones3_om_1       ... 
Removing ozones3_s3g_1      ... done
Removing ozones3_om_1       ... done
Removing ozones3_datanode_3 ... done
Removing ozones3_datanode_1 ... done
Removing ozones3_datanode_2 ... done
Removing ozones3_scm_1      ... done
Removing network ozones3_default
Log:     /workdir/hadoop-ozone/dist/target/ozone-0.5.0-SNAPSHOT/compose/ozones3/result/log.html
Report:  /workdir/hadoop-ozone/dist/target/ozone-0.5.0-SNAPSHOT/compose/ozones3/result/report.html
Executing test in /workdir/hadoop-ozone/dist/target/ozone-0.5.0-SNAPSHOT/compose/ozonesecure-mr
Removing network ozone
Network ozone not found.
Creating network "ozone" with the default driver
Building kdc
Step 1/16 : FROM openjdk:8u191-jdk-alpine3.9
8u191-jdk-alpine3.9: Pulling from library/openjdk
Digest: sha256:d2e2716147d1f7fe73b1a9f72a9cff7a7aa92d32eb8de4fffbfddc596e004984
Status: Downloaded newer image for openjdk:8u191-jdk-alpine3.9
 ---> e9ea51023687
Step 2/16 : RUN apk add --no-cache bash ca-certificates openssl krb5-server krb5 && rm -rf /var/cache/apk/* && update-ca-certificates
 ---> Running in be5a52c4c4eb
fetch http://dl-cdn.alpinelinux.org/alpine/v3.9/main/x86_64/APKINDEX.tar.gz
fetch http://dl-cdn.alpinelinux.org/alpine/v3.9/community/x86_64/APKINDEX.tar.gz
(1/15) Installing ncurses-terminfo-base (6.1_p20190105-r0)
(2/15) Installing ncurses-terminfo (6.1_p20190105-r0)
(3/15) Installing ncurses-libs (6.1_p20190105-r0)
(4/15) Installing readline (7.0.003-r1)
(5/15) Installing bash (4.4.19-r1)
Executing bash-4.4.19-r1.post-install
(6/15) Installing e2fsprogs-libs (1.44.5-r1)
(7/15) Installing krb5 (1.15.5-r0)
(8/15) Installing libev (4.25-r0)
(9/15) Installing libverto-libev (0.3.0-r1)
(10/15) Installing db (5.3.28-r1)
(11/15) Installing libsasl (2.1.27-r1)
(12/15) Installing libldap (2.4.48-r0)
(13/15) Installing krb5-server-ldap (1.15.5-r0)
(14/15) Installing krb5-server (1.15.5-r0)
(15/15) Installing openssl (1.1.1d-r0)
Executing busybox-1.29.3-r10.trigger
OK: 117 MiB in 69 packages
[91mWARNING: ca-certificates.crt does not contain exactly one certificate or CRL: skipping
[0m ---> faf58a889af5
Step 3/16 : RUN wget -O /usr/local/bin/dumb-init https://github.com/Yelp/dumb-init/releases/download/v1.2.0/dumb-init_1.2.0_amd64
 ---> Running in fa3ab34b51ac
[91mConnecting to github.com (192.30.255.112:443)
[0m[91mConnecting to github-production-release-asset-2e65be.s3.amazonaws.com (52.216.109.123:443)
[0m[91mdumb-init             36% |***********                     | 16951  0:00:01 ETA
dumb-init            100% |********************************| 46400  0:00:00 ETA

[0m ---> 0248cdd8b2c2
Step 4/16 : RUN chmod +x /usr/local/bin/dumb-init
 ---> Running in 3f0189dffb80
 ---> 92e72f3caf78
Step 5/16 : RUN wget -O /root/issuer https://github.com/ajayydv/docker/raw/kdc/issuer
 ---> Running in 2e284f994d72
[91mConnecting to github.com (192.30.255.112:443)
[0m[91mConnecting to raw.githubusercontent.com (151.101.0.133:443)
[0m[91missuer               100% |********************************| 6586k  0:00:00 ETA

[0m ---> 7036a45ed617
Step 6/16 : RUN chmod +x /root/issuer
 ---> Running in 0e6c2b995780
 ---> 707dec82baba
Step 7/16 : WORKDIR /opt
 ---> e359cafeb585
Step 8/16 : COPY krb5.conf /etc/
 ---> 969b44b49610
Step 9/16 : COPY kadm5.acl /var/lib/krb5kdc/kadm5.acl
 ---> 35cdce7b08fc
Step 10/16 : RUN kdb5_util create -s -P Welcome1
 ---> Running in 844aab6481b3
Loading random data
Initializing database '/var/lib/krb5kdc/principal' for realm 'EXAMPLE.COM',
master key name 'K/M@EXAMPLE.COM'
 ---> 9d57f1025984
Step 11/16 : RUN kadmin.local -q "addprinc -randkey admin/admin@EXAMPLE.COM"
 ---> Running in c03dbc3f9ce8
Authenticating as principal root/admin@EXAMPLE.COM with password.
[91mWARNING: no policy specified for admin/admin@EXAMPLE.COM; defaulting to no policy
[0mPrincipal "admin/admin@EXAMPLE.COM" created.
 ---> 838a24d38974
Step 12/16 : RUN kadmin.local -q "ktadd -k /tmp/admin.keytab admin/admin@EXAMPLE.COM"
 ---> Running in 8b0958b86179
Authenticating as principal root/admin@EXAMPLE.COM with password.
Entry for principal admin/admin@EXAMPLE.COM with kvno 2, encryption type aes256-cts-hmac-sha1-96 added to keytab WRFILE:/tmp/admin.keytab.
Entry for principal admin/admin@EXAMPLE.COM with kvno 2, encryption type aes128-cts-hmac-sha1-96 added to keytab WRFILE:/tmp/admin.keytab.
 ---> 3087ac632b94
Step 13/16 : COPY launcher.sh .
 ---> faffc03e821f
Step 14/16 : RUN chmod +x /opt/launcher.sh
 ---> Running in 8a83d7659b95
 ---> e392af230798
Step 15/16 : RUN mkdir -p /data
 ---> Running in 199ae8fcd8bf
 ---> 227faba009e1
Step 16/16 : ENTRYPOINT ["/usr/local/bin/dumb-init", "--", "/opt/launcher.sh"]
 ---> Running in 4392b7b41be3
 ---> a3c5d5824b5d

Removing intermediate container 0e6c2b995780
Removing intermediate container 844aab6481b3
Removing intermediate container 4392b7b41be3
Removing intermediate container be5a52c4c4eb
Removing intermediate container 3f0189dffb80
Removing intermediate container 66c537694488
Removing intermediate container c03dbc3f9ce8
Removing intermediate container 8b0958b86179
Removing intermediate container 8a83d7659b95
Removing intermediate container 199ae8fcd8bf
Removing intermediate container fa3ab34b51ac
Removing intermediate container 2e284f994d72
[Warning] One or more build-args [buildno] were not consumed
Successfully built a3c5d5824b5d
Successfully tagged ozonesecure-mr_kdc:latest
Image for service kdc was built because it did not already exist. To rebuild this image you must use `docker-compose build` or `docker-compose up --build`.
Creating ozonesecure-mr_datanode_1 ... 
Creating ozonesecure-mr_datanode_2 ... 
Creating ozonesecure-mr_datanode_3 ... 
Creating ozonesecure-mr_scm_1      ... 
Creating jhs                       ... 
Creating ozonesecure-mr_rm_1       ... 
Creating ozonesecure-mr_om_1       ... 
Creating ozonesecure-mr_nm_1       ... 
Creating ozonesecure-mr_kms_1      ... 
Creating ozonesecure-mr_s3g_1      ... 
Creating ozonesecure-mr_kdc_1      ... 
Creating ozonesecure-mr_datanode_1 ... done
Creating ozonesecure-mr_kdc_1      ... done
Creating ozonesecure-mr_scm_1      ... done
Creating ozonesecure-mr_datanode_3 ... done
Creating ozonesecure-mr_om_1       ... done
Creating ozonesecure-mr_kms_1      ... done
Creating ozonesecure-mr_nm_1       ... done
Creating ozonesecure-mr_datanode_2 ... done
Creating ozonesecure-mr_rm_1       ... done
Connection pool is full, discarding connection: 0.0.0.0
Creating jhs                       ... done
Creating ozonesecure-mr_s3g_1      ... done
kinit: Cannot contact any KDC for realm 'EXAMPLE.COM' while getting initial credentials
kinit: Cannot contact any KDC for realm 'EXAMPLE.COM' while getting initial credentials
kinit: Cannot contact any KDC for realm 'EXAMPLE.COM' while getting initial credentials
kinit: Cannot contact any KDC for realm 'EXAMPLE.COM' while getting initial credentials
kinit: Cannot contact any KDC for realm 'EXAMPLE.COM' while getting initial credentials
kinit: Cannot contact any KDC for realm 'EXAMPLE.COM' while getting initial credentials
kinit: Cannot contact any KDC for realm 'EXAMPLE.COM' while getting initial credentials
kinit: Cannot contact any KDC for realm 'EXAMPLE.COM' while getting initial credentials
0 datanode is up and healthy (until now)
0 datanode is up and healthy (until now)
3 datanodes are up and registered to the scm
bash: -c: line 0: unexpected EOF while looking for matching `''
bash: -c: line 1: syntax error: unexpected end of file

bash: -c: line 0: unexpected EOF while looking for matching `''
bash: -c: line 1: syntax error: unexpected end of file

bash: -c: line 0: unexpected EOF while looking for matching `''
bash: -c: line 1: syntax error: unexpected end of file

bash: -c: line 0: unexpected EOF while looking for matching `''
bash: -c: line 1: syntax error: unexpected end of file

bash: -c: line 0: unexpected EOF while looking for matching `''
bash: -c: line 1: syntax error: unexpected end of file

bash: -c: line 0: unexpected EOF while looking for matching `''
bash: -c: line 1: syntax error: unexpected end of file

bash: -c: line 0: unexpected EOF while looking for matching `''
bash: -c: line 1: syntax error: unexpected end of file

bash: -c: line 0: unexpected EOF while looking for matching `''
bash: -c: line 1: syntax error: unexpected end of file

bash: -c: line 0: unexpected EOF while looking for matching `''
bash: -c: line 1: syntax error: unexpected end of file

bash: -c: line 0: unexpected EOF while looking for matching `''
bash: -c: line 1: syntax error: unexpected end of file

bash: -c: line 0: unexpected EOF while looking for matching `''
bash: -c: line 1: syntax error: unexpected end of file

bash: -c: line 0: unexpected EOF while looking for matching `''
bash: -c: line 1: syntax error: unexpected end of file

bash: -c: line 0: unexpected EOF while looking for matching `''
bash: -c: line 1: syntax error: unexpected end of file

bash: -c: line 0: unexpected EOF while looking for matching `''
bash: -c: line 1: syntax error: unexpected end of file

bash: -c: line 0: unexpected EOF while looking for matching `''
bash: -c: line 1: syntax error: unexpected end of file

bash: -c: line 0: unexpected EOF while looking for matching `''
bash: -c: line 1: syntax error: unexpected end of file

bash: -c: line 0: unexpected EOF while looking for matching `''
bash: -c: line 1: syntax error: unexpected end of file

bash: -c: line 0: unexpected EOF while looking for matching `''
bash: -c: line 1: syntax error: unexpected end of file

bash: -c: line 0: unexpected EOF while looking for matching `''
bash: -c: line 1: syntax error: unexpected end of file

bash: -c: line 0: unexpected EOF while looking for matching `''
bash: -c: line 1: syntax error: unexpected end of file

bash: -c: line 0: unexpected EOF while looking for matching `''
bash: -c: line 1: syntax error: unexpected end of file

bash: -c: line 0: unexpected EOF while looking for matching `''
bash: -c: line 1: syntax error: unexpected end of file

bash: -c: line 0: unexpected EOF while looking for matching `''
bash: -c: line 1: syntax error: unexpected end of file

bash: -c: line 0: unexpected EOF while looking for matching `''
bash: -c: line 1: syntax error: unexpected end of file

bash: -c: line 0: unexpected EOF while looking for matching `''
bash: -c: line 1: syntax error: unexpected end of file

bash: -c: line 0: unexpected EOF while looking for matching `''
bash: -c: line 1: syntax error: unexpected end of file

bash: -c: line 0: unexpected EOF while looking for matching `''
bash: -c: line 1: syntax error: unexpected end of file

bash: -c: line 0: unexpected EOF while looking for matching `''
bash: -c: line 1: syntax error: unexpected end of file

bash: -c: line 0: unexpected EOF while looking for matching `''
bash: -c: line 1: syntax error: unexpected end of file

bash: -c: line 0: unexpected EOF while looking for matching `''
bash: -c: line 1: syntax error: unexpected end of file

bash: -c: line 0: unexpected EOF while looking for matching `''
bash: -c: line 1: syntax error: unexpected end of file

bash: -c: line 0: unexpected EOF while looking for matching `''
bash: -c: line 1: syntax error: unexpected end of file

bash: -c: line 0: unexpected EOF while looking for matching `''
bash: -c: line 1: syntax error: unexpected end of file

bash: -c: line 0: unexpected EOF while looking for matching `''
bash: -c: line 1: syntax error: unexpected end of file

bash: -c: line 0: unexpected EOF while looking for matching `''
bash: -c: line 1: syntax error: unexpected end of file

WARNING! Safemode is still on. Please check the docker-compose files
Connection pool is full, discarding connection: 0.0.0.0
Connection pool is full, discarding connection: 0.0.0.0
Connection pool is full, discarding connection: 0.0.0.0
Connection pool is full, discarding connection: 0.0.0.0
Connection pool is full, discarding connection: 0.0.0.0
Connection pool is full, discarding connection: 0.0.0.0
Stopping ozonesecure-mr_kdc_1      ... 
Stopping ozonesecure-mr_kms_1      ... 
Stopping ozonesecure-mr_nm_1       ... 
Stopping ozonesecure-mr_s3g_1      ... 
Stopping ozonesecure-mr_rm_1       ... 
Stopping jhs                       ... 
Stopping ozonesecure-mr_om_1       ... 
Stopping ozonesecure-mr_datanode_3 ... 
Stopping ozonesecure-mr_datanode_2 ... 
Stopping ozonesecure-mr_scm_1      ... 
Stopping ozonesecure-mr_datanode_1 ... 
Stopping ozonesecure-mr_kdc_1      ... done
Stopping jhs                       ... done
Stopping ozonesecure-mr_nm_1       ... done
Stopping ozonesecure-mr_rm_1       ... done
Stopping ozonesecure-mr_kms_1      ... done
Stopping ozonesecure-mr_datanode_3 ... done
Stopping ozonesecure-mr_datanode_1 ... done
Stopping ozonesecure-mr_datanode_2 ... done
Stopping ozonesecure-mr_scm_1      ... done
Stopping ozonesecure-mr_s3g_1      ... done
Connection pool is full, discarding connection: 0.0.0.0
Stopping ozonesecure-mr_om_1       ... done
Removing ozonesecure-mr_kdc_1      ... 
Removing ozonesecure-mr_kms_1      ... 
Removing ozonesecure-mr_nm_1       ... 
Removing ozonesecure-mr_s3g_1      ... 
Removing ozonesecure-mr_rm_1       ... 
Removing jhs                       ... 
Removing ozonesecure-mr_om_1       ... 
Removing ozonesecure-mr_datanode_3 ... 
Removing ozonesecure-mr_datanode_2 ... 
Removing ozonesecure-mr_scm_1      ... 
Removing ozonesecure-mr_datanode_1 ... 
Removing ozonesecure-mr_scm_1      ... done
Removing ozonesecure-mr_s3g_1      ... done
Removing ozonesecure-mr_kdc_1      ... done
Removing ozonesecure-mr_om_1       ... done
Removing ozonesecure-mr_datanode_3 ... done
Removing ozonesecure-mr_datanode_2 ... done
Removing ozonesecure-mr_rm_1       ... done
Removing ozonesecure-mr_nm_1       ... done
Removing jhs                       ... done
Removing ozonesecure-mr_datanode_1 ... done
Connection pool is full, discarding connection: 0.0.0.0
Removing ozonesecure-mr_kms_1      ... done
Removing network ozone
ERROR: Test execution of /workdir/hadoop-ozone/dist/target/ozone-0.5.0-SNAPSHOT/compose/ozonesecure-mr is FAILED!!!!
cp: cannot stat '/workdir/hadoop-ozone/dist/target/ozone-0.5.0-SNAPSHOT/compose/ozonesecure-mr/result/robot-*.xml': No such file or directory
Executing test in /workdir/hadoop-ozone/dist/target/ozone-0.5.0-SNAPSHOT/compose/ozonesecure
Removing network ozonesecure_default
Network ozonesecure_default not found.
Creating network "ozonesecure_default" with the default driver
Building kdc
Step 1/16 : FROM openjdk:8u191-jdk-alpine3.9
 ---> e9ea51023687
Step 2/16 : RUN apk add --update bash ca-certificates openssl krb5-server krb5 && rm -rf /var/cache/apk/* && update-ca-certificates
 ---> Running in 0785011ea70c
fetch http://dl-cdn.alpinelinux.org/alpine/v3.9/main/x86_64/APKINDEX.tar.gz
fetch http://dl-cdn.alpinelinux.org/alpine/v3.9/community/x86_64/APKINDEX.tar.gz
(1/15) Installing ncurses-terminfo-base (6.1_p20190105-r0)
(2/15) Installing ncurses-terminfo (6.1_p20190105-r0)
(3/15) Installing ncurses-libs (6.1_p20190105-r0)
(4/15) Installing readline (7.0.003-r1)
(5/15) Installing bash (4.4.19-r1)
Executing bash-4.4.19-r1.post-install
(6/15) Installing e2fsprogs-libs (1.44.5-r1)
(7/15) Installing krb5 (1.15.5-r0)
(8/15) Installing libev (4.25-r0)
(9/15) Installing libverto-libev (0.3.0-r1)
(10/15) Installing db (5.3.28-r1)
(11/15) Installing libsasl (2.1.27-r1)
(12/15) Installing libldap (2.4.48-r0)
(13/15) Installing krb5-server-ldap (1.15.5-r0)
(14/15) Installing krb5-server (1.15.5-r0)
(15/15) Installing openssl (1.1.1d-r0)
Executing busybox-1.29.3-r10.trigger
OK: 117 MiB in 69 packages
[91mWARNING: ca-certificates.crt does not contain exactly one certificate or CRL: skipping
[0m ---> 4980322f0a6d
Step 3/16 : RUN wget -O /usr/local/bin/dumb-init https://github.com/Yelp/dumb-init/releases/download/v1.2.0/dumb-init_1.2.0_amd64
 ---> Running in c66fcaa1a7a1
[91mConnecting to github.com (192.30.255.113:443)
[0m[91mConnecting to github-production-release-asset-2e65be.s3.amazonaws.com (52.216.132.75:443)
[0m[91mdumb-init            100% |********************************| 46400  0:00:00 ETA

[0m ---> 18fb7b7ba1df
Step 4/16 : RUN chmod +x /usr/local/bin/dumb-init
 ---> Running in 8a79b2e7e89e
 ---> ec140c5b2fd0
Step 5/16 : RUN wget -O /root/issuer https://github.com/ajayydv/docker/raw/kdc/issuer
 ---> Running in 04afc76601d1
[91mConnecting to github.com (192.30.255.113:443)
[0m[91mConnecting to raw.githubusercontent.com (151.101.0.133:443)
[0m[91missuer               100% |********************************| 6586k  0:00:00 ETA

[0m ---> ff6f9e707a96
Step 6/16 : RUN chmod +x /root/issuer
 ---> Running in a2fe6160be00
 ---> 722cc693b524
Step 7/16 : WORKDIR /opt
 ---> 227aacab6ea0
Step 8/16 : ADD krb5.conf /etc/
 ---> 15915e074a8b
Step 9/16 : ADD kadm5.acl /var/lib/krb5kdc/kadm5.acl
 ---> 82b7ed71acea
Step 10/16 : RUN kdb5_util create -s -P Welcome1
 ---> Running in 897365f00c2f
Loading random data
Initializing database '/var/lib/krb5kdc/principal' for realm 'EXAMPLE.COM',
master key name 'K/M@EXAMPLE.COM'
 ---> 5b4ac0235974
Step 11/16 : RUN kadmin.local -q "addprinc -randkey admin/admin@EXAMPLE.COM"
 ---> Running in e63ad3df5f17
Authenticating as principal root/admin@EXAMPLE.COM with password.
[91mWARNING: no policy specified for admin/admin@EXAMPLE.COM; defaulting to no policy
[0mPrincipal "admin/admin@EXAMPLE.COM" created.
 ---> 9c923182dc89
Step 12/16 : RUN kadmin.local -q "ktadd -k /tmp/admin.keytab admin/admin@EXAMPLE.COM"
 ---> Running in 6e9de8d8d679
Authenticating as principal root/admin@EXAMPLE.COM with password.
Entry for principal admin/admin@EXAMPLE.COM with kvno 2, encryption type aes256-cts-hmac-sha1-96 added to keytab WRFILE:/tmp/admin.keytab.
Entry for principal admin/admin@EXAMPLE.COM with kvno 2, encryption type aes128-cts-hmac-sha1-96 added to keytab WRFILE:/tmp/admin.keytab.
 ---> 2c003653cc3c
Step 13/16 : ADD launcher.sh .
 ---> b978d5b7eba4
Step 14/16 : RUN chmod +x /opt/launcher.sh
 ---> Running in 52664e328890
 ---> cff585df09bd
Step 15/16 : RUN mkdir -p /data
 ---> Running in fb42ef376039
 ---> 8ea32c5cee01
Step 16/16 : ENTRYPOINT ["/usr/local/bin/dumb-init", "--", "/opt/launcher.sh"]
 ---> Running in efe6f45a805e
 ---> 72c8ca53d9c7
Removing intermediate container 897365f00c2f
Removing intermediate container 6e9de8d8d679
Removing intermediate container 52664e328890
Removing intermediate container fb42ef376039
Removing intermediate container 8a79b2e7e89e
Removing intermediate container 04afc76601d1
Removing intermediate container a2fe6160be00
Removing intermediate container ba61c0f42f5a
Removing intermediate container 0785011ea70c
Removing intermediate container c66fcaa1a7a1
Removing intermediate container e63ad3df5f17
Removing intermediate container efe6f45a805e
[Warning] One or more build-args [buildno] were not consumed
Successfully built 72c8ca53d9c7
Successfully tagged ozonesecure_kdc:latest
Image for service kdc was built because it did not already exist. To rebuild this image you must use `docker-compose build` or `docker-compose up --build`.
Creating ozonesecure_s3g_1 ... 
Creating ozonesecure_om_1  ... 
Creating ozonesecure_kdc_1 ... 
Creating ozonesecure_recon_1 ... 
Creating ozonesecure_scm_1   ... 
Creating ozonesecure_kms_1   ... 
Creating ozonesecure_datanode_1 ... 
Creating ozonesecure_datanode_2 ... 
Creating ozonesecure_datanode_3 ... 
Creating ozonesecure_datanode_2 ... done
Creating ozonesecure_recon_1    ... done
Creating ozonesecure_om_1       ... done
Creating ozonesecure_kms_1      ... done
Creating ozonesecure_s3g_1      ... done
Creating ozonesecure_datanode_3 ... done
Creating ozonesecure_scm_1      ... done
Creating ozonesecure_kdc_1      ... done
Creating ozonesecure_datanode_1 ... done
kinit: Cannot contact any KDC for realm 'EXAMPLE.COM' while getting initial credentials
kinit: Cannot contact any KDC for realm 'EXAMPLE.COM' while getting initial credentials
kinit: Cannot contact any KDC for realm 'EXAMPLE.COM' while getting initial credentials
kinit: Cannot contact any KDC for realm 'EXAMPLE.COM' while getting initial credentials
kinit: Cannot contact any KDC for realm 'EXAMPLE.COM' while getting initial credentials
kinit: Cannot contact any KDC for realm 'EXAMPLE.COM' while getting initial credentials
kinit: Cannot contact any KDC for realm 'EXAMPLE.COM' while getting initial credentials
kinit: Cannot contact any KDC for realm 'EXAMPLE.COM' while getting initial credentials
0 datanode is up and healthy (until now)
0 datanode is up and healthy (until now)
0 datanode is up and healthy (until now)
3 datanodes are up and registered to the scm
bash: -c: line 0: unexpected EOF while looking for matching `''
bash: -c: line 1: syntax error: unexpected end of file

bash: -c: line 0: unexpected EOF while looking for matching `''
bash: -c: line 1: syntax error: unexpected end of file

bash: -c: line 0: unexpected EOF while looking for matching `''
bash: -c: line 1: syntax error: unexpected end of file

bash: -c: line 0: unexpected EOF while looking for matching `''
bash: -c: line 1: syntax error: unexpected end of file

bash: -c: line 0: unexpected EOF while looking for matching `''
bash: -c: line 1: syntax error: unexpected end of file

bash: -c: line 0: unexpected EOF while looking for matching `''
bash: -c: line 1: syntax error: unexpected end of file

bash: -c: line 0: unexpected EOF while looking for matching `''
bash: -c: line 1: syntax error: unexpected end of file

bash: -c: line 0: unexpected EOF while looking for matching `''
bash: -c: line 1: syntax error: unexpected end of file

bash: -c: line 0: unexpected EOF while looking for matching `''
bash: -c: line 1: syntax error: unexpected end of file

bash: -c: line 0: unexpected EOF while looking for matching `''
bash: -c: line 1: syntax error: unexpected end of file

bash: -c: line 0: unexpected EOF while looking for matching `''
bash: -c: line 1: syntax error: unexpected end of file

bash: -c: line 0: unexpected EOF while looking for matching `''
bash: -c: line 1: syntax error: unexpected end of file

bash: -c: line 0: unexpected EOF while looking for matching `''
bash: -c: line 1: syntax error: unexpected end of file

bash: -c: line 0: unexpected EOF while looking for matching `''
bash: -c: line 1: syntax error: unexpected end of file

bash: -c: line 0: unexpected EOF while looking for matching `''
bash: -c: line 1: syntax error: unexpected end of file

bash: -c: line 0: unexpected EOF while looking for matching `''
bash: -c: line 1: syntax error: unexpected end of file

bash: -c: line 0: unexpected EOF while looking for matching `''
bash: -c: line 1: syntax error: unexpected end of file

bash: -c: line 0: unexpected EOF while looking for matching `''
bash: -c: line 1: syntax error: unexpected end of file

bash: -c: line 0: unexpected EOF while looking for matching `''
bash: -c: line 1: syntax error: unexpected end of file

bash: -c: line 0: unexpected EOF while looking for matching `''
bash: -c: line 1: syntax error: unexpected end of file

bash: -c: line 0: unexpected EOF while looking for matching `''
bash: -c: line 1: syntax error: unexpected end of file

bash: -c: line 0: unexpected EOF while looking for matching `''
bash: -c: line 1: syntax error: unexpected end of file

bash: -c: line 0: unexpected EOF while looking for matching `''
bash: -c: line 1: syntax error: unexpected end of file

bash: -c: line 0: unexpected EOF while looking for matching `''
bash: -c: line 1: syntax error: unexpected end of file

bash: -c: line 0: unexpected EOF while looking for matching `''
bash: -c: line 1: syntax error: unexpected end of file

bash: -c: line 0: unexpected EOF while looking for matching `''
bash: -c: line 1: syntax error: unexpected end of file

bash: -c: line 0: unexpected EOF while looking for matching `''
bash: -c: line 1: syntax error: unexpected end of file

bash: -c: line 0: unexpected EOF while looking for matching `''
bash: -c: line 1: syntax error: unexpected end of file

bash: -c: line 0: unexpected EOF while looking for matching `''
bash: -c: line 1: syntax error: unexpected end of file

bash: -c: line 0: unexpected EOF while looking for matching `''
bash: -c: line 1: syntax error: unexpected end of file

bash: -c: line 0: unexpected EOF while looking for matching `''
bash: -c: line 1: syntax error: unexpected end of file

bash: -c: line 0: unexpected EOF while looking for matching `''
bash: -c: line 1: syntax error: unexpected end of file

bash: -c: line 0: unexpected EOF while looking for matching `''
bash: -c: line 1: syntax error: unexpected end of file

bash: -c: line 0: unexpected EOF while looking for matching `''
bash: -c: line 1: syntax error: unexpected end of file

bash: -c: line 0: unexpected EOF while looking for matching `''
bash: -c: line 1: syntax error: unexpected end of file

WARNING! Safemode is still on. Please check the docker-compose files
Connection pool is full, discarding connection: 0.0.0.0
Connection pool is full, discarding connection: 0.0.0.0
Stopping ozonesecure_datanode_2 ... 
Stopping ozonesecure_datanode_1 ... 
Stopping ozonesecure_kms_1      ... 
Stopping ozonesecure_datanode_3 ... 
Stopping ozonesecure_scm_1      ... 
Stopping ozonesecure_s3g_1      ... 
Stopping ozonesecure_om_1       ... 
Stopping ozonesecure_kdc_1      ... 
Stopping ozonesecure_kdc_1      ... done
Stopping ozonesecure_kms_1      ... done
Stopping ozonesecure_datanode_1 ... done
Stopping ozonesecure_om_1       ... done
Stopping ozonesecure_scm_1      ... done
Stopping ozonesecure_datanode_2 ... done
Stopping ozonesecure_s3g_1      ... done
Stopping ozonesecure_datanode_3 ... done
Removing ozonesecure_datanode_2 ... 
Removing ozonesecure_datanode_1 ... 
Removing ozonesecure_kms_1      ... 
Removing ozonesecure_datanode_3 ... 
Removing ozonesecure_recon_1    ... 
Removing ozonesecure_scm_1      ... 
Removing ozonesecure_s3g_1      ... 
Removing ozonesecure_om_1       ... 
Removing ozonesecure_kdc_1      ... 
Removing ozonesecure_datanode_3 ... done
Removing ozonesecure_om_1       ... done
Removing ozonesecure_s3g_1      ... done
Removing ozonesecure_datanode_2 ... done
Removing ozonesecure_recon_1    ... done
Removing ozonesecure_datanode_1 ... done
Removing ozonesecure_kms_1      ... done
Removing ozonesecure_scm_1      ... done
Removing ozonesecure_kdc_1      ... done
Removing network ozonesecure_default
ERROR: Test execution of /workdir/hadoop-ozone/dist/target/ozone-0.5.0-SNAPSHOT/compose/ozonesecure is FAILED!!!!
cp: cannot stat '/workdir/hadoop-ozone/dist/target/ozone-0.5.0-SNAPSHOT/compose/ozonesecure/result/robot-*.xml': No such file or directory
Log:     /workdir/hadoop-ozone/dist/target/ozone-0.5.0-SNAPSHOT/compose/result/log.html
Report:  /workdir/hadoop-ozone/dist/target/ozone-0.5.0-SNAPSHOT/compose/result/report.html
