rm: cannot remove '/workdir/hadoop-ozone/dist/target/ozone-0.5.0-SNAPSHOT/compose/result/*': No such file or directory
Executing test in /workdir/hadoop-ozone/dist/target/ozone-0.5.0-SNAPSHOT/compose/ozone-mr/hadoop27
Removing network hadoop27_default
Network hadoop27_default not found.
Creating network "hadoop27_default" with the default driver
Pulling scm (apache/ozone-runner:20190717-1)...
20190717-1: Pulling from apache/ozone-runner
Digest: sha256:00bb9519e6d236c50761dcc9c668ce7f04a74f160b916bf3baeaa26232389a69
Status: Downloaded newer image for apache/ozone-runner:20190717-1
Pulling nm (flokkr/hadoop:2.7.7)...
2.7.7: Pulling from flokkr/hadoop
Digest: sha256:594a1cc971f4e91218132f2027617859d4624a55bda01bc43ec07545022ac6c9
Status: Downloaded newer image for flokkr/hadoop:2.7.7
Creating hadoop27_nm_1 ... 
Creating hadoop27_s3g_1 ... 
Creating hadoop27_om_1  ... 
Creating hadoop27_datanode_1 ... 
Creating hadoop27_datanode_2 ... 
Creating hadoop27_datanode_3 ... 
Creating hadoop27_scm_1      ... 
Creating hadoop27_rm_1       ... 
Creating hadoop27_rm_1       ... done
Creating hadoop27_s3g_1      ... done
Creating hadoop27_scm_1      ... done
Creating hadoop27_datanode_1 ... done
Creating hadoop27_nm_1       ... done
Creating hadoop27_datanode_2 ... done
Creating hadoop27_om_1       ... done
Creating hadoop27_datanode_3 ... done
No container found for scm_1
No container found for scm_1
No container found for scm_1
No container found for scm_1
No container found for scm_1
No container found for scm_1
No container found for scm_1
No container found for scm_1
No container found for scm_1
No container found for scm_1
No container found for scm_1
No container found for scm_1
No container found for scm_1
No container found for scm_1
No container found for scm_1
No container found for scm_1
No container found for scm_1
No container found for scm_1
No container found for scm_1
No container found for scm_1
No container found for scm_1
No container found for scm_1
No container found for scm_1
No container found for scm_1
No container found for scm_1
No container found for scm_1
No container found for scm_1
No container found for scm_1
No container found for scm_1
No container found for scm_1
No container found for scm_1
No container found for scm_1
No container found for scm_1
No container found for scm_1
No container found for scm_1
No container found for scm_1
WARNING! Datanodes are not started successfully. Please check the docker-compose files
Connection pool is full, discarding connection: 0.0.0.0
Stopping hadoop27_nm_1       ... 
Stopping hadoop27_datanode_2 ... 
Stopping hadoop27_datanode_3 ... 
Stopping hadoop27_datanode_1 ... 
Stopping hadoop27_s3g_1      ... 
Stopping hadoop27_rm_1       ... 
Stopping hadoop27_om_1       ... 
Stopping hadoop27_om_1       ... done
Stopping hadoop27_nm_1       ... done
Stopping hadoop27_rm_1       ... done
Stopping hadoop27_datanode_2 ... done
Stopping hadoop27_s3g_1      ... done
Stopping hadoop27_datanode_3 ... done
Stopping hadoop27_datanode_1 ... done
Removing hadoop27_nm_1       ... 
Removing hadoop27_datanode_2 ... 
Removing hadoop27_datanode_3 ... 
Removing hadoop27_datanode_1 ... 
Removing hadoop27_scm_1      ... 
Removing hadoop27_s3g_1      ... 
Removing hadoop27_rm_1       ... 
Removing hadoop27_om_1       ... 
Removing hadoop27_datanode_2 ... done
Removing hadoop27_datanode_3 ... done
Removing hadoop27_nm_1       ... done
Removing hadoop27_om_1       ... done
Removing hadoop27_s3g_1      ... done
Removing hadoop27_rm_1       ... done
Removing hadoop27_scm_1      ... done
Removing hadoop27_datanode_1 ... done
Removing network hadoop27_default
ERROR: Test execution of /workdir/hadoop-ozone/dist/target/ozone-0.5.0-SNAPSHOT/compose/ozone-mr/hadoop27 is FAILED!!!!
cp: cannot stat '/workdir/hadoop-ozone/dist/target/ozone-0.5.0-SNAPSHOT/compose/ozone-mr/hadoop27/result/robot-*.xml': No such file or directory
Executing test in /workdir/hadoop-ozone/dist/target/ozone-0.5.0-SNAPSHOT/compose/ozone-mr/hadoop31
Removing network hadoop31_default
Network hadoop31_default not found.
Creating network "hadoop31_default" with the default driver
Pulling nm (flokkr/hadoop:3.1.2)...
3.1.2: Pulling from flokkr/hadoop
Digest: sha256:aaed24f2f15ef520340c98c99c96c62056e018fdfe4591b8dfdfa8fd50636dc1
Status: Downloaded newer image for flokkr/hadoop:3.1.2
Creating hadoop31_rm_1 ... 
Creating hadoop31_om_1 ... 
Creating hadoop31_s3g_1 ... 
Creating hadoop31_datanode_1 ... 
Creating hadoop31_datanode_2 ... 
Creating hadoop31_nm_1       ... 
Creating hadoop31_datanode_3 ... 
Creating hadoop31_scm_1      ... 
Creating hadoop31_rm_1       ... done
Creating hadoop31_s3g_1      ... done
Creating hadoop31_om_1       ... done
Creating hadoop31_datanode_3 ... done
Creating hadoop31_datanode_2 ... done
Creating hadoop31_nm_1       ... done
Creating hadoop31_scm_1      ... done
Creating hadoop31_datanode_1 ... done
No container found for scm_1
No container found for scm_1
No container found for scm_1
No container found for scm_1
No container found for scm_1
No container found for scm_1
No container found for scm_1
No container found for scm_1
No container found for scm_1
No container found for scm_1
No container found for scm_1
No container found for scm_1
No container found for scm_1
No container found for scm_1
No container found for scm_1
No container found for scm_1
No container found for scm_1
No container found for scm_1
No container found for scm_1
No container found for scm_1
No container found for scm_1
No container found for scm_1
No container found for scm_1
No container found for scm_1
No container found for scm_1
No container found for scm_1
No container found for scm_1
No container found for scm_1
No container found for scm_1
No container found for scm_1
No container found for scm_1
No container found for scm_1
No container found for scm_1
No container found for scm_1
No container found for scm_1
No container found for scm_1
WARNING! Datanodes are not started successfully. Please check the docker-compose files
Connection pool is full, discarding connection: 0.0.0.0
Connection pool is full, discarding connection: 0.0.0.0
Stopping hadoop31_nm_1       ... 
Stopping hadoop31_datanode_3 ... 
Stopping hadoop31_datanode_1 ... 
Stopping hadoop31_datanode_2 ... 
Stopping hadoop31_s3g_1      ... 
Stopping hadoop31_om_1       ... 
Stopping hadoop31_rm_1       ... 
Stopping hadoop31_nm_1       ... done
Stopping hadoop31_om_1       ... done
Stopping hadoop31_rm_1       ... done
Stopping hadoop31_datanode_2 ... done
Stopping hadoop31_datanode_3 ... done
Stopping hadoop31_s3g_1      ... done
Stopping hadoop31_datanode_1 ... done
Removing hadoop31_nm_1       ... 
Removing hadoop31_datanode_3 ... 
Removing hadoop31_datanode_1 ... 
Removing hadoop31_scm_1      ... 
Removing hadoop31_datanode_2 ... 
Removing hadoop31_s3g_1      ... 
Removing hadoop31_om_1       ... 
Removing hadoop31_rm_1       ... 
Removing hadoop31_datanode_2 ... done
Removing hadoop31_nm_1       ... done
Removing hadoop31_datanode_1 ... done
Removing hadoop31_om_1       ... done
Removing hadoop31_rm_1       ... done
Removing hadoop31_datanode_3 ... done
Removing hadoop31_scm_1      ... done
Removing hadoop31_s3g_1      ... done
Removing network hadoop31_default
ERROR: Test execution of /workdir/hadoop-ozone/dist/target/ozone-0.5.0-SNAPSHOT/compose/ozone-mr/hadoop31 is FAILED!!!!
cp: cannot stat '/workdir/hadoop-ozone/dist/target/ozone-0.5.0-SNAPSHOT/compose/ozone-mr/hadoop31/result/robot-*.xml': No such file or directory
Executing test in /workdir/hadoop-ozone/dist/target/ozone-0.5.0-SNAPSHOT/compose/ozone-mr/hadoop32
Removing network hadoop32_default
Network hadoop32_default not found.
Creating network "hadoop32_default" with the default driver
Pulling nm (apache/hadoop:3)...
3: Pulling from apache/hadoop
Digest: sha256:5cba355fd83de1bcce907abaa7f8ac3cfbc2ab74a09785ecdc892392883344f6
Status: Downloaded newer image for apache/hadoop:3
Creating hadoop32_rm_1 ... 
Creating hadoop32_s3g_1 ... 
Creating hadoop32_om_1  ... 
Creating hadoop32_scm_1 ... 
Creating hadoop32_datanode_1 ... 
Creating hadoop32_datanode_2 ... 
Creating hadoop32_datanode_3 ... 
Creating hadoop32_nm_1       ... 
Creating hadoop32_om_1       ... done
Creating hadoop32_datanode_1 ... done
Creating hadoop32_s3g_1      ... done
Creating hadoop32_rm_1       ... done
Creating hadoop32_datanode_2 ... done
Creating hadoop32_datanode_3 ... done
Creating hadoop32_scm_1      ... done
Creating hadoop32_nm_1       ... done
No container found for scm_1
No container found for scm_1
No container found for scm_1
No container found for scm_1
No container found for scm_1
No container found for scm_1
No container found for scm_1
No container found for scm_1
No container found for scm_1
No container found for scm_1
No container found for scm_1
No container found for scm_1
No container found for scm_1
No container found for scm_1
No container found for scm_1
No container found for scm_1
No container found for scm_1
No container found for scm_1
No container found for scm_1
No container found for scm_1
No container found for scm_1
No container found for scm_1
No container found for scm_1
No container found for scm_1
No container found for scm_1
No container found for scm_1
No container found for scm_1
No container found for scm_1
No container found for scm_1
No container found for scm_1
No container found for scm_1
No container found for scm_1
No container found for scm_1
No container found for scm_1
No container found for scm_1
WARNING! Datanodes are not started successfully. Please check the docker-compose files
Connection pool is full, discarding connection: 0.0.0.0
Connection pool is full, discarding connection: 0.0.0.0
Stopping hadoop32_datanode_3 ... 
Stopping hadoop32_datanode_2 ... 
Stopping hadoop32_nm_1       ... 
Stopping hadoop32_datanode_1 ... 
Stopping hadoop32_rm_1       ... 
Stopping hadoop32_s3g_1      ... 
Stopping hadoop32_om_1       ... 
Stopping hadoop32_om_1       ... done
Stopping hadoop32_nm_1       ... done
Stopping hadoop32_rm_1       ... done
Stopping hadoop32_s3g_1      ... done
Stopping hadoop32_datanode_3 ... done
Stopping hadoop32_datanode_1 ... done
Stopping hadoop32_datanode_2 ... done
Removing hadoop32_datanode_3 ... 
Removing hadoop32_datanode_2 ... 
Removing hadoop32_nm_1       ... 
Removing hadoop32_datanode_1 ... 
Removing hadoop32_scm_1      ... 
Removing hadoop32_rm_1       ... 
Removing hadoop32_s3g_1      ... 
Removing hadoop32_om_1       ... 
Removing hadoop32_nm_1       ... done
Removing hadoop32_om_1       ... done
Removing hadoop32_datanode_1 ... done
Removing hadoop32_rm_1       ... done
Removing hadoop32_s3g_1      ... done
Removing hadoop32_datanode_2 ... done
Removing hadoop32_scm_1      ... done
Removing hadoop32_datanode_3 ... done
Removing network hadoop32_default
ERROR: Test execution of /workdir/hadoop-ozone/dist/target/ozone-0.5.0-SNAPSHOT/compose/ozone-mr/hadoop32 is FAILED!!!!
cp: cannot stat '/workdir/hadoop-ozone/dist/target/ozone-0.5.0-SNAPSHOT/compose/ozone-mr/hadoop32/result/robot-*.xml': No such file or directory
Executing test in /workdir/hadoop-ozone/dist/target/ozone-0.5.0-SNAPSHOT/compose/ozone-om-ha-s3
Removing network ozone-om-ha-s3_default
Network ozone-om-ha-s3_default not found.
Creating network "ozone-om-ha-s3_default" with the default driver
Creating ozone-om-ha-s3_om1_1 ... 
Creating ozone-om-ha-s3_om2_1 ... 
Creating ozone-om-ha-s3_scm_1 ... 
Creating ozone-om-ha-s3_s3g_1 ... 
Creating ozone-om-ha-s3_om3_1 ... 
Creating ozone-om-ha-s3_datanode_1 ... 
Creating ozone-om-ha-s3_datanode_2 ... 
Creating ozone-om-ha-s3_datanode_3 ... 
Creating ozone-om-ha-s3_scm_1      ... done
Creating ozone-om-ha-s3_om3_1      ... done
Creating ozone-om-ha-s3_om2_1      ... done
Creating ozone-om-ha-s3_om1_1      ... done
Creating ozone-om-ha-s3_datanode_1 ... done
Creating ozone-om-ha-s3_s3g_1      ... done
Creating ozone-om-ha-s3_datanode_2 ... done
Creating ozone-om-ha-s3_datanode_3 ... done
No container found for scm_1
No container found for scm_1
No container found for scm_1
No container found for scm_1
No container found for scm_1
No container found for scm_1
No container found for scm_1
No container found for scm_1
No container found for scm_1
No container found for scm_1
No container found for scm_1
No container found for scm_1
No container found for scm_1
No container found for scm_1
No container found for scm_1
No container found for scm_1
No container found for scm_1
No container found for scm_1
No container found for scm_1
No container found for scm_1
No container found for scm_1
No container found for scm_1
No container found for scm_1
No container found for scm_1
No container found for scm_1
No container found for scm_1
No container found for scm_1
No container found for scm_1
No container found for scm_1
No container found for scm_1
No container found for scm_1
No container found for scm_1
No container found for scm_1
No container found for scm_1
No container found for scm_1
No container found for scm_1
No container found for scm_1
WARNING! Datanodes are not started successfully. Please check the docker-compose files
Stopping ozone-om-ha-s3_s3g_1      ... 
Stopping ozone-om-ha-s3_datanode_3 ... 
Stopping ozone-om-ha-s3_datanode_2 ... 
Stopping ozone-om-ha-s3_datanode_1 ... 
Stopping ozone-om-ha-s3_om2_1      ... 
Stopping ozone-om-ha-s3_om3_1      ... 
Stopping ozone-om-ha-s3_om1_1      ... 
Stopping ozone-om-ha-s3_om1_1      ... done
Stopping ozone-om-ha-s3_om2_1      ... done
Stopping ozone-om-ha-s3_om3_1      ... done
Stopping ozone-om-ha-s3_datanode_3 ... done
Stopping ozone-om-ha-s3_datanode_2 ... done
Stopping ozone-om-ha-s3_s3g_1      ... done
Stopping ozone-om-ha-s3_datanode_1 ... done
Removing ozone-om-ha-s3_s3g_1      ... 
Removing ozone-om-ha-s3_datanode_3 ... 
Removing ozone-om-ha-s3_datanode_2 ... 
Removing ozone-om-ha-s3_datanode_1 ... 
Removing ozone-om-ha-s3_om2_1      ... 
Removing ozone-om-ha-s3_om3_1      ... 
Removing ozone-om-ha-s3_scm_1      ... 
Removing ozone-om-ha-s3_om1_1      ... 
Removing ozone-om-ha-s3_om2_1      ... done
Removing ozone-om-ha-s3_om3_1      ... done
Removing ozone-om-ha-s3_scm_1      ... done
Removing ozone-om-ha-s3_om1_1      ... done
Removing ozone-om-ha-s3_datanode_2 ... done
Removing ozone-om-ha-s3_s3g_1      ... done
Removing ozone-om-ha-s3_datanode_3 ... done
Removing ozone-om-ha-s3_datanode_1 ... done
Removing network ozone-om-ha-s3_default
ERROR: Test execution of /workdir/hadoop-ozone/dist/target/ozone-0.5.0-SNAPSHOT/compose/ozone-om-ha-s3 is FAILED!!!!
cp: cannot stat '/workdir/hadoop-ozone/dist/target/ozone-0.5.0-SNAPSHOT/compose/ozone-om-ha-s3/result/robot-*.xml': No such file or directory
Executing test in /workdir/hadoop-ozone/dist/target/ozone-0.5.0-SNAPSHOT/compose/ozone-recon
Removing network ozone-recon_default
Network ozone-recon_default not found.
Creating network "ozone-recon_default" with the default driver
Creating ozone-recon_recon_1 ... 
Creating ozone-recon_om_1    ... 
Creating ozone-recon_scm_1   ... 
Creating ozone-recon_datanode_1 ... 
Creating ozone-recon_datanode_2 ... 
Creating ozone-recon_datanode_3 ... 
Creating ozone-recon_recon_1    ... done
Creating ozone-recon_om_1       ... done
Creating ozone-recon_scm_1      ... done
Creating ozone-recon_datanode_1 ... done
Creating ozone-recon_datanode_3 ... done
Creating ozone-recon_datanode_2 ... done
No container found for scm_1
No container found for scm_1
No container found for scm_1
No container found for scm_1
No container found for scm_1
No container found for scm_1
No container found for scm_1
No container found for scm_1
No container found for scm_1
No container found for scm_1
No container found for scm_1
No container found for scm_1
No container found for scm_1
No container found for scm_1
No container found for scm_1
No container found for scm_1
No container found for scm_1
No container found for scm_1
No container found for scm_1
No container found for scm_1
No container found for scm_1
No container found for scm_1
No container found for scm_1
No container found for scm_1
No container found for scm_1
No container found for scm_1
No container found for scm_1
No container found for scm_1
No container found for scm_1
No container found for scm_1
No container found for scm_1
No container found for scm_1
No container found for scm_1
No container found for scm_1
No container found for scm_1
No container found for scm_1
WARNING! Datanodes are not started successfully. Please check the docker-compose files
Stopping ozone-recon_datanode_2 ... 
Stopping ozone-recon_datanode_3 ... 
Stopping ozone-recon_datanode_1 ... 
Stopping ozone-recon_om_1       ... 
Stopping ozone-recon_recon_1    ... 
Stopping ozone-recon_recon_1    ... done
Stopping ozone-recon_om_1       ... done
Stopping ozone-recon_datanode_2 ... done
Stopping ozone-recon_datanode_3 ... done
Stopping ozone-recon_datanode_1 ... done
Removing ozone-recon_datanode_2 ... 
Removing ozone-recon_datanode_3 ... 
Removing ozone-recon_datanode_1 ... 
Removing ozone-recon_scm_1      ... 
Removing ozone-recon_om_1       ... 
Removing ozone-recon_recon_1    ... 
Removing ozone-recon_om_1       ... done
Removing ozone-recon_recon_1    ... done
Removing ozone-recon_scm_1      ... done
Removing ozone-recon_datanode_2 ... done
Removing ozone-recon_datanode_3 ... done
Removing ozone-recon_datanode_1 ... done
Removing network ozone-recon_default
ERROR: Test execution of /workdir/hadoop-ozone/dist/target/ozone-0.5.0-SNAPSHOT/compose/ozone-recon is FAILED!!!!
cp: cannot stat '/workdir/hadoop-ozone/dist/target/ozone-0.5.0-SNAPSHOT/compose/ozone-recon/result/robot-*.xml': No such file or directory
Executing test in /workdir/hadoop-ozone/dist/target/ozone-0.5.0-SNAPSHOT/compose/ozone-topology
Removing network ozone-topology_net
Network ozone-topology_net not found.
Creating network "ozone-topology_net" with driver "bridge"
Creating ozone-topology_om_1 ... 
Creating ozone-topology_datanode_3_1 ... 
Creating ozone-topology_datanode_1_1 ... 
Creating ozone-topology_datanode_2_1 ... 
Creating ozone-topology_scm_1        ... 
Creating ozone-topology_datanode_4_1 ... 
Creating ozone-topology_om_1         ... done
Creating ozone-topology_datanode_3_1 ... done
Creating ozone-topology_datanode_1_1 ... done
Creating ozone-topology_datanode_2_1 ... done
Creating ozone-topology_scm_1        ... done
Creating ozone-topology_datanode_4_1 ... done
No container found for scm_1
No container found for scm_1
No container found for scm_1
No container found for scm_1
No container found for scm_1
No container found for scm_1
No container found for scm_1
No container found for scm_1
No container found for scm_1
No container found for scm_1
No container found for scm_1
No container found for scm_1
No container found for scm_1
No container found for scm_1
No container found for scm_1
No container found for scm_1
No container found for scm_1
No container found for scm_1
No container found for scm_1
No container found for scm_1
No container found for scm_1
No container found for scm_1
No container found for scm_1
No container found for scm_1
No container found for scm_1
No container found for scm_1
No container found for scm_1
No container found for scm_1
No container found for scm_1
No container found for scm_1
No container found for scm_1
No container found for scm_1
No container found for scm_1
No container found for scm_1
No container found for scm_1
No container found for scm_1
WARNING! Datanodes are not started successfully. Please check the docker-compose files
Stopping ozone-topology_datanode_4_1 ... 
Stopping ozone-topology_datanode_2_1 ... 
Stopping ozone-topology_datanode_1_1 ... 
Stopping ozone-topology_datanode_3_1 ... 
Stopping ozone-topology_om_1         ... 
Stopping ozone-topology_om_1         ... done
Stopping ozone-topology_datanode_4_1 ... done
Stopping ozone-topology_datanode_3_1 ... done
Stopping ozone-topology_datanode_1_1 ... done
Stopping ozone-topology_datanode_2_1 ... done
Removing ozone-topology_datanode_4_1 ... 
Removing ozone-topology_datanode_2_1 ... 
Removing ozone-topology_scm_1        ... 
Removing ozone-topology_datanode_1_1 ... 
Removing ozone-topology_datanode_3_1 ... 
Removing ozone-topology_om_1         ... 
Removing ozone-topology_scm_1        ... done
Removing ozone-topology_datanode_4_1 ... done
Removing ozone-topology_datanode_3_1 ... done
Removing ozone-topology_datanode_1_1 ... done
Removing ozone-topology_om_1         ... done
Removing ozone-topology_datanode_2_1 ... done
Removing network ozone-topology_net
ERROR: Test execution of /workdir/hadoop-ozone/dist/target/ozone-0.5.0-SNAPSHOT/compose/ozone-topology is FAILED!!!!
cp: cannot stat '/workdir/hadoop-ozone/dist/target/ozone-0.5.0-SNAPSHOT/compose/ozone-topology/result/robot-*.xml': No such file or directory
Executing test in /workdir/hadoop-ozone/dist/target/ozone-0.5.0-SNAPSHOT/compose/ozone
Removing network ozone_default
Network ozone_default not found.
Creating network "ozone_default" with the default driver
Creating ozone_om_1 ... 
Creating ozone_scm_1 ... 
Creating ozone_datanode_1 ... 
Creating ozone_datanode_2 ... 
Creating ozone_datanode_3 ... 
Creating ozone_scm_1      ... done
Creating ozone_om_1       ... done
Creating ozone_datanode_1 ... done
Creating ozone_datanode_2 ... done
Creating ozone_datanode_3 ... done
No container found for scm_1
No container found for scm_1
No container found for scm_1
No container found for scm_1
No container found for scm_1
No container found for scm_1
No container found for scm_1
No container found for scm_1
No container found for scm_1
No container found for scm_1
No container found for scm_1
No container found for scm_1
No container found for scm_1
No container found for scm_1
No container found for scm_1
No container found for scm_1
No container found for scm_1
No container found for scm_1
No container found for scm_1
No container found for scm_1
No container found for scm_1
No container found for scm_1
No container found for scm_1
No container found for scm_1
No container found for scm_1
No container found for scm_1
No container found for scm_1
No container found for scm_1
No container found for scm_1
No container found for scm_1
No container found for scm_1
No container found for scm_1
No container found for scm_1
No container found for scm_1
No container found for scm_1
No container found for scm_1
No container found for scm_1
WARNING! Datanodes are not started successfully. Please check the docker-compose files
Stopping ozone_datanode_2 ... 
Stopping ozone_datanode_3 ... 
Stopping ozone_datanode_1 ... 
Stopping ozone_om_1       ... 
Stopping ozone_om_1       ... done
Stopping ozone_datanode_2 ... done
Stopping ozone_datanode_3 ... done
Stopping ozone_datanode_1 ... done
Removing ozone_datanode_2 ... 
Removing ozone_datanode_3 ... 
Removing ozone_datanode_1 ... 
Removing ozone_om_1       ... 
Removing ozone_scm_1      ... 
Removing ozone_scm_1      ... done
Removing ozone_datanode_2 ... done
Removing ozone_datanode_3 ... done
Removing ozone_om_1       ... done
Removing ozone_datanode_1 ... done
Removing network ozone_default
ERROR: Test execution of /workdir/hadoop-ozone/dist/target/ozone-0.5.0-SNAPSHOT/compose/ozone is FAILED!!!!
cp: cannot stat '/workdir/hadoop-ozone/dist/target/ozone-0.5.0-SNAPSHOT/compose/ozone/result/robot-*.xml': No such file or directory
Executing test in /workdir/hadoop-ozone/dist/target/ozone-0.5.0-SNAPSHOT/compose/ozoneperf
Removing network ozoneperf_default
Network ozoneperf_default not found.
Creating network "ozoneperf_default" with the default driver
Pulling jaeger (jaegertracing/all-in-one:latest)...
latest: Pulling from jaegertracing/all-in-one
Digest: sha256:de75e76302ac8776c0d95138d15f606c72c5059050ccbe066c462999e1dcd0af
Status: Downloaded newer image for jaegertracing/all-in-one:latest
Pulling grafana (grafana/grafana:)...
latest: Pulling from grafana/grafana
Digest: sha256:a10521576058f40427306fcb5be48138c77ea7c55ede24327381211e653f478a
Status: Downloaded newer image for grafana/grafana:latest
Pulling prometheus (prom/prometheus:)...
latest: Pulling from prom/prometheus
Digest: sha256:0a8caa2e9f19907608915db6e62a67383fe44b9876a467b297ee6f64e51dd58a
Status: Downloaded newer image for prom/prometheus:latest
Creating ozoneperf_prometheus_1 ... 
Creating ozoneperf_om_1         ... 
Creating ozoneperf_jaeger_1     ... 
Creating ozoneperf_s3g_1        ... 
Creating ozoneperf_datanode_1   ... 
Creating ozoneperf_datanode_2   ... 
Creating ozoneperf_datanode_3   ... 
Creating ozoneperf_grafana_1    ... 
Creating ozoneperf_scm_1        ... 
Creating ozoneperf_datanode_2   ... done
Creating ozoneperf_jaeger_1     ... done
Creating ozoneperf_s3g_1        ... done
Creating ozoneperf_om_1         ... done
Creating ozoneperf_datanode_3   ... done
Creating ozoneperf_scm_1        ... done
Creating ozoneperf_grafana_1    ... done
Creating ozoneperf_prometheus_1 ... done
Creating ozoneperf_datanode_1   ... done
No container found for scm_1
No container found for scm_1
No container found for scm_1
No container found for scm_1
No container found for scm_1
No container found for scm_1
No container found for scm_1
No container found for scm_1
No container found for scm_1
No container found for scm_1
No container found for scm_1
No container found for scm_1
No container found for scm_1
No container found for scm_1
No container found for scm_1
No container found for scm_1
No container found for scm_1
No container found for scm_1
No container found for scm_1
No container found for scm_1
No container found for scm_1
No container found for scm_1
No container found for scm_1
No container found for scm_1
No container found for scm_1
No container found for scm_1
No container found for scm_1
No container found for scm_1
No container found for scm_1
No container found for scm_1
No container found for scm_1
No container found for scm_1
No container found for scm_1
No container found for scm_1
No container found for scm_1
No container found for scm_1
No container found for scm_1
WARNING! Datanodes are not started successfully. Please check the docker-compose files
Connection pool is full, discarding connection: 0.0.0.0
Connection pool is full, discarding connection: 0.0.0.0
Connection pool is full, discarding connection: 0.0.0.0
Connection pool is full, discarding connection: 0.0.0.0
Stopping ozoneperf_datanode_1   ... 
Stopping ozoneperf_datanode_3   ... 
Stopping ozoneperf_grafana_1    ... 
Stopping ozoneperf_datanode_2   ... 
Stopping ozoneperf_s3g_1        ... 
Stopping ozoneperf_om_1         ... 
Stopping ozoneperf_jaeger_1     ... 
Stopping ozoneperf_prometheus_1 ... 
Stopping ozoneperf_om_1         ... done
Stopping ozoneperf_jaeger_1     ... done
Stopping ozoneperf_prometheus_1 ... done
Stopping ozoneperf_grafana_1    ... done
Stopping ozoneperf_datanode_1   ... done
Stopping ozoneperf_datanode_3   ... done
Stopping ozoneperf_datanode_2   ... done
Stopping ozoneperf_s3g_1        ... done
Removing ozoneperf_datanode_1   ... 
Removing ozoneperf_datanode_3   ... 
Removing ozoneperf_grafana_1    ... 
Removing ozoneperf_datanode_2   ... 
Removing ozoneperf_scm_1        ... 
Removing ozoneperf_s3g_1        ... 
Removing ozoneperf_om_1         ... 
Removing ozoneperf_jaeger_1     ... 
Removing ozoneperf_prometheus_1 ... 
Removing ozoneperf_s3g_1        ... done
Removing ozoneperf_scm_1        ... done
Removing ozoneperf_om_1         ... done
Removing ozoneperf_datanode_2   ... done
Removing ozoneperf_datanode_3   ... done
Removing ozoneperf_datanode_1   ... done
Removing ozoneperf_grafana_1    ... done
Removing ozoneperf_jaeger_1     ... done
Removing ozoneperf_prometheus_1 ... done
Removing network ozoneperf_default
ERROR: Test execution of /workdir/hadoop-ozone/dist/target/ozone-0.5.0-SNAPSHOT/compose/ozoneperf is FAILED!!!!
cp: cannot stat '/workdir/hadoop-ozone/dist/target/ozone-0.5.0-SNAPSHOT/compose/ozoneperf/result/robot-*.xml': No such file or directory
Executing test in /workdir/hadoop-ozone/dist/target/ozone-0.5.0-SNAPSHOT/compose/ozones3-haproxy
Removing network ozones3-haproxy_default
Network ozones3-haproxy_default not found.
Creating network "ozones3-haproxy_default" with the default driver
Pulling s3g (haproxy:latest)...
latest: Pulling from library/haproxy
Digest: sha256:ce509ee2d93817a90e8fe72144365f5af3ccfaad14446bcf232382baf4032245
Status: Downloaded newer image for haproxy:latest
Creating ozones3-haproxy_scm_1 ... 
Creating ozones3-haproxy_s3g_1 ... 
Creating ozones3-haproxy_s3g2_1 ... 
Creating ozones3-haproxy_s3g1_1 ... 
Creating ozones3-haproxy_datanode_1 ... 
Creating ozones3-haproxy_datanode_2 ... 
Creating ozones3-haproxy_datanode_3 ... 
Creating ozones3-haproxy_s3g3_1     ... 
Creating ozones3-haproxy_om_1       ... 
Creating ozones3-haproxy_s3g1_1     ... done
Creating ozones3-haproxy_scm_1      ... done
Creating ozones3-haproxy_datanode_2 ... done
Creating ozones3-haproxy_s3g3_1     ... done
Creating ozones3-haproxy_datanode_1 ... done
Creating ozones3-haproxy_om_1       ... done
Creating ozones3-haproxy_s3g_1      ... done
Creating ozones3-haproxy_s3g2_1     ... done
Creating ozones3-haproxy_datanode_3 ... done
Error response from daemon: Container f2944559d6b67a2b9bf9412eb101da51de1010badb5fa3cb478ed2e4c0b04252 is not running
No container found for scm_1
No container found for scm_1
No container found for scm_1
No container found for scm_1
No container found for scm_1
No container found for scm_1
No container found for scm_1
No container found for scm_1
No container found for scm_1
No container found for scm_1
No container found for scm_1
No container found for scm_1
No container found for scm_1
No container found for scm_1
No container found for scm_1
No container found for scm_1
No container found for scm_1
No container found for scm_1
No container found for scm_1
No container found for scm_1
No container found for scm_1
No container found for scm_1
No container found for scm_1
No container found for scm_1
No container found for scm_1
No container found for scm_1
No container found for scm_1
No container found for scm_1
No container found for scm_1
No container found for scm_1
No container found for scm_1
No container found for scm_1
No container found for scm_1
No container found for scm_1
No container found for scm_1
No container found for scm_1
WARNING! Datanodes are not started successfully. Please check the docker-compose files
Connection pool is full, discarding connection: 0.0.0.0
Stopping ozones3-haproxy_datanode_3 ... 
Stopping ozones3-haproxy_om_1       ... 
Stopping ozones3-haproxy_datanode_1 ... 
Stopping ozones3-haproxy_s3g3_1     ... 
Stopping ozones3-haproxy_s3g2_1     ... 
Stopping ozones3-haproxy_datanode_2 ... 
Stopping ozones3-haproxy_s3g1_1     ... 
Stopping ozones3-haproxy_s3g_1      ... 
Stopping ozones3-haproxy_om_1       ... done
Stopping ozones3-haproxy_s3g_1      ... done
Stopping ozones3-haproxy_s3g1_1     ... done
Stopping ozones3-haproxy_datanode_2 ... done
Stopping ozones3-haproxy_datanode_3 ... done
Stopping ozones3-haproxy_datanode_1 ... done
Stopping ozones3-haproxy_s3g3_1     ... done
Stopping ozones3-haproxy_s3g2_1     ... done
Removing ozones3-haproxy_datanode_3 ... 
Removing ozones3-haproxy_om_1       ... 
Removing ozones3-haproxy_datanode_1 ... 
Removing ozones3-haproxy_s3g3_1     ... 
Removing ozones3-haproxy_s3g2_1     ... 
Removing ozones3-haproxy_datanode_2 ... 
Removing ozones3-haproxy_scm_1      ... 
Removing ozones3-haproxy_s3g1_1     ... 
Removing ozones3-haproxy_s3g_1      ... 
Removing ozones3-haproxy_scm_1      ... done
Removing ozones3-haproxy_s3g_1      ... done
Removing ozones3-haproxy_s3g3_1     ... done
Removing ozones3-haproxy_datanode_1 ... done
Removing ozones3-haproxy_datanode_3 ... done
Removing ozones3-haproxy_s3g1_1     ... done
Removing ozones3-haproxy_om_1       ... done
Removing ozones3-haproxy_datanode_2 ... done
Removing ozones3-haproxy_s3g2_1     ... done
Removing network ozones3-haproxy_default
ERROR: Test execution of /workdir/hadoop-ozone/dist/target/ozone-0.5.0-SNAPSHOT/compose/ozones3-haproxy is FAILED!!!!
cp: cannot stat '/workdir/hadoop-ozone/dist/target/ozone-0.5.0-SNAPSHOT/compose/ozones3-haproxy/result/robot-*.xml': No such file or directory
Executing test in /workdir/hadoop-ozone/dist/target/ozone-0.5.0-SNAPSHOT/compose/ozones3
Removing network ozones3_default
Network ozones3_default not found.
Creating network "ozones3_default" with the default driver
Creating ozones3_om_1 ... 
Creating ozones3_scm_1 ... 
Creating ozones3_datanode_1 ... 
Creating ozones3_s3g_1      ... 
Creating ozones3_datanode_2 ... 
Creating ozones3_datanode_3 ... 
Creating ozones3_om_1       ... done
Creating ozones3_scm_1      ... done
Creating ozones3_s3g_1      ... done
Creating ozones3_datanode_1 ... done
Creating ozones3_datanode_2 ... done
Creating ozones3_datanode_3 ... done
No container found for scm_1
No container found for scm_1
No container found for scm_1
No container found for scm_1
No container found for scm_1
No container found for scm_1
No container found for scm_1
No container found for scm_1
No container found for scm_1
No container found for scm_1
No container found for scm_1
No container found for scm_1
No container found for scm_1
No container found for scm_1
No container found for scm_1
No container found for scm_1
No container found for scm_1
No container found for scm_1
No container found for scm_1
No container found for scm_1
No container found for scm_1
No container found for scm_1
No container found for scm_1
No container found for scm_1
No container found for scm_1
No container found for scm_1
No container found for scm_1
No container found for scm_1
No container found for scm_1
No container found for scm_1
No container found for scm_1
No container found for scm_1
No container found for scm_1
No container found for scm_1
No container found for scm_1
No container found for scm_1
WARNING! Datanodes are not started successfully. Please check the docker-compose files
Stopping ozones3_datanode_3 ... 
Stopping ozones3_datanode_1 ... 
Stopping ozones3_datanode_2 ... 
Stopping ozones3_s3g_1      ... 
Stopping ozones3_om_1       ... 
Stopping ozones3_om_1       ... done
Stopping ozones3_datanode_2 ... done
Stopping ozones3_datanode_1 ... done
Stopping ozones3_s3g_1      ... done
Stopping ozones3_datanode_3 ... done
Removing ozones3_datanode_3 ... 
Removing ozones3_datanode_1 ... 
Removing ozones3_datanode_2 ... 
Removing ozones3_s3g_1      ... 
Removing ozones3_scm_1      ... 
Removing ozones3_om_1       ... 
Removing ozones3_datanode_3 ... done
Removing ozones3_om_1       ... done
Removing ozones3_s3g_1      ... done
Removing ozones3_datanode_1 ... done
Removing ozones3_datanode_2 ... done
Removing ozones3_scm_1      ... done
Removing network ozones3_default
ERROR: Test execution of /workdir/hadoop-ozone/dist/target/ozone-0.5.0-SNAPSHOT/compose/ozones3 is FAILED!!!!
cp: cannot stat '/workdir/hadoop-ozone/dist/target/ozone-0.5.0-SNAPSHOT/compose/ozones3/result/robot-*.xml': No such file or directory
Executing test in /workdir/hadoop-ozone/dist/target/ozone-0.5.0-SNAPSHOT/compose/ozonesecure-mr
Removing network ozone
Network ozone not found.
Creating network "ozone" with the default driver
Building kdc
Step 1/16 : FROM openjdk:8u191-jdk-alpine3.9
8u191-jdk-alpine3.9: Pulling from library/openjdk
Digest: sha256:d2e2716147d1f7fe73b1a9f72a9cff7a7aa92d32eb8de4fffbfddc596e004984
Status: Downloaded newer image for openjdk:8u191-jdk-alpine3.9
 ---> e9ea51023687
Step 2/16 : RUN apk add --no-cache bash ca-certificates openssl krb5-server krb5 && rm -rf /var/cache/apk/* && update-ca-certificates
 ---> Running in 8e04f5fd5b65
fetch http://dl-cdn.alpinelinux.org/alpine/v3.9/main/x86_64/APKINDEX.tar.gz
fetch http://dl-cdn.alpinelinux.org/alpine/v3.9/community/x86_64/APKINDEX.tar.gz
(1/15) Installing ncurses-terminfo-base (6.1_p20190105-r0)
(2/15) Installing ncurses-terminfo (6.1_p20190105-r0)
(3/15) Installing ncurses-libs (6.1_p20190105-r0)
(4/15) Installing readline (7.0.003-r1)
(5/15) Installing bash (4.4.19-r1)
Executing bash-4.4.19-r1.post-install
(6/15) Installing e2fsprogs-libs (1.44.5-r1)
(7/15) Installing krb5 (1.15.5-r0)
(8/15) Installing libev (4.25-r0)
(9/15) Installing libverto-libev (0.3.0-r1)
(10/15) Installing db (5.3.28-r1)
(11/15) Installing libsasl (2.1.27-r1)
(12/15) Installing libldap (2.4.48-r0)
(13/15) Installing krb5-server-ldap (1.15.5-r0)
(14/15) Installing krb5-server (1.15.5-r0)
(15/15) Installing openssl (1.1.1d-r0)
Executing busybox-1.29.3-r10.trigger
OK: 117 MiB in 69 packages
[91mWARNING: ca-certificates.crt does not contain exactly one certificate or CRL: skipping
[0m ---> e9b32a6d5cea
Step 3/16 : RUN wget -O /usr/local/bin/dumb-init https://github.com/Yelp/dumb-init/releases/download/v1.2.0/dumb-init_1.2.0_amd64
 ---> Running in b2cd32f7a94d
[91mConnecting to github.com (192.30.255.113:443)
[0m[91mConnecting to github-production-release-asset-2e65be.s3.amazonaws.com (52.217.0.148:443)
[0m[91mdumb-init            100% |********************************| 46400  0:00:00 ETA

[0m ---> d8ada77186ef
Step 4/16 : RUN chmod +x /usr/local/bin/dumb-init
 ---> Running in c2d1ea7c98fa
 ---> 0dc4bc775d20
Step 5/16 : RUN wget -O /root/issuer https://github.com/ajayydv/docker/raw/kdc/issuer
 ---> Running in a05dcab057d5
[91mConnecting to github.com (192.30.255.113:443)
[0m[91mConnecting to raw.githubusercontent.com (151.101.0.133:443)
[0m[91missuer               100% |********************************| 6586k  0:00:00 ETA

[0m ---> 9841d1c32555
Step 6/16 : RUN chmod +x /root/issuer
 ---> Running in d63cdd66e96a
 ---> a2c6e301c5d4
Step 7/16 : WORKDIR /opt
 ---> 56202fc96a9e
Step 8/16 : COPY krb5.conf /etc/
 ---> c1b367ed2cff
Step 9/16 : COPY kadm5.acl /var/lib/krb5kdc/kadm5.acl
 ---> 05d47b8135bf
Step 10/16 : RUN kdb5_util create -s -P Welcome1
 ---> Running in 6d91929b893a
Loading random data
Initializing database '/var/lib/krb5kdc/principal' for realm 'EXAMPLE.COM',
master key name 'K/M@EXAMPLE.COM'
 ---> e46e2921dd0d
Step 11/16 : RUN kadmin.local -q "addprinc -randkey admin/admin@EXAMPLE.COM"
 ---> Running in d357420b14e5
Authenticating as principal root/admin@EXAMPLE.COM with password.
[91mWARNING: no policy specified for admin/admin@EXAMPLE.COM; defaulting to no policy
[0mPrincipal "admin/admin@EXAMPLE.COM" created.
 ---> 0f697b7a5c93
Step 12/16 : RUN kadmin.local -q "ktadd -k /tmp/admin.keytab admin/admin@EXAMPLE.COM"
 ---> Running in b7ff9dd79a8b
Authenticating as principal root/admin@EXAMPLE.COM with password.
Entry for principal admin/admin@EXAMPLE.COM with kvno 2, encryption type aes256-cts-hmac-sha1-96 added to keytab WRFILE:/tmp/admin.keytab.
Entry for principal admin/admin@EXAMPLE.COM with kvno 2, encryption type aes128-cts-hmac-sha1-96 added to keytab WRFILE:/tmp/admin.keytab.
 ---> 504dc11993e2
Step 13/16 : COPY launcher.sh .
 ---> 4c1f27aeff28
Step 14/16 : RUN chmod +x /opt/launcher.sh
 ---> Running in 15a80833a06f
 ---> 0e6aa086f2fe
Step 15/16 : RUN mkdir -p /data
 ---> Running in 4626146835dc
 ---> 339855af8722
Step 16/16 : ENTRYPOINT ["/usr/local/bin/dumb-init", "--", "/opt/launcher.sh"]
 ---> Running in e2e29589b242
 ---> 12d02dec4d8b

Removing intermediate container 15a80833a06f
Removing intermediate container 4626146835dc
Removing intermediate container e2e29589b242
Removing intermediate container 6d91929b893a
Removing intermediate container d357420b14e5
Removing intermediate container 8e04f5fd5b65
Removing intermediate container b2cd32f7a94d
Removing intermediate container c2d1ea7c98fa
Removing intermediate container a05dcab057d5
Removing intermediate container d63cdd66e96a
Removing intermediate container 65320f373abd
Removing intermediate container b7ff9dd79a8b
[Warning] One or more build-args [buildno] were not consumed
Successfully built 12d02dec4d8b
Successfully tagged ozonesecure-mr_kdc:latest
Image for service kdc was built because it did not already exist. To rebuild this image you must use `docker-compose build` or `docker-compose up --build`.
Creating ozonesecure-mr_scm_1 ... 
Creating ozonesecure-mr_datanode_1 ... 
Creating ozonesecure-mr_datanode_2 ... 
Creating ozonesecure-mr_datanode_3 ... 
Creating ozonesecure-mr_om_1       ... 
Creating ozonesecure-mr_kms_1      ... 
Creating jhs                       ... 
Creating ozonesecure-mr_s3g_1      ... 
Creating ozonesecure-mr_rm_1       ... 
Creating ozonesecure-mr_nm_1       ... 
Creating ozonesecure-mr_kdc_1      ... 
Creating ozonesecure-mr_datanode_1 ... done
Creating ozonesecure-mr_scm_1      ... done
Creating ozonesecure-mr_om_1       ... done
Creating ozonesecure-mr_kdc_1      ... done
Creating ozonesecure-mr_nm_1       ... done
Creating ozonesecure-mr_datanode_2 ... done
Creating ozonesecure-mr_rm_1       ... done
Creating ozonesecure-mr_s3g_1      ... done
Creating ozonesecure-mr_kms_1      ... done
Creating ozonesecure-mr_datanode_3 ... done
Connection pool is full, discarding connection: 0.0.0.0
Creating jhs                       ... done
kinit: Cannot contact any KDC for realm 'EXAMPLE.COM' while getting initial credentials
kinit: Cannot contact any KDC for realm 'EXAMPLE.COM' while getting initial credentials
kinit: Cannot contact any KDC for realm 'EXAMPLE.COM' while getting initial credentials
kinit: Cannot contact any KDC for realm 'EXAMPLE.COM' while getting initial credentials
kinit: Cannot contact any KDC for realm 'EXAMPLE.COM' while getting initial credentials
kinit: Cannot contact any KDC for realm 'EXAMPLE.COM' while getting initial credentials
kinit: Cannot contact any KDC for realm 'EXAMPLE.COM' while getting initial credentials
kinit: Cannot contact any KDC for realm 'EXAMPLE.COM' while getting initial credentials
kinit: Cannot contact any KDC for realm 'EXAMPLE.COM' while getting initial credentials
kinit: Cannot contact any KDC for realm 'EXAMPLE.COM' while getting initial credentials
No container found for scm_1
No container found for scm_1
No container found for scm_1
No container found for scm_1
No container found for scm_1
No container found for scm_1
No container found for scm_1
No container found for scm_1
No container found for scm_1
No container found for scm_1
No container found for scm_1
No container found for scm_1
No container found for scm_1
No container found for scm_1
No container found for scm_1
No container found for scm_1
No container found for scm_1
No container found for scm_1
No container found for scm_1
No container found for scm_1
No container found for scm_1
No container found for scm_1
No container found for scm_1
No container found for scm_1
No container found for scm_1
WARNING! Datanodes are not started successfully. Please check the docker-compose files
Connection pool is full, discarding connection: 0.0.0.0
Connection pool is full, discarding connection: 0.0.0.0
Connection pool is full, discarding connection: 0.0.0.0
Connection pool is full, discarding connection: 0.0.0.0
Connection pool is full, discarding connection: 0.0.0.0
Connection pool is full, discarding connection: 0.0.0.0
Connection pool is full, discarding connection: 0.0.0.0
Stopping ozonesecure-mr_nm_1       ... 
Stopping ozonesecure-mr_kms_1      ... 
Stopping ozonesecure-mr_s3g_1      ... 
Stopping ozonesecure-mr_kdc_1      ... 
Stopping ozonesecure-mr_rm_1       ... 
Stopping ozonesecure-mr_datanode_3 ... 
Stopping jhs                       ... 
Stopping ozonesecure-mr_datanode_2 ... 
Stopping ozonesecure-mr_om_1       ... 
Stopping ozonesecure-mr_nm_1       ... done
Stopping ozonesecure-mr_om_1       ... done
Stopping ozonesecure-mr_datanode_3 ... done
Stopping jhs                       ... done
Stopping ozonesecure-mr_kdc_1      ... done
Stopping ozonesecure-mr_datanode_2 ... done
Stopping ozonesecure-mr_kms_1      ... done
Stopping ozonesecure-mr_s3g_1      ... done
Stopping ozonesecure-mr_rm_1       ... done
Removing ozonesecure-mr_nm_1       ... 
Removing ozonesecure-mr_kms_1      ... 
Removing ozonesecure-mr_s3g_1      ... 
Removing ozonesecure-mr_kdc_1      ... 
Removing ozonesecure-mr_rm_1       ... 
Removing ozonesecure-mr_datanode_3 ... 
Removing jhs                       ... 
Removing ozonesecure-mr_datanode_2 ... 
Removing ozonesecure-mr_om_1       ... 
Removing ozonesecure-mr_scm_1      ... 
Removing ozonesecure-mr_datanode_1 ... 
Removing ozonesecure-mr_kms_1      ... done
Removing ozonesecure-mr_om_1       ... done
Removing ozonesecure-mr_scm_1      ... done
Removing jhs                       ... done
Removing ozonesecure-mr_nm_1       ... done
Removing ozonesecure-mr_kdc_1      ... done
Removing ozonesecure-mr_datanode_2 ... done
Removing ozonesecure-mr_datanode_1 ... done
Removing ozonesecure-mr_rm_1       ... done
Removing ozonesecure-mr_datanode_3 ... done
Connection pool is full, discarding connection: 0.0.0.0
Removing ozonesecure-mr_s3g_1      ... done
Removing network ozone
ERROR: Test execution of /workdir/hadoop-ozone/dist/target/ozone-0.5.0-SNAPSHOT/compose/ozonesecure-mr is FAILED!!!!
cp: cannot stat '/workdir/hadoop-ozone/dist/target/ozone-0.5.0-SNAPSHOT/compose/ozonesecure-mr/result/robot-*.xml': No such file or directory
Executing test in /workdir/hadoop-ozone/dist/target/ozone-0.5.0-SNAPSHOT/compose/ozonesecure
Removing network ozonesecure_default
Network ozonesecure_default not found.
Creating network "ozonesecure_default" with the default driver
Building kdc
Step 1/16 : FROM openjdk:8u191-jdk-alpine3.9
 ---> e9ea51023687
Step 2/16 : RUN apk add --update bash ca-certificates openssl krb5-server krb5 && rm -rf /var/cache/apk/* && update-ca-certificates
 ---> Running in 7fe9b8226763
fetch http://dl-cdn.alpinelinux.org/alpine/v3.9/main/x86_64/APKINDEX.tar.gz
fetch http://dl-cdn.alpinelinux.org/alpine/v3.9/community/x86_64/APKINDEX.tar.gz
(1/15) Installing ncurses-terminfo-base (6.1_p20190105-r0)
(2/15) Installing ncurses-terminfo (6.1_p20190105-r0)
(3/15) Installing ncurses-libs (6.1_p20190105-r0)
(4/15) Installing readline (7.0.003-r1)
(5/15) Installing bash (4.4.19-r1)
Executing bash-4.4.19-r1.post-install
(6/15) Installing e2fsprogs-libs (1.44.5-r1)
(7/15) Installing krb5 (1.15.5-r0)
(8/15) Installing libev (4.25-r0)
(9/15) Installing libverto-libev (0.3.0-r1)
(10/15) Installing db (5.3.28-r1)
(11/15) Installing libsasl (2.1.27-r1)
(12/15) Installing libldap (2.4.48-r0)
(13/15) Installing krb5-server-ldap (1.15.5-r0)
(14/15) Installing krb5-server (1.15.5-r0)
(15/15) Installing openssl (1.1.1d-r0)
Executing busybox-1.29.3-r10.trigger
OK: 117 MiB in 69 packages
[91mWARNING: ca-certificates.crt does not contain exactly one certificate or CRL: skipping
[0m ---> 4a43dafa1992
Step 3/16 : RUN wget -O /usr/local/bin/dumb-init https://github.com/Yelp/dumb-init/releases/download/v1.2.0/dumb-init_1.2.0_amd64
 ---> Running in 431d02c47fdc
[91mConnecting to github.com (192.30.255.113:443)
[0m[91mConnecting to github-production-release-asset-2e65be.s3.amazonaws.com (52.217.37.44:443)
[0m[91mdumb-init            100% |********************************| 46400  0:00:00 ETA

[0m ---> 0f53333138f2
Step 4/16 : RUN chmod +x /usr/local/bin/dumb-init
 ---> Running in 5a29040754de
 ---> c420e0f1edd2
Step 5/16 : RUN wget -O /root/issuer https://github.com/ajayydv/docker/raw/kdc/issuer
 ---> Running in f9f98e2a0869
[91mConnecting to github.com (192.30.255.113:443)
[0m[91mConnecting to raw.githubusercontent.com (151.101.192.133:443)
[0m[91missuer               100% |********************************| 6586k  0:00:00 ETA

[0m ---> 7d9bdd29639f
Step 6/16 : RUN chmod +x /root/issuer
 ---> Running in aa63fd53e7c0
 ---> 3ab8dd4099fd
Step 7/16 : WORKDIR /opt
 ---> 666b7da16d1a
Step 8/16 : ADD krb5.conf /etc/
 ---> 329e8c404d5d
Step 9/16 : ADD kadm5.acl /var/lib/krb5kdc/kadm5.acl
 ---> f00adf66d794
Step 10/16 : RUN kdb5_util create -s -P Welcome1
 ---> Running in 0b36feae188e
Loading random data
Initializing database '/var/lib/krb5kdc/principal' for realm 'EXAMPLE.COM',
master key name 'K/M@EXAMPLE.COM'
 ---> f39e5c661e0e
Step 11/16 : RUN kadmin.local -q "addprinc -randkey admin/admin@EXAMPLE.COM"
 ---> Running in d76d388608e2
Authenticating as principal root/admin@EXAMPLE.COM with password.
[91mWARNING: no policy specified for admin/admin@EXAMPLE.COM; defaulting to no policy
[0mPrincipal "admin/admin@EXAMPLE.COM" created.
 ---> ce8ff0a3b7c9
Step 12/16 : RUN kadmin.local -q "ktadd -k /tmp/admin.keytab admin/admin@EXAMPLE.COM"
 ---> Running in 0849e055d078
Authenticating as principal root/admin@EXAMPLE.COM with password.
Entry for principal admin/admin@EXAMPLE.COM with kvno 2, encryption type aes256-cts-hmac-sha1-96 added to keytab WRFILE:/tmp/admin.keytab.
Entry for principal admin/admin@EXAMPLE.COM with kvno 2, encryption type aes128-cts-hmac-sha1-96 added to keytab WRFILE:/tmp/admin.keytab.
 ---> 46cfd65616f4
Step 13/16 : ADD launcher.sh .
 ---> bfddeecd0b48
Step 14/16 : RUN chmod +x /opt/launcher.sh
 ---> Running in e7b1a39299cc
 ---> 1831b44e6f62
Step 15/16 : RUN mkdir -p /data
 ---> Running in 79a9991f99ef
 ---> a937dbbd34e2
Step 16/16 : ENTRYPOINT ["/usr/local/bin/dumb-init", "--", "/opt/launcher.sh"]
 ---> Running in 574b135a69ac
 ---> bbf4e81e9a21
Removing intermediate container 7fe9b8226763
Removing intermediate container 431d02c47fdc
Removing intermediate container 0849e055d078
Removing intermediate container e7b1a39299cc
Removing intermediate container 79a9991f99ef
Removing intermediate container 574b135a69ac
Removing intermediate container 5a29040754de
Removing intermediate container f9f98e2a0869
Removing intermediate container aa63fd53e7c0
Removing intermediate container 135c0e261620
Removing intermediate container 0b36feae188e
Removing intermediate container d76d388608e2
[Warning] One or more build-args [buildno] were not consumed
Successfully built bbf4e81e9a21
Successfully tagged ozonesecure_kdc:latest
Image for service kdc was built because it did not already exist. To rebuild this image you must use `docker-compose build` or `docker-compose up --build`.
Creating ozonesecure_om_1 ... 
Creating ozonesecure_s3g_1 ... 
Creating ozonesecure_scm_1 ... 
Creating ozonesecure_datanode_1 ... 
Creating ozonesecure_datanode_2 ... 
Creating ozonesecure_datanode_3 ... 
Creating ozonesecure_kdc_1      ... 
Creating ozonesecure_recon_1    ... 
Creating ozonesecure_kms_1      ... 
Creating ozonesecure_kdc_1      ... done
Creating ozonesecure_om_1       ... done
Creating ozonesecure_recon_1    ... done
Creating ozonesecure_s3g_1      ... done
Creating ozonesecure_scm_1      ... done
Creating ozonesecure_datanode_2 ... done
Creating ozonesecure_datanode_1 ... done
Creating ozonesecure_datanode_3 ... done
Creating ozonesecure_kms_1      ... done
kinit: Cannot contact any KDC for realm 'EXAMPLE.COM' while getting initial credentials
kinit: Cannot contact any KDC for realm 'EXAMPLE.COM' while getting initial credentials
kinit: Cannot contact any KDC for realm 'EXAMPLE.COM' while getting initial credentials
kinit: Cannot contact any KDC for realm 'EXAMPLE.COM' while getting initial credentials
kinit: Cannot contact any KDC for realm 'EXAMPLE.COM' while getting initial credentials
kinit: Cannot contact any KDC for realm 'EXAMPLE.COM' while getting initial credentials
No container found for scm_1
No container found for scm_1
No container found for scm_1
No container found for scm_1
No container found for scm_1
No container found for scm_1
No container found for scm_1
No container found for scm_1
No container found for scm_1
No container found for scm_1
No container found for scm_1
No container found for scm_1
No container found for scm_1
No container found for scm_1
No container found for scm_1
No container found for scm_1
No container found for scm_1
No container found for scm_1
No container found for scm_1
No container found for scm_1
WARNING! Datanodes are not started successfully. Please check the docker-compose files
Connection pool is full, discarding connection: 0.0.0.0
Connection pool is full, discarding connection: 0.0.0.0
Connection pool is full, discarding connection: 0.0.0.0
Stopping ozonesecure_s3g_1   ... 
Stopping ozonesecure_kms_1   ... 
Stopping ozonesecure_recon_1 ... 
Stopping ozonesecure_kdc_1   ... 
Stopping ozonesecure_om_1    ... 
Stopping ozonesecure_recon_1 ... done
Stopping ozonesecure_kms_1   ... done
Stopping ozonesecure_kdc_1   ... done
Stopping ozonesecure_om_1    ... done
Stopping ozonesecure_s3g_1   ... done
Removing ozonesecure_datanode_2 ... 
Removing ozonesecure_s3g_1      ... 
Removing ozonesecure_datanode_3 ... 
Removing ozonesecure_kms_1      ... 
Removing ozonesecure_datanode_1 ... 
Removing ozonesecure_scm_1      ... 
Removing ozonesecure_recon_1    ... 
Removing ozonesecure_kdc_1      ... 
Removing ozonesecure_om_1       ... 
Removing ozonesecure_s3g_1      ... done
Removing ozonesecure_datanode_1 ... done
Removing ozonesecure_kdc_1      ... done
Removing ozonesecure_scm_1      ... done
Removing ozonesecure_om_1       ... done
Removing ozonesecure_kms_1      ... done
Removing ozonesecure_datanode_3 ... done
Removing ozonesecure_datanode_2 ... done
Removing ozonesecure_recon_1    ... done
Removing network ozonesecure_default
ERROR: Test execution of /workdir/hadoop-ozone/dist/target/ozone-0.5.0-SNAPSHOT/compose/ozonesecure is FAILED!!!!
cp: cannot stat '/workdir/hadoop-ozone/dist/target/ozone-0.5.0-SNAPSHOT/compose/ozonesecure/result/robot-*.xml': No such file or directory
[ ERROR ] Reading XML source '/workdir/hadoop-ozone/dist/target/ozone-0.5.0-SNAPSHOT/compose/result/robot-*.xml' failed: No such file or directory

Try --help for usage information.
cp: cannot stat '/tmp/log/pr/pr-hdds-2321-tbps2/acceptance/log.html': No such file or directory
