rm: cannot remove '/workdir/hadoop-ozone/dist/target/ozone-0.5.0-SNAPSHOT/compose/result/*': No such file or directory
Executing test in /workdir/hadoop-ozone/dist/target/ozone-0.5.0-SNAPSHOT/compose/ozone-mr/hadoop27
Removing network hadoop27_default
Network hadoop27_default not found.
Creating network "hadoop27_default" with the default driver
Pulling scm (apache/ozone-runner:20190717-1)...
20190717-1: Pulling from apache/ozone-runner
Digest: sha256:00bb9519e6d236c50761dcc9c668ce7f04a74f160b916bf3baeaa26232389a69
Status: Downloaded newer image for apache/ozone-runner:20190717-1
Pulling nm (flokkr/hadoop:2.7.7)...
2.7.7: Pulling from flokkr/hadoop
Digest: sha256:594a1cc971f4e91218132f2027617859d4624a55bda01bc43ec07545022ac6c9
Status: Downloaded newer image for flokkr/hadoop:2.7.7
Creating hadoop27_om_1 ... 
Creating hadoop27_rm_1 ... 
Creating hadoop27_nm_1 ... 
Creating hadoop27_s3g_1 ... 
Creating hadoop27_datanode_1 ... 
Creating hadoop27_datanode_2 ... 
Creating hadoop27_datanode_3 ... 
Creating hadoop27_scm_1      ... 
Creating hadoop27_om_1       ... done
Creating hadoop27_rm_1       ... done
Creating hadoop27_nm_1       ... done
Creating hadoop27_s3g_1      ... done
Creating hadoop27_datanode_2 ... done
Creating hadoop27_datanode_3 ... done
Creating hadoop27_scm_1      ... done
Creating hadoop27_datanode_1 ... done
Error response from daemon: Container dfe88faddd14443dabf95b917eee80743dbc31aca4cb15facb53338da8f8711e is not running
No container found for scm_1
No container found for scm_1
No container found for scm_1
No container found for scm_1
No container found for scm_1
No container found for scm_1
No container found for scm_1
No container found for scm_1
No container found for scm_1
No container found for scm_1
No container found for scm_1
No container found for scm_1
No container found for scm_1
No container found for scm_1
No container found for scm_1
No container found for scm_1
No container found for scm_1
No container found for scm_1
No container found for scm_1
No container found for scm_1
No container found for scm_1
No container found for scm_1
No container found for scm_1
No container found for scm_1
No container found for scm_1
No container found for scm_1
No container found for scm_1
No container found for scm_1
No container found for scm_1
No container found for scm_1
No container found for scm_1
WARNING! Datanodes are not started successfully. Please check the docker-compose files
Connection pool is full, discarding connection: 0.0.0.0
Connection pool is full, discarding connection: 0.0.0.0
Stopping hadoop27_s3g_1 ... 
Stopping hadoop27_nm_1  ... 
Stopping hadoop27_rm_1  ... 
Stopping hadoop27_nm_1  ... done
Stopping hadoop27_rm_1  ... done
Stopping hadoop27_s3g_1 ... done
Removing hadoop27_scm_1      ... 
Removing hadoop27_datanode_1 ... 
Removing hadoop27_datanode_2 ... 
Removing hadoop27_datanode_3 ... 
Removing hadoop27_s3g_1      ... 
Removing hadoop27_nm_1       ... 
Removing hadoop27_rm_1       ... 
Removing hadoop27_om_1       ... 
Removing hadoop27_s3g_1      ... done
Removing hadoop27_datanode_1 ... done
Removing hadoop27_nm_1       ... done
Removing hadoop27_datanode_3 ... done
Removing hadoop27_rm_1       ... done
Removing hadoop27_datanode_2 ... done
Removing hadoop27_om_1       ... done
Removing hadoop27_scm_1      ... done
Removing network hadoop27_default
ERROR: Test execution of /workdir/hadoop-ozone/dist/target/ozone-0.5.0-SNAPSHOT/compose/ozone-mr/hadoop27 is FAILED!!!!
cp: cannot stat '/workdir/hadoop-ozone/dist/target/ozone-0.5.0-SNAPSHOT/compose/ozone-mr/hadoop27/result/robot-*.xml': No such file or directory
Executing test in /workdir/hadoop-ozone/dist/target/ozone-0.5.0-SNAPSHOT/compose/ozone-mr/hadoop31
Removing network hadoop31_default
Network hadoop31_default not found.
Creating network "hadoop31_default" with the default driver
Pulling nm (flokkr/hadoop:3.1.2)...
3.1.2: Pulling from flokkr/hadoop
Digest: sha256:aaed24f2f15ef520340c98c99c96c62056e018fdfe4591b8dfdfa8fd50636dc1
Status: Downloaded newer image for flokkr/hadoop:3.1.2
Creating hadoop31_om_1 ... 
Creating hadoop31_nm_1 ... 
Creating hadoop31_scm_1 ... 
Creating hadoop31_s3g_1 ... 
Creating hadoop31_datanode_1 ... 
Creating hadoop31_datanode_2 ... 
Creating hadoop31_datanode_3 ... 
Creating hadoop31_rm_1       ... 
Creating hadoop31_s3g_1      ... done
Creating hadoop31_om_1       ... done
Creating hadoop31_datanode_1 ... done
Creating hadoop31_scm_1      ... done
Creating hadoop31_rm_1       ... done
Creating hadoop31_datanode_2 ... done
Creating hadoop31_datanode_3 ... done
Creating hadoop31_nm_1       ... done
parse error: Invalid numeric literal at line 1, column 4
No container found for scm_1
No container found for scm_1
No container found for scm_1
No container found for scm_1
No container found for scm_1
No container found for scm_1
No container found for scm_1
No container found for scm_1
No container found for scm_1
No container found for scm_1
No container found for scm_1
No container found for scm_1
No container found for scm_1
No container found for scm_1
No container found for scm_1
No container found for scm_1
No container found for scm_1
No container found for scm_1
No container found for scm_1
No container found for scm_1
No container found for scm_1
No container found for scm_1
No container found for scm_1
No container found for scm_1
No container found for scm_1
No container found for scm_1
No container found for scm_1
No container found for scm_1
No container found for scm_1
No container found for scm_1
No container found for scm_1
No container found for scm_1
No container found for scm_1
No container found for scm_1
No container found for scm_1
No container found for scm_1
No container found for scm_1
WARNING! Datanodes are not started successfully. Please check the docker-compose files
Connection pool is full, discarding connection: 0.0.0.0
Connection pool is full, discarding connection: 0.0.0.0
Connection pool is full, discarding connection: 0.0.0.0
Stopping hadoop31_rm_1  ... 
Stopping hadoop31_nm_1  ... 
Stopping hadoop31_s3g_1 ... 
Stopping hadoop31_nm_1  ... done
Stopping hadoop31_rm_1  ... done
Stopping hadoop31_s3g_1 ... done
Removing hadoop31_rm_1       ... 
Removing hadoop31_datanode_2 ... 
Removing hadoop31_datanode_3 ... 
Removing hadoop31_nm_1       ... 
Removing hadoop31_scm_1      ... 
Removing hadoop31_datanode_1 ... 
Removing hadoop31_om_1       ... 
Removing hadoop31_s3g_1      ... 
Removing hadoop31_datanode_2 ... done
Removing hadoop31_nm_1       ... done
Removing hadoop31_rm_1       ... done
Removing hadoop31_s3g_1      ... done
Removing hadoop31_datanode_1 ... done
Removing hadoop31_datanode_3 ... done
Removing hadoop31_scm_1      ... done
Removing hadoop31_om_1       ... done
Removing network hadoop31_default
ERROR: Test execution of /workdir/hadoop-ozone/dist/target/ozone-0.5.0-SNAPSHOT/compose/ozone-mr/hadoop31 is FAILED!!!!
cp: cannot stat '/workdir/hadoop-ozone/dist/target/ozone-0.5.0-SNAPSHOT/compose/ozone-mr/hadoop31/result/robot-*.xml': No such file or directory
Executing test in /workdir/hadoop-ozone/dist/target/ozone-0.5.0-SNAPSHOT/compose/ozone-mr/hadoop32
Removing network hadoop32_default
Network hadoop32_default not found.
Creating network "hadoop32_default" with the default driver
Pulling nm (apache/hadoop:3)...
3: Pulling from apache/hadoop
Digest: sha256:5cba355fd83de1bcce907abaa7f8ac3cfbc2ab74a09785ecdc892392883344f6
Status: Downloaded newer image for apache/hadoop:3
Creating hadoop32_s3g_1 ... 
Creating hadoop32_datanode_1 ... 
Creating hadoop32_datanode_2 ... 
Creating hadoop32_datanode_3 ... 
Creating hadoop32_nm_1       ... 
Creating hadoop32_rm_1       ... 
Creating hadoop32_scm_1      ... 
Creating hadoop32_om_1       ... 
Creating hadoop32_s3g_1      ... done
Creating hadoop32_om_1       ... done
Creating hadoop32_datanode_1 ... done
Creating hadoop32_datanode_2 ... done
Creating hadoop32_datanode_3 ... done
Creating hadoop32_nm_1       ... done
Creating hadoop32_scm_1      ... done
Creating hadoop32_rm_1       ... done
No container found for scm_1
No container found for scm_1
No container found for scm_1
No container found for scm_1
No container found for scm_1
No container found for scm_1
No container found for scm_1
No container found for scm_1
No container found for scm_1
No container found for scm_1
No container found for scm_1
No container found for scm_1
No container found for scm_1
No container found for scm_1
No container found for scm_1
No container found for scm_1
No container found for scm_1
No container found for scm_1
No container found for scm_1
No container found for scm_1
No container found for scm_1
No container found for scm_1
No container found for scm_1
No container found for scm_1
No container found for scm_1
No container found for scm_1
No container found for scm_1
No container found for scm_1
No container found for scm_1
No container found for scm_1
No container found for scm_1
No container found for scm_1
No container found for scm_1
No container found for scm_1
No container found for scm_1
No container found for scm_1
No container found for scm_1
WARNING! Datanodes are not started successfully. Please check the docker-compose files
Connection pool is full, discarding connection: 0.0.0.0
Stopping hadoop32_rm_1  ... 
Stopping hadoop32_nm_1  ... 
Stopping hadoop32_s3g_1 ... 
Stopping hadoop32_nm_1  ... done
Stopping hadoop32_rm_1  ... done
Stopping hadoop32_s3g_1 ... done
Removing hadoop32_rm_1       ... 
Removing hadoop32_scm_1      ... 
Removing hadoop32_datanode_3 ... 
Removing hadoop32_datanode_2 ... 
Removing hadoop32_nm_1       ... 
Removing hadoop32_om_1       ... 
Removing hadoop32_datanode_1 ... 
Removing hadoop32_s3g_1      ... 
Removing hadoop32_datanode_2 ... done
Removing hadoop32_scm_1      ... done
Removing hadoop32_datanode_1 ... done
Removing hadoop32_rm_1       ... done
Removing hadoop32_nm_1       ... done
Removing hadoop32_om_1       ... done
Removing hadoop32_s3g_1      ... done
Removing hadoop32_datanode_3 ... done
Removing network hadoop32_default
ERROR: Test execution of /workdir/hadoop-ozone/dist/target/ozone-0.5.0-SNAPSHOT/compose/ozone-mr/hadoop32 is FAILED!!!!
cp: cannot stat '/workdir/hadoop-ozone/dist/target/ozone-0.5.0-SNAPSHOT/compose/ozone-mr/hadoop32/result/robot-*.xml': No such file or directory
Executing test in /workdir/hadoop-ozone/dist/target/ozone-0.5.0-SNAPSHOT/compose/ozone-om-ha-s3
Removing network ozone-om-ha-s3_default
Network ozone-om-ha-s3_default not found.
Creating network "ozone-om-ha-s3_default" with the default driver
Creating ozone-om-ha-s3_om2_1 ... 
Creating ozone-om-ha-s3_scm_1 ... 
Creating ozone-om-ha-s3_om1_1 ... 
Creating ozone-om-ha-s3_datanode_1 ... 
Creating ozone-om-ha-s3_datanode_2 ... 
Creating ozone-om-ha-s3_datanode_3 ... 
Creating ozone-om-ha-s3_s3g_1      ... 
Creating ozone-om-ha-s3_om3_1      ... 
Creating ozone-om-ha-s3_scm_1      ... done
Creating ozone-om-ha-s3_om2_1      ... done
Creating ozone-om-ha-s3_om3_1      ... done
Creating ozone-om-ha-s3_om1_1      ... done
Creating ozone-om-ha-s3_datanode_2 ... done
Creating ozone-om-ha-s3_datanode_1 ... done
Creating ozone-om-ha-s3_datanode_3 ... done
Creating ozone-om-ha-s3_s3g_1      ... done
No container found for scm_1
No container found for scm_1
No container found for scm_1
No container found for scm_1
No container found for scm_1
No container found for scm_1
No container found for scm_1
No container found for scm_1
No container found for scm_1
No container found for scm_1
No container found for scm_1
No container found for scm_1
No container found for scm_1
No container found for scm_1
No container found for scm_1
No container found for scm_1
No container found for scm_1
No container found for scm_1
No container found for scm_1
No container found for scm_1
No container found for scm_1
No container found for scm_1
No container found for scm_1
No container found for scm_1
No container found for scm_1
No container found for scm_1
No container found for scm_1
No container found for scm_1
No container found for scm_1
No container found for scm_1
No container found for scm_1
No container found for scm_1
No container found for scm_1
No container found for scm_1
No container found for scm_1
No container found for scm_1
No container found for scm_1
No container found for scm_1
WARNING! Datanodes are not started successfully. Please check the docker-compose files
Stopping ozone-om-ha-s3_s3g_1 ... 
Stopping ozone-om-ha-s3_s3g_1 ... done
Removing ozone-om-ha-s3_datanode_3 ... 
Removing ozone-om-ha-s3_datanode_1 ... 
Removing ozone-om-ha-s3_s3g_1      ... 
Removing ozone-om-ha-s3_datanode_2 ... 
Removing ozone-om-ha-s3_om3_1      ... 
Removing ozone-om-ha-s3_om1_1      ... 
Removing ozone-om-ha-s3_scm_1      ... 
Removing ozone-om-ha-s3_om2_1      ... 
Removing ozone-om-ha-s3_s3g_1      ... done
Removing ozone-om-ha-s3_datanode_1 ... done
Removing ozone-om-ha-s3_scm_1      ... done
Removing ozone-om-ha-s3_om3_1      ... done
Removing ozone-om-ha-s3_om1_1      ... done
Removing ozone-om-ha-s3_datanode_2 ... done
Removing ozone-om-ha-s3_om2_1      ... done
Removing ozone-om-ha-s3_datanode_3 ... done
Removing network ozone-om-ha-s3_default
ERROR: Test execution of /workdir/hadoop-ozone/dist/target/ozone-0.5.0-SNAPSHOT/compose/ozone-om-ha-s3 is FAILED!!!!
cp: cannot stat '/workdir/hadoop-ozone/dist/target/ozone-0.5.0-SNAPSHOT/compose/ozone-om-ha-s3/result/robot-*.xml': No such file or directory
Executing test in /workdir/hadoop-ozone/dist/target/ozone-0.5.0-SNAPSHOT/compose/ozone-om-ha
Removing network ozone-om-ha_default
Network ozone-om-ha_default not found.
Creating network "ozone-om-ha_default" with the default driver
Building om3
Step 1/21 : FROM apache/ozone-runner
latest: Pulling from apache/ozone-runner
Digest: sha256:0b626cbbfc1862ff8e769b4b6e893e8ef1a7f01082e8295c886fe9c25ed825a2
Status: Downloaded newer image for apache/ozone-runner:latest
 ---> aefdb4f50da2
Step 2/21 : RUN sudo yum install -y openssh-clients openssh-server
 ---> Running in 20af6c5d1fde
Loaded plugins: fastestmirror, ovl
Loading mirror speeds from cached hostfile
 * base: mirrors.advancedhosters.com
 * epel: d2lzkl7pfhq30w.cloudfront.net
 * extras: mirrors.advancedhosters.com
 * updates: mirrors.advancedhosters.com
Resolving Dependencies
--> Running transaction check
---> Package openssh-clients.x86_64 0:7.4p1-21.el7 will be installed
--> Processing Dependency: openssh = 7.4p1-21.el7 for package: openssh-clients-7.4p1-21.el7.x86_64
--> Processing Dependency: fipscheck-lib(x86-64) >= 1.3.0 for package: openssh-clients-7.4p1-21.el7.x86_64
--> Processing Dependency: libfipscheck.so.1()(64bit) for package: openssh-clients-7.4p1-21.el7.x86_64
--> Processing Dependency: libedit.so.0()(64bit) for package: openssh-clients-7.4p1-21.el7.x86_64
---> Package openssh-server.x86_64 0:7.4p1-21.el7 will be installed
--> Processing Dependency: libwrap.so.0()(64bit) for package: openssh-server-7.4p1-21.el7.x86_64
--> Running transaction check
---> Package fipscheck-lib.x86_64 0:1.4.1-6.el7 will be installed
--> Processing Dependency: /usr/bin/fipscheck for package: fipscheck-lib-1.4.1-6.el7.x86_64
---> Package libedit.x86_64 0:3.0-12.20121213cvs.el7 will be installed
---> Package openssh.x86_64 0:7.4p1-21.el7 will be installed
---> Package tcp_wrappers-libs.x86_64 0:7.6-77.el7 will be installed
--> Running transaction check
---> Package fipscheck.x86_64 0:1.4.1-6.el7 will be installed
--> Finished Dependency Resolution

Dependencies Resolved

================================================================================
 Package                Arch        Version                     Repository
                                                                           Size
================================================================================
Installing:
 openssh-clients        x86_64      7.4p1-21.el7                base      655 k
 openssh-server         x86_64      7.4p1-21.el7                base      459 k
Installing for dependencies:
 fipscheck              x86_64      1.4.1-6.el7                 base       21 k
 fipscheck-lib          x86_64      1.4.1-6.el7                 base       11 k
 libedit                x86_64      3.0-12.20121213cvs.el7      base       92 k
 openssh                x86_64      7.4p1-21.el7                base      510 k
 tcp_wrappers-libs      x86_64      7.6-77.el7                  base       66 k

Transaction Summary
================================================================================
Install  2 Packages (+5 Dependent packages)

Total download size: 1.8 M
Installed size: 5.8 M
Downloading packages:
--------------------------------------------------------------------------------
Total                                              1.8 MB/s | 1.8 MB  00:00     
Running transaction check
Running transaction test
Transaction test succeeded
Running transaction
  Installing : fipscheck-1.4.1-6.el7.x86_64                                 1/7 
  Installing : fipscheck-lib-1.4.1-6.el7.x86_64                             2/7 
  Installing : openssh-7.4p1-21.el7.x86_64                                  3/7 
  Installing : tcp_wrappers-libs-7.6-77.el7.x86_64                          4/7 
  Installing : libedit-3.0-12.20121213cvs.el7.x86_64                        5/7 
  Installing : openssh-clients-7.4p1-21.el7.x86_64                          6/7 
  Installing : openssh-server-7.4p1-21.el7.x86_64                           7/7 
  Verifying  : fipscheck-lib-1.4.1-6.el7.x86_64                             1/7 
  Verifying  : fipscheck-1.4.1-6.el7.x86_64                                 2/7 
  Verifying  : openssh-clients-7.4p1-21.el7.x86_64                          3/7 
  Verifying  : libedit-3.0-12.20121213cvs.el7.x86_64                        4/7 
  Verifying  : tcp_wrappers-libs-7.6-77.el7.x86_64                          5/7 
  Verifying  : openssh-7.4p1-21.el7.x86_64                                  6/7 
  Verifying  : openssh-server-7.4p1-21.el7.x86_64                           7/7 

Installed:
  openssh-clients.x86_64 0:7.4p1-21.el7   openssh-server.x86_64 0:7.4p1-21.el7  

Dependency Installed:
  fipscheck.x86_64 0:1.4.1-6.el7            fipscheck-lib.x86_64 0:1.4.1-6.el7  
  libedit.x86_64 0:3.0-12.20121213cvs.el7   openssh.x86_64 0:7.4p1-21.el7       
  tcp_wrappers-libs.x86_64 0:7.6-77.el7    

Complete!
 ---> 30524c4de7ea
Step 3/21 : RUN sudo ssh-keygen -A
 ---> Running in 9db7f9108d16
ssh-keygen: generating new host keys: RSA1 RSA DSA ECDSA ED25519 
 ---> b12751250fdd
Step 4/21 : RUN sudo mkdir -p /run/sshd
 ---> Running in a4199b3fd4ad
 ---> b2ac51da41bc
Step 5/21 : RUN sudo sed -i "s/.*UsePrivilegeSeparation.*/UsePrivilegeSeparation no/g" /etc/ssh/sshd_config
 ---> Running in 840528f6aaf2
 ---> a9e9ca237206
Step 6/21 : RUN sudo sed -i "s/.*PermitUserEnvironment.*/PermitUserEnvironment yes/g" /etc/ssh/sshd_config
 ---> Running in 91d64be1d392
 ---> eba1cc979d97
Step 7/21 : RUN sudo sed 's@session\s*required\s*pam_loginuid.so@session optional pam_loginuid.so@g' -i /etc/pam.d/sshd
 ---> Running in 2b8c11997075
 ---> bb257d1b38c2
Step 8/21 : RUN sudo usermod -d /opt hadoop
 ---> Running in 7f81c51fd94e
 ---> e3ffbadff476
Step 9/21 : ADD .ssh /opt/.ssh
 ---> 859ac3dabc13
Step 10/21 : RUN sudo chown -R hadoop /opt/.ssh
 ---> Running in 3e3a8ee07199
 ---> 5ac61480d04c
Step 11/21 : RUN sudo chown hadoop /opt
 ---> Running in 4db25d4a799a
 ---> f4dc0b3741f3
Step 12/21 : RUN sudo chmod 600 /opt/.ssh/*
 ---> Running in cabe9c0efe53
 ---> 79d791f9e704
Step 13/21 : RUN sudo chmod 700 /opt/.ssh
 ---> Running in e5813a2a9b75
 ---> 845db94a3ff5
Step 14/21 : RUN sudo sh -c 'echo "export JAVA_HOME=/usr/lib/jvm/jre/" >> /etc/profile'
 ---> Running in 25b3fcc32b36
 ---> 52b52a1b9bbf
Step 15/21 : RUN sudo pip install robotframework-sshlibrary
 ---> Running in bfd7f2dcff56
Collecting robotframework-sshlibrary
  Downloading https://files.pythonhosted.org/packages/5e/a3/25010fc4a2c126e1b5dcd1d08d55653aba819509c42d210e4dfbc2f1e844/robotframework-sshlibrary-3.4.0.tar.gz (47kB)
Requirement already satisfied (use --upgrade to upgrade): robotframework>=3.0 in /usr/lib/python2.7/site-packages (from robotframework-sshlibrary)
Collecting paramiko>=1.15.3 (from robotframework-sshlibrary)
  Downloading https://files.pythonhosted.org/packages/4b/80/74dace9e48b0ef923633dfb5e48798f58a168e4734bca8ecfaf839ba051a/paramiko-2.6.0-py2.py3-none-any.whl (199kB)
Collecting scp>=0.13.0 (from robotframework-sshlibrary)
  Downloading https://files.pythonhosted.org/packages/4d/7a/3d76dc5ad8deea79642f50a572e1c057cb27e8b427f83781a2c05ce4e5b6/scp-0.13.2-py2.py3-none-any.whl
Collecting cryptography>=2.5 (from paramiko>=1.15.3->robotframework-sshlibrary)
  Downloading https://files.pythonhosted.org/packages/e2/67/4597fc5d5de01bb44887844647ab8e73239079dd478c35c52d58a9eb3d45/cryptography-2.8-cp27-cp27mu-manylinux1_x86_64.whl (2.3MB)
Collecting pynacl>=1.0.1 (from paramiko>=1.15.3->robotframework-sshlibrary)
  Downloading https://files.pythonhosted.org/packages/b3/25/e605574f24948a8a53b497744e93f061eb1dbe7c44b6465fc1c172d591aa/PyNaCl-1.3.0-cp27-cp27mu-manylinux1_x86_64.whl (762kB)
Collecting bcrypt>=3.1.3 (from paramiko>=1.15.3->robotframework-sshlibrary)
  Downloading https://files.pythonhosted.org/packages/ad/36/9a0227d048e98409f012570f7bef8a8c2373b9c9c5dfbf82963cbae05ede/bcrypt-3.1.7-cp27-cp27mu-manylinux1_x86_64.whl (59kB)
Collecting enum34; python_version < "3" (from cryptography>=2.5->paramiko>=1.15.3->robotframework-sshlibrary)
  Downloading https://files.pythonhosted.org/packages/c5/db/e56e6b4bbac7c4a06de1c50de6fe1ef3810018ae11732a50f15f62c7d050/enum34-1.1.6-py2-none-any.whl
Collecting cffi!=1.11.3,>=1.8 (from cryptography>=2.5->paramiko>=1.15.3->robotframework-sshlibrary)
  Downloading https://files.pythonhosted.org/packages/93/5d/c4f950891251e478929036ca07b22f0b10324460c1d0a4434c584481db51/cffi-1.13.2-cp27-cp27mu-manylinux1_x86_64.whl (384kB)
Collecting six>=1.4.1 (from cryptography>=2.5->paramiko>=1.15.3->robotframework-sshlibrary)
  Downloading https://files.pythonhosted.org/packages/65/26/32b8464df2a97e6dd1b656ed26b2c194606c16fe163c695a992b36c11cdf/six-1.13.0-py2.py3-none-any.whl
Requirement already satisfied (use --upgrade to upgrade): ipaddress; python_version < "3" in /usr/lib/python2.7/site-packages (from cryptography>=2.5->paramiko>=1.15.3->robotframework-sshlibrary)
Collecting pycparser (from cffi!=1.11.3,>=1.8->cryptography>=2.5->paramiko>=1.15.3->robotframework-sshlibrary)
  Downloading https://files.pythonhosted.org/packages/68/9e/49196946aee219aead1290e00d1e7fdeab8567783e83e1b9ab5585e6206a/pycparser-2.19.tar.gz (158kB)
Installing collected packages: enum34, pycparser, cffi, six, cryptography, pynacl, bcrypt, paramiko, scp, robotframework-sshlibrary
  Running setup.py install for pycparser: started
    Running setup.py install for pycparser: finished with status 'done'
  Running setup.py install for robotframework-sshlibrary: started
    Running setup.py install for robotframework-sshlibrary: finished with status 'done'
Successfully installed bcrypt-3.1.7 cffi-1.13.2 cryptography-2.8 enum34-1.1.6 paramiko-2.6.0 pycparser-2.19 pynacl-1.3.0 robotframework-sshlibrary-3.4.0 scp-0.13.2 six-1.13.0
[91mYou are using pip version 8.1.2, however version 19.3.1 is available.
You should consider upgrading via the 'pip install --upgrade pip' command.
[0m ---> 0279e295a404
Step 16/21 : ADD startOM.sh /opt/startOM.sh
 ---> 1d1f3b198c41
Step 17/21 : ADD stopOM.sh /opt/stopOM.sh
 ---> 6ab1d81f65e7
Step 18/21 : RUN sudo chown -R hadoop /opt/startOM.sh
 ---> Running in a16ad6c3de43
 ---> ace04bdc7482
Step 19/21 : RUN sudo chown -R hadoop /opt/stopOM.sh
 ---> Running in 96ae1afef1f5
 ---> ede0dc237cf3
Step 20/21 : RUN sudo chmod 700 /opt/startOM.sh
 ---> Running in fc1dfa7964eb
 ---> 65894d93ff3d
Step 21/21 : RUN sudo chmod 700 /opt/stopOM.sh
 ---> Running in 98c7163e51bd
 ---> 37518be67719
Removing intermediate container 9db7f9108d16
Removing intermediate container 840528f6aaf2
Removing intermediate container 2b8c11997075
Removing intermediate container 7f81c51fd94e
Removing intermediate container 4db25d4a799a
Removing intermediate container e5813a2a9b75
Removing intermediate container bfd7f2dcff56
Removing intermediate container fc1dfa7964eb
Removing intermediate container 98c7163e51bd
Removing intermediate container a4199b3fd4ad
Removing intermediate container 91d64be1d392
Removing intermediate container 3e3a8ee07199
Removing intermediate container cabe9c0efe53
Removing intermediate container 96ae1afef1f5
Removing intermediate container 20af6c5d1fde
Removing intermediate container 25b3fcc32b36
Removing intermediate container a16ad6c3de43
Successfully built 37518be67719
Successfully tagged ozone-om-ha_om3:latest
Image for service om3 was built because it did not already exist. To rebuild this image you must use `docker-compose build` or `docker-compose up --build`.
Building om2
Step 1/21 : FROM apache/ozone-runner
 ---> aefdb4f50da2
Step 2/21 : RUN sudo yum install -y openssh-clients openssh-server
 ---> Using cache
 ---> 30524c4de7ea
Step 3/21 : RUN sudo ssh-keygen -A
 ---> Using cache
 ---> b12751250fdd
Step 4/21 : RUN sudo mkdir -p /run/sshd
 ---> Using cache
 ---> b2ac51da41bc
Step 5/21 : RUN sudo sed -i "s/.*UsePrivilegeSeparation.*/UsePrivilegeSeparation no/g" /etc/ssh/sshd_config
 ---> Using cache
 ---> a9e9ca237206
Step 6/21 : RUN sudo sed -i "s/.*PermitUserEnvironment.*/PermitUserEnvironment yes/g" /etc/ssh/sshd_config
 ---> Using cache
 ---> eba1cc979d97
Step 7/21 : RUN sudo sed 's@session\s*required\s*pam_loginuid.so@session optional pam_loginuid.so@g' -i /etc/pam.d/sshd
 ---> Using cache
 ---> bb257d1b38c2
Step 8/21 : RUN sudo usermod -d /opt hadoop
 ---> Using cache
 ---> e3ffbadff476
Step 9/21 : ADD .ssh /opt/.ssh
 ---> Using cache
 ---> 859ac3dabc13
Step 10/21 : RUN sudo chown -R hadoop /opt/.ssh
 ---> Using cache
 ---> 5ac61480d04c
Step 11/21 : RUN sudo chown hadoop /opt
 ---> Using cache
 ---> f4dc0b3741f3
Step 12/21 : RUN sudo chmod 600 /opt/.ssh/*
 ---> Using cache
 ---> 79d791f9e704
Step 13/21 : RUN sudo chmod 700 /opt/.ssh
 ---> Using cache
 ---> 845db94a3ff5
Step 14/21 : RUN sudo sh -c 'echo "export JAVA_HOME=/usr/lib/jvm/jre/" >> /etc/profile'
 ---> Using cache
 ---> 52b52a1b9bbf
Step 15/21 : RUN sudo pip install robotframework-sshlibrary
 ---> Using cache
 ---> 0279e295a404
Step 16/21 : ADD startOM.sh /opt/startOM.sh
 ---> Using cache
 ---> 1d1f3b198c41
Step 17/21 : ADD stopOM.sh /opt/stopOM.sh
 ---> Using cache
 ---> 6ab1d81f65e7
Step 18/21 : RUN sudo chown -R hadoop /opt/startOM.sh
 ---> Using cache
 ---> ace04bdc7482
Step 19/21 : RUN sudo chown -R hadoop /opt/stopOM.sh
 ---> Using cache
 ---> ede0dc237cf3
Step 20/21 : RUN sudo chmod 700 /opt/startOM.sh
 ---> Using cache
 ---> 65894d93ff3d
Step 21/21 : RUN sudo chmod 700 /opt/stopOM.sh
 ---> Using cache
 ---> 37518be67719
Successfully built 37518be67719
Successfully tagged ozone-om-ha_om2:latest
Image for service om2 was built because it did not already exist. To rebuild this image you must use `docker-compose build` or `docker-compose up --build`.
Building om1
Step 1/21 : FROM apache/ozone-runner
 ---> aefdb4f50da2
Step 2/21 : RUN sudo yum install -y openssh-clients openssh-server
 ---> Using cache
 ---> 30524c4de7ea
Step 3/21 : RUN sudo ssh-keygen -A
 ---> Using cache
 ---> b12751250fdd
Step 4/21 : RUN sudo mkdir -p /run/sshd
 ---> Using cache
 ---> b2ac51da41bc
Step 5/21 : RUN sudo sed -i "s/.*UsePrivilegeSeparation.*/UsePrivilegeSeparation no/g" /etc/ssh/sshd_config
 ---> Using cache
 ---> a9e9ca237206
Step 6/21 : RUN sudo sed -i "s/.*PermitUserEnvironment.*/PermitUserEnvironment yes/g" /etc/ssh/sshd_config
 ---> Using cache
 ---> eba1cc979d97
Step 7/21 : RUN sudo sed 's@session\s*required\s*pam_loginuid.so@session optional pam_loginuid.so@g' -i /etc/pam.d/sshd
 ---> Using cache
 ---> bb257d1b38c2
Step 8/21 : RUN sudo usermod -d /opt hadoop
 ---> Using cache
 ---> e3ffbadff476
Step 9/21 : ADD .ssh /opt/.ssh
 ---> Using cache
 ---> 859ac3dabc13
Step 10/21 : RUN sudo chown -R hadoop /opt/.ssh
 ---> Using cache
 ---> 5ac61480d04c
Step 11/21 : RUN sudo chown hadoop /opt
 ---> Using cache
 ---> f4dc0b3741f3
Step 12/21 : RUN sudo chmod 600 /opt/.ssh/*
 ---> Using cache
 ---> 79d791f9e704
Step 13/21 : RUN sudo chmod 700 /opt/.ssh
 ---> Using cache
 ---> 845db94a3ff5
Step 14/21 : RUN sudo sh -c 'echo "export JAVA_HOME=/usr/lib/jvm/jre/" >> /etc/profile'
 ---> Using cache
 ---> 52b52a1b9bbf
Step 15/21 : RUN sudo pip install robotframework-sshlibrary
 ---> Using cache
 ---> 0279e295a404
Step 16/21 : ADD startOM.sh /opt/startOM.sh
 ---> Using cache
 ---> 1d1f3b198c41
Step 17/21 : ADD stopOM.sh /opt/stopOM.sh
 ---> Using cache
 ---> 6ab1d81f65e7
Step 18/21 : RUN sudo chown -R hadoop /opt/startOM.sh
 ---> Using cache
 ---> ace04bdc7482
Step 19/21 : RUN sudo chown -R hadoop /opt/stopOM.sh
 ---> Using cache
 ---> ede0dc237cf3
Step 20/21 : RUN sudo chmod 700 /opt/startOM.sh
 ---> Using cache
 ---> 65894d93ff3d
Step 21/21 : RUN sudo chmod 700 /opt/stopOM.sh
 ---> Using cache
 ---> 37518be67719
Successfully built 37518be67719
Successfully tagged ozone-om-ha_om1:latest
Image for service om1 was built because it did not already exist. To rebuild this image you must use `docker-compose build` or `docker-compose up --build`.
Building datanode
Step 1/21 : FROM apache/ozone-runner
 ---> aefdb4f50da2
Step 2/21 : RUN sudo yum install -y openssh-clients openssh-server
 ---> Using cache
 ---> 30524c4de7ea
Step 3/21 : RUN sudo ssh-keygen -A
 ---> Using cache
 ---> b12751250fdd
Step 4/21 : RUN sudo mkdir -p /run/sshd
 ---> Using cache
 ---> b2ac51da41bc
Step 5/21 : RUN sudo sed -i "s/.*UsePrivilegeSeparation.*/UsePrivilegeSeparation no/g" /etc/ssh/sshd_config
 ---> Using cache
 ---> a9e9ca237206
Step 6/21 : RUN sudo sed -i "s/.*PermitUserEnvironment.*/PermitUserEnvironment yes/g" /etc/ssh/sshd_config
 ---> Using cache
 ---> eba1cc979d97
Step 7/21 : RUN sudo sed 's@session\s*required\s*pam_loginuid.so@session optional pam_loginuid.so@g' -i /etc/pam.d/sshd
 ---> Using cache
 ---> bb257d1b38c2
Step 8/21 : RUN sudo usermod -d /opt hadoop
 ---> Using cache
 ---> e3ffbadff476
Step 9/21 : ADD .ssh /opt/.ssh
 ---> Using cache
 ---> 859ac3dabc13
Step 10/21 : RUN sudo chown -R hadoop /opt/.ssh
 ---> Using cache
 ---> 5ac61480d04c
Step 11/21 : RUN sudo chown hadoop /opt
 ---> Using cache
 ---> f4dc0b3741f3
Step 12/21 : RUN sudo chmod 600 /opt/.ssh/*
 ---> Using cache
 ---> 79d791f9e704
Step 13/21 : RUN sudo chmod 700 /opt/.ssh
 ---> Using cache
 ---> 845db94a3ff5
Step 14/21 : RUN sudo sh -c 'echo "export JAVA_HOME=/usr/lib/jvm/jre/" >> /etc/profile'
 ---> Using cache
 ---> 52b52a1b9bbf
Step 15/21 : RUN sudo pip install robotframework-sshlibrary
 ---> Using cache
 ---> 0279e295a404
Step 16/21 : ADD startOM.sh /opt/startOM.sh
 ---> Using cache
 ---> 1d1f3b198c41
Step 17/21 : ADD stopOM.sh /opt/stopOM.sh
 ---> Using cache
 ---> 6ab1d81f65e7
Step 18/21 : RUN sudo chown -R hadoop /opt/startOM.sh
 ---> Using cache
 ---> ace04bdc7482
Step 19/21 : RUN sudo chown -R hadoop /opt/stopOM.sh
 ---> Using cache
 ---> ede0dc237cf3
Step 20/21 : RUN sudo chmod 700 /opt/startOM.sh
 ---> Using cache
 ---> 65894d93ff3d
Step 21/21 : RUN sudo chmod 700 /opt/stopOM.sh
 ---> Using cache
 ---> 37518be67719
Successfully built 37518be67719
Successfully tagged ozone-om-ha_datanode:latest
Image for service datanode was built because it did not already exist. To rebuild this image you must use `docker-compose build` or `docker-compose up --build`.
Building scm
Step 1/21 : FROM apache/ozone-runner
 ---> aefdb4f50da2
Step 2/21 : RUN sudo yum install -y openssh-clients openssh-server
 ---> Using cache
 ---> 30524c4de7ea
Step 3/21 : RUN sudo ssh-keygen -A
 ---> Using cache
 ---> b12751250fdd
Step 4/21 : RUN sudo mkdir -p /run/sshd
 ---> Using cache
 ---> b2ac51da41bc
Step 5/21 : RUN sudo sed -i "s/.*UsePrivilegeSeparation.*/UsePrivilegeSeparation no/g" /etc/ssh/sshd_config
 ---> Using cache
 ---> a9e9ca237206
Step 6/21 : RUN sudo sed -i "s/.*PermitUserEnvironment.*/PermitUserEnvironment yes/g" /etc/ssh/sshd_config
 ---> Using cache
 ---> eba1cc979d97
Step 7/21 : RUN sudo sed 's@session\s*required\s*pam_loginuid.so@session optional pam_loginuid.so@g' -i /etc/pam.d/sshd
 ---> Using cache
 ---> bb257d1b38c2
Step 8/21 : RUN sudo usermod -d /opt hadoop
 ---> Using cache
 ---> e3ffbadff476
Step 9/21 : ADD .ssh /opt/.ssh
 ---> Using cache
 ---> 859ac3dabc13
Step 10/21 : RUN sudo chown -R hadoop /opt/.ssh
 ---> Using cache
 ---> 5ac61480d04c
Step 11/21 : RUN sudo chown hadoop /opt
 ---> Using cache
 ---> f4dc0b3741f3
Step 12/21 : RUN sudo chmod 600 /opt/.ssh/*
 ---> Using cache
 ---> 79d791f9e704
Step 13/21 : RUN sudo chmod 700 /opt/.ssh
 ---> Using cache
 ---> 845db94a3ff5
Step 14/21 : RUN sudo sh -c 'echo "export JAVA_HOME=/usr/lib/jvm/jre/" >> /etc/profile'
 ---> Using cache
 ---> 52b52a1b9bbf
Step 15/21 : RUN sudo pip install robotframework-sshlibrary
 ---> Using cache
 ---> 0279e295a404
Step 16/21 : ADD startOM.sh /opt/startOM.sh
 ---> Using cache
 ---> 1d1f3b198c41
Step 17/21 : ADD stopOM.sh /opt/stopOM.sh
 ---> Using cache
 ---> 6ab1d81f65e7
Step 18/21 : RUN sudo chown -R hadoop /opt/startOM.sh
 ---> Using cache
 ---> ace04bdc7482
Step 19/21 : RUN sudo chown -R hadoop /opt/stopOM.sh
 ---> Using cache
 ---> ede0dc237cf3
Step 20/21 : RUN sudo chmod 700 /opt/startOM.sh
 ---> Using cache
 ---> 65894d93ff3d
Step 21/21 : RUN sudo chmod 700 /opt/stopOM.sh
 ---> Using cache
 ---> 37518be67719
Successfully built 37518be67719
Successfully tagged ozone-om-ha_scm:latest
Image for service scm was built because it did not already exist. To rebuild this image you must use `docker-compose build` or `docker-compose up --build`.
Creating ozone-om-ha_om1_1 ... 
Creating ozone-om-ha_om3_1 ... 
Creating ozone-om-ha_om2_1 ... 
Creating ozone-om-ha_scm_1 ... 
Creating ozone-om-ha_datanode_1 ... 
Creating ozone-om-ha_datanode_2 ... 
Creating ozone-om-ha_datanode_3 ... 
Creating ozone-om-ha_om1_1      ... done
Creating ozone-om-ha_om3_1      ... done
Creating ozone-om-ha_scm_1      ... done
Creating ozone-om-ha_datanode_3 ... done
Creating ozone-om-ha_om2_1      ... done
Creating ozone-om-ha_datanode_2 ... done
Creating ozone-om-ha_datanode_1 ... done
0 datanode is up and healthy (until now)
3 datanodes are up and registered to the scm
==============================================================================
ozone-om-ha-testOMHA :: Smoketest ozone cluster startup                       
==============================================================================
Stop Leader OM and Verify Failover                                    | FAIL |
255 != 0
------------------------------------------------------------------------------
Restart OM and Verify Ratis Logs                                      | FAIL |
255 != 0
------------------------------------------------------------------------------
Test Multiple Failovers                                               | FAIL |
255 != 0
------------------------------------------------------------------------------
ozone-om-ha-testOMHA :: Smoketest ozone cluster startup               | FAIL |
3 critical tests, 0 passed, 3 failed
3 tests total, 0 passed, 3 failed
==============================================================================
Output:  /tmp/smoketest/ozone-om-ha/result/robot-ozone-om-ha-ozone-om-ha-testOMHA-scm.xml
Stopping ozone-om-ha_datanode_3 ... 
Stopping ozone-om-ha_datanode_1 ... 
Stopping ozone-om-ha_scm_1      ... 
Stopping ozone-om-ha_datanode_2 ... 
Stopping ozone-om-ha_om1_1      ... 
Stopping ozone-om-ha_om2_1      ... 
Stopping ozone-om-ha_om3_1      ... 
Stopping ozone-om-ha_datanode_1 ... done
Stopping ozone-om-ha_datanode_2 ... done
Stopping ozone-om-ha_datanode_3 ... done
Stopping ozone-om-ha_scm_1      ... done

ERROR: for ozone-om-ha_om2_1  HTTPConnectionPool(host='0.0.0.0', port=2375): Read timed out. (read timeout=70)

ERROR: for ozone-om-ha_om3_1  HTTPConnectionPool(host='0.0.0.0', port=2375): Read timed out. (read timeout=70)

ERROR: for ozone-om-ha_om1_1  HTTPConnectionPool(host='0.0.0.0', port=2375): Read timed out. (read timeout=70)
An HTTP request took too long to complete. Retry with --verbose to obtain debug information.
If you encounter this issue regularly because of slow network conditions, consider setting COMPOSE_HTTP_TIMEOUT to a higher value (current value: 60).
ERROR: Test execution of /workdir/hadoop-ozone/dist/target/ozone-0.5.0-SNAPSHOT/compose/ozone-om-ha is FAILED!!!!
Executing test in /workdir/hadoop-ozone/dist/target/ozone-0.5.0-SNAPSHOT/compose/ozone-recon
Removing network ozone-recon_default
Network ozone-recon_default not found.
Creating network "ozone-recon_default" with the default driver
Creating ozone-recon_datanode_1 ... 
Creating ozone-recon_om_1       ... 
Creating ozone-recon_datanode_2 ... 
Creating ozone-recon_datanode_3 ... 
Creating ozone-recon_recon_1    ... 
Creating ozone-recon_scm_1      ... 
Creating ozone-recon_datanode_1 ... done
Creating ozone-recon_datanode_2 ... done
Creating ozone-recon_datanode_3 ... done
Creating ozone-recon_om_1       ... done
Creating ozone-recon_scm_1      ... done
Creating ozone-recon_recon_1    ... done
Error response from daemon: Container 0252ddd06eda30ce0db85dac0ec8f9693ec88f89c0b86b817430e74c4e94c277 is not running
No container found for scm_1
No container found for scm_1
No container found for scm_1
No container found for scm_1
No container found for scm_1
No container found for scm_1
No container found for scm_1
No container found for scm_1
No container found for scm_1
No container found for scm_1
No container found for scm_1
No container found for scm_1
No container found for scm_1
No container found for scm_1
No container found for scm_1
No container found for scm_1
No container found for scm_1
No container found for scm_1
No container found for scm_1
No container found for scm_1
No container found for scm_1
No container found for scm_1
No container found for scm_1
No container found for scm_1
No container found for scm_1
No container found for scm_1
No container found for scm_1
No container found for scm_1
No container found for scm_1
No container found for scm_1
No container found for scm_1
No container found for scm_1
No container found for scm_1
No container found for scm_1
No container found for scm_1
No container found for scm_1
No container found for scm_1
WARNING! Datanodes are not started successfully. Please check the docker-compose files
Removing ozone-recon_recon_1    ... 
Removing ozone-recon_scm_1      ... 
Removing ozone-recon_om_1       ... 
Removing ozone-recon_datanode_3 ... 
Removing ozone-recon_datanode_1 ... 
Removing ozone-recon_datanode_2 ... 
Removing ozone-recon_scm_1      ... done
Removing ozone-recon_om_1       ... done
Removing ozone-recon_recon_1    ... done
Removing ozone-recon_datanode_3 ... done
Removing ozone-recon_datanode_1 ... done
Removing ozone-recon_datanode_2 ... done
Removing network ozone-recon_default
ERROR: Test execution of /workdir/hadoop-ozone/dist/target/ozone-0.5.0-SNAPSHOT/compose/ozone-recon is FAILED!!!!
cp: cannot stat '/workdir/hadoop-ozone/dist/target/ozone-0.5.0-SNAPSHOT/compose/ozone-recon/result/robot-*.xml': No such file or directory
Executing test in /workdir/hadoop-ozone/dist/target/ozone-0.5.0-SNAPSHOT/compose/ozone-topology
Removing network ozone-topology_net
Network ozone-topology_net not found.
Creating network "ozone-topology_net" with driver "bridge"
Creating ozone-topology_datanode_1_1 ... 
Creating ozone-topology_om_1         ... 
Creating ozone-topology_datanode_3_1 ... 
Creating ozone-topology_scm_1        ... 
Creating ozone-topology_datanode_4_1 ... 
Creating ozone-topology_datanode_2_1 ... 
Creating ozone-topology_datanode_1_1 ... done
Creating ozone-topology_scm_1        ... done
Creating ozone-topology_datanode_2_1 ... done
Creating ozone-topology_datanode_4_1 ... done
Creating ozone-topology_om_1         ... done
Creating ozone-topology_datanode_3_1 ... done
No container found for scm_1
No container found for scm_1
No container found for scm_1
No container found for scm_1
No container found for scm_1
No container found for scm_1
No container found for scm_1
No container found for scm_1
No container found for scm_1
No container found for scm_1
No container found for scm_1
No container found for scm_1
No container found for scm_1
No container found for scm_1
No container found for scm_1
No container found for scm_1
No container found for scm_1
No container found for scm_1
No container found for scm_1
No container found for scm_1
No container found for scm_1
No container found for scm_1
No container found for scm_1
No container found for scm_1
No container found for scm_1
No container found for scm_1
No container found for scm_1
No container found for scm_1
No container found for scm_1
No container found for scm_1
No container found for scm_1
No container found for scm_1
No container found for scm_1
No container found for scm_1
No container found for scm_1
No container found for scm_1
No container found for scm_1
No container found for scm_1
WARNING! Datanodes are not started successfully. Please check the docker-compose files
Removing ozone-topology_datanode_3_1 ... 
Removing ozone-topology_datanode_4_1 ... 
Removing ozone-topology_datanode_2_1 ... 
Removing ozone-topology_scm_1        ... 
Removing ozone-topology_om_1         ... 
Removing ozone-topology_datanode_1_1 ... 
Removing ozone-topology_datanode_3_1 ... done
Removing ozone-topology_scm_1        ... done
Removing ozone-topology_om_1         ... done
Removing ozone-topology_datanode_4_1 ... done
Removing ozone-topology_datanode_1_1 ... done
Removing ozone-topology_datanode_2_1 ... done
Removing network ozone-topology_net
ERROR: Test execution of /workdir/hadoop-ozone/dist/target/ozone-0.5.0-SNAPSHOT/compose/ozone-topology is FAILED!!!!
cp: cannot stat '/workdir/hadoop-ozone/dist/target/ozone-0.5.0-SNAPSHOT/compose/ozone-topology/result/robot-*.xml': No such file or directory
Executing test in /workdir/hadoop-ozone/dist/target/ozone-0.5.0-SNAPSHOT/compose/ozone
Removing network ozone_default
Network ozone_default not found.
Creating network "ozone_default" with the default driver
Creating ozone_scm_1 ... 
Creating ozone_datanode_1 ... 
Creating ozone_datanode_2 ... 
Creating ozone_datanode_3 ... 
Creating ozone_om_1       ... 
Creating ozone_scm_1      ... done
Creating ozone_datanode_1 ... done
Creating ozone_datanode_2 ... done
Creating ozone_datanode_3 ... done
Creating ozone_om_1       ... done
No container found for scm_1
No container found for scm_1
No container found for scm_1
No container found for scm_1
No container found for scm_1
No container found for scm_1
No container found for scm_1
No container found for scm_1
No container found for scm_1
No container found for scm_1
No container found for scm_1
No container found for scm_1
No container found for scm_1
No container found for scm_1
No container found for scm_1
No container found for scm_1
No container found for scm_1
No container found for scm_1
No container found for scm_1
No container found for scm_1
No container found for scm_1
No container found for scm_1
No container found for scm_1
No container found for scm_1
No container found for scm_1
No container found for scm_1
No container found for scm_1
No container found for scm_1
No container found for scm_1
No container found for scm_1
No container found for scm_1
No container found for scm_1
No container found for scm_1
No container found for scm_1
No container found for scm_1
No container found for scm_1
No container found for scm_1
No container found for scm_1
WARNING! Datanodes are not started successfully. Please check the docker-compose files
Removing ozone_datanode_3 ... 
Removing ozone_om_1       ... 
Removing ozone_datanode_2 ... 
Removing ozone_datanode_1 ... 
Removing ozone_scm_1      ... 
Removing ozone_datanode_3 ... done
Removing ozone_om_1       ... done
Removing ozone_scm_1      ... done
Removing ozone_datanode_2 ... done
Removing ozone_datanode_1 ... done
Removing network ozone_default
ERROR: Test execution of /workdir/hadoop-ozone/dist/target/ozone-0.5.0-SNAPSHOT/compose/ozone is FAILED!!!!
cp: cannot stat '/workdir/hadoop-ozone/dist/target/ozone-0.5.0-SNAPSHOT/compose/ozone/result/robot-*.xml': No such file or directory
Executing test in /workdir/hadoop-ozone/dist/target/ozone-0.5.0-SNAPSHOT/compose/ozoneperf
Removing network ozoneperf_default
Network ozoneperf_default not found.
Creating network "ozoneperf_default" with the default driver
Pulling jaeger (jaegertracing/all-in-one:latest)...
latest: Pulling from jaegertracing/all-in-one
Digest: sha256:acbfa4e2be8bc5848234c2139834510978fd52d75a4800e16edf767f5188ca02
Status: Downloaded newer image for jaegertracing/all-in-one:latest
Pulling grafana (grafana/grafana:)...
latest: Pulling from grafana/grafana
Digest: sha256:29c47dca382edcf80bf17a5485b7a3ded0a90781148f5db371d0f129dca08d9a
Status: Downloaded newer image for grafana/grafana:latest
Pulling prometheus (prom/prometheus:)...
latest: Pulling from prom/prometheus
Digest: sha256:0a8caa2e9f19907608915db6e62a67383fe44b9876a467b297ee6f64e51dd58a
Status: Downloaded newer image for prom/prometheus:latest
Creating ozoneperf_prometheus_1 ... 
Creating ozoneperf_om_1         ... 
Creating ozoneperf_jaeger_1     ... 
Creating ozoneperf_grafana_1    ... 
Creating ozoneperf_s3g_1        ... 
Creating ozoneperf_datanode_1   ... 
Creating ozoneperf_datanode_2   ... 
Creating ozoneperf_datanode_3   ... 
Creating ozoneperf_scm_1        ... 
Creating ozoneperf_jaeger_1     ... done
Creating ozoneperf_s3g_1        ... done
Creating ozoneperf_prometheus_1 ... done
Creating ozoneperf_datanode_1   ... done
Creating ozoneperf_grafana_1    ... done
Creating ozoneperf_scm_1        ... done
Creating ozoneperf_datanode_3   ... done
Creating ozoneperf_om_1         ... done
Creating ozoneperf_datanode_2   ... done
Error response from daemon: Container ffc2414af3ae1a89dbb1b81baee1aab7250d2d12fe33eacac4ac80c19d54ba66 is not running
No container found for scm_1
No container found for scm_1
No container found for scm_1
No container found for scm_1
No container found for scm_1
No container found for scm_1
No container found for scm_1
No container found for scm_1
No container found for scm_1
No container found for scm_1
No container found for scm_1
No container found for scm_1
No container found for scm_1
No container found for scm_1
No container found for scm_1
No container found for scm_1
No container found for scm_1
No container found for scm_1
No container found for scm_1
No container found for scm_1
No container found for scm_1
No container found for scm_1
No container found for scm_1
No container found for scm_1
No container found for scm_1
No container found for scm_1
No container found for scm_1
No container found for scm_1
No container found for scm_1
No container found for scm_1
No container found for scm_1
No container found for scm_1
No container found for scm_1
No container found for scm_1
No container found for scm_1
No container found for scm_1
No container found for scm_1
WARNING! Datanodes are not started successfully. Please check the docker-compose files
Stopping ozoneperf_grafana_1    ... 
Stopping ozoneperf_s3g_1        ... 
Stopping ozoneperf_prometheus_1 ... 
Stopping ozoneperf_jaeger_1     ... 
Stopping ozoneperf_jaeger_1     ... done
Stopping ozoneperf_prometheus_1 ... done
Stopping ozoneperf_grafana_1    ... done
Stopping ozoneperf_s3g_1        ... done
Removing ozoneperf_datanode_3   ... 
Removing ozoneperf_grafana_1    ... 
Removing ozoneperf_scm_1        ... 
Removing ozoneperf_datanode_2   ... 
Removing ozoneperf_datanode_1   ... 
Removing ozoneperf_s3g_1        ... 
Removing ozoneperf_om_1         ... 
Removing ozoneperf_prometheus_1 ... 
Removing ozoneperf_jaeger_1     ... 
Removing ozoneperf_prometheus_1 ... done
Removing ozoneperf_s3g_1        ... done
Removing ozoneperf_datanode_1   ... done
Removing ozoneperf_grafana_1    ... done
Removing ozoneperf_datanode_3   ... done
Removing ozoneperf_jaeger_1     ... done
Removing ozoneperf_scm_1        ... done
Removing ozoneperf_om_1         ... done
Removing ozoneperf_datanode_2   ... done
Removing network ozoneperf_default
ERROR: Test execution of /workdir/hadoop-ozone/dist/target/ozone-0.5.0-SNAPSHOT/compose/ozoneperf is FAILED!!!!
cp: cannot stat '/workdir/hadoop-ozone/dist/target/ozone-0.5.0-SNAPSHOT/compose/ozoneperf/result/robot-*.xml': No such file or directory
Executing test in /workdir/hadoop-ozone/dist/target/ozone-0.5.0-SNAPSHOT/compose/ozones3-haproxy
Removing network ozones3-haproxy_default
Network ozones3-haproxy_default not found.
Creating network "ozones3-haproxy_default" with the default driver
Pulling s3g (haproxy:latest)...
latest: Pulling from library/haproxy
Digest: sha256:ce509ee2d93817a90e8fe72144365f5af3ccfaad14446bcf232382baf4032245
Status: Downloaded newer image for haproxy:latest
Creating ozones3-haproxy_scm_1 ... 
Creating ozones3-haproxy_datanode_1 ... 
Creating ozones3-haproxy_datanode_2 ... 
Creating ozones3-haproxy_datanode_3 ... 
Creating ozones3-haproxy_s3g3_1     ... 
Creating ozones3-haproxy_s3g2_1     ... 
Creating ozones3-haproxy_s3g1_1     ... 
Creating ozones3-haproxy_om_1       ... 
Creating ozones3-haproxy_s3g_1      ... 
Creating ozones3-haproxy_om_1       ... done
Creating ozones3-haproxy_datanode_1 ... done
Creating ozones3-haproxy_scm_1      ... done
Creating ozones3-haproxy_datanode_3 ... done
Creating ozones3-haproxy_datanode_2 ... done
Creating ozones3-haproxy_s3g1_1     ... done
Creating ozones3-haproxy_s3g2_1     ... error

ERROR: for ozones3-haproxy_s3g2_1  Cannot start service s3g2: driver failed programming external connectivity on endpoint ozones3-haproxy_s3g2_1 (2ed39de897a2574a6c5773f33f4edb595785ab875048d1becf90836f28d38e5c): Bind for 0.0.0.0:9880 failed: port is already allocated
Creating ozones3-haproxy_s3g_1      ... done
Creating ozones3-haproxy_s3g3_1     ... done

ERROR: for s3g2  Cannot start service s3g2: driver failed programming external connectivity on endpoint ozones3-haproxy_s3g2_1 (2ed39de897a2574a6c5773f33f4edb595785ab875048d1becf90836f28d38e5c): Bind for 0.0.0.0:9880 failed: port is already allocated
Encountered errors while bringing up the project.
Stopping ozones3-haproxy_s3g3_1 ... 
Stopping ozones3-haproxy_s3g1_1 ... 
Stopping ozones3-haproxy_s3g3_1 ... done
Stopping ozones3-haproxy_s3g1_1 ... done
Removing ozones3-haproxy_s3g2_1     ... 
Removing ozones3-haproxy_om_1       ... 
Removing ozones3-haproxy_s3g3_1     ... 
Removing ozones3-haproxy_s3g_1      ... 
Removing ozones3-haproxy_s3g1_1     ... 
Removing ozones3-haproxy_datanode_2 ... 
Removing ozones3-haproxy_scm_1      ... 
Removing ozones3-haproxy_datanode_1 ... 
Removing ozones3-haproxy_datanode_3 ... 
Removing ozones3-haproxy_s3g1_1     ... done
Removing ozones3-haproxy_s3g_1      ... done
Removing ozones3-haproxy_datanode_3 ... done
Removing ozones3-haproxy_om_1       ... done
Removing ozones3-haproxy_datanode_2 ... done
Removing ozones3-haproxy_datanode_1 ... done
Removing ozones3-haproxy_scm_1      ... done
Removing ozones3-haproxy_s3g3_1     ... done
Removing ozones3-haproxy_s3g2_1     ... done
Removing network ozones3-haproxy_default
ERROR: Test execution of /workdir/hadoop-ozone/dist/target/ozone-0.5.0-SNAPSHOT/compose/ozones3-haproxy is FAILED!!!!
cp: cannot stat '/workdir/hadoop-ozone/dist/target/ozone-0.5.0-SNAPSHOT/compose/ozones3-haproxy/result/robot-*.xml': No such file or directory
Executing test in /workdir/hadoop-ozone/dist/target/ozone-0.5.0-SNAPSHOT/compose/ozones3
Removing network ozones3_default
Network ozones3_default not found.
Creating network "ozones3_default" with the default driver
Creating ozones3_datanode_1 ... 
Creating ozones3_scm_1      ... 
Creating ozones3_datanode_2 ... 
Creating ozones3_datanode_3 ... 
Creating ozones3_om_1       ... 
Creating ozones3_s3g_1      ... 
Creating ozones3_datanode_1 ... done
Creating ozones3_scm_1      ... done
Creating ozones3_datanode_3 ... done
Creating ozones3_om_1       ... done
Creating ozones3_s3g_1      ... done
Creating ozones3_datanode_2 ... done
Error response from daemon: Container 6d6e9451ca070cf80da901f4f3cbed502c7034741af5ecffb400c750ee7f5379 is not running
No container found for scm_1
No container found for scm_1
No container found for scm_1
No container found for scm_1
No container found for scm_1
No container found for scm_1
No container found for scm_1
No container found for scm_1
No container found for scm_1
No container found for scm_1
No container found for scm_1
No container found for scm_1
No container found for scm_1
No container found for scm_1
No container found for scm_1
No container found for scm_1
No container found for scm_1
No container found for scm_1
No container found for scm_1
No container found for scm_1
No container found for scm_1
No container found for scm_1
No container found for scm_1
No container found for scm_1
No container found for scm_1
No container found for scm_1
No container found for scm_1
No container found for scm_1
No container found for scm_1
No container found for scm_1
No container found for scm_1
No container found for scm_1
No container found for scm_1
No container found for scm_1
No container found for scm_1
No container found for scm_1
No container found for scm_1
WARNING! Datanodes are not started successfully. Please check the docker-compose files
Stopping ozones3_s3g_1 ... 
Stopping ozones3_s3g_1 ... done
Removing ozones3_s3g_1      ... 
Removing ozones3_datanode_3 ... 
Removing ozones3_om_1       ... 
Removing ozones3_datanode_2 ... 
Removing ozones3_scm_1      ... 
Removing ozones3_datanode_1 ... 
Removing ozones3_om_1       ... done
Removing ozones3_datanode_3 ... done
Removing ozones3_scm_1      ... done
Removing ozones3_datanode_2 ... done
Removing ozones3_datanode_1 ... done
Removing ozones3_s3g_1      ... done
Removing network ozones3_default
ERROR: Test execution of /workdir/hadoop-ozone/dist/target/ozone-0.5.0-SNAPSHOT/compose/ozones3 is FAILED!!!!
cp: cannot stat '/workdir/hadoop-ozone/dist/target/ozone-0.5.0-SNAPSHOT/compose/ozones3/result/robot-*.xml': No such file or directory
Executing test in /workdir/hadoop-ozone/dist/target/ozone-0.5.0-SNAPSHOT/compose/ozonesecure-mr
Removing network ozone
Network ozone not found.
Creating network "ozone" with the default driver
Building kdc
Step 1/16 : FROM openjdk:8u191-jdk-alpine3.9
8u191-jdk-alpine3.9: Pulling from library/openjdk
Digest: sha256:d2e2716147d1f7fe73b1a9f72a9cff7a7aa92d32eb8de4fffbfddc596e004984
Status: Downloaded newer image for openjdk:8u191-jdk-alpine3.9
 ---> e9ea51023687
Step 2/16 : RUN apk add --no-cache bash ca-certificates openssl krb5-server krb5 && rm -rf /var/cache/apk/* && update-ca-certificates
 ---> Running in 6af547bdd546
fetch http://dl-cdn.alpinelinux.org/alpine/v3.9/main/x86_64/APKINDEX.tar.gz
fetch http://dl-cdn.alpinelinux.org/alpine/v3.9/community/x86_64/APKINDEX.tar.gz
(1/15) Installing ncurses-terminfo-base (6.1_p20190105-r0)
(2/15) Installing ncurses-terminfo (6.1_p20190105-r0)
(3/15) Installing ncurses-libs (6.1_p20190105-r0)
(4/15) Installing readline (7.0.003-r1)
(5/15) Installing bash (4.4.19-r1)
Executing bash-4.4.19-r1.post-install
(6/15) Installing e2fsprogs-libs (1.44.5-r1)
(7/15) Installing krb5 (1.15.5-r0)
(8/15) Installing libev (4.25-r0)
(9/15) Installing libverto-libev (0.3.0-r1)
(10/15) Installing db (5.3.28-r1)
(11/15) Installing libsasl (2.1.27-r1)
(12/15) Installing libldap (2.4.48-r0)
(13/15) Installing krb5-server-ldap (1.15.5-r0)
(14/15) Installing krb5-server (1.15.5-r0)
(15/15) Installing openssl (1.1.1d-r0)
Executing busybox-1.29.3-r10.trigger
OK: 117 MiB in 69 packages
[91mWARNING: ca-certificates.crt does not contain exactly one certificate or CRL: skipping
[0m ---> 1b9eec078210
Step 3/16 : RUN wget -O /usr/local/bin/dumb-init https://github.com/Yelp/dumb-init/releases/download/v1.2.0/dumb-init_1.2.0_amd64
 ---> Running in f680727eaedc
[91mConnecting to github.com (192.30.255.113:443)
[0m[91mConnecting to github-production-release-asset-2e65be.s3.amazonaws.com (52.216.12.84:443)
[0m[91mdumb-init             36% |***********                     | 16951  0:00:01 ETA
[0m[91mdumb-init            100% |********************************| 46400  0:00:00 ETA
[0m[91m
[0m ---> a835f243d8ae
Step 4/16 : RUN chmod +x /usr/local/bin/dumb-init
 ---> Running in 6860383eb061
 ---> 397949cff662
Step 5/16 : RUN wget -O /root/issuer https://github.com/ajayydv/docker/raw/kdc/issuer
 ---> Running in 63afef7a2de8
[91mConnecting to github.com (192.30.255.113:443)
[0m[91mConnecting to raw.githubusercontent.com (151.101.64.133:443)
[0m[91missuer               100% |********************************| 6586k  0:00:00 ETA

[0m ---> 50233a19f21d
Step 6/16 : RUN chmod +x /root/issuer
 ---> Running in 7b4caefe99b0
 ---> 76a11857f528
Step 7/16 : WORKDIR /opt
 ---> 3a86e2521e5f
Step 8/16 : COPY krb5.conf /etc/
 ---> 25d672c1d07b
Step 9/16 : COPY kadm5.acl /var/lib/krb5kdc/kadm5.acl
 ---> bf9f2d259827
Step 10/16 : RUN kdb5_util create -s -P Welcome1
 ---> Running in e7ad5b22e5bc
Loading random data
Initializing database '/var/lib/krb5kdc/principal' for realm 'EXAMPLE.COM',
master key name 'K/M@EXAMPLE.COM'
 ---> 5a7082b160e8
Step 11/16 : RUN kadmin.local -q "addprinc -randkey admin/admin@EXAMPLE.COM"
 ---> Running in 24ed85535973
Authenticating as principal root/admin@EXAMPLE.COM with password.
[91mWARNING: no policy specified for admin/admin@EXAMPLE.COM; defaulting to no policy
[0mPrincipal "admin/admin@EXAMPLE.COM" created.
 ---> 63ec4b7a4846
Step 12/16 : RUN kadmin.local -q "ktadd -k /tmp/admin.keytab admin/admin@EXAMPLE.COM"
 ---> Running in f322c52a143d
Authenticating as principal root/admin@EXAMPLE.COM with password.
Entry for principal admin/admin@EXAMPLE.COM with kvno 2, encryption type aes256-cts-hmac-sha1-96 added to keytab WRFILE:/tmp/admin.keytab.
Entry for principal admin/admin@EXAMPLE.COM with kvno 2, encryption type aes128-cts-hmac-sha1-96 added to keytab WRFILE:/tmp/admin.keytab.
 ---> 54078264491e
Step 13/16 : COPY launcher.sh .
 ---> 0d5fcb09bde8
Step 14/16 : RUN chmod +x /opt/launcher.sh
 ---> Running in 7fec5de11fc0
 ---> 1aec5cc2bff3
Step 15/16 : RUN mkdir -p /data
 ---> Running in 5e955bfaf966
 ---> 2452f266b142
Step 16/16 : ENTRYPOINT ["/usr/local/bin/dumb-init", "--", "/opt/launcher.sh"]
 ---> Running in 8a61e13c1c49
 ---> 61a01600f7de

Removing intermediate container 8a61e13c1c49
Removing intermediate container 63afef7a2de8
Removing intermediate container 7b4caefe99b0
Removing intermediate container 24ed85535973
Removing intermediate container f322c52a143d
Removing intermediate container e7ad5b22e5bc
Removing intermediate container 7fec5de11fc0
Removing intermediate container 5e955bfaf966
Removing intermediate container 6af547bdd546
Removing intermediate container f680727eaedc
Removing intermediate container 6860383eb061
Removing intermediate container 4a9c58ba5f25
[Warning] One or more build-args [buildno] were not consumed
Successfully built 61a01600f7de
Successfully tagged ozonesecure-mr_kdc:latest
Image for service kdc was built because it did not already exist. To rebuild this image you must use `docker-compose build` or `docker-compose up --build`.
Creating ozonesecure-mr_datanode_1 ... 
Creating ozonesecure-mr_scm_1      ... 
Creating ozonesecure-mr_datanode_2 ... 
Creating ozonesecure-mr_datanode_3 ... 
Creating jhs                       ... 
Creating ozonesecure-mr_kms_1      ... 
Creating ozonesecure-mr_s3g_1      ... 
Creating ozonesecure-mr_rm_1       ... 
Creating ozonesecure-mr_om_1       ... 
Creating ozonesecure-mr_nm_1       ... 
Creating ozonesecure-mr_kdc_1      ... 
Creating ozonesecure-mr_scm_1      ... done
Creating ozonesecure-mr_datanode_2 ... done
Creating ozonesecure-mr_s3g_1      ... done
Creating ozonesecure-mr_datanode_3 ... done
Creating ozonesecure-mr_datanode_1 ... done
Creating ozonesecure-mr_kdc_1      ... done
Creating jhs                       ... done
Creating ozonesecure-mr_om_1       ... done
Creating ozonesecure-mr_nm_1       ... done
Creating ozonesecure-mr_kms_1      ... done
Connection pool is full, discarding connection: 0.0.0.0
Creating ozonesecure-mr_rm_1       ... done
No container found for scm_1
No container found for scm_1
No container found for scm_1
No container found for scm_1
No container found for scm_1
No container found for scm_1
No container found for scm_1
No container found for scm_1
No container found for scm_1
No container found for scm_1
No container found for scm_1
No container found for scm_1
No container found for scm_1
No container found for scm_1
No container found for scm_1
No container found for scm_1
No container found for scm_1
No container found for scm_1
No container found for scm_1
No container found for scm_1
No container found for scm_1
No container found for scm_1
No container found for scm_1
No container found for scm_1
No container found for scm_1
No container found for scm_1
No container found for scm_1
No container found for scm_1
No container found for scm_1
No container found for scm_1
No container found for scm_1
No container found for scm_1
No container found for scm_1
No container found for scm_1
No container found for scm_1
No container found for scm_1
No container found for scm_1
No container found for scm_1
WARNING! Datanodes are not started successfully. Please check the docker-compose files
Connection pool is full, discarding connection: 0.0.0.0
Connection pool is full, discarding connection: 0.0.0.0
Connection pool is full, discarding connection: 0.0.0.0
Connection pool is full, discarding connection: 0.0.0.0
Connection pool is full, discarding connection: 0.0.0.0
Stopping ozonesecure-mr_rm_1  ... 
Stopping ozonesecure-mr_kdc_1 ... 
Stopping ozonesecure-mr_nm_1  ... 
Stopping ozonesecure-mr_s3g_1 ... 
Stopping ozonesecure-mr_kms_1 ... 
Stopping jhs                  ... 
Stopping ozonesecure-mr_nm_1  ... done
Stopping ozonesecure-mr_kdc_1 ... done
Stopping jhs                  ... done
Stopping ozonesecure-mr_kms_1 ... done
Stopping ozonesecure-mr_rm_1  ... done
Stopping ozonesecure-mr_s3g_1 ... done
Removing ozonesecure-mr_rm_1       ... 
Removing ozonesecure-mr_kdc_1      ... 
Removing ozonesecure-mr_nm_1       ... 
Removing ozonesecure-mr_om_1       ... 
Removing ozonesecure-mr_datanode_3 ... 
Removing ozonesecure-mr_datanode_1 ... 
Removing ozonesecure-mr_s3g_1      ... 
Removing ozonesecure-mr_datanode_2 ... 
Removing ozonesecure-mr_kms_1      ... 
Removing ozonesecure-mr_scm_1      ... 
Removing jhs                       ... 
Removing ozonesecure-mr_kdc_1      ... done
Removing ozonesecure-mr_datanode_2 ... done
Removing jhs                       ... done
Removing ozonesecure-mr_nm_1       ... done
Removing ozonesecure-mr_s3g_1      ... done
Removing ozonesecure-mr_rm_1       ... done
Removing ozonesecure-mr_om_1       ... done
Removing ozonesecure-mr_kms_1      ... done
Removing ozonesecure-mr_datanode_3 ... done
Connection pool is full, discarding connection: 0.0.0.0
Removing ozonesecure-mr_datanode_1 ... done
Removing ozonesecure-mr_scm_1      ... done
Removing network ozone
ERROR: Test execution of /workdir/hadoop-ozone/dist/target/ozone-0.5.0-SNAPSHOT/compose/ozonesecure-mr is FAILED!!!!
cp: cannot stat '/workdir/hadoop-ozone/dist/target/ozone-0.5.0-SNAPSHOT/compose/ozonesecure-mr/result/robot-*.xml': No such file or directory
Executing test in /workdir/hadoop-ozone/dist/target/ozone-0.5.0-SNAPSHOT/compose/ozonesecure
Removing network ozonesecure_default
Network ozonesecure_default not found.
Creating network "ozonesecure_default" with the default driver
Building kdc
Step 1/16 : FROM openjdk:8u191-jdk-alpine3.9
 ---> e9ea51023687
Step 2/16 : RUN apk add --update bash ca-certificates openssl krb5-server krb5 && rm -rf /var/cache/apk/* && update-ca-certificates
 ---> Running in edb4956f2c3e
fetch http://dl-cdn.alpinelinux.org/alpine/v3.9/main/x86_64/APKINDEX.tar.gz
fetch http://dl-cdn.alpinelinux.org/alpine/v3.9/community/x86_64/APKINDEX.tar.gz
(1/15) Installing ncurses-terminfo-base (6.1_p20190105-r0)
(2/15) Installing ncurses-terminfo (6.1_p20190105-r0)
(3/15) Installing ncurses-libs (6.1_p20190105-r0)
(4/15) Installing readline (7.0.003-r1)
(5/15) Installing bash (4.4.19-r1)
Executing bash-4.4.19-r1.post-install
(6/15) Installing e2fsprogs-libs (1.44.5-r1)
(7/15) Installing krb5 (1.15.5-r0)
(8/15) Installing libev (4.25-r0)
(9/15) Installing libverto-libev (0.3.0-r1)
(10/15) Installing db (5.3.28-r1)
(11/15) Installing libsasl (2.1.27-r1)
(12/15) Installing libldap (2.4.48-r0)
(13/15) Installing krb5-server-ldap (1.15.5-r0)
(14/15) Installing krb5-server (1.15.5-r0)
(15/15) Installing openssl (1.1.1d-r0)
Executing busybox-1.29.3-r10.trigger
OK: 117 MiB in 69 packages
[91mWARNING: ca-certificates.crt does not contain exactly one certificate or CRL: skipping
[0m ---> 528fe7c47f3d
Step 3/16 : RUN wget -O /usr/local/bin/dumb-init https://github.com/Yelp/dumb-init/releases/download/v1.2.0/dumb-init_1.2.0_amd64
 ---> Running in d0b242e1280d
[91mConnecting to github.com (192.30.255.112:443)
[0m[91mConnecting to github-production-release-asset-2e65be.s3.amazonaws.com (52.216.177.99:443)
[0m[91mdumb-init            100% |********************************| 46400  0:00:00 ETA

[0m ---> fb68afa5aa03
Step 4/16 : RUN chmod +x /usr/local/bin/dumb-init
 ---> Running in b33f9f903bde
 ---> 4aa666de6a5a
Step 5/16 : RUN wget -O /root/issuer https://github.com/ajayydv/docker/raw/kdc/issuer
 ---> Running in 2f678332c0df
[91mConnecting to github.com (192.30.255.112:443)
[0m[91mConnecting to raw.githubusercontent.com (151.101.192.133:443)
[0m[91missuer               100% |********************************| 6586k  0:00:00 ETA

[0m ---> 0b2b5f70814e
Step 6/16 : RUN chmod +x /root/issuer
 ---> Running in 7f6ce1ec845a
 ---> 9512d2540df0
Step 7/16 : WORKDIR /opt
 ---> 34b95e00149e
Step 8/16 : ADD krb5.conf /etc/
 ---> ff2bf2a0e8b1
Step 9/16 : ADD kadm5.acl /var/lib/krb5kdc/kadm5.acl
 ---> f76999d39f1b
Step 10/16 : RUN kdb5_util create -s -P Welcome1
 ---> Running in b47f94d20766
Loading random data
Initializing database '/var/lib/krb5kdc/principal' for realm 'EXAMPLE.COM',
master key name 'K/M@EXAMPLE.COM'
 ---> 1d380510626e
Step 11/16 : RUN kadmin.local -q "addprinc -randkey admin/admin@EXAMPLE.COM"
 ---> Running in 64e0d6112171
Authenticating as principal root/admin@EXAMPLE.COM with password.
[91mWARNING: no policy specified for admin/admin@EXAMPLE.COM; defaulting to no policy
[0mPrincipal "admin/admin@EXAMPLE.COM" created.
 ---> 91d7fba5c86d
Step 12/16 : RUN kadmin.local -q "ktadd -k /tmp/admin.keytab admin/admin@EXAMPLE.COM"
 ---> Running in 7ec52337a98b
Authenticating as principal root/admin@EXAMPLE.COM with password.
Entry for principal admin/admin@EXAMPLE.COM with kvno 2, encryption type aes256-cts-hmac-sha1-96 added to keytab WRFILE:/tmp/admin.keytab.
Entry for principal admin/admin@EXAMPLE.COM with kvno 2, encryption type aes128-cts-hmac-sha1-96 added to keytab WRFILE:/tmp/admin.keytab.
 ---> 2f57e551cd2b
Step 13/16 : ADD launcher.sh .
 ---> 644a77de9313
Step 14/16 : RUN chmod +x /opt/launcher.sh
 ---> Running in 9ad4fcd760a8
 ---> a2574722f8bd
Step 15/16 : RUN mkdir -p /data
 ---> Running in 3dce7b4d165a
 ---> fd9eb064207f
Step 16/16 : ENTRYPOINT ["/usr/local/bin/dumb-init", "--", "/opt/launcher.sh"]
 ---> Running in e6fc3348541f
 ---> b4c2d907e467
Removing intermediate container 3dce7b4d165a
Removing intermediate container b33f9f903bde
Removing intermediate container 7f6ce1ec845a
Removing intermediate container 7ec52337a98b
Removing intermediate container 9ad4fcd760a8
Removing intermediate container b47f94d20766
Removing intermediate container 64e0d6112171
Removing intermediate container e6fc3348541f
Removing intermediate container edb4956f2c3e
Removing intermediate container d0b242e1280d
Removing intermediate container 2f678332c0df
Removing intermediate container d87c5165087e
[Warning] One or more build-args [buildno] were not consumed
Successfully built b4c2d907e467
Successfully tagged ozonesecure_kdc:latest
Image for service kdc was built because it did not already exist. To rebuild this image you must use `docker-compose build` or `docker-compose up --build`.
Creating ozonesecure_datanode_1 ... 
Creating ozonesecure_datanode_2 ... 
Creating ozonesecure_datanode_3 ... 
Creating ozonesecure_kdc_1      ... 
Creating ozonesecure_scm_1      ... 
Creating ozonesecure_s3g_1      ... 
Creating ozonesecure_recon_1    ... 
Creating ozonesecure_om_1       ... 
Creating ozonesecure_kms_1      ... 
Creating ozonesecure_kdc_1      ... done
Creating ozonesecure_datanode_1 ... done
Creating ozonesecure_datanode_2 ... done
Creating ozonesecure_s3g_1      ... done
Creating ozonesecure_recon_1    ... done
Creating ozonesecure_kms_1      ... done
Creating ozonesecure_om_1       ... done
Creating ozonesecure_datanode_3 ... done
Creating ozonesecure_scm_1      ... done
kinit: Cannot contact any KDC for realm 'EXAMPLE.COM' while getting initial credentials
No container found for scm_1
No container found for scm_1
No container found for scm_1
No container found for scm_1
No container found for scm_1
No container found for scm_1
No container found for scm_1
No container found for scm_1
No container found for scm_1
No container found for scm_1
No container found for scm_1
No container found for scm_1
No container found for scm_1
No container found for scm_1
No container found for scm_1
No container found for scm_1
No container found for scm_1
No container found for scm_1
No container found for scm_1
No container found for scm_1
No container found for scm_1
No container found for scm_1
No container found for scm_1
No container found for scm_1
No container found for scm_1
No container found for scm_1
No container found for scm_1
No container found for scm_1
No container found for scm_1
No container found for scm_1
No container found for scm_1
No container found for scm_1
No container found for scm_1
No container found for scm_1
No container found for scm_1
No container found for scm_1
No container found for scm_1
WARNING! Datanodes are not started successfully. Please check the docker-compose files
Connection pool is full, discarding connection: 0.0.0.0
Stopping ozonesecure_kms_1 ... 
Stopping ozonesecure_s3g_1 ... 
Stopping ozonesecure_kdc_1 ... 
Stopping ozonesecure_kdc_1 ... done
Stopping ozonesecure_kms_1 ... done
Stopping ozonesecure_s3g_1 ... done
Removing ozonesecure_kms_1      ... 
Removing ozonesecure_om_1       ... 
Removing ozonesecure_recon_1    ... 
Removing ozonesecure_s3g_1      ... 
Removing ozonesecure_datanode_2 ... 
Removing ozonesecure_datanode_3 ... 
Removing ozonesecure_scm_1      ... 
Removing ozonesecure_datanode_1 ... 
Removing ozonesecure_kdc_1      ... 
Removing ozonesecure_kdc_1      ... done
Removing ozonesecure_datanode_3 ... done
Removing ozonesecure_kms_1      ... done
Removing ozonesecure_s3g_1      ... done
Removing ozonesecure_datanode_2 ... done
Removing ozonesecure_scm_1      ... done
Removing ozonesecure_om_1       ... done
Removing ozonesecure_recon_1    ... done
Removing ozonesecure_datanode_1 ... done
Removing network ozonesecure_default
ERROR: Test execution of /workdir/hadoop-ozone/dist/target/ozone-0.5.0-SNAPSHOT/compose/ozonesecure is FAILED!!!!
cp: cannot stat '/workdir/hadoop-ozone/dist/target/ozone-0.5.0-SNAPSHOT/compose/ozonesecure/result/robot-*.xml': No such file or directory
Log:     /workdir/hadoop-ozone/dist/target/ozone-0.5.0-SNAPSHOT/compose/result/log.html
Report:  /workdir/hadoop-ozone/dist/target/ozone-0.5.0-SNAPSHOT/compose/result/report.html
