rm: cannot remove '/workdir/hadoop-ozone/dist/target/ozone-0.5.0-SNAPSHOT/compose/result/*': No such file or directory
Executing test in /workdir/hadoop-ozone/dist/target/ozone-0.5.0-SNAPSHOT/compose/ozone-mr/hadoop27
Removing network hadoop27_default
Network hadoop27_default not found.
Creating network "hadoop27_default" with the default driver
Pulling scm (apache/ozone-runner:20190717-1)...
20190717-1: Pulling from apache/ozone-runner
Digest: sha256:00bb9519e6d236c50761dcc9c668ce7f04a74f160b916bf3baeaa26232389a69
Status: Downloaded newer image for apache/ozone-runner:20190717-1
Pulling nm (flokkr/hadoop:2.7.7)...
2.7.7: Pulling from flokkr/hadoop
Digest: sha256:594a1cc971f4e91218132f2027617859d4624a55bda01bc43ec07545022ac6c9
Status: Downloaded newer image for flokkr/hadoop:2.7.7
Creating hadoop27_nm_1 ... 
Creating hadoop27_om_1 ... 
Creating hadoop27_scm_1 ... 
Creating hadoop27_s3g_1 ... 
Creating hadoop27_rm_1  ... 
Creating hadoop27_datanode_1 ... 
Creating hadoop27_datanode_2 ... 
Creating hadoop27_datanode_3 ... 
Creating hadoop27_nm_1       ... done
Creating hadoop27_scm_1      ... done
Creating hadoop27_om_1       ... done
Creating hadoop27_datanode_3 ... done
Creating hadoop27_datanode_2 ... done
Creating hadoop27_datanode_1 ... done
Creating hadoop27_s3g_1      ... done
Creating hadoop27_rm_1       ... done
No container found for scm_1
No container found for scm_1
No container found for scm_1
No container found for scm_1
No container found for scm_1
No container found for scm_1
No container found for scm_1
No container found for scm_1
No container found for scm_1
No container found for scm_1
No container found for scm_1
No container found for scm_1
No container found for scm_1
No container found for scm_1
No container found for scm_1
No container found for scm_1
No container found for scm_1
No container found for scm_1
No container found for scm_1
No container found for scm_1
No container found for scm_1
No container found for scm_1
No container found for scm_1
No container found for scm_1
No container found for scm_1
No container found for scm_1
No container found for scm_1
No container found for scm_1
No container found for scm_1
No container found for scm_1
No container found for scm_1
No container found for scm_1
No container found for scm_1
No container found for scm_1
No container found for scm_1
No container found for scm_1
No container found for scm_1
No container found for scm_1
WARNING! Datanodes are not started successfully. Please check the docker-compose files
Connection pool is full, discarding connection: 0.0.0.0
Connection pool is full, discarding connection: 0.0.0.0
Connection pool is full, discarding connection: 0.0.0.0
Stopping hadoop27_rm_1  ... 
Stopping hadoop27_s3g_1 ... 
Stopping hadoop27_nm_1  ... 
Stopping hadoop27_nm_1  ... done
Stopping hadoop27_rm_1  ... done
Stopping hadoop27_s3g_1 ... done
Removing hadoop27_rm_1       ... 
Removing hadoop27_datanode_1 ... 
Removing hadoop27_datanode_3 ... 
Removing hadoop27_s3g_1      ... 
Removing hadoop27_datanode_2 ... 
Removing hadoop27_scm_1      ... 
Removing hadoop27_om_1       ... 
Removing hadoop27_nm_1       ... 
Removing hadoop27_datanode_3 ... done
Removing hadoop27_nm_1       ... done
Removing hadoop27_rm_1       ... done
Removing hadoop27_datanode_2 ... done
Removing hadoop27_datanode_1 ... done
Removing hadoop27_s3g_1      ... done
Removing hadoop27_scm_1      ... done
Removing hadoop27_om_1       ... done
Removing network hadoop27_default
ERROR: Test execution of /workdir/hadoop-ozone/dist/target/ozone-0.5.0-SNAPSHOT/compose/ozone-mr/hadoop27 is FAILED!!!!
cp: cannot stat '/workdir/hadoop-ozone/dist/target/ozone-0.5.0-SNAPSHOT/compose/ozone-mr/hadoop27/result/robot-*.xml': No such file or directory
Executing test in /workdir/hadoop-ozone/dist/target/ozone-0.5.0-SNAPSHOT/compose/ozone-mr/hadoop31
Removing network hadoop31_default
Network hadoop31_default not found.
Creating network "hadoop31_default" with the default driver
Pulling nm (flokkr/hadoop:3.1.2)...
3.1.2: Pulling from flokkr/hadoop
Digest: sha256:aaed24f2f15ef520340c98c99c96c62056e018fdfe4591b8dfdfa8fd50636dc1
Status: Downloaded newer image for flokkr/hadoop:3.1.2
Creating hadoop31_nm_1 ... 
Creating hadoop31_om_1 ... 
Creating hadoop31_s3g_1 ... 
Creating hadoop31_scm_1 ... 
Creating hadoop31_rm_1  ... 
Creating hadoop31_datanode_1 ... 
Creating hadoop31_datanode_2 ... 
Creating hadoop31_datanode_3 ... 
Creating hadoop31_nm_1       ... done
Creating hadoop31_scm_1      ... done
Creating hadoop31_datanode_3 ... done
Creating hadoop31_rm_1       ... done
Creating hadoop31_om_1       ... done
Creating hadoop31_s3g_1      ... done
Creating hadoop31_datanode_2 ... done
Creating hadoop31_datanode_1 ... done
No container found for scm_1
No container found for scm_1
No container found for scm_1
No container found for scm_1
No container found for scm_1
No container found for scm_1
No container found for scm_1
No container found for scm_1
No container found for scm_1
No container found for scm_1
No container found for scm_1
No container found for scm_1
No container found for scm_1
No container found for scm_1
No container found for scm_1
No container found for scm_1
No container found for scm_1
No container found for scm_1
No container found for scm_1
No container found for scm_1
No container found for scm_1
No container found for scm_1
No container found for scm_1
No container found for scm_1
No container found for scm_1
No container found for scm_1
No container found for scm_1
No container found for scm_1
No container found for scm_1
No container found for scm_1
No container found for scm_1
No container found for scm_1
No container found for scm_1
No container found for scm_1
No container found for scm_1
No container found for scm_1
No container found for scm_1
No container found for scm_1
WARNING! Datanodes are not started successfully. Please check the docker-compose files
Stopping hadoop31_rm_1  ... 
Stopping hadoop31_nm_1  ... 
Stopping hadoop31_s3g_1 ... 
Stopping hadoop31_nm_1  ... done
Stopping hadoop31_rm_1  ... done
Stopping hadoop31_s3g_1 ... done
Removing hadoop31_datanode_3 ... 
Removing hadoop31_datanode_1 ... 
Removing hadoop31_rm_1       ... 
Removing hadoop31_datanode_2 ... 
Removing hadoop31_scm_1      ... 
Removing hadoop31_nm_1       ... 
Removing hadoop31_s3g_1      ... 
Removing hadoop31_om_1       ... 
Removing hadoop31_om_1       ... done
Removing hadoop31_datanode_1 ... done
Removing hadoop31_s3g_1      ... done
Removing hadoop31_nm_1       ... done
Removing hadoop31_datanode_3 ... done
Removing hadoop31_datanode_2 ... done
Removing hadoop31_rm_1       ... done
Removing hadoop31_scm_1      ... done
Removing network hadoop31_default
ERROR: Test execution of /workdir/hadoop-ozone/dist/target/ozone-0.5.0-SNAPSHOT/compose/ozone-mr/hadoop31 is FAILED!!!!
cp: cannot stat '/workdir/hadoop-ozone/dist/target/ozone-0.5.0-SNAPSHOT/compose/ozone-mr/hadoop31/result/robot-*.xml': No such file or directory
Executing test in /workdir/hadoop-ozone/dist/target/ozone-0.5.0-SNAPSHOT/compose/ozone-mr/hadoop32
Removing network hadoop32_default
Network hadoop32_default not found.
Creating network "hadoop32_default" with the default driver
Pulling nm (apache/hadoop:3)...
3: Pulling from apache/hadoop
Digest: sha256:5cba355fd83de1bcce907abaa7f8ac3cfbc2ab74a09785ecdc892392883344f6
Status: Downloaded newer image for apache/hadoop:3
Creating hadoop32_nm_1 ... 
Creating hadoop32_s3g_1 ... 
Creating hadoop32_rm_1  ... 
Creating hadoop32_scm_1 ... 
Creating hadoop32_datanode_1 ... 
Creating hadoop32_datanode_2 ... 
Creating hadoop32_datanode_3 ... 
Creating hadoop32_om_1       ... 
Creating hadoop32_nm_1       ... done
Creating hadoop32_s3g_1      ... done
Creating hadoop32_rm_1       ... done
Creating hadoop32_datanode_2 ... done
Creating hadoop32_datanode_3 ... done
Creating hadoop32_om_1       ... done
Creating hadoop32_datanode_1 ... done
Creating hadoop32_scm_1      ... done
No container found for scm_1
No container found for scm_1
No container found for scm_1
No container found for scm_1
No container found for scm_1
No container found for scm_1
No container found for scm_1
No container found for scm_1
No container found for scm_1
No container found for scm_1
No container found for scm_1
No container found for scm_1
No container found for scm_1
No container found for scm_1
No container found for scm_1
No container found for scm_1
No container found for scm_1
No container found for scm_1
No container found for scm_1
No container found for scm_1
No container found for scm_1
No container found for scm_1
No container found for scm_1
No container found for scm_1
No container found for scm_1
No container found for scm_1
No container found for scm_1
No container found for scm_1
No container found for scm_1
No container found for scm_1
No container found for scm_1
No container found for scm_1
No container found for scm_1
No container found for scm_1
No container found for scm_1
No container found for scm_1
No container found for scm_1
WARNING! Datanodes are not started successfully. Please check the docker-compose files
Stopping hadoop32_s3g_1 ... 
Stopping hadoop32_rm_1  ... 
Stopping hadoop32_nm_1  ... 
Stopping hadoop32_nm_1  ... done
Stopping hadoop32_rm_1  ... done
Stopping hadoop32_s3g_1 ... done
Removing hadoop32_datanode_2 ... 
Removing hadoop32_datanode_1 ... 
Removing hadoop32_datanode_3 ... 
Removing hadoop32_om_1       ... 
Removing hadoop32_scm_1      ... 
Removing hadoop32_s3g_1      ... 
Removing hadoop32_rm_1       ... 
Removing hadoop32_nm_1       ... 
Removing hadoop32_rm_1       ... done
Removing hadoop32_s3g_1      ... done
Removing hadoop32_scm_1      ... done
Removing hadoop32_datanode_1 ... done
Removing hadoop32_nm_1       ... done
Removing hadoop32_datanode_2 ... done
Removing hadoop32_datanode_3 ... done
Removing hadoop32_om_1       ... done
Removing network hadoop32_default
ERROR: Test execution of /workdir/hadoop-ozone/dist/target/ozone-0.5.0-SNAPSHOT/compose/ozone-mr/hadoop32 is FAILED!!!!
cp: cannot stat '/workdir/hadoop-ozone/dist/target/ozone-0.5.0-SNAPSHOT/compose/ozone-mr/hadoop32/result/robot-*.xml': No such file or directory
Executing test in /workdir/hadoop-ozone/dist/target/ozone-0.5.0-SNAPSHOT/compose/ozone-om-ha-s3
Removing network ozone-om-ha-s3_default
Network ozone-om-ha-s3_default not found.
Creating network "ozone-om-ha-s3_default" with the default driver
Creating ozone-om-ha-s3_om1_1 ... 
Creating ozone-om-ha-s3_om2_1 ... 
Creating ozone-om-ha-s3_scm_1 ... 
Creating ozone-om-ha-s3_s3g_1 ... 
Creating ozone-om-ha-s3_datanode_1 ... 
Creating ozone-om-ha-s3_datanode_2 ... 
Creating ozone-om-ha-s3_datanode_3 ... 
Creating ozone-om-ha-s3_om3_1      ... 
Creating ozone-om-ha-s3_om1_1      ... done
Creating ozone-om-ha-s3_om2_1      ... done
Creating ozone-om-ha-s3_scm_1      ... done
Creating ozone-om-ha-s3_datanode_3 ... done
Creating ozone-om-ha-s3_s3g_1      ... done
Creating ozone-om-ha-s3_om3_1      ... done
Creating ozone-om-ha-s3_datanode_2 ... done
Creating ozone-om-ha-s3_datanode_1 ... done
Error response from daemon: Container 0ba0d2ff2c0fb1de985d6d77287e1f0850cac374a59842239cee666a338e95d9 is not running
No container found for scm_1
No container found for scm_1
No container found for scm_1
No container found for scm_1
No container found for scm_1
No container found for scm_1
No container found for scm_1
No container found for scm_1
No container found for scm_1
No container found for scm_1
No container found for scm_1
No container found for scm_1
No container found for scm_1
No container found for scm_1
No container found for scm_1
No container found for scm_1
No container found for scm_1
No container found for scm_1
No container found for scm_1
No container found for scm_1
No container found for scm_1
No container found for scm_1
No container found for scm_1
No container found for scm_1
No container found for scm_1
No container found for scm_1
No container found for scm_1
No container found for scm_1
No container found for scm_1
No container found for scm_1
No container found for scm_1
No container found for scm_1
No container found for scm_1
No container found for scm_1
No container found for scm_1
No container found for scm_1
No container found for scm_1
WARNING! Datanodes are not started successfully. Please check the docker-compose files
Stopping ozone-om-ha-s3_s3g_1 ... 
Stopping ozone-om-ha-s3_s3g_1 ... done
Removing ozone-om-ha-s3_datanode_1 ... 
Removing ozone-om-ha-s3_om3_1      ... 
Removing ozone-om-ha-s3_datanode_2 ... 
Removing ozone-om-ha-s3_datanode_3 ... 
Removing ozone-om-ha-s3_s3g_1      ... 
Removing ozone-om-ha-s3_scm_1      ... 
Removing ozone-om-ha-s3_om2_1      ... 
Removing ozone-om-ha-s3_om1_1      ... 
Removing ozone-om-ha-s3_om1_1      ... done
Removing ozone-om-ha-s3_datanode_2 ... done
Removing ozone-om-ha-s3_datanode_3 ... done
Removing ozone-om-ha-s3_s3g_1      ... done
Removing ozone-om-ha-s3_datanode_1 ... done
Removing ozone-om-ha-s3_om3_1      ... done
Removing ozone-om-ha-s3_om2_1      ... done
Removing ozone-om-ha-s3_scm_1      ... done
Removing network ozone-om-ha-s3_default
ERROR: Test execution of /workdir/hadoop-ozone/dist/target/ozone-0.5.0-SNAPSHOT/compose/ozone-om-ha-s3 is FAILED!!!!
cp: cannot stat '/workdir/hadoop-ozone/dist/target/ozone-0.5.0-SNAPSHOT/compose/ozone-om-ha-s3/result/robot-*.xml': No such file or directory
Executing test in /workdir/hadoop-ozone/dist/target/ozone-0.5.0-SNAPSHOT/compose/ozone-om-ha
Removing network ozone-om-ha_default
Network ozone-om-ha_default not found.
Creating network "ozone-om-ha_default" with the default driver
Building om3
Step 1/21 : FROM apache/ozone-runner
latest: Pulling from apache/ozone-runner
Digest: sha256:a7e853a4601df315a8f744bd103948785d69421a900da686dc535a6315a775c1
Status: Downloaded newer image for apache/ozone-runner:latest
 ---> 598530462eff
Step 2/21 : RUN sudo yum install -y openssh-clients openssh-server
 ---> Running in c485b1fe8843
Loaded plugins: fastestmirror, ovl
Determining fastest mirrors
 * base: mirrors.sonic.net
 * epel: mirrors.sonic.net
 * extras: mirrors.sonic.net
 * updates: mirror.keystealth.org
Resolving Dependencies
--> Running transaction check
---> Package openssh-clients.x86_64 0:7.4p1-21.el7 will be installed
--> Processing Dependency: openssh = 7.4p1-21.el7 for package: openssh-clients-7.4p1-21.el7.x86_64
--> Processing Dependency: fipscheck-lib(x86-64) >= 1.3.0 for package: openssh-clients-7.4p1-21.el7.x86_64
--> Processing Dependency: libfipscheck.so.1()(64bit) for package: openssh-clients-7.4p1-21.el7.x86_64
--> Processing Dependency: libedit.so.0()(64bit) for package: openssh-clients-7.4p1-21.el7.x86_64
---> Package openssh-server.x86_64 0:7.4p1-21.el7 will be installed
--> Processing Dependency: libwrap.so.0()(64bit) for package: openssh-server-7.4p1-21.el7.x86_64
--> Running transaction check
---> Package fipscheck-lib.x86_64 0:1.4.1-6.el7 will be installed
--> Processing Dependency: /usr/bin/fipscheck for package: fipscheck-lib-1.4.1-6.el7.x86_64
---> Package libedit.x86_64 0:3.0-12.20121213cvs.el7 will be installed
---> Package openssh.x86_64 0:7.4p1-21.el7 will be installed
---> Package tcp_wrappers-libs.x86_64 0:7.6-77.el7 will be installed
--> Running transaction check
---> Package fipscheck.x86_64 0:1.4.1-6.el7 will be installed
--> Finished Dependency Resolution

Dependencies Resolved

================================================================================
 Package                Arch        Version                     Repository
                                                                           Size
================================================================================
Installing:
 openssh-clients        x86_64      7.4p1-21.el7                base      655 k
 openssh-server         x86_64      7.4p1-21.el7                base      459 k
Installing for dependencies:
 fipscheck              x86_64      1.4.1-6.el7                 base       21 k
 fipscheck-lib          x86_64      1.4.1-6.el7                 base       11 k
 libedit                x86_64      3.0-12.20121213cvs.el7      base       92 k
 openssh                x86_64      7.4p1-21.el7                base      510 k
 tcp_wrappers-libs      x86_64      7.6-77.el7                  base       66 k

Transaction Summary
================================================================================
Install  2 Packages (+5 Dependent packages)

Total download size: 1.8 M
Installed size: 5.8 M
Downloading packages:
--------------------------------------------------------------------------------
Total                                              8.8 MB/s | 1.8 MB  00:00     
Running transaction check
Running transaction test
Transaction test succeeded
Running transaction
  Installing : fipscheck-1.4.1-6.el7.x86_64                                 1/7 
  Installing : fipscheck-lib-1.4.1-6.el7.x86_64                             2/7 
  Installing : openssh-7.4p1-21.el7.x86_64                                  3/7 
  Installing : tcp_wrappers-libs-7.6-77.el7.x86_64                          4/7 
  Installing : libedit-3.0-12.20121213cvs.el7.x86_64                        5/7 
  Installing : openssh-clients-7.4p1-21.el7.x86_64                          6/7 
  Installing : openssh-server-7.4p1-21.el7.x86_64                           7/7 
  Verifying  : fipscheck-lib-1.4.1-6.el7.x86_64                             1/7 
  Verifying  : fipscheck-1.4.1-6.el7.x86_64                                 2/7 
  Verifying  : openssh-clients-7.4p1-21.el7.x86_64                          3/7 
  Verifying  : libedit-3.0-12.20121213cvs.el7.x86_64                        4/7 
  Verifying  : tcp_wrappers-libs-7.6-77.el7.x86_64                          5/7 
  Verifying  : openssh-7.4p1-21.el7.x86_64                                  6/7 
  Verifying  : openssh-server-7.4p1-21.el7.x86_64                           7/7 

Installed:
  openssh-clients.x86_64 0:7.4p1-21.el7   openssh-server.x86_64 0:7.4p1-21.el7  

Dependency Installed:
  fipscheck.x86_64 0:1.4.1-6.el7            fipscheck-lib.x86_64 0:1.4.1-6.el7  
  libedit.x86_64 0:3.0-12.20121213cvs.el7   openssh.x86_64 0:7.4p1-21.el7       
  tcp_wrappers-libs.x86_64 0:7.6-77.el7    

Complete!
 ---> 655e0d16c73a
Step 3/21 : RUN sudo ssh-keygen -A
 ---> Running in d99b543b1469
ssh-keygen: generating new host keys: RSA1 RSA DSA ECDSA ED25519 
 ---> e81e8bcc7136
Step 4/21 : RUN sudo mkdir -p /run/sshd
 ---> Running in 2ff89efc429e
 ---> 4fe1bc688a93
Step 5/21 : RUN sudo sed -i "s/.*UsePrivilegeSeparation.*/UsePrivilegeSeparation no/g" /etc/ssh/sshd_config
 ---> Running in fce130a3ebec
 ---> 97661eea8a40
Step 6/21 : RUN sudo sed -i "s/.*PermitUserEnvironment.*/PermitUserEnvironment yes/g" /etc/ssh/sshd_config
 ---> Running in f98cb8b8aae5
 ---> 284495542ab7
Step 7/21 : RUN sudo sed 's@session\s*required\s*pam_loginuid.so@session optional pam_loginuid.so@g' -i /etc/pam.d/sshd
 ---> Running in 4879fee8a050
 ---> 556460ab1126
Step 8/21 : RUN sudo usermod -d /opt hadoop
 ---> Running in 43dbe40f21d9
 ---> cd8bd32f3fb3
Step 9/21 : ADD .ssh /opt/.ssh
 ---> 689d9d9373c9
Step 10/21 : RUN sudo chown -R hadoop /opt/.ssh
 ---> Running in 27ccdacc4cad
 ---> 88c785b391f3
Step 11/21 : RUN sudo chown hadoop /opt
 ---> Running in 748030ac8ec8
 ---> ae5a0185bd37
Step 12/21 : RUN sudo chmod 600 /opt/.ssh/*
 ---> Running in 27deab0d761b
 ---> 73ec4ed79a6d
Step 13/21 : RUN sudo chmod 700 /opt/.ssh
 ---> Running in e34d639a55a7
 ---> 8cc35bce2250
Step 14/21 : RUN sudo sh -c 'echo "export JAVA_HOME=/usr/lib/jvm/jre/" >> /etc/profile'
 ---> Running in bde4450fdfca
 ---> 1b3ebb1ec6e0
Step 15/21 : RUN sudo pip install robotframework-sshlibrary
 ---> Running in 2a3ecf281949
Collecting robotframework-sshlibrary
  Downloading https://files.pythonhosted.org/packages/5e/a3/25010fc4a2c126e1b5dcd1d08d55653aba819509c42d210e4dfbc2f1e844/robotframework-sshlibrary-3.4.0.tar.gz (47kB)
Requirement already satisfied (use --upgrade to upgrade): robotframework>=3.0 in /usr/lib/python2.7/site-packages (from robotframework-sshlibrary)
Collecting paramiko>=1.15.3 (from robotframework-sshlibrary)
  Downloading https://files.pythonhosted.org/packages/4b/80/74dace9e48b0ef923633dfb5e48798f58a168e4734bca8ecfaf839ba051a/paramiko-2.6.0-py2.py3-none-any.whl (199kB)
Collecting scp>=0.13.0 (from robotframework-sshlibrary)
  Downloading https://files.pythonhosted.org/packages/4d/7a/3d76dc5ad8deea79642f50a572e1c057cb27e8b427f83781a2c05ce4e5b6/scp-0.13.2-py2.py3-none-any.whl
Collecting pynacl>=1.0.1 (from paramiko>=1.15.3->robotframework-sshlibrary)
  Downloading https://files.pythonhosted.org/packages/b3/25/e605574f24948a8a53b497744e93f061eb1dbe7c44b6465fc1c172d591aa/PyNaCl-1.3.0-cp27-cp27mu-manylinux1_x86_64.whl (762kB)
Collecting cryptography>=2.5 (from paramiko>=1.15.3->robotframework-sshlibrary)
  Downloading https://files.pythonhosted.org/packages/e2/67/4597fc5d5de01bb44887844647ab8e73239079dd478c35c52d58a9eb3d45/cryptography-2.8-cp27-cp27mu-manylinux1_x86_64.whl (2.3MB)
Collecting bcrypt>=3.1.3 (from paramiko>=1.15.3->robotframework-sshlibrary)
  Downloading https://files.pythonhosted.org/packages/ad/36/9a0227d048e98409f012570f7bef8a8c2373b9c9c5dfbf82963cbae05ede/bcrypt-3.1.7-cp27-cp27mu-manylinux1_x86_64.whl (59kB)
Collecting six (from pynacl>=1.0.1->paramiko>=1.15.3->robotframework-sshlibrary)
  Downloading https://files.pythonhosted.org/packages/73/fb/00a976f728d0d1fecfe898238ce23f502a721c0ac0ecfedb80e0d88c64e9/six-1.12.0-py2.py3-none-any.whl
Collecting cffi>=1.4.1 (from pynacl>=1.0.1->paramiko>=1.15.3->robotframework-sshlibrary)
  Downloading https://files.pythonhosted.org/packages/93/5d/c4f950891251e478929036ca07b22f0b10324460c1d0a4434c584481db51/cffi-1.13.2-cp27-cp27mu-manylinux1_x86_64.whl (384kB)
Collecting enum34; python_version < "3" (from cryptography>=2.5->paramiko>=1.15.3->robotframework-sshlibrary)
  Downloading https://files.pythonhosted.org/packages/c5/db/e56e6b4bbac7c4a06de1c50de6fe1ef3810018ae11732a50f15f62c7d050/enum34-1.1.6-py2-none-any.whl
Requirement already satisfied (use --upgrade to upgrade): ipaddress; python_version < "3" in /usr/lib/python2.7/site-packages (from cryptography>=2.5->paramiko>=1.15.3->robotframework-sshlibrary)
Collecting pycparser (from cffi>=1.4.1->pynacl>=1.0.1->paramiko>=1.15.3->robotframework-sshlibrary)
  Downloading https://files.pythonhosted.org/packages/68/9e/49196946aee219aead1290e00d1e7fdeab8567783e83e1b9ab5585e6206a/pycparser-2.19.tar.gz (158kB)
Installing collected packages: six, pycparser, cffi, pynacl, enum34, cryptography, bcrypt, paramiko, scp, robotframework-sshlibrary
  Running setup.py install for pycparser: started
    Running setup.py install for pycparser: finished with status 'done'
  Running setup.py install for robotframework-sshlibrary: started
    Running setup.py install for robotframework-sshlibrary: finished with status 'done'
Successfully installed bcrypt-3.1.7 cffi-1.13.2 cryptography-2.8 enum34-1.1.6 paramiko-2.6.0 pycparser-2.19 pynacl-1.3.0 robotframework-sshlibrary-3.4.0 scp-0.13.2 six-1.12.0
[91mYou are using pip version 8.1.2, however version 19.3.1 is available.
You should consider upgrading via the 'pip install --upgrade pip' command.
[0m ---> 1b34f422768c
Step 16/21 : ADD startOM.sh /opt/startOM.sh
 ---> e2a192ec8c23
Step 17/21 : ADD stopOM.sh /opt/stopOM.sh
 ---> 6493b5891522
Step 18/21 : RUN sudo chown -R hadoop /opt/startOM.sh
 ---> Running in 4fb52146a962
 ---> f75ef5204771
Step 19/21 : RUN sudo chown -R hadoop /opt/stopOM.sh
 ---> Running in 355f31f8fa32
 ---> 67f8ca34c9d3
Step 20/21 : RUN sudo chmod 700 /opt/startOM.sh
 ---> Running in a7d2bcb8859c
 ---> 923d78e76cec
Step 21/21 : RUN sudo chmod 700 /opt/stopOM.sh
 ---> Running in 0da41ce5e5a4
 ---> 411e975933c7
Removing intermediate container c485b1fe8843
Removing intermediate container d99b543b1469
Removing intermediate container f98cb8b8aae5
Removing intermediate container 43dbe40f21d9
Removing intermediate container 748030ac8ec8
Removing intermediate container e34d639a55a7
Removing intermediate container 4fb52146a962
Removing intermediate container 355f31f8fa32
Removing intermediate container 2ff89efc429e
Removing intermediate container fce130a3ebec
Removing intermediate container 4879fee8a050
Removing intermediate container 27deab0d761b
Removing intermediate container bde4450fdfca
Removing intermediate container 2a3ecf281949
Removing intermediate container a7d2bcb8859c
Removing intermediate container 27ccdacc4cad
Removing intermediate container 0da41ce5e5a4
Successfully built 411e975933c7
Successfully tagged ozone-om-ha_om3:latest
Image for service om3 was built because it did not already exist. To rebuild this image you must use `docker-compose build` or `docker-compose up --build`.
Building om2
Step 1/21 : FROM apache/ozone-runner
 ---> 598530462eff
Step 2/21 : RUN sudo yum install -y openssh-clients openssh-server
 ---> Using cache
 ---> 655e0d16c73a
Step 3/21 : RUN sudo ssh-keygen -A
 ---> Using cache
 ---> e81e8bcc7136
Step 4/21 : RUN sudo mkdir -p /run/sshd
 ---> Using cache
 ---> 4fe1bc688a93
Step 5/21 : RUN sudo sed -i "s/.*UsePrivilegeSeparation.*/UsePrivilegeSeparation no/g" /etc/ssh/sshd_config
 ---> Using cache
 ---> 97661eea8a40
Step 6/21 : RUN sudo sed -i "s/.*PermitUserEnvironment.*/PermitUserEnvironment yes/g" /etc/ssh/sshd_config
 ---> Using cache
 ---> 284495542ab7
Step 7/21 : RUN sudo sed 's@session\s*required\s*pam_loginuid.so@session optional pam_loginuid.so@g' -i /etc/pam.d/sshd
 ---> Using cache
 ---> 556460ab1126
Step 8/21 : RUN sudo usermod -d /opt hadoop
 ---> Using cache
 ---> cd8bd32f3fb3
Step 9/21 : ADD .ssh /opt/.ssh
 ---> Using cache
 ---> 689d9d9373c9
Step 10/21 : RUN sudo chown -R hadoop /opt/.ssh
 ---> Using cache
 ---> 88c785b391f3
Step 11/21 : RUN sudo chown hadoop /opt
 ---> Using cache
 ---> ae5a0185bd37
Step 12/21 : RUN sudo chmod 600 /opt/.ssh/*
 ---> Using cache
 ---> 73ec4ed79a6d
Step 13/21 : RUN sudo chmod 700 /opt/.ssh
 ---> Using cache
 ---> 8cc35bce2250
Step 14/21 : RUN sudo sh -c 'echo "export JAVA_HOME=/usr/lib/jvm/jre/" >> /etc/profile'
 ---> Using cache
 ---> 1b3ebb1ec6e0
Step 15/21 : RUN sudo pip install robotframework-sshlibrary
 ---> Using cache
 ---> 1b34f422768c
Step 16/21 : ADD startOM.sh /opt/startOM.sh
 ---> Using cache
 ---> e2a192ec8c23
Step 17/21 : ADD stopOM.sh /opt/stopOM.sh
 ---> Using cache
 ---> 6493b5891522
Step 18/21 : RUN sudo chown -R hadoop /opt/startOM.sh
 ---> Using cache
 ---> f75ef5204771
Step 19/21 : RUN sudo chown -R hadoop /opt/stopOM.sh
 ---> Using cache
 ---> 67f8ca34c9d3
Step 20/21 : RUN sudo chmod 700 /opt/startOM.sh
 ---> Using cache
 ---> 923d78e76cec
Step 21/21 : RUN sudo chmod 700 /opt/stopOM.sh
 ---> Using cache
 ---> 411e975933c7
Successfully built 411e975933c7
Successfully tagged ozone-om-ha_om2:latest
Image for service om2 was built because it did not already exist. To rebuild this image you must use `docker-compose build` or `docker-compose up --build`.
Building om1
Step 1/21 : FROM apache/ozone-runner
 ---> 598530462eff
Step 2/21 : RUN sudo yum install -y openssh-clients openssh-server
 ---> Using cache
 ---> 655e0d16c73a
Step 3/21 : RUN sudo ssh-keygen -A
 ---> Using cache
 ---> e81e8bcc7136
Step 4/21 : RUN sudo mkdir -p /run/sshd
 ---> Using cache
 ---> 4fe1bc688a93
Step 5/21 : RUN sudo sed -i "s/.*UsePrivilegeSeparation.*/UsePrivilegeSeparation no/g" /etc/ssh/sshd_config
 ---> Using cache
 ---> 97661eea8a40
Step 6/21 : RUN sudo sed -i "s/.*PermitUserEnvironment.*/PermitUserEnvironment yes/g" /etc/ssh/sshd_config
 ---> Using cache
 ---> 284495542ab7
Step 7/21 : RUN sudo sed 's@session\s*required\s*pam_loginuid.so@session optional pam_loginuid.so@g' -i /etc/pam.d/sshd
 ---> Using cache
 ---> 556460ab1126
Step 8/21 : RUN sudo usermod -d /opt hadoop
 ---> Using cache
 ---> cd8bd32f3fb3
Step 9/21 : ADD .ssh /opt/.ssh
 ---> Using cache
 ---> 689d9d9373c9
Step 10/21 : RUN sudo chown -R hadoop /opt/.ssh
 ---> Using cache
 ---> 88c785b391f3
Step 11/21 : RUN sudo chown hadoop /opt
 ---> Using cache
 ---> ae5a0185bd37
Step 12/21 : RUN sudo chmod 600 /opt/.ssh/*
 ---> Using cache
 ---> 73ec4ed79a6d
Step 13/21 : RUN sudo chmod 700 /opt/.ssh
 ---> Using cache
 ---> 8cc35bce2250
Step 14/21 : RUN sudo sh -c 'echo "export JAVA_HOME=/usr/lib/jvm/jre/" >> /etc/profile'
 ---> Using cache
 ---> 1b3ebb1ec6e0
Step 15/21 : RUN sudo pip install robotframework-sshlibrary
 ---> Using cache
 ---> 1b34f422768c
Step 16/21 : ADD startOM.sh /opt/startOM.sh
 ---> Using cache
 ---> e2a192ec8c23
Step 17/21 : ADD stopOM.sh /opt/stopOM.sh
 ---> Using cache
 ---> 6493b5891522
Step 18/21 : RUN sudo chown -R hadoop /opt/startOM.sh
 ---> Using cache
 ---> f75ef5204771
Step 19/21 : RUN sudo chown -R hadoop /opt/stopOM.sh
 ---> Using cache
 ---> 67f8ca34c9d3
Step 20/21 : RUN sudo chmod 700 /opt/startOM.sh
 ---> Using cache
 ---> 923d78e76cec
Step 21/21 : RUN sudo chmod 700 /opt/stopOM.sh
 ---> Using cache
 ---> 411e975933c7
Successfully built 411e975933c7
Successfully tagged ozone-om-ha_om1:latest
Image for service om1 was built because it did not already exist. To rebuild this image you must use `docker-compose build` or `docker-compose up --build`.
Building datanode
Step 1/21 : FROM apache/ozone-runner
 ---> 598530462eff
Step 2/21 : RUN sudo yum install -y openssh-clients openssh-server
 ---> Using cache
 ---> 655e0d16c73a
Step 3/21 : RUN sudo ssh-keygen -A
 ---> Using cache
 ---> e81e8bcc7136
Step 4/21 : RUN sudo mkdir -p /run/sshd
 ---> Using cache
 ---> 4fe1bc688a93
Step 5/21 : RUN sudo sed -i "s/.*UsePrivilegeSeparation.*/UsePrivilegeSeparation no/g" /etc/ssh/sshd_config
 ---> Using cache
 ---> 97661eea8a40
Step 6/21 : RUN sudo sed -i "s/.*PermitUserEnvironment.*/PermitUserEnvironment yes/g" /etc/ssh/sshd_config
 ---> Using cache
 ---> 284495542ab7
Step 7/21 : RUN sudo sed 's@session\s*required\s*pam_loginuid.so@session optional pam_loginuid.so@g' -i /etc/pam.d/sshd
 ---> Using cache
 ---> 556460ab1126
Step 8/21 : RUN sudo usermod -d /opt hadoop
 ---> Using cache
 ---> cd8bd32f3fb3
Step 9/21 : ADD .ssh /opt/.ssh
 ---> Using cache
 ---> 689d9d9373c9
Step 10/21 : RUN sudo chown -R hadoop /opt/.ssh
 ---> Using cache
 ---> 88c785b391f3
Step 11/21 : RUN sudo chown hadoop /opt
 ---> Using cache
 ---> ae5a0185bd37
Step 12/21 : RUN sudo chmod 600 /opt/.ssh/*
 ---> Using cache
 ---> 73ec4ed79a6d
Step 13/21 : RUN sudo chmod 700 /opt/.ssh
 ---> Using cache
 ---> 8cc35bce2250
Step 14/21 : RUN sudo sh -c 'echo "export JAVA_HOME=/usr/lib/jvm/jre/" >> /etc/profile'
 ---> Using cache
 ---> 1b3ebb1ec6e0
Step 15/21 : RUN sudo pip install robotframework-sshlibrary
 ---> Using cache
 ---> 1b34f422768c
Step 16/21 : ADD startOM.sh /opt/startOM.sh
 ---> Using cache
 ---> e2a192ec8c23
Step 17/21 : ADD stopOM.sh /opt/stopOM.sh
 ---> Using cache
 ---> 6493b5891522
Step 18/21 : RUN sudo chown -R hadoop /opt/startOM.sh
 ---> Using cache
 ---> f75ef5204771
Step 19/21 : RUN sudo chown -R hadoop /opt/stopOM.sh
 ---> Using cache
 ---> 67f8ca34c9d3
Step 20/21 : RUN sudo chmod 700 /opt/startOM.sh
 ---> Using cache
 ---> 923d78e76cec
Step 21/21 : RUN sudo chmod 700 /opt/stopOM.sh
 ---> Using cache
 ---> 411e975933c7
Successfully built 411e975933c7
Successfully tagged ozone-om-ha_datanode:latest
Image for service datanode was built because it did not already exist. To rebuild this image you must use `docker-compose build` or `docker-compose up --build`.
Building scm
Step 1/21 : FROM apache/ozone-runner
 ---> 598530462eff
Step 2/21 : RUN sudo yum install -y openssh-clients openssh-server
 ---> Using cache
 ---> 655e0d16c73a
Step 3/21 : RUN sudo ssh-keygen -A
 ---> Using cache
 ---> e81e8bcc7136
Step 4/21 : RUN sudo mkdir -p /run/sshd
 ---> Using cache
 ---> 4fe1bc688a93
Step 5/21 : RUN sudo sed -i "s/.*UsePrivilegeSeparation.*/UsePrivilegeSeparation no/g" /etc/ssh/sshd_config
 ---> Using cache
 ---> 97661eea8a40
Step 6/21 : RUN sudo sed -i "s/.*PermitUserEnvironment.*/PermitUserEnvironment yes/g" /etc/ssh/sshd_config
 ---> Using cache
 ---> 284495542ab7
Step 7/21 : RUN sudo sed 's@session\s*required\s*pam_loginuid.so@session optional pam_loginuid.so@g' -i /etc/pam.d/sshd
 ---> Using cache
 ---> 556460ab1126
Step 8/21 : RUN sudo usermod -d /opt hadoop
 ---> Using cache
 ---> cd8bd32f3fb3
Step 9/21 : ADD .ssh /opt/.ssh
 ---> Using cache
 ---> 689d9d9373c9
Step 10/21 : RUN sudo chown -R hadoop /opt/.ssh
 ---> Using cache
 ---> 88c785b391f3
Step 11/21 : RUN sudo chown hadoop /opt
 ---> Using cache
 ---> ae5a0185bd37
Step 12/21 : RUN sudo chmod 600 /opt/.ssh/*
 ---> Using cache
 ---> 73ec4ed79a6d
Step 13/21 : RUN sudo chmod 700 /opt/.ssh
 ---> Using cache
 ---> 8cc35bce2250
Step 14/21 : RUN sudo sh -c 'echo "export JAVA_HOME=/usr/lib/jvm/jre/" >> /etc/profile'
 ---> Using cache
 ---> 1b3ebb1ec6e0
Step 15/21 : RUN sudo pip install robotframework-sshlibrary
 ---> Using cache
 ---> 1b34f422768c
Step 16/21 : ADD startOM.sh /opt/startOM.sh
 ---> Using cache
 ---> e2a192ec8c23
Step 17/21 : ADD stopOM.sh /opt/stopOM.sh
 ---> Using cache
 ---> 6493b5891522
Step 18/21 : RUN sudo chown -R hadoop /opt/startOM.sh
 ---> Using cache
 ---> f75ef5204771
Step 19/21 : RUN sudo chown -R hadoop /opt/stopOM.sh
 ---> Using cache
 ---> 67f8ca34c9d3
Step 20/21 : RUN sudo chmod 700 /opt/startOM.sh
 ---> Using cache
 ---> 923d78e76cec
Step 21/21 : RUN sudo chmod 700 /opt/stopOM.sh
 ---> Using cache
 ---> 411e975933c7
Successfully built 411e975933c7
Successfully tagged ozone-om-ha_scm:latest
Image for service scm was built because it did not already exist. To rebuild this image you must use `docker-compose build` or `docker-compose up --build`.
Creating ozone-om-ha_om1_1 ... 
Creating ozone-om-ha_om2_1 ... 
Creating ozone-om-ha_datanode_1 ... 
Creating ozone-om-ha_datanode_2 ... 
Creating ozone-om-ha_datanode_3 ... 
Creating ozone-om-ha_scm_1      ... 
Creating ozone-om-ha_om3_1      ... 
Creating ozone-om-ha_om2_1      ... done
Creating ozone-om-ha_om3_1      ... done
Creating ozone-om-ha_scm_1      ... done
Creating ozone-om-ha_datanode_2 ... done
Creating ozone-om-ha_datanode_1 ... done
Creating ozone-om-ha_datanode_3 ... done
Creating ozone-om-ha_om1_1      ... done
No container found for scm_1
No container found for scm_1
No container found for scm_1
No container found for scm_1
No container found for scm_1
No container found for scm_1
No container found for scm_1
No container found for scm_1
No container found for scm_1
No container found for scm_1
No container found for scm_1
No container found for scm_1
No container found for scm_1
No container found for scm_1
No container found for scm_1
No container found for scm_1
No container found for scm_1
No container found for scm_1
No container found for scm_1
No container found for scm_1
No container found for scm_1
No container found for scm_1
No container found for scm_1
No container found for scm_1
No container found for scm_1
No container found for scm_1
No container found for scm_1
No container found for scm_1
No container found for scm_1
No container found for scm_1
No container found for scm_1
No container found for scm_1
No container found for scm_1
No container found for scm_1
No container found for scm_1
No container found for scm_1
No container found for scm_1
WARNING! Datanodes are not started successfully. Please check the docker-compose files
Stopping ozone-om-ha_om1_1 ... 
Stopping ozone-om-ha_om3_1 ... 
Stopping ozone-om-ha_om2_1 ... 
Stopping ozone-om-ha_om1_1 ... done
Stopping ozone-om-ha_om3_1 ... done
Stopping ozone-om-ha_om2_1 ... done
Removing ozone-om-ha_datanode_3 ... 
Removing ozone-om-ha_om1_1      ... 
Removing ozone-om-ha_datanode_1 ... 
Removing ozone-om-ha_scm_1      ... 
Removing ozone-om-ha_datanode_2 ... 
Removing ozone-om-ha_om3_1      ... 
Removing ozone-om-ha_om2_1      ... 
Removing ozone-om-ha_om1_1      ... done
Removing ozone-om-ha_om3_1      ... done
Removing ozone-om-ha_datanode_2 ... done
Removing ozone-om-ha_datanode_3 ... done
Removing ozone-om-ha_scm_1      ... done
Removing ozone-om-ha_datanode_1 ... done
Removing ozone-om-ha_om2_1      ... done
Removing network ozone-om-ha_default
ERROR: Test execution of /workdir/hadoop-ozone/dist/target/ozone-0.5.0-SNAPSHOT/compose/ozone-om-ha is FAILED!!!!
cp: cannot stat '/workdir/hadoop-ozone/dist/target/ozone-0.5.0-SNAPSHOT/compose/ozone-om-ha/result/robot-*.xml': No such file or directory
Executing test in /workdir/hadoop-ozone/dist/target/ozone-0.5.0-SNAPSHOT/compose/ozone-recon
Removing network ozone-recon_default
Network ozone-recon_default not found.
Creating network "ozone-recon_default" with the default driver
Creating ozone-recon_om_1 ... 
Creating ozone-recon_recon_1 ... 
Creating ozone-recon_scm_1   ... 
Creating ozone-recon_datanode_1 ... 
Creating ozone-recon_datanode_2 ... 
Creating ozone-recon_datanode_3 ... 
Creating ozone-recon_datanode_1 ... done
Creating ozone-recon_om_1       ... done
Creating ozone-recon_recon_1    ... done
Creating ozone-recon_scm_1      ... done
Creating ozone-recon_datanode_3 ... done
Creating ozone-recon_datanode_2 ... done
No container found for scm_1
No container found for scm_1
No container found for scm_1
No container found for scm_1
No container found for scm_1
No container found for scm_1
No container found for scm_1
No container found for scm_1
No container found for scm_1
No container found for scm_1
No container found for scm_1
No container found for scm_1
No container found for scm_1
No container found for scm_1
No container found for scm_1
No container found for scm_1
No container found for scm_1
No container found for scm_1
No container found for scm_1
No container found for scm_1
No container found for scm_1
No container found for scm_1
No container found for scm_1
No container found for scm_1
No container found for scm_1
No container found for scm_1
No container found for scm_1
No container found for scm_1
No container found for scm_1
No container found for scm_1
No container found for scm_1
No container found for scm_1
No container found for scm_1
No container found for scm_1
No container found for scm_1
No container found for scm_1
No container found for scm_1
No container found for scm_1
WARNING! Datanodes are not started successfully. Please check the docker-compose files
Removing ozone-recon_datanode_2 ... 
Removing ozone-recon_scm_1      ... 
Removing ozone-recon_recon_1    ... 
Removing ozone-recon_datanode_3 ... 
Removing ozone-recon_datanode_1 ... 
Removing ozone-recon_om_1       ... 
Removing ozone-recon_datanode_1 ... done
Removing ozone-recon_scm_1      ... done
Removing ozone-recon_datanode_2 ... done
Removing ozone-recon_datanode_3 ... done
Removing ozone-recon_om_1       ... done
Removing ozone-recon_recon_1    ... done
Removing network ozone-recon_default
ERROR: Test execution of /workdir/hadoop-ozone/dist/target/ozone-0.5.0-SNAPSHOT/compose/ozone-recon is FAILED!!!!
cp: cannot stat '/workdir/hadoop-ozone/dist/target/ozone-0.5.0-SNAPSHOT/compose/ozone-recon/result/robot-*.xml': No such file or directory
Executing test in /workdir/hadoop-ozone/dist/target/ozone-0.5.0-SNAPSHOT/compose/ozone-topology
Removing network ozone-topology_net
Network ozone-topology_net not found.
Creating network "ozone-topology_net" with driver "bridge"
Creating ozone-topology_datanode_1_1 ... 
Creating ozone-topology_om_1         ... 
Creating ozone-topology_datanode_4_1 ... 
Creating ozone-topology_scm_1        ... 
Creating ozone-topology_datanode_2_1 ... 
Creating ozone-topology_datanode_3_1 ... 
Creating ozone-topology_om_1         ... done
Creating ozone-topology_datanode_1_1 ... done
Creating ozone-topology_scm_1        ... done
Creating ozone-topology_datanode_2_1 ... done
Creating ozone-topology_datanode_3_1 ... done
Creating ozone-topology_datanode_4_1 ... done
No container found for scm_1
No container found for scm_1
No container found for scm_1
No container found for scm_1
No container found for scm_1
No container found for scm_1
No container found for scm_1
No container found for scm_1
No container found for scm_1
No container found for scm_1
No container found for scm_1
No container found for scm_1
No container found for scm_1
No container found for scm_1
No container found for scm_1
No container found for scm_1
No container found for scm_1
No container found for scm_1
No container found for scm_1
No container found for scm_1
No container found for scm_1
No container found for scm_1
No container found for scm_1
No container found for scm_1
No container found for scm_1
No container found for scm_1
No container found for scm_1
No container found for scm_1
No container found for scm_1
No container found for scm_1
No container found for scm_1
No container found for scm_1
No container found for scm_1
No container found for scm_1
No container found for scm_1
No container found for scm_1
No container found for scm_1
No container found for scm_1
WARNING! Datanodes are not started successfully. Please check the docker-compose files
Removing ozone-topology_datanode_4_1 ... 
Removing ozone-topology_datanode_3_1 ... 
Removing ozone-topology_datanode_2_1 ... 
Removing ozone-topology_scm_1        ... 
Removing ozone-topology_datanode_1_1 ... 
Removing ozone-topology_om_1         ... 
Removing ozone-topology_om_1         ... done
Removing ozone-topology_scm_1        ... done
Removing ozone-topology_datanode_4_1 ... done
Removing ozone-topology_datanode_2_1 ... done
Removing ozone-topology_datanode_1_1 ... done
Removing ozone-topology_datanode_3_1 ... done
Removing network ozone-topology_net
ERROR: Test execution of /workdir/hadoop-ozone/dist/target/ozone-0.5.0-SNAPSHOT/compose/ozone-topology is FAILED!!!!
cp: cannot stat '/workdir/hadoop-ozone/dist/target/ozone-0.5.0-SNAPSHOT/compose/ozone-topology/result/robot-*.xml': No such file or directory
Executing test in /workdir/hadoop-ozone/dist/target/ozone-0.5.0-SNAPSHOT/compose/ozone
Removing network ozone_default
Network ozone_default not found.
Creating network "ozone_default" with the default driver
Creating ozone_om_1 ... 
Creating ozone_scm_1 ... 
Creating ozone_datanode_1 ... 
Creating ozone_datanode_2 ... 
Creating ozone_datanode_3 ... 
Creating ozone_datanode_1 ... done
Creating ozone_datanode_2 ... done
Creating ozone_om_1       ... done
Creating ozone_datanode_3 ... done
Creating ozone_scm_1      ... done
No container found for scm_1
No container found for scm_1
No container found for scm_1
No container found for scm_1
No container found for scm_1
No container found for scm_1
No container found for scm_1
No container found for scm_1
No container found for scm_1
No container found for scm_1
No container found for scm_1
No container found for scm_1
No container found for scm_1
No container found for scm_1
No container found for scm_1
No container found for scm_1
No container found for scm_1
No container found for scm_1
No container found for scm_1
No container found for scm_1
No container found for scm_1
No container found for scm_1
No container found for scm_1
No container found for scm_1
No container found for scm_1
No container found for scm_1
No container found for scm_1
No container found for scm_1
No container found for scm_1
No container found for scm_1
No container found for scm_1
No container found for scm_1
No container found for scm_1
No container found for scm_1
No container found for scm_1
No container found for scm_1
No container found for scm_1
WARNING! Datanodes are not started successfully. Please check the docker-compose files
Removing ozone_datanode_3 ... 
Removing ozone_scm_1      ... 
Removing ozone_datanode_1 ... 
Removing ozone_om_1       ... 
Removing ozone_datanode_2 ... 
Removing ozone_datanode_3 ... done
Removing ozone_om_1       ... done
Removing ozone_datanode_1 ... done
Removing ozone_scm_1      ... done
Removing ozone_datanode_2 ... done
Removing network ozone_default
ERROR: Test execution of /workdir/hadoop-ozone/dist/target/ozone-0.5.0-SNAPSHOT/compose/ozone is FAILED!!!!
cp: cannot stat '/workdir/hadoop-ozone/dist/target/ozone-0.5.0-SNAPSHOT/compose/ozone/result/robot-*.xml': No such file or directory
Executing test in /workdir/hadoop-ozone/dist/target/ozone-0.5.0-SNAPSHOT/compose/ozoneperf
Removing network ozoneperf_default
Network ozoneperf_default not found.
Creating network "ozoneperf_default" with the default driver
Pulling jaeger (jaegertracing/all-in-one:latest)...
latest: Pulling from jaegertracing/all-in-one
Digest: sha256:179968c9c3d40919da17e55bd3a2f371836c295f6c6eb820b7ea12bc08cbaed5
Status: Downloaded newer image for jaegertracing/all-in-one:latest
Pulling grafana (grafana/grafana:)...
latest: Pulling from grafana/grafana
Digest: sha256:a10521576058f40427306fcb5be48138c77ea7c55ede24327381211e653f478a
Status: Downloaded newer image for grafana/grafana:latest
Pulling prometheus (prom/prometheus:)...
latest: Pulling from prom/prometheus
Digest: sha256:0a8caa2e9f19907608915db6e62a67383fe44b9876a467b297ee6f64e51dd58a
Status: Downloaded newer image for prom/prometheus:latest
Creating ozoneperf_prometheus_1 ... 
Creating ozoneperf_jaeger_1     ... 
Creating ozoneperf_om_1         ... 
Creating ozoneperf_datanode_1   ... 
Creating ozoneperf_datanode_2   ... 
Creating ozoneperf_datanode_3   ... 
Creating ozoneperf_scm_1        ... 
Creating ozoneperf_grafana_1    ... 
Creating ozoneperf_s3g_1        ... 
Creating ozoneperf_jaeger_1     ... done
Creating ozoneperf_datanode_1   ... done
Creating ozoneperf_datanode_3   ... done
Creating ozoneperf_om_1         ... done
Creating ozoneperf_prometheus_1 ... done
Creating ozoneperf_grafana_1    ... done
Creating ozoneperf_datanode_2   ... done
Creating ozoneperf_scm_1        ... done
Creating ozoneperf_s3g_1        ... done
No container found for scm_1
No container found for scm_1
No container found for scm_1
No container found for scm_1
No container found for scm_1
No container found for scm_1
No container found for scm_1
No container found for scm_1
No container found for scm_1
No container found for scm_1
No container found for scm_1
No container found for scm_1
No container found for scm_1
No container found for scm_1
No container found for scm_1
No container found for scm_1
No container found for scm_1
No container found for scm_1
No container found for scm_1
No container found for scm_1
No container found for scm_1
No container found for scm_1
No container found for scm_1
No container found for scm_1
No container found for scm_1
No container found for scm_1
No container found for scm_1
No container found for scm_1
No container found for scm_1
No container found for scm_1
No container found for scm_1
No container found for scm_1
No container found for scm_1
No container found for scm_1
No container found for scm_1
No container found for scm_1
No container found for scm_1
No container found for scm_1
WARNING! Datanodes are not started successfully. Please check the docker-compose files
Connection pool is full, discarding connection: 0.0.0.0
Stopping ozoneperf_s3g_1        ... 
Stopping ozoneperf_grafana_1    ... 
Stopping ozoneperf_prometheus_1 ... 
Stopping ozoneperf_jaeger_1     ... 
Stopping ozoneperf_jaeger_1     ... done
Stopping ozoneperf_prometheus_1 ... done
Stopping ozoneperf_grafana_1    ... done
Stopping ozoneperf_s3g_1        ... done
Removing ozoneperf_s3g_1        ... 
Removing ozoneperf_datanode_2   ... 
Removing ozoneperf_scm_1        ... 
Removing ozoneperf_grafana_1    ... 
Removing ozoneperf_om_1         ... 
Removing ozoneperf_datanode_3   ... 
Removing ozoneperf_datanode_1   ... 
Removing ozoneperf_prometheus_1 ... 
Removing ozoneperf_jaeger_1     ... 
Removing ozoneperf_datanode_3   ... done
Removing ozoneperf_grafana_1    ... done
Removing ozoneperf_scm_1        ... done
Removing ozoneperf_datanode_2   ... done
Removing ozoneperf_s3g_1        ... done
Removing ozoneperf_prometheus_1 ... done
Removing ozoneperf_datanode_1   ... done
Removing ozoneperf_jaeger_1     ... done
Removing ozoneperf_om_1         ... done
Removing network ozoneperf_default
ERROR: Test execution of /workdir/hadoop-ozone/dist/target/ozone-0.5.0-SNAPSHOT/compose/ozoneperf is FAILED!!!!
cp: cannot stat '/workdir/hadoop-ozone/dist/target/ozone-0.5.0-SNAPSHOT/compose/ozoneperf/result/robot-*.xml': No such file or directory
Executing test in /workdir/hadoop-ozone/dist/target/ozone-0.5.0-SNAPSHOT/compose/ozones3-haproxy
Removing network ozones3-haproxy_default
Network ozones3-haproxy_default not found.
Creating network "ozones3-haproxy_default" with the default driver
Pulling s3g (haproxy:latest)...
latest: Pulling from library/haproxy
Digest: sha256:ce509ee2d93817a90e8fe72144365f5af3ccfaad14446bcf232382baf4032245
Status: Downloaded newer image for haproxy:latest
Creating ozones3-haproxy_datanode_1 ... 
Creating ozones3-haproxy_datanode_2 ... 
Creating ozones3-haproxy_datanode_3 ... 
Creating ozones3-haproxy_scm_1      ... 
Creating ozones3-haproxy_s3g2_1     ... 
Creating ozones3-haproxy_s3g1_1     ... 
Creating ozones3-haproxy_s3g3_1     ... 
Creating ozones3-haproxy_om_1       ... 
Creating ozones3-haproxy_s3g_1      ... 
Creating ozones3-haproxy_datanode_3 ... done
Creating ozones3-haproxy_datanode_2 ... done
Creating ozones3-haproxy_datanode_1 ... done
Creating ozones3-haproxy_s3g3_1     ... done
Creating ozones3-haproxy_om_1       ... done
Creating ozones3-haproxy_scm_1      ... done
Creating ozones3-haproxy_s3g1_1     ... done
Creating ozones3-haproxy_s3g_1      ... done
Creating ozones3-haproxy_s3g2_1     ... done
Error response from daemon: Container 036c79e1e400d812bcc796d43702fdebad7490300ed1bb3e0be9f0b5d3437c3b is not running
No container found for scm_1
No container found for scm_1
No container found for scm_1
No container found for scm_1
No container found for scm_1
No container found for scm_1
No container found for scm_1
No container found for scm_1
No container found for scm_1
No container found for scm_1
No container found for scm_1
No container found for scm_1
No container found for scm_1
No container found for scm_1
No container found for scm_1
No container found for scm_1
No container found for scm_1
No container found for scm_1
No container found for scm_1
No container found for scm_1
No container found for scm_1
No container found for scm_1
No container found for scm_1
No container found for scm_1
No container found for scm_1
No container found for scm_1
No container found for scm_1
No container found for scm_1
No container found for scm_1
No container found for scm_1
No container found for scm_1
No container found for scm_1
No container found for scm_1
No container found for scm_1
No container found for scm_1
No container found for scm_1
No container found for scm_1
WARNING! Datanodes are not started successfully. Please check the docker-compose files
Connection pool is full, discarding connection: 0.0.0.0
Stopping ozones3-haproxy_s3g_1  ... 
Stopping ozones3-haproxy_s3g1_1 ... 
Stopping ozones3-haproxy_s3g2_1 ... 
Stopping ozones3-haproxy_s3g3_1 ... 
Stopping ozones3-haproxy_s3g1_1 ... done
Stopping ozones3-haproxy_s3g3_1 ... done
Stopping ozones3-haproxy_s3g2_1 ... done
Stopping ozones3-haproxy_s3g_1  ... done
Removing ozones3-haproxy_s3g_1      ... 
Removing ozones3-haproxy_s3g1_1     ... 
Removing ozones3-haproxy_scm_1      ... 
Removing ozones3-haproxy_s3g2_1     ... 
Removing ozones3-haproxy_om_1       ... 
Removing ozones3-haproxy_s3g3_1     ... 
Removing ozones3-haproxy_datanode_2 ... 
Removing ozones3-haproxy_datanode_3 ... 
Removing ozones3-haproxy_datanode_1 ... 
Removing ozones3-haproxy_datanode_1 ... done
Removing ozones3-haproxy_datanode_2 ... done
Removing ozones3-haproxy_s3g1_1     ... done
Removing ozones3-haproxy_s3g_1      ... done
Removing ozones3-haproxy_om_1       ... done
Removing ozones3-haproxy_scm_1      ... done
Removing ozones3-haproxy_s3g3_1     ... done
Removing ozones3-haproxy_s3g2_1     ... done
Removing ozones3-haproxy_datanode_3 ... done
Removing network ozones3-haproxy_default
ERROR: Test execution of /workdir/hadoop-ozone/dist/target/ozone-0.5.0-SNAPSHOT/compose/ozones3-haproxy is FAILED!!!!
cp: cannot stat '/workdir/hadoop-ozone/dist/target/ozone-0.5.0-SNAPSHOT/compose/ozones3-haproxy/result/robot-*.xml': No such file or directory
Executing test in /workdir/hadoop-ozone/dist/target/ozone-0.5.0-SNAPSHOT/compose/ozones3
Removing network ozones3_default
Network ozones3_default not found.
Creating network "ozones3_default" with the default driver
Creating ozones3_scm_1 ... 
Creating ozones3_s3g_1 ... 
Creating ozones3_om_1  ... 
Creating ozones3_datanode_1 ... 
Creating ozones3_datanode_2 ... 
Creating ozones3_datanode_3 ... 
Creating ozones3_scm_1      ... done
Creating ozones3_om_1       ... done
Creating ozones3_datanode_1 ... done
Creating ozones3_s3g_1      ... done
Creating ozones3_datanode_3 ... done
Creating ozones3_datanode_2 ... done
No container found for scm_1
No container found for scm_1
No container found for scm_1
No container found for scm_1
No container found for scm_1
No container found for scm_1
No container found for scm_1
No container found for scm_1
No container found for scm_1
No container found for scm_1
No container found for scm_1
No container found for scm_1
No container found for scm_1
No container found for scm_1
No container found for scm_1
No container found for scm_1
No container found for scm_1
No container found for scm_1
No container found for scm_1
No container found for scm_1
No container found for scm_1
No container found for scm_1
No container found for scm_1
No container found for scm_1
No container found for scm_1
No container found for scm_1
No container found for scm_1
No container found for scm_1
No container found for scm_1
No container found for scm_1
No container found for scm_1
No container found for scm_1
No container found for scm_1
No container found for scm_1
No container found for scm_1
No container found for scm_1
No container found for scm_1
No container found for scm_1
WARNING! Datanodes are not started successfully. Please check the docker-compose files
Connection pool is full, discarding connection: 0.0.0.0
Stopping ozones3_s3g_1 ... 
Stopping ozones3_s3g_1 ... done
Removing ozones3_datanode_3 ... 
Removing ozones3_datanode_2 ... 
Removing ozones3_s3g_1      ... 
Removing ozones3_datanode_1 ... 
Removing ozones3_om_1       ... 
Removing ozones3_scm_1      ... 
Removing ozones3_s3g_1      ... done
Removing ozones3_datanode_3 ... done
Removing ozones3_om_1       ... done
Removing ozones3_scm_1      ... done
Removing ozones3_datanode_1 ... done
Removing ozones3_datanode_2 ... done
Removing network ozones3_default
ERROR: Test execution of /workdir/hadoop-ozone/dist/target/ozone-0.5.0-SNAPSHOT/compose/ozones3 is FAILED!!!!
cp: cannot stat '/workdir/hadoop-ozone/dist/target/ozone-0.5.0-SNAPSHOT/compose/ozones3/result/robot-*.xml': No such file or directory
Executing test in /workdir/hadoop-ozone/dist/target/ozone-0.5.0-SNAPSHOT/compose/ozonesecure-mr
Removing network ozone
Network ozone not found.
Creating network "ozone" with the default driver
Building kdc
Step 1/16 : FROM openjdk:8u191-jdk-alpine3.9
8u191-jdk-alpine3.9: Pulling from library/openjdk
Digest: sha256:d2e2716147d1f7fe73b1a9f72a9cff7a7aa92d32eb8de4fffbfddc596e004984
Status: Downloaded newer image for openjdk:8u191-jdk-alpine3.9
 ---> e9ea51023687
Step 2/16 : RUN apk add --no-cache bash ca-certificates openssl krb5-server krb5 && rm -rf /var/cache/apk/* && update-ca-certificates
 ---> Running in 1ed6698f6c27
fetch http://dl-cdn.alpinelinux.org/alpine/v3.9/main/x86_64/APKINDEX.tar.gz
fetch http://dl-cdn.alpinelinux.org/alpine/v3.9/community/x86_64/APKINDEX.tar.gz
(1/15) Installing ncurses-terminfo-base (6.1_p20190105-r0)
(2/15) Installing ncurses-terminfo (6.1_p20190105-r0)
(3/15) Installing ncurses-libs (6.1_p20190105-r0)
(4/15) Installing readline (7.0.003-r1)
(5/15) Installing bash (4.4.19-r1)
Executing bash-4.4.19-r1.post-install
(6/15) Installing e2fsprogs-libs (1.44.5-r1)
(7/15) Installing krb5 (1.15.5-r0)
(8/15) Installing libev (4.25-r0)
(9/15) Installing libverto-libev (0.3.0-r1)
(10/15) Installing db (5.3.28-r1)
(11/15) Installing libsasl (2.1.27-r1)
(12/15) Installing libldap (2.4.48-r0)
(13/15) Installing krb5-server-ldap (1.15.5-r0)
(14/15) Installing krb5-server (1.15.5-r0)
(15/15) Installing openssl (1.1.1d-r0)
Executing busybox-1.29.3-r10.trigger
OK: 117 MiB in 69 packages
[91mWARNING: ca-certificates.crt does not contain exactly one certificate or CRL: skipping
[0m ---> c24598834bd5
Step 3/16 : RUN wget -O /usr/local/bin/dumb-init https://github.com/Yelp/dumb-init/releases/download/v1.2.0/dumb-init_1.2.0_amd64
 ---> Running in 0e31463801ed
[91mConnecting to github.com (192.30.255.112:443)
[0m[91mConnecting to github-production-release-asset-2e65be.s3.amazonaws.com (52.216.171.171:443)
[0m[91mdumb-init             36% |***********                     | 16951  0:00:01 ETA
dumb-init            100% |********************************| 46400  0:00:00 ETA

[0m ---> e73bfdb5abc9
Step 4/16 : RUN chmod +x /usr/local/bin/dumb-init
 ---> Running in a634c180200c
 ---> 51f582fd0392
Step 5/16 : RUN wget -O /root/issuer https://github.com/ajayydv/docker/raw/kdc/issuer
 ---> Running in cadd3def55d8
[91mConnecting to github.com (192.30.255.112:443)
[0m[91mConnecting to raw.githubusercontent.com (151.101.0.133:443)
[0m[91missuer               100% |********************************| 6586k  0:00:00 ETA

[0m ---> b28a173fde60
Step 6/16 : RUN chmod +x /root/issuer
 ---> Running in 01786d978e20
 ---> ac25a99fcd5c
Step 7/16 : WORKDIR /opt
 ---> d87a928d340c
Step 8/16 : COPY krb5.conf /etc/
 ---> b809622a6b75
Step 9/16 : COPY kadm5.acl /var/lib/krb5kdc/kadm5.acl
 ---> ee51e797f55c
Step 10/16 : RUN kdb5_util create -s -P Welcome1
 ---> Running in c889b0526228
Loading random data
Initializing database '/var/lib/krb5kdc/principal' for realm 'EXAMPLE.COM',
master key name 'K/M@EXAMPLE.COM'
 ---> c71682115344
Step 11/16 : RUN kadmin.local -q "addprinc -randkey admin/admin@EXAMPLE.COM"
 ---> Running in b33d4881aab9
Authenticating as principal root/admin@EXAMPLE.COM with password.
[91mWARNING: no policy specified for admin/admin@EXAMPLE.COM; defaulting to no policy
[0mPrincipal "admin/admin@EXAMPLE.COM" created.
 ---> 8b9ebc7145d2
Step 12/16 : RUN kadmin.local -q "ktadd -k /tmp/admin.keytab admin/admin@EXAMPLE.COM"
 ---> Running in ba04bee04328
Authenticating as principal root/admin@EXAMPLE.COM with password.
Entry for principal admin/admin@EXAMPLE.COM with kvno 2, encryption type aes256-cts-hmac-sha1-96 added to keytab WRFILE:/tmp/admin.keytab.
Entry for principal admin/admin@EXAMPLE.COM with kvno 2, encryption type aes128-cts-hmac-sha1-96 added to keytab WRFILE:/tmp/admin.keytab.
 ---> c07e7fe8623e
Step 13/16 : COPY launcher.sh .
 ---> 070a8cc1887c
Step 14/16 : RUN chmod +x /opt/launcher.sh
 ---> Running in 5ec30b9dddf5
 ---> 02eaed5a0f60
Step 15/16 : RUN mkdir -p /data
 ---> Running in b7ced535507b
 ---> a987319886d7
Step 16/16 : ENTRYPOINT ["/usr/local/bin/dumb-init", "--", "/opt/launcher.sh"]
 ---> Running in 3bbab54e3d5c
 ---> 161f575245e4

Removing intermediate container b7ced535507b
Removing intermediate container 3bbab54e3d5c
Removing intermediate container 1ed6698f6c27
Removing intermediate container 0e31463801ed
Removing intermediate container c889b0526228
Removing intermediate container b33d4881aab9
Removing intermediate container ba04bee04328
Removing intermediate container 5ec30b9dddf5
Removing intermediate container a634c180200c
Removing intermediate container cadd3def55d8
Removing intermediate container 01786d978e20
Removing intermediate container 75c84349cebf
[Warning] One or more build-args [buildno] were not consumed
Successfully built 161f575245e4
Successfully tagged ozonesecure-mr_kdc:latest
Image for service kdc was built because it did not already exist. To rebuild this image you must use `docker-compose build` or `docker-compose up --build`.
Creating ozonesecure-mr_nm_1 ... 
Creating ozonesecure-mr_datanode_1 ... 
Creating ozonesecure-mr_scm_1      ... 
Creating ozonesecure-mr_datanode_2 ... 
Creating ozonesecure-mr_datanode_3 ... 
Creating ozonesecure-mr_om_1       ... 
Creating ozonesecure-mr_kms_1      ... 
Creating ozonesecure-mr_s3g_1      ... 
Creating jhs                       ... 
Creating ozonesecure-mr_rm_1       ... 
Creating ozonesecure-mr_kdc_1      ... 
Creating ozonesecure-mr_om_1       ... done
Creating ozonesecure-mr_nm_1       ... done
Creating ozonesecure-mr_kdc_1      ... done
Creating ozonesecure-mr_scm_1      ... done
Creating ozonesecure-mr_datanode_1 ... done
Creating ozonesecure-mr_datanode_2 ... done
Creating jhs                       ... done
Creating ozonesecure-mr_kms_1      ... done
Creating ozonesecure-mr_rm_1       ... done
Creating ozonesecure-mr_s3g_1      ... done
Connection pool is full, discarding connection: 0.0.0.0
Creating ozonesecure-mr_datanode_3 ... done
No container found for scm_1
No container found for scm_1
No container found for scm_1
No container found for scm_1
No container found for scm_1
No container found for scm_1
No container found for scm_1
No container found for scm_1
No container found for scm_1
No container found for scm_1
No container found for scm_1
No container found for scm_1
No container found for scm_1
No container found for scm_1
No container found for scm_1
No container found for scm_1
No container found for scm_1
No container found for scm_1
No container found for scm_1
No container found for scm_1
No container found for scm_1
No container found for scm_1
No container found for scm_1
No container found for scm_1
No container found for scm_1
No container found for scm_1
No container found for scm_1
No container found for scm_1
No container found for scm_1
No container found for scm_1
No container found for scm_1
No container found for scm_1
No container found for scm_1
No container found for scm_1
No container found for scm_1
No container found for scm_1
No container found for scm_1
No container found for scm_1
WARNING! Datanodes are not started successfully. Please check the docker-compose files
Connection pool is full, discarding connection: 0.0.0.0
Connection pool is full, discarding connection: 0.0.0.0
Connection pool is full, discarding connection: 0.0.0.0
Connection pool is full, discarding connection: 0.0.0.0
Connection pool is full, discarding connection: 0.0.0.0
Stopping ozonesecure-mr_rm_1  ... 
Stopping jhs                  ... 
Stopping ozonesecure-mr_kdc_1 ... 
Stopping ozonesecure-mr_kms_1 ... 
Stopping ozonesecure-mr_s3g_1 ... 
Stopping ozonesecure-mr_nm_1  ... 
Stopping ozonesecure-mr_kdc_1 ... done
Stopping ozonesecure-mr_rm_1  ... done
Stopping jhs                  ... done
Stopping ozonesecure-mr_nm_1  ... done
Stopping ozonesecure-mr_kms_1 ... done
Stopping ozonesecure-mr_s3g_1 ... done
Removing ozonesecure-mr_rm_1       ... 
Removing jhs                       ... 
Removing ozonesecure-mr_kdc_1      ... 
Removing ozonesecure-mr_kms_1      ... 
Removing ozonesecure-mr_s3g_1      ... 
Removing ozonesecure-mr_datanode_2 ... 
Removing ozonesecure-mr_datanode_3 ... 
Removing ozonesecure-mr_datanode_1 ... 
Removing ozonesecure-mr_scm_1      ... 
Removing ozonesecure-mr_nm_1       ... 
Removing ozonesecure-mr_om_1       ... 
Removing ozonesecure-mr_datanode_1 ... done
Removing ozonesecure-mr_rm_1       ... done
Removing ozonesecure-mr_kdc_1      ... done
Removing ozonesecure-mr_nm_1       ... done
Removing ozonesecure-mr_datanode_2 ... done
Removing ozonesecure-mr_kms_1      ... done
Removing ozonesecure-mr_s3g_1      ... done
Removing ozonesecure-mr_scm_1      ... done
Removing ozonesecure-mr_om_1       ... done
Removing ozonesecure-mr_datanode_3 ... done
Connection pool is full, discarding connection: 0.0.0.0
Removing jhs                       ... done
Removing network ozone
ERROR: Test execution of /workdir/hadoop-ozone/dist/target/ozone-0.5.0-SNAPSHOT/compose/ozonesecure-mr is FAILED!!!!
cp: cannot stat '/workdir/hadoop-ozone/dist/target/ozone-0.5.0-SNAPSHOT/compose/ozonesecure-mr/result/robot-*.xml': No such file or directory
Executing test in /workdir/hadoop-ozone/dist/target/ozone-0.5.0-SNAPSHOT/compose/ozonesecure
Removing network ozonesecure_default
Network ozonesecure_default not found.
Creating network "ozonesecure_default" with the default driver
Building kdc
Step 1/16 : FROM openjdk:8u191-jdk-alpine3.9
 ---> e9ea51023687
Step 2/16 : RUN apk add --update bash ca-certificates openssl krb5-server krb5 && rm -rf /var/cache/apk/* && update-ca-certificates
 ---> Running in bc37babdffba
fetch http://dl-cdn.alpinelinux.org/alpine/v3.9/main/x86_64/APKINDEX.tar.gz
fetch http://dl-cdn.alpinelinux.org/alpine/v3.9/community/x86_64/APKINDEX.tar.gz
(1/15) Installing ncurses-terminfo-base (6.1_p20190105-r0)
(2/15) Installing ncurses-terminfo (6.1_p20190105-r0)
(3/15) Installing ncurses-libs (6.1_p20190105-r0)
(4/15) Installing readline (7.0.003-r1)
(5/15) Installing bash (4.4.19-r1)
Executing bash-4.4.19-r1.post-install
(6/15) Installing e2fsprogs-libs (1.44.5-r1)
(7/15) Installing krb5 (1.15.5-r0)
(8/15) Installing libev (4.25-r0)
(9/15) Installing libverto-libev (0.3.0-r1)
(10/15) Installing db (5.3.28-r1)
(11/15) Installing libsasl (2.1.27-r1)
(12/15) Installing libldap (2.4.48-r0)
(13/15) Installing krb5-server-ldap (1.15.5-r0)
(14/15) Installing krb5-server (1.15.5-r0)
(15/15) Installing openssl (1.1.1d-r0)
Executing busybox-1.29.3-r10.trigger
OK: 117 MiB in 69 packages
[91mWARNING: ca-certificates.crt does not contain exactly one certificate or CRL: skipping
[0m ---> 99f2d0a9c5f9
Step 3/16 : RUN wget -O /usr/local/bin/dumb-init https://github.com/Yelp/dumb-init/releases/download/v1.2.0/dumb-init_1.2.0_amd64
 ---> Running in b24b14c8fdab
[91mConnecting to github.com (192.30.255.112:443)
[0m[91mConnecting to github-production-release-asset-2e65be.s3.amazonaws.com (52.216.96.19:443)
[0m[91mdumb-init            100% |********************************| 46400  0:00:00 ETA

[0m ---> bb757e327d48
Step 4/16 : RUN chmod +x /usr/local/bin/dumb-init
 ---> Running in 039c85669e53
 ---> 8463bd893bec
Step 5/16 : RUN wget -O /root/issuer https://github.com/ajayydv/docker/raw/kdc/issuer
 ---> Running in e2c02897f703
[91mConnecting to github.com (192.30.255.112:443)
[0m[91mConnecting to raw.githubusercontent.com (151.101.64.133:443)
[0m[91missuer               100% |********************************| 6586k  0:00:00 ETA

[0m ---> 44e63f689e0f
Step 6/16 : RUN chmod +x /root/issuer
 ---> Running in 4f12b6b9ec51
 ---> 8167ac07d2ae
Step 7/16 : WORKDIR /opt
 ---> af3768ddc312
Step 8/16 : ADD krb5.conf /etc/
 ---> a83c41751bd6
Step 9/16 : ADD kadm5.acl /var/lib/krb5kdc/kadm5.acl
 ---> 59afd9383714
Step 10/16 : RUN kdb5_util create -s -P Welcome1
 ---> Running in fa9f9929b587
Loading random data
Initializing database '/var/lib/krb5kdc/principal' for realm 'EXAMPLE.COM',
master key name 'K/M@EXAMPLE.COM'
 ---> 95698639c8cf
Step 11/16 : RUN kadmin.local -q "addprinc -randkey admin/admin@EXAMPLE.COM"
 ---> Running in bfbf8116234d
Authenticating as principal root/admin@EXAMPLE.COM with password.
[91mWARNING: no policy specified for admin/admin@EXAMPLE.COM; defaulting to no policy
[0mPrincipal "admin/admin@EXAMPLE.COM" created.
 ---> 90a4c19dbf38
Step 12/16 : RUN kadmin.local -q "ktadd -k /tmp/admin.keytab admin/admin@EXAMPLE.COM"
 ---> Running in 5c1bf879f327
Authenticating as principal root/admin@EXAMPLE.COM with password.
Entry for principal admin/admin@EXAMPLE.COM with kvno 2, encryption type aes256-cts-hmac-sha1-96 added to keytab WRFILE:/tmp/admin.keytab.
Entry for principal admin/admin@EXAMPLE.COM with kvno 2, encryption type aes128-cts-hmac-sha1-96 added to keytab WRFILE:/tmp/admin.keytab.
 ---> eec7f695df9d
Step 13/16 : ADD launcher.sh .
 ---> f0043dba0b7d
Step 14/16 : RUN chmod +x /opt/launcher.sh
 ---> Running in f3eec383f586
 ---> f388cd6db0ec
Step 15/16 : RUN mkdir -p /data
 ---> Running in 09b07c327edc
 ---> b616bf8c2e36
Step 16/16 : ENTRYPOINT ["/usr/local/bin/dumb-init", "--", "/opt/launcher.sh"]
 ---> Running in 8eb2dba734e4
 ---> de1c63ec63ea
Removing intermediate container bfbf8116234d
Removing intermediate container 5c1bf879f327
Removing intermediate container 09b07c327edc
Removing intermediate container bc37babdffba
Removing intermediate container b24b14c8fdab
Removing intermediate container 039c85669e53
Removing intermediate container e2c02897f703
Removing intermediate container fa9f9929b587
Removing intermediate container 8eb2dba734e4
Removing intermediate container 4f12b6b9ec51
Removing intermediate container a79ac4afca20
Removing intermediate container f3eec383f586
[Warning] One or more build-args [buildno] were not consumed
Successfully built de1c63ec63ea
Successfully tagged ozonesecure_kdc:latest
Image for service kdc was built because it did not already exist. To rebuild this image you must use `docker-compose build` or `docker-compose up --build`.
Creating ozonesecure_s3g_1 ... 
Creating ozonesecure_recon_1 ... 
Creating ozonesecure_scm_1   ... 
Creating ozonesecure_kdc_1   ... 
Creating ozonesecure_datanode_1 ... 
Creating ozonesecure_datanode_2 ... 
Creating ozonesecure_datanode_3 ... 
Creating ozonesecure_om_1       ... 
Creating ozonesecure_kms_1      ... 
Creating ozonesecure_recon_1    ... done
Creating ozonesecure_scm_1      ... done
Creating ozonesecure_kdc_1      ... done
Creating ozonesecure_datanode_1 ... done
Creating ozonesecure_kms_1      ... done
Creating ozonesecure_om_1       ... done
Creating ozonesecure_s3g_1      ... done
Creating ozonesecure_datanode_3 ... done
Creating ozonesecure_datanode_2 ... done
No container found for scm_1
No container found for scm_1
No container found for scm_1
No container found for scm_1
No container found for scm_1
No container found for scm_1
No container found for scm_1
No container found for scm_1
No container found for scm_1
No container found for scm_1
No container found for scm_1
No container found for scm_1
No container found for scm_1
No container found for scm_1
No container found for scm_1
No container found for scm_1
No container found for scm_1
No container found for scm_1
No container found for scm_1
No container found for scm_1
No container found for scm_1
No container found for scm_1
No container found for scm_1
No container found for scm_1
No container found for scm_1
No container found for scm_1
No container found for scm_1
No container found for scm_1
No container found for scm_1
No container found for scm_1
No container found for scm_1
No container found for scm_1
No container found for scm_1
No container found for scm_1
No container found for scm_1
No container found for scm_1
No container found for scm_1
No container found for scm_1
WARNING! Datanodes are not started successfully. Please check the docker-compose files
Connection pool is full, discarding connection: 0.0.0.0
Connection pool is full, discarding connection: 0.0.0.0
Connection pool is full, discarding connection: 0.0.0.0
Stopping ozonesecure_kms_1 ... 
Stopping ozonesecure_kdc_1 ... 
Stopping ozonesecure_s3g_1 ... 
Stopping ozonesecure_kdc_1 ... done
Stopping ozonesecure_kms_1 ... done
Stopping ozonesecure_s3g_1 ... done
Removing ozonesecure_kms_1      ... 
Removing ozonesecure_datanode_3 ... 
Removing ozonesecure_om_1       ... 
Removing ozonesecure_datanode_2 ... 
Removing ozonesecure_datanode_1 ... 
Removing ozonesecure_kdc_1      ... 
Removing ozonesecure_s3g_1      ... 
Removing ozonesecure_scm_1      ... 
Removing ozonesecure_recon_1    ... 
Removing ozonesecure_kms_1      ... done
Removing ozonesecure_datanode_2 ... done
Removing ozonesecure_kdc_1      ... done
Removing ozonesecure_recon_1    ... done
Removing ozonesecure_om_1       ... done
Removing ozonesecure_scm_1      ... done
Removing ozonesecure_datanode_1 ... done
Removing ozonesecure_datanode_3 ... done
Removing ozonesecure_s3g_1      ... done
Removing network ozonesecure_default
ERROR: Test execution of /workdir/hadoop-ozone/dist/target/ozone-0.5.0-SNAPSHOT/compose/ozonesecure is FAILED!!!!
cp: cannot stat '/workdir/hadoop-ozone/dist/target/ozone-0.5.0-SNAPSHOT/compose/ozonesecure/result/robot-*.xml': No such file or directory
[ ERROR ] Reading XML source '/workdir/hadoop-ozone/dist/target/ozone-0.5.0-SNAPSHOT/compose/result/robot-*.xml' failed: No such file or directory

Try --help for usage information.
cp: cannot stat '/tmp/log/pr/pr-hdds-1701-kppbw/acceptance/log.html': No such file or directory
